________________________________________________________________________
                       VPR - The Next Generation                        
                     Version 0.A15.0 (Linux X86/64)                     
            This is free open source code under MIT license.            
________________________________________________________________________

VPR FPGA Placement and Routing.
Version: Version 7.0
Compiled: Aug 17 2019.
University of Toronto
vpr@eecg.utoronto.ca
This is free open source code under MIT license.

Architecture file: /home/zhlab/BRAM/e_1/B1/src/pre/A1.xml
Circuit name: /home/zhlab/BRAM/e_1/B1/src/pre/B1.blif

Building complex block graph.
WARNING(1): io[0].clock[0] unconnected pin in architecture.
Loop for doall = 0, init_parse took 8e-06 seconds.
Loop for doall = 0 took 0.083531 seconds.
Loop for doall = 1, init_parse took 0.015982 seconds.
Loop for doall = 1 took 0.104473 seconds.
Swept away 1601 nets with no fanout.
Net is a constant generator: top^mem_local_be~0.
WARNING(2): logical_block #8263 with output top^mem_local_be~0 has only 0 pin.
WARNING(3): Block contains output -- may be a constant generator.
Net is a constant generator: top^burst_begin.
WARNING(4): logical_block #29592 with output top^burst_begin has only 0 pin.
WARNING(5): Block contains output -- may be a constant generator.
Net is a constant generator: top^mem_local_be~1.
WARNING(6): logical_block #29593 with output top^mem_local_be~1 has only 0 pin.
WARNING(7): Block contains output -- may be a constant generator.
Net is a constant generator: top^mem_local_be~2.
WARNING(8): logical_block #29594 with output top^mem_local_be~2 has only 0 pin.
WARNING(9): Block contains output -- may be a constant generator.
Net is a constant generator: top^mem_local_be~3.
WARNING(10): logical_block #29595 with output top^mem_local_be~3 has only 0 pin.
WARNING(11): Block contains output -- may be a constant generator.
Net is a constant generator: top^mem_local_be~4.
WARNING(12): logical_block #29596 with output top^mem_local_be~4 has only 0 pin.
WARNING(13): Block contains output -- may be a constant generator.
Net is a constant generator: top^mem_local_be~5.
WARNING(14): logical_block #29597 with output top^mem_local_be~5 has only 0 pin.
WARNING(15): Block contains output -- may be a constant generator.
Net is a constant generator: top^mem_local_be~6.
WARNING(16): logical_block #29598 with output top^mem_local_be~6 has only 0 pin.
WARNING(17): Block contains output -- may be a constant generator.
Net is a constant generator: top^mem_local_be~7.
WARNING(18): logical_block #29599 with output top^mem_local_be~7 has only 0 pin.
WARNING(19): Block contains output -- may be a constant generator.
Net is a constant generator: gnd.
WARNING(20): logical_block #29692 with output gnd has only 0 pin.
WARNING(21): Block contains output -- may be a constant generator.
Net is a constant generator: n25320.
WARNING(22): logical_block #33072 with output n25320 has only 0 pin.
WARNING(23): Block contains output -- may be a constant generator.
Net is a constant generator: n38547.
WARNING(24): logical_block #34197 with output n38547 has only 0 pin.
WARNING(25): Block contains output -- may be a constant generator.
Net is a constant generator: n38551.
WARNING(26): logical_block #34198 with output n38551 has only 0 pin.
WARNING(27): Block contains output -- may be a constant generator.
Net is a constant generator: n38555.
WARNING(28): logical_block #34199 with output n38555 has only 0 pin.
WARNING(29): Block contains output -- may be a constant generator.
Net is a constant generator: n38559.
WARNING(30): logical_block #34200 with output n38559 has only 0 pin.
WARNING(31): Block contains output -- may be a constant generator.
Net is a constant generator: n38563.
WARNING(32): logical_block #34201 with output n38563 has only 0 pin.
WARNING(33): Block contains output -- may be a constant generator.
Net is a constant generator: n38567.
WARNING(34): logical_block #34202 with output n38567 has only 0 pin.
WARNING(35): Block contains output -- may be a constant generator.
Net is a constant generator: n38571.
WARNING(36): logical_block #34203 with output n38571 has only 0 pin.
WARNING(37): Block contains output -- may be a constant generator.
Net is a constant generator: n38575.
WARNING(38): logical_block #34204 with output n38575 has only 0 pin.
WARNING(39): Block contains output -- may be a constant generator.
Net is a constant generator: n38579.
WARNING(40): logical_block #34205 with output n38579 has only 0 pin.
WARNING(41): Block contains output -- may be a constant generator.
Net is a constant generator: n38583.
WARNING(42): logical_block #34206 with output n38583 has only 0 pin.
WARNING(43): Block contains output -- may be a constant generator.
Net is a constant generator: n38587.
WARNING(44): logical_block #34207 with output n38587 has only 0 pin.
WARNING(45): Block contains output -- may be a constant generator.
Net is a constant generator: n38591.
WARNING(46): logical_block #34208 with output n38591 has only 0 pin.
WARNING(47): Block contains output -- may be a constant generator.
Net is a constant generator: n38595.
WARNING(48): logical_block #34209 with output n38595 has only 0 pin.
WARNING(49): Block contains output -- may be a constant generator.
Net is a constant generator: n38599.
WARNING(50): logical_block #34210 with output n38599 has only 0 pin.
WARNING(51): Block contains output -- may be a constant generator.
Net is a constant generator: n38603.
WARNING(52): logical_block #34211 with output n38603 has only 0 pin.
WARNING(53): Block contains output -- may be a constant generator.
Net is a constant generator: n38607.
WARNING(54): logical_block #34212 with output n38607 has only 0 pin.
WARNING(55): Block contains output -- may be a constant generator.
Net is a constant generator: n38611.
WARNING(56): logical_block #34213 with output n38611 has only 0 pin.
WARNING(57): Block contains output -- may be a constant generator.
Net is a constant generator: n38615.
WARNING(58): logical_block #34214 with output n38615 has only 0 pin.
WARNING(59): Block contains output -- may be a constant generator.
Net is a constant generator: n38619.
WARNING(60): logical_block #34215 with output n38619 has only 0 pin.
WARNING(61): Block contains output -- may be a constant generator.
Net is a constant generator: n38623.
WARNING(62): logical_block #34216 with output n38623 has only 0 pin.
WARNING(63): Block contains output -- may be a constant generator.
Net is a constant generator: n38627.
WARNING(64): logical_block #34217 with output n38627 has only 0 pin.
WARNING(65): Block contains output -- may be a constant generator.
Net is a constant generator: n38631.
WARNING(66): logical_block #34218 with output n38631 has only 0 pin.
WARNING(67): Block contains output -- may be a constant generator.
Net is a constant generator: n38635.
WARNING(68): logical_block #34219 with output n38635 has only 0 pin.
WARNING(69): Block contains output -- may be a constant generator.
Net is a constant generator: n38639.
WARNING(70): logical_block #34220 with output n38639 has only 0 pin.
WARNING(71): Block contains output -- may be a constant generator.
Net is a constant generator: n38643.
WARNING(72): logical_block #34221 with output n38643 has only 0 pin.
WARNING(73): Block contains output -- may be a constant generator.
Net is a constant generator: n38647.
WARNING(74): logical_block #34222 with output n38647 has only 0 pin.
WARNING(75): Block contains output -- may be a constant generator.
Net is a constant generator: n38651.
WARNING(76): logical_block #34223 with output n38651 has only 0 pin.
WARNING(77): Block contains output -- may be a constant generator.
Net is a constant generator: n38655.
WARNING(78): logical_block #34224 with output n38655 has only 0 pin.
WARNING(79): Block contains output -- may be a constant generator.
Net is a constant generator: n38659.
WARNING(80): logical_block #34225 with output n38659 has only 0 pin.
WARNING(81): Block contains output -- may be a constant generator.
Net is a constant generator: n40078.
WARNING(82): logical_block #34494 with output n40078 has only 0 pin.
WARNING(83): Block contains output -- may be a constant generator.
Net is a constant generator: n40082.
WARNING(84): logical_block #34495 with output n40082 has only 0 pin.
WARNING(85): Block contains output -- may be a constant generator.
Net is a constant generator: n40086.
WARNING(86): logical_block #34496 with output n40086 has only 0 pin.
WARNING(87): Block contains output -- may be a constant generator.
Net is a constant generator: n40090.
WARNING(88): logical_block #34497 with output n40090 has only 0 pin.
WARNING(89): Block contains output -- may be a constant generator.
Net is a constant generator: n40094.
WARNING(90): logical_block #34498 with output n40094 has only 0 pin.
WARNING(91): Block contains output -- may be a constant generator.
Net is a constant generator: n40098.
WARNING(92): logical_block #34499 with output n40098 has only 0 pin.
WARNING(93): Block contains output -- may be a constant generator.
Net is a constant generator: n40102.
WARNING(94): logical_block #34500 with output n40102 has only 0 pin.
WARNING(95): Block contains output -- may be a constant generator.
Net is a constant generator: n40106.
WARNING(96): logical_block #34501 with output n40106 has only 0 pin.
WARNING(97): Block contains output -- may be a constant generator.
Net is a constant generator: n40110.
WARNING(98): logical_block #34502 with output n40110 has only 0 pin.
WARNING(99): Block contains output -- may be a constant generator.
Net is a constant generator: n40114.
WARNING(100): logical_block #34503 with output n40114 has only 0 pin.
WARNING(101): Block contains output -- may be a constant generator.
Net is a constant generator: n40118.
WARNING(102): logical_block #34504 with output n40118 has only 0 pin.
WARNING(103): Block contains output -- may be a constant generator.
Net is a constant generator: n40122.
WARNING(104): logical_block #34505 with output n40122 has only 0 pin.
WARNING(105): Block contains output -- may be a constant generator.
Net is a constant generator: n40126.
WARNING(106): logical_block #34506 with output n40126 has only 0 pin.
WARNING(107): Block contains output -- may be a constant generator.
Net is a constant generator: n40130.
WARNING(108): logical_block #34507 with output n40130 has only 0 pin.
WARNING(109): Block contains output -- may be a constant generator.
Net is a constant generator: n40134.
WARNING(110): logical_block #34508 with output n40134 has only 0 pin.
WARNING(111): Block contains output -- may be a constant generator.
Net is a constant generator: n40138.
WARNING(112): logical_block #34509 with output n40138 has only 0 pin.
WARNING(113): Block contains output -- may be a constant generator.
Net is a constant generator: n40142.
WARNING(114): logical_block #34510 with output n40142 has only 0 pin.
WARNING(115): Block contains output -- may be a constant generator.
Net is a constant generator: n40146.
WARNING(116): logical_block #34511 with output n40146 has only 0 pin.
WARNING(117): Block contains output -- may be a constant generator.
Net is a constant generator: n40150.
WARNING(118): logical_block #34512 with output n40150 has only 0 pin.
WARNING(119): Block contains output -- may be a constant generator.
Net is a constant generator: n40154.
WARNING(120): logical_block #34513 with output n40154 has only 0 pin.
WARNING(121): Block contains output -- may be a constant generator.
Net is a constant generator: n40158.
WARNING(122): logical_block #34514 with output n40158 has only 0 pin.
WARNING(123): Block contains output -- may be a constant generator.
Net is a constant generator: n40166.
WARNING(124): logical_block #34516 with output n40166 has only 0 pin.
WARNING(125): Block contains output -- may be a constant generator.
Net is a constant generator: n40174.
WARNING(126): logical_block #34518 with output n40174 has only 0 pin.
WARNING(127): Block contains output -- may be a constant generator.
Net is a constant generator: n40198.
WARNING(128): logical_block #34520 with output n40198 has only 0 pin.
WARNING(129): Block contains output -- may be a constant generator.
Net is a constant generator: n40202.
WARNING(130): logical_block #34521 with output n40202 has only 0 pin.
WARNING(131): Block contains output -- may be a constant generator.
Net is a constant generator: n40206.
WARNING(132): logical_block #34522 with output n40206 has only 0 pin.
WARNING(133): Block contains output -- may be a constant generator.
Net is a constant generator: n40210.
WARNING(134): logical_block #34523 with output n40210 has only 0 pin.
WARNING(135): Block contains output -- may be a constant generator.
Net is a constant generator: n40214.
WARNING(136): logical_block #34524 with output n40214 has only 0 pin.
WARNING(137): Block contains output -- may be a constant generator.
Net is a constant generator: n40218.
WARNING(138): logical_block #34525 with output n40218 has only 0 pin.
WARNING(139): Block contains output -- may be a constant generator.
Net is a constant generator: n40222.
WARNING(140): logical_block #34526 with output n40222 has only 0 pin.
WARNING(141): Block contains output -- may be a constant generator.
Net is a constant generator: n40226.
WARNING(142): logical_block #34527 with output n40226 has only 0 pin.
WARNING(143): Block contains output -- may be a constant generator.
Net is a constant generator: n40230.
WARNING(144): logical_block #34528 with output n40230 has only 0 pin.
WARNING(145): Block contains output -- may be a constant generator.
Net is a constant generator: n40234.
WARNING(146): logical_block #34529 with output n40234 has only 0 pin.
WARNING(147): Block contains output -- may be a constant generator.
0 unconnected blocks in input netlist.
Removed 3612 LUT buffers.
Sweeped away 3612 nodes.
BLIF circuit stats:
	73 LUTs of size 0
	1 LUTs of size 1
	1246 LUTs of size 2
	3157 LUTs of size 3
	2719 LUTs of size 4
	4345 LUTs of size 5
	11134 LUTs of size 6
	114 of type input
	102 of type output
	6630 of type latch
	22675 of type names
	1409 of type dual_port_ram
	0 of type single_port_ram
	8 of type multiply
Timing analysis: ON
Circuit netlist file: /home/zhlab/BRAM/e_1/B1/src/pre/B1.net
Circuit placement file: /home/zhlab/BRAM/e_1/B1/src/pre/B1.place
Circuit routing file: /home/zhlab/BRAM/e_1/B1/src/pre/B1.route
Circuit SDC file: /home/zhlab/BRAM/e_1/B1/src/pre/B1.sdc
Operation: RUN_FLOW

Packer: DISABLED
Placer: ENABLED
Router: DISABLED
PlacerOpts.place_freq: PLACE_ONCE
PlacerOpts.place_algorithm: PATH_TIMING_DRIVEN_PLACE
PlacerOpts.pad_loc_type: FREE
PlacerOpts.place_cost_exp: 1.000000
PlacerOpts.inner_loop_recompute_divider: 0
PlacerOpts.recompute_crit_iter: 1
PlacerOpts.timing_tradeoff: 0.500000
PlacerOpts.td_place_exp_first: 1.000000
PlacerOpts.td_place_exp_last: 8.000000
PlaceOpts.seed: 1
AnnealSched.type: AUTO_SCHED
AnnealSched.inner_num: 1.000000

RoutingArch.directionality: UNI_DIRECTIONAL
RoutingArch.switch_block_type: WILTON
RoutingArch.Fs: 3

Begin parsing packed FPGA netlist file.
Finished parsing packed FPGA netlist file.
Netlist generated from file '/home/zhlab/BRAM/e_0/B1/src/pre/B1.net'.
n38615 is a constant generator.
n38611 is a constant generator.
n38619 is a constant generator.
n38623 is a constant generator.
n38627 is a constant generator.
n38631 is a constant generator.
n38583 is a constant generator.
n38595 is a constant generator.
n38603 is a constant generator.
n38607 is a constant generator.
n38599 is a constant generator.
n38571 is a constant generator.
n38579 is a constant generator.
n38575 is a constant generator.
n38587 is a constant generator.
n38591 is a constant generator.
n38563 is a constant generator.
n38567 is a constant generator.
n40206 is a constant generator.
n38651 is a constant generator.
n38647 is a constant generator.
n38643 is a constant generator.
n38635 is a constant generator.
n38639 is a constant generator.
n40202 is a constant generator.
n38559 is a constant generator.
n40226 is a constant generator.
n40222 is a constant generator.
n40210 is a constant generator.
n40214 is a constant generator.
n40218 is a constant generator.
n40230 is a constant generator.
n40130 is a constant generator.
n38547 is a constant generator.
n38555 is a constant generator.
n25320 is a constant generator.
n38655 is a constant generator.
n40234 is a constant generator.
n40094 is a constant generator.
n40078 is a constant generator.
n40118 is a constant generator.
n40110 is a constant generator.
n40102 is a constant generator.
n40134 is a constant generator.
n40086 is a constant generator.
n40126 is a constant generator.
n40138 is a constant generator.
n40090 is a constant generator.
n40122 is a constant generator.
n40106 is a constant generator.
n40114 is a constant generator.
n40098 is a constant generator.
n40082 is a constant generator.
n38659 is a constant generator.
n40174 is a constant generator.
n40158 is a constant generator.
n40166 is a constant generator.
n40142 is a constant generator.
n40146 is a constant generator.
n40150 is a constant generator.
n40154 is a constant generator.
n38551 is a constant generator.
n40198 is a constant generator.
top^mem_local_be~1 is a constant generator.
top^mem_local_be~2 is a constant generator.
top^mem_local_be~0 is a constant generator.
top^burst_begin is a constant generator.
top^mem_local_be~6 is a constant generator.
top^mem_local_be~7 is a constant generator.
top^mem_local_be~4 is a constant generator.
top^mem_local_be~5 is a constant generator.
gnd is a constant generator.
top^mem_local_be~3 is a constant generator.

Netlist num_nets: 16278
Netlist num_blocks: 2373
Netlist <EMPTY> blocks: 0.
Netlist clb blocks: 2104.
Netlist mult_36 blocks: 8.
Netlist memory blocks: 45.
Netlist inputs pins: 114
Netlist output pins: 102

The circuit will be mapped into a 100 x 100 array of clbs.

Resource usage...
	Netlist      0	blocks of type: <EMPTY>
	Architecture 56	blocks of type: <EMPTY>
	Netlist      216	blocks of type: io
	Architecture 3200	blocks of type: io
	Netlist      2104	blocks of type: clb
	Architecture 7500	blocks of type: clb
	Netlist      8	blocks of type: mult_36
	Architecture 300	blocks of type: mult_36
	Netlist      45	blocks of type: memory
	Architecture 208	blocks of type: memory


SDC file '/home/zhlab/BRAM/e_1/B1/src/pre/B1.sdc' blank or not found.

Defaulting to: constrain all 0 inputs and 0 outputs on the netlist clock.
Optimize this clock to run as fast as possible.
Computing delta_io_to_io lookup matrix, may take a few seconds, please wait...
Computing delta_io_to_clb lookup matrix, may take a few seconds, please wait...
Computing delta_clb_to_io lookup matrix, may take a few seconds, please wait...
Computing delta_clb_to_clb lookup matrix, may take a few seconds, please wait...

There are 62254 point to point connections in this circuit.

Initial placement cost: 0.995995 bb_cost: 19167 td_cost: 3.79459e-05 delay_cost: 0.000150229

--------- --------- ----------- ----------- ----------- ----------- -------- -------- ------- ------- ------- --------- -------
        T      Cost  Av BB Cost  Av TD Cost  Av Tot Del  P to P Del    d_max  Ac Rate Std Dev R limit     Exp Tot Moves   Alpha
--------- --------- ----------- ----------- ----------- ----------- -------- -------- ------- ------- ------- --------- -------
  0.04930    1.0128     19321.2  2.9331e-05 0.000150685 2.41317e-09 443.3582   0.9983  0.0072 101.0000  1.0000     31643  0.5000
  0.02465      0.99     19301.8 2.76413e-05 0.000150438  2.4095e-09 478.4726   0.9963  0.0069 101.0000  1.0000     63286  0.5000
  0.01233    1.0057     19191.9 2.93929e-05 0.000150271  2.3934e-09 437.1688   0.9942  0.0060 101.0000  1.0000     94929  0.5000
  0.00616   0.98718     19219.7 2.81958e-05  0.00014974  2.4404e-09 474.5280   0.9878  0.0082 101.0000  1.0000    126572  0.5000
  0.00308   0.99548     19040.4 2.82194e-05 0.000148797 2.39067e-09 451.7444   0.9741  0.0083 101.0000  1.0000    158215  0.5000
  0.00154   0.98741     18887.1 2.72174e-05 0.000147281 2.36973e-09 448.6654   0.9505  0.0057 101.0000  1.0000    189858  0.9000
  0.00139   0.99068     18774.7 2.82076e-05 0.000146186 2.38445e-09 433.2990   0.9413  0.0076 101.0000  1.0000    221501  0.9000
  0.00125   0.99105     18733.8 2.73046e-05 0.000146275  2.3474e-09 442.4491   0.9358  0.0052 101.0000  1.0000    253144  0.9000
  0.00112   0.97067     18599.8 2.64477e-05 0.000143694 2.36252e-09 444.6225   0.9258  0.0082 101.0000  1.0000    284787  0.9000
  0.00101   0.99486     18540.1 2.72094e-05 0.000144033 2.28482e-09 424.9580   0.9189  0.0069 101.0000  1.0000    316430  0.9000
  0.00091   0.97933     18420.2 2.64036e-05 0.000142845 2.31789e-09 437.4916   0.9118  0.0077 101.0000  1.0000    348073  0.9000
  0.00082   0.99292     18358.7 2.65859e-05 0.000142321 2.30768e-09 412.9594   0.9001  0.0073 101.0000  1.0000    379716  0.9000
  0.00074   0.98835     18212.8 2.76755e-05 0.000140358 2.27406e-09 389.3567   0.8871  0.0089 101.0000  1.0000    411359  0.9000
  0.00066   0.97863     18051.1 2.62224e-05 0.000139582 2.28088e-09 404.6645   0.8763  0.0099 101.0000  1.0000    443002  0.9000
  0.00060   0.98845     17988.5 2.78313e-05 0.000138824  2.2503e-09 364.3287   0.8599  0.0067 101.0000  1.0000    474645  0.9000
  0.00054   0.98982     17848.1 2.70327e-05 0.000137019 2.23036e-09 357.5807   0.8414  0.0083 101.0000  1.0000    506288  0.9000
  0.00048    0.9825     17600.1 2.63842e-05 0.000135298 2.19733e-09 359.6942   0.8151  0.0083 101.0000  1.0000    537931  0.9000
  0.00044   0.98587       17405 2.62363e-05 0.000133542 2.16197e-09 341.2971   0.7957  0.0098 101.0000  1.0000    569574  0.9500
  0.00041   0.97896     17193.7 2.40078e-05 0.000131766 2.12692e-09 354.2466   0.7885  0.0097 101.0000  1.0000    601217  0.9500
  0.00039   0.98476     16937.3  2.6458e-05 0.000129415 2.12017e-09 313.4385   0.7642  0.0082 101.0000  1.0000    632860  0.9500
  0.00037    0.9913     16998.8 2.62165e-05  0.00012998 2.09358e-09 314.6861   0.7635  0.0065 101.0000  1.0000    664503  0.9500
  0.00035   0.99266     16816.1 2.39578e-05  0.00012876 2.04433e-09 344.3550   0.7428  0.0076 101.0000  1.0000    696146  0.9500
  0.00034   0.97511       16651 2.51266e-05 0.000126773 2.07637e-09 305.3144   0.7281  0.0088 101.0000  1.0000    727789  0.9500
  0.00032   0.98498     16342.3 2.54386e-05 0.000124095 2.01205e-09 291.2076   0.7067  0.0101 101.0000  1.0000    759432  0.9500
  0.00030   0.97847       16302 2.50242e-05 0.000123279 2.01814e-09 291.3858   0.6922  0.0098 101.0000  1.0000    791075  0.9500
  0.00029   0.98646     15957.7  2.5383e-05 0.000120302  1.9446e-09 268.0397   0.6634  0.0066 101.0000  1.0000    822718  0.9500
  0.00027   0.97212     15796.1 2.41292e-05 0.000118096 1.94327e-09 280.2148   0.6434  0.0071 101.0000  1.0000    854361  0.9500
  0.00026   0.97886     15477.8 2.33594e-05 0.000115773 1.89369e-09 263.5967   0.6184  0.0104 101.0000  1.0000    886004  0.9500
  0.00025    0.9719     15100.6 2.35952e-05 0.000112868 1.84365e-09 252.0685   0.5881  0.0105 101.0000  1.0000    917647  0.9500
  0.00024   0.97301     14816.8 2.32389e-05 0.000110114 1.80776e-09 241.4092   0.5612  0.0096 101.0000  1.0000    949290  0.9500
  0.00022   0.97161     14450.9 2.13517e-05 0.000107135 1.75293e-09 255.7286   0.5335  0.0102 101.0000  1.0000    980933  0.9500
  0.00021   0.97075     14051.4 2.18998e-05 0.000103595 1.69962e-09 220.0987   0.4964  0.0135 101.0000  1.0000   1012576  0.9500
  0.00020   0.96844     13374.7 1.99945e-05 9.84347e-05  1.6303e-09 227.1202   0.4532  0.0171 101.0000  1.0000   1044219  0.9500
  0.00019   0.95819     12697.6 1.84063e-05 9.30208e-05 1.54314e-09 220.1997   0.4150  0.0236 101.0000  1.0000   1075862  0.9500
  0.00018   0.95529     11930.7 1.50134e-05 8.73768e-05 1.45313e-09 197.0204   0.3702  0.0212 98.4723  1.1769   1107505  0.9500
  0.00017   0.97153     11484.2 8.30355e-06 8.50685e-05 1.36836e-09 195.4154   0.3514  0.0144 91.5982  1.6581   1139148  0.9500
  0.00016   0.97094     11237.8 5.67817e-06 8.35053e-05 1.35862e-09 173.1424   0.3504  0.0160 83.4845  2.2261   1170791  0.9500
  0.00016   0.98629     11101.2 4.25416e-06 8.39555e-05 1.34299e-09 164.1169   0.3570  0.0062 76.0050  2.7496   1202434  0.9500
  0.00015   0.98113     11012.7 3.75917e-06 8.37636e-05 1.34443e-09 159.2430   0.3629  0.0088 69.6929  3.1915   1234077  0.9500
  0.00014   0.98375     10901.2 3.31047e-06 8.34406e-05 1.33924e-09 152.3361   0.3654  0.0077 64.3212  3.5675   1265720  0.9500
  0.00013   0.99066     10760.2 2.94949e-06 8.34838e-05 1.32843e-09 147.9801   0.3707  0.0067 59.5242  3.9033   1297363  0.9500
  0.00013   0.97722     10534.4  2.6863e-06 8.23127e-05 1.34617e-09 146.0745   0.3673  0.0120 55.4009  4.1919   1329006  0.9500
  0.00012   0.97892     10136.1  2.4685e-06 8.00746e-05 1.31271e-09 143.2454   0.3584  0.0135 51.3760  4.4737   1360649  0.9500
  0.00011   0.97235     9692.63 2.34541e-06  7.6632e-05 1.26827e-09 138.8863   0.3448  0.0113 47.1823  4.7672   1392292  0.9500
  0.00011   0.98262     9331.42 2.15402e-06 7.42555e-05 1.20849e-09 137.1794   0.3484  0.0084 42.6913  5.0816   1423935  0.9500
  0.00010   0.98093     9044.31 2.03036e-06 7.25991e-05 1.18368e-09 132.1896   0.3479  0.0103 38.7802  5.3554   1455578  0.9500
  0.00010   0.98064      8540.3 1.95244e-06 6.91741e-05 1.13097e-09 129.7368   0.3347  0.0077 35.2078  5.6055   1487221  0.9500
  0.00009   0.97992     8234.54 1.88986e-06 6.72403e-05 1.12034e-09 127.5227   0.3476  0.0124 31.4994  5.8650   1518864  0.9500
  0.00009   0.97892     7766.35 1.80386e-06 6.36009e-05 1.04872e-09 126.8865   0.3327  0.0091 28.5887  6.0688   1550507  0.9500
  0.00008   0.97782     7338.13 1.74641e-06 6.10908e-05 1.00824e-09 126.2979   0.3340  0.0117 25.5224  6.2834   1582150  0.9500
  0.00008   0.97764     6988.93  1.6859e-06 5.78266e-05 9.55423e-10 123.2338   0.3446  0.0110 22.8180  6.4727   1613793  0.9500
  0.00008   0.97138      6491.5 1.64866e-06 5.40018e-05 9.06583e-10 123.1781   0.3354  0.0127 20.6418  6.6251   1645436  0.9500
  0.00007   0.97551     6185.77 1.59502e-06 5.17358e-05 8.53288e-10 121.3250   0.3417  0.0124 18.4826  6.7762   1677079  0.9500
  0.00007   0.98138     5835.39 1.55518e-06 4.92231e-05 8.09161e-10 120.6947   0.3423  0.0117 16.6650  6.9035   1708722  0.9500
  0.00007   0.98249     5534.04  1.5302e-06 4.72784e-05 7.74066e-10 118.7304   0.3321  0.0092 15.0371  7.0174   1740365  0.9500
  0.00006   0.98424     5313.36 1.49271e-06 4.54662e-05 7.54513e-10 119.3152   0.3472  0.0091 13.4152  7.1309   1772008  0.9500
  0.00006   0.98198     5046.09 1.46285e-06 4.34823e-05 7.10997e-10 118.2854   0.3383  0.0092 12.1710  7.2180   1803651  0.9500
  0.00006   0.98067     4862.21 1.44569e-06  4.2768e-05 6.98372e-10 116.2176   0.3724  0.0087 10.9332  7.3047   1835294  0.9500
  0.00005   0.98566     4697.81 1.41805e-06 4.13997e-05 6.78893e-10 116.3259   0.3492  0.0082 10.1939  7.3564   1866937  0.9500
  0.00005   0.98936     4524.85 1.40868e-06 4.00606e-05 6.48372e-10 113.7943   0.3616  0.0058  9.2680  7.4212   1898580  0.9500
  0.00005   0.98616     4384.51 1.38806e-06 3.90433e-05 6.38464e-10 113.6430   0.3670  0.0064  8.5414  7.4721   1930223  0.9500
  0.00005   0.98649     4253.81 1.36721e-06 3.83106e-05 6.22087e-10 113.4785   0.3919  0.0076  7.9181  7.5157   1961866  0.9500
  0.00004   0.99312     4171.58 1.35485e-06 3.77648e-05 6.09816e-10 113.1789   0.3720  0.0047  7.5373  7.5424   1993509  0.9500
  0.00004   0.98861     4058.98 1.34133e-06 3.70406e-05 5.97524e-10 113.1674   0.3558  0.0053  7.0247  7.5783   2025152  0.9500
  0.00004      0.99     3964.38 1.33606e-06 3.63724e-05 5.93587e-10 112.4169   0.3716  0.0045  6.4329  7.6197   2056795  0.9500
  0.00004   0.99054     3861.21 1.33163e-06 3.56349e-05 5.78775e-10 111.6595   0.4051  0.0044  5.9926  7.6505   2088438  0.9500
  0.00004   0.99355     3799.77 1.32142e-06   3.505e-05 5.68487e-10 111.6062   0.3846  0.0024  5.7837  7.6651   2120081  0.9500
  0.00003   0.99348     3744.29 1.31945e-06 3.46495e-05  5.5804e-10 111.0756   0.3729  0.0039  5.4635  7.6876   2151724  0.9500
  0.00003    0.9959      3696.3 1.31122e-06  3.4361e-05  5.5418e-10 111.4784   0.3590  0.0024  5.0969  7.7132   2183367  0.9500
  0.00003   0.99411     3641.18  1.3031e-06 3.40082e-05 5.51673e-10 111.8351   0.3980  0.0023  4.6839  7.7421   2215010  0.9500
  0.00003   0.99561     3601.51  1.3022e-06   3.363e-05 5.44319e-10 110.9818   0.3827  0.0019  4.4871  7.7559   2246653  0.9500
  0.00003   0.99606     3556.68   1.302e-06  3.3215e-05 5.38379e-10 110.9899   0.3680  0.0014  4.2301  7.7739   2278296  0.9500
  0.00003   0.99624     3525.67 1.29696e-06 3.30363e-05 5.34507e-10 110.8788   0.4376  0.0021  3.9255  7.7952   2309939  0.9500
  0.00002   0.99727     3491.44 1.29159e-06  3.2898e-05 5.28109e-10 111.2853   0.4261  0.0013  3.9160  7.7959   2341582  0.9500
  0.00002   0.99807      3467.1 1.29346e-06 3.27385e-05 5.27015e-10 110.7709   0.4086  0.0014  3.8616  7.7997   2373225  0.9500
  0.00002   0.99652     3433.35 1.29458e-06 3.25029e-05 5.24633e-10 110.5741   0.4004  0.0015  3.7402  7.8082   2404868  0.9500
  0.00002   0.99757     3411.94 1.29055e-06 3.22826e-05 5.19395e-10 110.8191   0.3892  0.0009  3.5922  7.8185   2436511  0.9500
  0.00002   0.99807      3389.7  1.2896e-06 3.21367e-05  5.1869e-10 111.0902   0.3777  0.0014  3.4097  7.8313   2468154  0.9500
  0.00002   0.99844     3372.07 1.28616e-06 3.20923e-05 5.15069e-10 111.2257   0.3658  0.0011  3.1971  7.8462   2499797  0.9500
  0.00002   0.99731     3348.49 1.28249e-06 3.19599e-05 5.13899e-10 111.3612   0.4577  0.0012  2.9598  7.8628   2531440  0.9500
  0.00002   0.99726     3321.57 1.28215e-06 3.18476e-05 5.11897e-10 111.1605   0.3392  0.0016  3.0121  7.8592   2563083  0.9500
  0.00002    0.9982     3303.99 1.27948e-06 3.17716e-05 5.11793e-10 111.2960   0.4262  0.0008  2.7083  7.8804   2594726  0.9500
  0.00002    0.9988     3288.84 1.27761e-06 3.16673e-05 5.08766e-10 111.0365   0.4179  0.0005  2.6709  7.8830   2626369  0.9500
  0.00001   0.99718      3267.2  1.2777e-06 3.15603e-05  5.0956e-10 111.1720   0.4045  0.0009  2.6119  7.8872   2658012  0.9500
  0.00001   0.99878      3254.7 1.27552e-06 3.14261e-05 5.05003e-10 111.3075   0.3984  0.0011  2.5192  7.8937   2689655  0.9500
  0.00001   0.99831     3240.42 1.27418e-06 3.13897e-05 5.06117e-10 111.4430   0.3838  0.0007  2.4142  7.9010   2721298  0.9500
  0.00001   0.99869     3228.05 1.27595e-06 3.12491e-05 5.03905e-10 111.1472   0.3717  0.0006  2.2786  7.9105   2752941  0.9500
  0.00001   0.99877     3217.67 1.27672e-06 3.11755e-05 5.01794e-10 111.0117   0.3564  0.0004  2.1229  7.9214   2784584  0.9500
  0.00001   0.99918     3211.34 1.27437e-06 3.11919e-05 5.01716e-10 111.0757   0.4778  0.0004  1.9454  7.9338   2816227  0.9500
  0.00001   0.99842     3199.87 1.27462e-06  3.1203e-05 5.01029e-10 111.0757   0.3357  0.0006  2.0189  7.9287   2847870  0.9500
  0.00001   0.99938     3188.94 1.27382e-06 3.11173e-05 5.00722e-10 111.0757   0.4520  0.0003  1.8082  7.9434   2879513  0.9500
  0.00001   0.99941     3183.34 1.27445e-06 3.10773e-05 5.00487e-10 110.9402   0.4477  0.0003  1.8299  7.9419   2911156  0.9500
  0.00001   0.99923     3176.33 1.27487e-06 3.10431e-05 4.98257e-10 110.9402   0.4323  0.0003  1.8439  7.9409   2942799  0.9500
  0.00001   0.99902     3171.68 1.27628e-06 3.10487e-05 4.99507e-10 110.8762   0.4256  0.0003  1.8297  7.9419   2974442  0.9500
  0.00001   0.99932     3167.36  1.2746e-06 3.10281e-05 4.99065e-10 110.9402   0.4104  0.0003  1.8032  7.9438   3006085  0.9500
  0.00001   0.99942     3162.69 1.27436e-06 3.09567e-05 4.98238e-10 110.9402   0.4020  0.0002  1.7498  7.9475   3037728  0.9500
  0.00001   0.99916     3156.65 1.27445e-06 3.09293e-05  4.9757e-10 110.9402   0.3888  0.0003  1.6833  7.9522   3069371  0.9500
  0.00001    0.9996     3151.87  1.2738e-06 3.08712e-05 4.96447e-10 110.9402   0.3807  0.0002  1.5972  7.9582   3101014  0.9500
  0.00001   0.99942     3146.82 1.27379e-06 3.08328e-05 4.96333e-10 110.9402   0.3635  0.0002  1.5024  7.9648   3132657  0.9500
  0.00001    0.9995     3141.83 1.27334e-06 3.08544e-05 4.95259e-10 110.9402   0.3556  0.0002  1.3875  7.9729   3164300  0.9500
  0.00001   0.99948     3136.55 1.27305e-06 3.08539e-05 4.95748e-10 110.9402   0.3372  0.0003  1.2704  7.9811   3195943  0.9500
  0.00001   0.99953     3132.46 1.27278e-06  3.0815e-05 4.94914e-10 110.9402   0.3228  0.0002  1.1398  7.9902   3227586  0.9500
  0.00001   0.99978     3130.54 1.27225e-06 3.07562e-05  4.9501e-10 110.9402   0.3222  0.0001  1.0061  7.9996   3259229  0.9500
  0.00001   0.99968     3127.62  1.2724e-06 3.07202e-05 4.93222e-10 110.9402   0.3099  0.0002  1.0000  8.0000   3290872  0.9500
  0.00001   0.99957     3123.68 1.27239e-06 3.07225e-05 4.93721e-10 110.9402   0.2944  0.0003  1.0000  8.0000   3322515  0.9500
  0.00000   0.99967     3118.14 1.27224e-06 3.07062e-05 4.93383e-10 110.9402   0.2802  0.0003  1.0000  8.0000   3354158  0.9500
  0.00000   0.99961     3114.73 1.27243e-06 3.06898e-05  4.9363e-10 110.9402   0.2716  0.0002  1.0000  8.0000   3385801  0.9500
  0.00000   0.99973     3111.74 1.27225e-06 3.06727e-05 4.92797e-10 110.9402   0.2628  0.0001  1.0000  8.0000   3417444  0.9500
  0.00000    0.9997     3109.36 1.27237e-06 3.06569e-05 4.92464e-10 110.9402   0.2515  0.0001  1.0000  8.0000   3449087  0.9500
  0.00000   0.99974     3107.89 1.27223e-06  3.0643e-05 4.92401e-10 110.9402   0.2445  0.0001  1.0000  8.0000   3480730  0.9500
  0.00000   0.99965     3104.11 1.27244e-06 3.06206e-05  4.9174e-10 110.9402   0.2337  0.0001  1.0000  8.0000   3512373  0.9500
  0.00000   0.99976     3102.34 1.27244e-06  3.0639e-05 4.92606e-10 110.9402   0.2224  0.0002  1.0000  8.0000   3544016  0.9500
  0.00000   0.99983     3099.29 1.27226e-06 3.06347e-05 4.91817e-10 110.9402   0.2095  0.0001  1.0000  8.0000   3575659  0.9500
  0.00000   0.99967     3097.18 1.27241e-06 3.06339e-05 4.92659e-10 110.9402   0.2037  0.0001  1.0000  8.0000   3607302  0.9500
  0.00000   0.99985     3094.93 1.27226e-06 3.06029e-05  4.9189e-10 110.9402   0.1905  0.0001  1.0000  8.0000   3638945  0.9500
  0.00000   0.99981     3094.08 1.27225e-06 3.06084e-05 4.91316e-10 110.9402   0.1865  0.0001  1.0000  8.0000   3670588  0.9500
  0.00000    0.9998     3092.37 1.27243e-06 3.06012e-05 4.91431e-10 110.9402   0.1786  0.0001  1.0000  8.0000   3702231  0.9500
  0.00000   0.99996     3091.01 1.27226e-06 3.06017e-05   4.916e-10 110.9402   0.1712  0.0000  1.0000  8.0000   3733874  0.9500
  0.00000   0.99992      3090.1 1.27223e-06 3.06143e-05 4.91576e-10 110.9402   0.1683  0.0000  1.0000  8.0000   3765517  0.9500
  0.00000   0.99978     3088.04 1.27243e-06 3.06017e-05 4.91685e-10 110.9402   0.1534  0.0001  1.0000  8.0000   3797160  0.9500
  0.00000    0.9998     3087.18 1.27226e-06 3.05918e-05 4.91386e-10 110.9402   0.1487  0.0001  1.0000  8.0000   3828803  0.8000
  0.00000    0.9998     3085.24 1.27243e-06 3.06082e-05 4.91455e-10 110.9402   0.1264  0.0001  1.0000  8.0000   3860446  0.8000
  0.00000    0.9997     3083.19 1.27242e-06 3.06012e-05 4.91774e-10 110.9402   0.1052  0.0001  1.0000  8.0000   3892089  0.8000
  0.00000   0.99981     3081.31 1.27226e-06 3.05623e-05 4.91082e-10 110.9402   0.0864  0.0000  1.0000  8.0000   3923732  0.8000
  0.00000   0.99984     3079.84 1.27243e-06 3.05534e-05 4.90733e-10 110.9402   0.0694  0.0001  1.0000  8.0000   3955375  0.8000
  0.00000   0.99992      3079.1 1.27226e-06 3.05568e-05 4.90683e-10 110.9402   0.0600  0.0000  1.0000  8.0000   3987018  0.8000
  0.00000   0.99996     3078.62 1.27243e-06 3.05531e-05 4.90856e-10 110.9402   0.0459  0.0000  1.0000  8.0000   4018661  0.8000
  0.00000   0.99997     3078.27 1.27226e-06  3.0557e-05 4.90639e-10 110.9402   0.0372  0.0000  1.0000  8.0000   4050304  0.8000
  0.00000   0.99998     3078.09 1.27244e-06 3.05559e-05  4.9091e-10 110.9402   0.0321  0.0000  1.0000  8.0000   4081947  0.8000
  0.00000   0.99995     3077.95 1.27226e-06 3.05514e-05 4.90836e-10            0.0064  0.0000  1.0000  8.0000   4113590

BB estimate of min-dist (placement) wirelength: 306679
bb_cost recomputed from scratch: 3077.92
timing_cost recomputed from scratch: 1.27226e-06
delay_cost recomputed from scratch: 3.05443e-05

Completed placement consistency check successfully.

Swaps called: 4115963

Placement estimated critical path delay: 110.94 ns
Placement cost: 0.99994, bb_cost: 3077.92, td_cost: 1.27226e-06, delay_cost: 3.05442e-05
Placement total # of swap attempts: 4115963
	Swap reject rate: 0
	Swap accept rate: 0
	Swap abort rate: 0
Placement took 133.679 seconds.
The entire flow of VPR took 135.475 seconds.
