________________________________________________________________________
                       VPR - The Next Generation                        
                     Version 0.A15.0 (Linux X86/64)                     
            This is free open source code under MIT license.            
________________________________________________________________________

VPR FPGA Placement and Routing.
Version: Version 7.0
Compiled: Jul 31 2019.
University of Toronto
vpr@eecg.utoronto.ca
This is free open source code under MIT license.

Architecture file: /home/zhlab/BRAM/s_run/boundtop/src/pre_info_src/k6_frac_N10_mem32K_40nm_1.xml
Circuit name: /home/zhlab/BRAM/s_run/boundtop/src/pre_info_src/boundtop.blif

Building complex block graph.
WARNING(1): io[0].clock[0] unconnected pin in architecture.
Loop for doall = 0, init_parse took 1e-05 seconds.
Loop for doall = 0 took 0.010527 seconds.
Loop for doall = 1, init_parse took 0.007995 seconds.
Loop for doall = 1 took 0.012669 seconds.
Swept away 0 nets with no fanout.
Net is a constant generator: top^tm3_sram_addr~18.
WARNING(2): logical_block #5144 with output top^tm3_sram_addr~18 has only 0 pin.
WARNING(3): Block contains output -- may be a constant generator.
Net is a constant generator: n2240.
WARNING(4): logical_block #5229 with output n2240 has only 0 pin.
WARNING(5): Block contains output -- may be a constant generator.
Net is a constant generator: n3090.
WARNING(6): logical_block #5253 with output n3090 has only 0 pin.
WARNING(7): Block contains output -- may be a constant generator.
Net is a constant generator: n3175.
WARNING(8): logical_block #5254 with output n3175 has only 0 pin.
WARNING(9): Block contains output -- may be a constant generator.
Net is a constant generator: n3700.
WARNING(10): logical_block #5256 with output n3700 has only 0 pin.
WARNING(11): Block contains output -- may be a constant generator.
Net is a constant generator: n4105.
WARNING(12): logical_block #5257 with output n4105 has only 0 pin.
WARNING(13): Block contains output -- may be a constant generator.
Net is a constant generator: n4885.
WARNING(14): logical_block #5258 with output n4885 has only 0 pin.
WARNING(15): Block contains output -- may be a constant generator.
Net is a constant generator: n4890.
WARNING(16): logical_block #5259 with output n4890 has only 0 pin.
WARNING(17): Block contains output -- may be a constant generator.
Net is a constant generator: n4895.
WARNING(18): logical_block #5260 with output n4895 has only 0 pin.
WARNING(19): Block contains output -- may be a constant generator.
Net is a constant generator: n4900.
WARNING(20): logical_block #5261 with output n4900 has only 0 pin.
WARNING(21): Block contains output -- may be a constant generator.
Net is a constant generator: n5105.
WARNING(22): logical_block #5263 with output n5105 has only 0 pin.
WARNING(23): Block contains output -- may be a constant generator.
Net is a constant generator: n5110.
WARNING(24): logical_block #5264 with output n5110 has only 0 pin.
WARNING(25): Block contains output -- may be a constant generator.
Net is a constant generator: n5115.
WARNING(26): logical_block #5265 with output n5115 has only 0 pin.
WARNING(27): Block contains output -- may be a constant generator.
Net is a constant generator: n5540.
WARNING(28): logical_block #5267 with output n5540 has only 0 pin.
WARNING(29): Block contains output -- may be a constant generator.
Net is a constant generator: n5945.
WARNING(30): logical_block #5268 with output n5945 has only 0 pin.
WARNING(31): Block contains output -- may be a constant generator.
Net is a constant generator: n6735.
WARNING(32): logical_block #5269 with output n6735 has only 0 pin.
WARNING(33): Block contains output -- may be a constant generator.
Net is a constant generator: n6740.
WARNING(34): logical_block #5270 with output n6740 has only 0 pin.
WARNING(35): Block contains output -- may be a constant generator.
Net is a constant generator: n6745.
WARNING(36): logical_block #5271 with output n6745 has only 0 pin.
WARNING(37): Block contains output -- may be a constant generator.
Net is a constant generator: n6750.
WARNING(38): logical_block #5272 with output n6750 has only 0 pin.
WARNING(39): Block contains output -- may be a constant generator.
Net is a constant generator: n10555.
WARNING(40): logical_block #5275 with output n10555 has only 0 pin.
WARNING(41): Block contains output -- may be a constant generator.
Net is a constant generator: n10559.
WARNING(42): logical_block #5276 with output n10559 has only 0 pin.
WARNING(43): Block contains output -- may be a constant generator.
Net is a constant generator: n10563.
WARNING(44): logical_block #5277 with output n10563 has only 0 pin.
WARNING(45): Block contains output -- may be a constant generator.
Net is a constant generator: n10567.
WARNING(46): logical_block #5278 with output n10567 has only 0 pin.
WARNING(47): Block contains output -- may be a constant generator.
Net is a constant generator: n10571.
WARNING(48): logical_block #5279 with output n10571 has only 0 pin.
WARNING(49): Block contains output -- may be a constant generator.
Net is a constant generator: n10575.
WARNING(50): logical_block #5280 with output n10575 has only 0 pin.
WARNING(51): Block contains output -- may be a constant generator.
Net is a constant generator: n10579.
WARNING(52): logical_block #5281 with output n10579 has only 0 pin.
WARNING(53): Block contains output -- may be a constant generator.
Net is a constant generator: n10583.
WARNING(54): logical_block #5282 with output n10583 has only 0 pin.
WARNING(55): Block contains output -- may be a constant generator.
Net is a constant generator: n10587.
WARNING(56): logical_block #5283 with output n10587 has only 0 pin.
WARNING(57): Block contains output -- may be a constant generator.
Net is a constant generator: n10591.
WARNING(58): logical_block #5284 with output n10591 has only 0 pin.
WARNING(59): Block contains output -- may be a constant generator.
Net is a constant generator: n10595.
WARNING(60): logical_block #5285 with output n10595 has only 0 pin.
WARNING(61): Block contains output -- may be a constant generator.
Net is a constant generator: n10599.
WARNING(62): logical_block #5286 with output n10599 has only 0 pin.
WARNING(63): Block contains output -- may be a constant generator.
Net is a constant generator: n10603.
WARNING(64): logical_block #5287 with output n10603 has only 0 pin.
WARNING(65): Block contains output -- may be a constant generator.
Net is a constant generator: n10607.
WARNING(66): logical_block #5288 with output n10607 has only 0 pin.
WARNING(67): Block contains output -- may be a constant generator.
Net is a constant generator: n10611.
WARNING(68): logical_block #5289 with output n10611 has only 0 pin.
WARNING(69): Block contains output -- may be a constant generator.
Net is a constant generator: n10615.
WARNING(70): logical_block #5290 with output n10615 has only 0 pin.
WARNING(71): Block contains output -- may be a constant generator.
Net is a constant generator: n10619.
WARNING(72): logical_block #5291 with output n10619 has only 0 pin.
WARNING(73): Block contains output -- may be a constant generator.
Net is a constant generator: n10623.
WARNING(74): logical_block #5292 with output n10623 has only 0 pin.
WARNING(75): Block contains output -- may be a constant generator.
Net is a constant generator: n10627.
WARNING(76): logical_block #5293 with output n10627 has only 0 pin.
WARNING(77): Block contains output -- may be a constant generator.
Net is a constant generator: n10631.
WARNING(78): logical_block #5294 with output n10631 has only 0 pin.
WARNING(79): Block contains output -- may be a constant generator.
Net is a constant generator: n10635.
WARNING(80): logical_block #5295 with output n10635 has only 0 pin.
WARNING(81): Block contains output -- may be a constant generator.
Net is a constant generator: n10639.
WARNING(82): logical_block #5296 with output n10639 has only 0 pin.
WARNING(83): Block contains output -- may be a constant generator.
Net is a constant generator: n10643.
WARNING(84): logical_block #5297 with output n10643 has only 0 pin.
WARNING(85): Block contains output -- may be a constant generator.
Net is a constant generator: n10647.
WARNING(86): logical_block #5298 with output n10647 has only 0 pin.
WARNING(87): Block contains output -- may be a constant generator.
Net is a constant generator: n10651.
WARNING(88): logical_block #5299 with output n10651 has only 0 pin.
WARNING(89): Block contains output -- may be a constant generator.
Net is a constant generator: n10655.
WARNING(90): logical_block #5300 with output n10655 has only 0 pin.
WARNING(91): Block contains output -- may be a constant generator.
0 unconnected blocks in input netlist.
Removed 77 LUT buffers.
Sweeped away 77 nodes.
BLIF circuit stats:
	45 LUTs of size 0
	0 LUTs of size 1
	681 LUTs of size 2
	461 LUTs of size 3
	360 LUTs of size 4
	289 LUTs of size 5
	1218 LUTs of size 6
	275 of type input
	192 of type output
	1671 of type latch
	3054 of type names
	0 of type dual_port_ram
	32 of type single_port_ram
	0 of type multiply
Timing analysis: ON
Circuit netlist file: /home/zhlab/BRAM/s_run/boundtop/src/pre_info_src/boundtop.net
Circuit placement file: /home/zhlab/BRAM/s_run/boundtop/src/pre_info_src/boundtop.place
Circuit routing file: /home/zhlab/BRAM/s_run/boundtop/src/pre_info_src/boundtop.route
Circuit SDC file: /home/zhlab/BRAM/s_run/boundtop/src/pre_info_src/boundtop.sdc
Operation: RUN_FLOW

Packer: DISABLED
Placer: ENABLED
Router: DISABLED
PlacerOpts.place_freq: PLACE_ONCE
PlacerOpts.place_algorithm: PATH_TIMING_DRIVEN_PLACE
PlacerOpts.pad_loc_type: FREE
PlacerOpts.place_cost_exp: 1.000000
PlacerOpts.inner_loop_recompute_divider: 0
PlacerOpts.recompute_crit_iter: 1
PlacerOpts.timing_tradeoff: 0.500000
PlacerOpts.td_place_exp_first: 1.000000
PlacerOpts.td_place_exp_last: 8.000000
PlaceOpts.seed: 1
AnnealSched.type: AUTO_SCHED
AnnealSched.inner_num: 1.000000

RoutingArch.directionality: UNI_DIRECTIONAL
RoutingArch.switch_block_type: WILTON
RoutingArch.Fs: 3

Begin parsing packed FPGA netlist file.
Finished parsing packed FPGA netlist file.
Netlist generated from file '/home/zhlab/BRAM/s_run/boundtop/src/pre_info_src/boundtop.net'.
n4885 is a constant generator.
n4890 is a constant generator.
n5945 is a constant generator.
n5540 is a constant generator.
n3700 is a constant generator.
n4105 is a constant generator.
n5110 is a constant generator.
n3090 is a constant generator.
n5105 is a constant generator.
n2240 is a constant generator.
n6745 is a constant generator.
n6740 is a constant generator.
n6735 is a constant generator.
n10643 is a constant generator.
n10627 is a constant generator.
n10631 is a constant generator.
n10587 is a constant generator.
n10583 is a constant generator.
n10591 is a constant generator.
n10651 is a constant generator.
n10635 is a constant generator.
n10639 is a constant generator.
n10571 is a constant generator.
n10555 is a constant generator.
n10559 is a constant generator.
n10619 is a constant generator.
n10623 is a constant generator.
n10575 is a constant generator.
n10579 is a constant generator.
n10567 is a constant generator.
n10647 is a constant generator.
n6750 is a constant generator.
n4900 is a constant generator.
n4895 is a constant generator.
n10595 is a constant generator.
n10563 is a constant generator.
n10611 is a constant generator.
n10607 is a constant generator.
n10615 is a constant generator.
top^tm3_sram_addr~18 is a constant generator.
n10655 is a constant generator.
n10603 is a constant generator.
n10599 is a constant generator.
n5115 is a constant generator.
n3175 is a constant generator.

Netlist num_nets: 2200
Netlist num_blocks: 701
Netlist <EMPTY> blocks: 0.
Netlist clb blocks: 233.
Netlist mult_36 blocks: 0.
Netlist memory blocks: 1.
Netlist inputs pins: 275
Netlist output pins: 192

The circuit will be mapped into a 100 x 100 array of clbs.

Resource usage...
	Netlist      0	blocks of type: <EMPTY>
	Architecture 56	blocks of type: <EMPTY>
	Netlist      467	blocks of type: io
	Architecture 3200	blocks of type: io
	Netlist      233	blocks of type: clb
	Architecture 7500	blocks of type: clb
	Netlist      0	blocks of type: mult_36
	Architecture 300	blocks of type: mult_36
	Netlist      1	blocks of type: memory
	Architecture 208	blocks of type: memory

EooooooooooooooooooooooooooooooooooooooooooooooooooooooooooooooooooooooooooooooooooooooooooooooooooooE
olelllulllelllulllelllulllelllulllelllulllelllulllelllulllelllulllelllulllelllulllelllulllelllulllello
olelllulllelllulllelllulllelllulllelllulllelllulllelllulllelllulllelllulllelllulllelllulllelllulllello
olelllulllelllulllelllulllelllulllelllulllelllulllelllulllelllulllelllulllelllulllelllulllelllulllello
olelllulllelllulllelllulllelllulllelllulllelllulllelllulllelllulllelllulllelllulllelllulllelllulllello
olelllulllelllulllelllulllelllulllelllulllelllulllelllulllelllulllelllulllelllulllelllulllelllulllello
olelllulllelllulllelllulllelllulllelllulllelllulllelllulllelllulllelllulllelllulllelllulllelllulllello
olelllulllelllulllelllulllelllulllelllulllelllulllelllulllelllulllelllulllelllulllelllulllelllulllello
olelllulllelllulllelllulllelllulllelllulllelllulllelllulllelllulllelllulllelllulllelllulllelllulllello
olelllulllelllulllelllulllelllulllelllulllelllulllelllulllelllulllelllulllelllulllelllulllelllulllello
olelllulllelllulllelllulllelllulllelllulllelllulllelllulllelllulllelllulllelllulllelllulllelllulllello
olelllulllelllulllelllulllelllulllelllulllelllulllelllulllelllulllelllulllelllulllelllulllelllulllello
olelllulllelllulllelllulllelllulllelllulllelllulllelllulllelllulllelllulllelllulllelllulllelllulllello
olelllulllelllulllelllulllelllulllelllulllelllulllelllulllelllulllelllulllelllulllelllulllelllulllello
olelllulllelllulllelllulllelllulllelllulllelllulllelllulllelllulllelllulllelllulllelllulllelllulllello
olelllulllelllulllelllulllelllulllelllulllelllulllelllulllelllulllelllulllelllulllelllulllelllulllello
olelllulllelllulllelllulllelllulllelllulllelllulllelllulllelllulllelllulllelllulllelllulllelllulllello
olelllulllelllulllelllulllelllulllelllulllelllulllelllulllelllulllelllulllelllulllelllulllelllulllello
olelllulllelllulllelllulllelllulllelllulllelllulllelllulllelllulllelllulllelllulllelllulllelllulllello
olelllulllelllulllelllulllelllulllelllulllelllulllelllulllelllulllelllulllelllulllelllulllelllulllello
olelllulllelllulllelllulllelllulllelllulllelllulllelllulllelllulllelllulllelllulllelllulllelllulllello
olelllulllelllulllelllulllelllulllelllulllelllulllelllulllelllulllelllulllelllulllelllulllelllulllello
olelllulllelllulllelllulllelllulllelllulllelllulllelllulllelllulllelllulllelllulllelllulllelllulllello
olelllulllelllulllelllulllelllulllelllulllelllulllelllulllelllulllelllulllelllulllelllulllelllulllello
olelllulllelllulllelllulllelllulllelllulllelllulllelllulllelllulllelllulllelllulllelllulllelllulllello
olelllulllelllulllelllulllelllulllelllulllelllulllelllulllelllulllelllulllelllulllelllulllelllulllello
olelllulllelllulllelllulllelllulllelllulllelllulllelllulllelllulllelllulllelllulllelllulllelllulllello
olelllulllelllulllelllulllelllulllelllulllelllulllelllulllelllulllelllulllelllulllelllulllelllulllello
olelllulllelllulllelllulllelllulllelllulllelllulllelllulllelllulllelllulllelllulllelllulllelllulllello
olelllulllelllulllelllulllelllulllelllulllelllulllelllulllelllulllelllulllelllulllelllulllelllulllello
olelllulllelllulllelllulllelllulllelllulllelllulllelllulllelllulllelllulllelllulllelllulllelllulllello
olelllulllelllulllelllulllelllulllelllulllelllulllelllulllelllulllelllulllelllulllelllulllelllulllello
olelllulllelllulllelllulllelllulllelllulllelllulllelllulllelllulllelllulllelllulllelllulllelllulllello
olelllulllelllulllelllulllelllulllelllulllelllulllelllulllelllulllelllulllelllulllelllulllelllulllello
olelllulllelllulllelllulllelllulllelllulllelllulllelllulllelllulllelllulllelllulllelllulllelllulllello
olelllulllelllulllelllulllelllulllelllulllelllulllelllulllelllulllelllulllelllulllelllulllelllulllello
olelllulllelllulllelllulllelllulllelllulllelllulllelllulllelllulllelllulllelllulllelllulllelllulllello
olelllulllelllulllelllulllelllulllelllulllelllulllelllulllelllulllelllulllelllulllelllulllelllulllello
olelllulllelllulllelllulllelllulllelllulllelllulllelllulllelllulllelllulllelllulllelllulllelllulllello
olelllulllelllulllelllulllelllulllelllulllelllulllelllulllelllulllelllulllelllulllelllulllelllulllello
olelllulllelllulllelllulllelllulllelllulllelllulllelllulllelllulllelllulllelllulllelllulllelllulllello
olelllulllelllulllelllulllelllulllelllulllelllulllelllulllelllulllelllulllelllulllelllulllelllulllello
olelllulllelllulllelllulllelllulllelllulllelllulllelllulllelllulllelllulllelllulllelllulllelllulllello
olelllulllelllulllelllulllelllulllelllulllelllulllelllulllelllulllelllulllelllulllelllulllelllulllello
olelllulllelllulllelllulllelllulllelllulllelllulllelllulllelllulllelllulllelllulllelllulllelllulllello
olelllulllelllulllelllulllelllulllelllulllelllulllelllulllelllulllelllulllelllulllelllulllelllulllello
olelllulllelllulllelllulllelllulllelllulllelllulllelllulllelllulllelllulllelllulllelllulllelllulllello
olelllulllelllulllelllulllelllulllelllulllelllulllelllulllelllulllelllulllelllulllelllulllelllulllello
olelllulllelllulllelllulllelllulllelllulllelllulllelllulllelllulllelllulllelllulllelllulllelllulllello
olelllulllelllulllelllulllelllulllelllulllelllulllelllulllelllulllelllulllelllulllelllulllelllulllello
olelllulllelllulllelllulllelllulllelllulllelllulllelllulllelllulllelllulllelllulllelllulllelllulllello
olelllulllelllulllelllulllelllulllelllulllelllulllelllulllelllulllelllulllelllulllelllulllelllulllello
olelllulllelllulllelllulllelllulllelllulllelllulllelllulllelllulllelllulllelllulllelllulllelllulllello
olelllulllelllulllelllulllelllulllelllulllelllulllelllulllelllulllelllulllelllulllelllulllelllulllello
olelllulllelllulllelllulllelllulllelllulllelllulllelllulllelllulllelllulllelllulllelllulllelllulllello
olelllulllelllulllelllulllelllulllelllulllelllulllelllulllelllulllelllulllelllulllelllulllelllulllello
olelllulllelllulllelllulllelllulllelllulllelllulllelllulllelllulllelllulllelllulllelllulllelllulllello
olelllulllelllulllelllulllelllulllelllulllelllulllelllulllelllulllelllulllelllulllelllulllelllulllello
olelllulllelllulllelllulllelllulllelllulllelllulllelllulllelllulllelllulllelllulllelllulllelllulllello
olelllulllelllulllelllulllelllulllelllulllelllulllelllulllelllulllelllulllelllulllelllulllelllulllello
olelllulllelllulllelllulllelllulllelllulllelllulllelllulllelllulllelllulllelllulllelllulllelllulllello
olelllulllelllulllelllulllelllulllelllulllelllulllelllulllelllulllelllulllelllulllelllulllelllulllello
olelllulllelllulllelllulllelllulllelllulllelllulllelllulllelllulllelllulllelllulllelllulllelllulllello
olelllulllelllulllelllulllelllulllelllulllelllulllelllulllelllulllelllulllelllulllelllulllelllulllello
olelllulllelllulllelllulllelllulllelllulllelllulllelllulllelllulllelllulllelllulllelllulllelllulllello
olelllulllelllulllelllulllelllulllelllulllelllulllelllulllelllulllelllulllelllulllelllulllelllulllello
olelllulllelllulllelllulllelllulllelllulllelllulllelllulllelllulllelllulllelllulllelllulllelllulllello
olelllulllelllulllelllulllelllulllelllulllelllulllelllulllelllulllelllulllelllulllelllulllelllulllello
olelllulllelllulllelllulllelllulllelllulllelllulllelllulllelllulllelllulllelllulllelllulllelllulllello
olelllulllelllulllelllulllelllulllelllulllelllulllelllulllelllulllelllulllelllulllelllulllelllulllello
olelllulllelllulllelllulllelllulllelllulllelllulllelllulllelllulllelllulllelllulllelllulllelllulllello
olelllulllelllulllelllulllelllulllelllulllelllulllelllulllelllulllelllulllelllulllelllulllelllulllello
olelllulllelllulllelllulllelllulllelllulllelllulllelllulllelllulllelllulllelllulllelllulllelllulllello
olelllulllelllulllelllulllelllulllelllulllelllulllelllulllelllulllelllulllelllulllelllulllelllulllello
olelllulllelllulllelllulllelllulllelllulllelllulllelllulllelllulllelllulllelllulllelllulllelllulllello
olelllulllelllulllelllulllelllulllelllulllelllulllelllulllelllulllelllulllelllulllelllulllelllulllello
olelllulllelllulllelllulllelllulllelllulllelllulllelllulllelllulllelllulllelllulllelllulllelllulllello
olelllulllelllulllelllulllelllulllelllulllelllulllelllulllelllulllelllulllelllulllelllulllelllulllello
olelllulllelllulllelllulllelllulllelllulllelllulllelllulllelllulllelllulllelllulllelllulllelllulllello
olelllulllelllulllelllulllelllulllelllulllelllulllelllulllelllulllelllulllelllulllelllulllelllulllello
olelllulllelllulllelllulllelllulllelllulllelllulllelllulllelllulllelllulllelllulllelllulllelllulllello
olelllulllelllulllelllulllelllulllelllulllelllulllelllulllelllulllelllulllelllulllelllulllelllulllello
olelllulllelllulllelllulllelllulllelllulllelllulllelllulllelllulllelllulllelllulllelllulllelllulllello
olelllulllelllulllelllulllelllulllelllulllelllulllelllulllelllulllelllulllelllulllelllulllelllulllello
olelllulllelllulllelllulllelllulllelllulllelllulllelllulllelllulllelllulllelllulllelllulllelllulllello
olelllulllelllulllelllulllelllulllelllulllelllulllelllulllelllulllelllulllelllulllelllulllelllulllello
olelllulllelllulllelllulllelllulllelllulllelllulllelllulllelllulllelllulllelllulllelllulllelllulllello
olelllulllelllulllelllulllelllulllelllulllelllulllelllulllelllulllelllulllelllulllelllulllelllulllello
olelllulllelllulllelllulllelllulllelllulllelllulllelllulllelllulllelllulllelllulllelllulllelllulllello
olelllulllelllulllelllulllelllulllelllulllelllulllelllulllelllulllelllulllelllulllelllulllelllulllello
olelllulllelllulllelllulllelllulllelllulllelllulllelllulllelllulllelllulllelllulllelllulllelllulllello
olelllulllelllulllelllulllelllulllelllulllelllulllelllulllelllulllelllulllelllulllelllulllelllulllello
olelllulllelllulllelllulllelllulllelllulllelllulllelllulllelllulllelllulllelllulllelllulllelllulllello
olelllulllelllulllelllulllelllulllelllulllelllulllelllulllelllulllelllulllelllulllelllulllelllulllello
olelllulllelllulllelllulllelllulllelllulllelllulllelllulllelllulllelllulllelllulllelllulllelllulllello
olelllulllelllulllelllulllelllulllelllulllelllulllelllulllelllulllelllulllelllulllelllulllelllulllello
olelllulllelllulllelllulllelllulllelllulllelllulllelllulllelllulllelllulllelllulllelllulllelllulllello
olElllulllElllulllElllulllElllulllElllulllElllulllElllulllElllulllElllulllElllulllElllulllElllulllEllo
olElllulllElllulllElllulllElllulllElllulllElllulllElllulllElllulllElllulllElllulllElllulllElllulllEllo
olElllulllElllulllElllulllElllulllElllulllElllulllElllulllElllulllElllulllElllulllElllulllElllulllEllo
olElllulllElllulllElllulllElllulllElllulllElllulllElllulllElllulllElllulllElllulllElllulllElllulllEllo
EooooooooooooooooooooooooooooooooooooooooooooooooooooooooooooooooooooooooooooooooooooooooooooooooooooE
zh_lab get_pin_dict
 find_ BRAMS 1 
 range 1024 
con_width 32 

SDC file '/home/zhlab/BRAM/s_run/boundtop/src/pre_info_src/boundtop.sdc' blank or not found.

Defaulting to: constrain all 0 inputs and 0 outputs on the netlist clock.
Optimize this clock to run as fast as possible.
Computing delta_io_to_io lookup matrix, may take a few seconds, please wait...
Computing delta_io_to_clb lookup matrix, may take a few seconds, please wait...
Computing delta_clb_to_io lookup matrix, may take a few seconds, please wait...
Computing delta_clb_to_clb lookup matrix, may take a few seconds, please wait...
  /home/zhlab/BRAM/s_run/boundtop/res/BRAM/2_1mem 
  2 _ 1 
  /home/zhlab/BRAM/s_run/boundtop/res/BRAM/2_7mem 
  2 _ 7 
  /home/zhlab/BRAM/s_run/boundtop/res/BRAM/2_13mem 
  2 _ 13 
  /home/zhlab/BRAM/s_run/boundtop/res/BRAM/2_19mem 
  2 _ 19 
  /home/zhlab/BRAM/s_run/boundtop/res/BRAM/2_25mem 
  2 _ 25 
  /home/zhlab/BRAM/s_run/boundtop/res/BRAM/2_31mem 
  2 _ 31 
  /home/zhlab/BRAM/s_run/boundtop/res/BRAM/2_37mem 
  2 _ 37 
  /home/zhlab/BRAM/s_run/boundtop/res/BRAM/2_43mem 
  2 _ 43 
  /home/zhlab/BRAM/s_run/boundtop/res/BRAM/2_49mem 
  2 _ 49 
  /home/zhlab/BRAM/s_run/boundtop/res/BRAM/2_55mem 
  2 _ 55 
  /home/zhlab/BRAM/s_run/boundtop/res/BRAM/2_61mem 
  2 _ 61 
  /home/zhlab/BRAM/s_run/boundtop/res/BRAM/2_67mem 
  2 _ 67 
  /home/zhlab/BRAM/s_run/boundtop/res/BRAM/2_73mem 
  2 _ 73 
  /home/zhlab/BRAM/s_run/boundtop/res/BRAM/2_79mem 
  2 _ 79 
  /home/zhlab/BRAM/s_run/boundtop/res/BRAM/2_85mem 
  2 _ 85 
  /home/zhlab/BRAM/s_run/boundtop/res/BRAM/2_91mem 
  2 _ 91 
  /home/zhlab/BRAM/s_run/boundtop/res/BRAM/10_1mem 
  10 _ 1 
  /home/zhlab/BRAM/s_run/boundtop/res/BRAM/10_7mem 
  10 _ 7 
  /home/zhlab/BRAM/s_run/boundtop/res/BRAM/10_13mem 
  10 _ 13 
  /home/zhlab/BRAM/s_run/boundtop/res/BRAM/10_19mem 
  10 _ 19 
  /home/zhlab/BRAM/s_run/boundtop/res/BRAM/10_25mem 
  10 _ 25 
  /home/zhlab/BRAM/s_run/boundtop/res/BRAM/10_31mem 
  10 _ 31 
  /home/zhlab/BRAM/s_run/boundtop/res/BRAM/10_37mem 
  10 _ 37 
  /home/zhlab/BRAM/s_run/boundtop/res/BRAM/10_43mem 
  10 _ 43 
  /home/zhlab/BRAM/s_run/boundtop/res/BRAM/10_49mem 
  10 _ 49 
  /home/zhlab/BRAM/s_run/boundtop/res/BRAM/10_55mem 
  10 _ 55 
  /home/zhlab/BRAM/s_run/boundtop/res/BRAM/10_61mem 
  10 _ 61 
  /home/zhlab/BRAM/s_run/boundtop/res/BRAM/10_67mem 
  10 _ 67 
  /home/zhlab/BRAM/s_run/boundtop/res/BRAM/10_73mem 
  10 _ 73 
  /home/zhlab/BRAM/s_run/boundtop/res/BRAM/10_79mem 
  10 _ 79 
  /home/zhlab/BRAM/s_run/boundtop/res/BRAM/10_85mem 
  10 _ 85 
  /home/zhlab/BRAM/s_run/boundtop/res/BRAM/10_91mem 
  10 _ 91 
  /home/zhlab/BRAM/s_run/boundtop/res/BRAM/18_1mem 
  18 _ 1 
  /home/zhlab/BRAM/s_run/boundtop/res/BRAM/18_7mem 
  18 _ 7 
  /home/zhlab/BRAM/s_run/boundtop/res/BRAM/18_13mem 
  18 _ 13 
  /home/zhlab/BRAM/s_run/boundtop/res/BRAM/18_19mem 
  18 _ 19 
  /home/zhlab/BRAM/s_run/boundtop/res/BRAM/18_25mem 
  18 _ 25 
  /home/zhlab/BRAM/s_run/boundtop/res/BRAM/18_31mem 
  18 _ 31 
  /home/zhlab/BRAM/s_run/boundtop/res/BRAM/18_37mem 
  18 _ 37 
  /home/zhlab/BRAM/s_run/boundtop/res/BRAM/18_43mem 
  18 _ 43 
  /home/zhlab/BRAM/s_run/boundtop/res/BRAM/18_49mem 
  18 _ 49 
  /home/zhlab/BRAM/s_run/boundtop/res/BRAM/18_55mem 
  18 _ 55 
  /home/zhlab/BRAM/s_run/boundtop/res/BRAM/18_61mem 
  18 _ 61 
  /home/zhlab/BRAM/s_run/boundtop/res/BRAM/18_67mem 
  18 _ 67 
  /home/zhlab/BRAM/s_run/boundtop/res/BRAM/18_73mem 
  18 _ 73 
  /home/zhlab/BRAM/s_run/boundtop/res/BRAM/18_79mem 
  18 _ 79 
  /home/zhlab/BRAM/s_run/boundtop/res/BRAM/18_85mem 
  18 _ 85 
  /home/zhlab/BRAM/s_run/boundtop/res/BRAM/18_91mem 
  18 _ 91 
  /home/zhlab/BRAM/s_run/boundtop/res/BRAM/26_1mem 
  26 _ 1 
  /home/zhlab/BRAM/s_run/boundtop/res/BRAM/26_7mem 
  26 _ 7 
  /home/zhlab/BRAM/s_run/boundtop/res/BRAM/26_13mem 
  26 _ 13 
  /home/zhlab/BRAM/s_run/boundtop/res/BRAM/26_19mem 
  26 _ 19 
  /home/zhlab/BRAM/s_run/boundtop/res/BRAM/26_25mem 
  26 _ 25 
  /home/zhlab/BRAM/s_run/boundtop/res/BRAM/26_31mem 
  26 _ 31 
  /home/zhlab/BRAM/s_run/boundtop/res/BRAM/26_37mem 
  26 _ 37 
  /home/zhlab/BRAM/s_run/boundtop/res/BRAM/26_43mem 
  26 _ 43 
  /home/zhlab/BRAM/s_run/boundtop/res/BRAM/26_49mem 
  26 _ 49 
  /home/zhlab/BRAM/s_run/boundtop/res/BRAM/26_55mem 
  26 _ 55 
  /home/zhlab/BRAM/s_run/boundtop/res/BRAM/26_61mem 
  26 _ 61 
  /home/zhlab/BRAM/s_run/boundtop/res/BRAM/26_67mem 
  26 _ 67 
  /home/zhlab/BRAM/s_run/boundtop/res/BRAM/26_73mem 
  26 _ 73 
  /home/zhlab/BRAM/s_run/boundtop/res/BRAM/26_79mem 
  26 _ 79 
  /home/zhlab/BRAM/s_run/boundtop/res/BRAM/26_85mem 
  26 _ 85 
  /home/zhlab/BRAM/s_run/boundtop/res/BRAM/26_91mem 
  26 _ 91 
  /home/zhlab/BRAM/s_run/boundtop/res/BRAM/34_1mem 
  34 _ 1 
  /home/zhlab/BRAM/s_run/boundtop/res/BRAM/34_7mem 
  34 _ 7 
  /home/zhlab/BRAM/s_run/boundtop/res/BRAM/34_13mem 
  34 _ 13 
  /home/zhlab/BRAM/s_run/boundtop/res/BRAM/34_19mem 
  34 _ 19 
  /home/zhlab/BRAM/s_run/boundtop/res/BRAM/34_25mem 
  34 _ 25 
  /home/zhlab/BRAM/s_run/boundtop/res/BRAM/34_31mem 
  34 _ 31 
  /home/zhlab/BRAM/s_run/boundtop/res/BRAM/34_37mem 
  34 _ 37 
  /home/zhlab/BRAM/s_run/boundtop/res/BRAM/34_43mem 
  34 _ 43 
  /home/zhlab/BRAM/s_run/boundtop/res/BRAM/34_49mem 
  34 _ 49 
  /home/zhlab/BRAM/s_run/boundtop/res/BRAM/34_55mem 
  34 _ 55 
  /home/zhlab/BRAM/s_run/boundtop/res/BRAM/34_61mem 
  34 _ 61 
  /home/zhlab/BRAM/s_run/boundtop/res/BRAM/34_67mem 
  34 _ 67 
  /home/zhlab/BRAM/s_run/boundtop/res/BRAM/34_73mem 
  34 _ 73 
  /home/zhlab/BRAM/s_run/boundtop/res/BRAM/34_79mem 
  34 _ 79 
  /home/zhlab/BRAM/s_run/boundtop/res/BRAM/34_85mem 
  34 _ 85 
  /home/zhlab/BRAM/s_run/boundtop/res/BRAM/34_91mem 
  34 _ 91 
  /home/zhlab/BRAM/s_run/boundtop/res/BRAM/42_1mem 
  42 _ 1 
  /home/zhlab/BRAM/s_run/boundtop/res/BRAM/42_7mem 
  42 _ 7 
  /home/zhlab/BRAM/s_run/boundtop/res/BRAM/42_13mem 
  42 _ 13 
  /home/zhlab/BRAM/s_run/boundtop/res/BRAM/42_19mem 
  42 _ 19 
  /home/zhlab/BRAM/s_run/boundtop/res/BRAM/42_25mem 
  42 _ 25 
  /home/zhlab/BRAM/s_run/boundtop/res/BRAM/42_31mem 
  42 _ 31 
  /home/zhlab/BRAM/s_run/boundtop/res/BRAM/42_37mem 
  42 _ 37 
  /home/zhlab/BRAM/s_run/boundtop/res/BRAM/42_43mem 
  42 _ 43 
  /home/zhlab/BRAM/s_run/boundtop/res/BRAM/42_49mem 
  42 _ 49 
  /home/zhlab/BRAM/s_run/boundtop/res/BRAM/42_55mem 
  42 _ 55 
  /home/zhlab/BRAM/s_run/boundtop/res/BRAM/42_61mem 
  42 _ 61 
  /home/zhlab/BRAM/s_run/boundtop/res/BRAM/42_67mem 
  42 _ 67 
  /home/zhlab/BRAM/s_run/boundtop/res/BRAM/42_73mem 
  42 _ 73 
  /home/zhlab/BRAM/s_run/boundtop/res/BRAM/42_79mem 
  42 _ 79 
  /home/zhlab/BRAM/s_run/boundtop/res/BRAM/42_85mem 
  42 _ 85 
  /home/zhlab/BRAM/s_run/boundtop/res/BRAM/42_91mem 
  42 _ 91 
  /home/zhlab/BRAM/s_run/boundtop/res/BRAM/50_1mem 
  50 _ 1 
  /home/zhlab/BRAM/s_run/boundtop/res/BRAM/50_7mem 
  50 _ 7 
  /home/zhlab/BRAM/s_run/boundtop/res/BRAM/50_13mem 
  50 _ 13 
  /home/zhlab/BRAM/s_run/boundtop/res/BRAM/50_19mem 
  50 _ 19 
  /home/zhlab/BRAM/s_run/boundtop/res/BRAM/50_25mem 
  50 _ 25 
  /home/zhlab/BRAM/s_run/boundtop/res/BRAM/50_31mem 
  50 _ 31 
  /home/zhlab/BRAM/s_run/boundtop/res/BRAM/50_37mem 
  50 _ 37 
  /home/zhlab/BRAM/s_run/boundtop/res/BRAM/50_43mem 
  50 _ 43 
  /home/zhlab/BRAM/s_run/boundtop/res/BRAM/50_49mem 
  50 _ 49 
  /home/zhlab/BRAM/s_run/boundtop/res/BRAM/50_55mem 
  50 _ 55 
  /home/zhlab/BRAM/s_run/boundtop/res/BRAM/50_61mem 
  50 _ 61 
  /home/zhlab/BRAM/s_run/boundtop/res/BRAM/50_67mem 
  50 _ 67 
  /home/zhlab/BRAM/s_run/boundtop/res/BRAM/50_73mem 
  50 _ 73 
  /home/zhlab/BRAM/s_run/boundtop/res/BRAM/50_79mem 
  50 _ 79 
  /home/zhlab/BRAM/s_run/boundtop/res/BRAM/50_85mem 
  50 _ 85 
  /home/zhlab/BRAM/s_run/boundtop/res/BRAM/50_91mem 
  50 _ 91 
  /home/zhlab/BRAM/s_run/boundtop/res/BRAM/58_1mem 
  58 _ 1 
  /home/zhlab/BRAM/s_run/boundtop/res/BRAM/58_7mem 
  58 _ 7 
  /home/zhlab/BRAM/s_run/boundtop/res/BRAM/58_13mem 
  58 _ 13 
  /home/zhlab/BRAM/s_run/boundtop/res/BRAM/58_19mem 
  58 _ 19 
  /home/zhlab/BRAM/s_run/boundtop/res/BRAM/58_25mem 
  58 _ 25 
  /home/zhlab/BRAM/s_run/boundtop/res/BRAM/58_31mem 
  58 _ 31 
  /home/zhlab/BRAM/s_run/boundtop/res/BRAM/58_37mem 
  58 _ 37 
  /home/zhlab/BRAM/s_run/boundtop/res/BRAM/58_43mem 
  58 _ 43 
  /home/zhlab/BRAM/s_run/boundtop/res/BRAM/58_49mem 
  58 _ 49 
  /home/zhlab/BRAM/s_run/boundtop/res/BRAM/58_55mem 
  58 _ 55 
  /home/zhlab/BRAM/s_run/boundtop/res/BRAM/58_61mem 
  58 _ 61 
  /home/zhlab/BRAM/s_run/boundtop/res/BRAM/58_67mem 
  58 _ 67 
  /home/zhlab/BRAM/s_run/boundtop/res/BRAM/58_73mem 
  58 _ 73 
  /home/zhlab/BRAM/s_run/boundtop/res/BRAM/58_79mem 
  58 _ 79 
  /home/zhlab/BRAM/s_run/boundtop/res/BRAM/58_85mem 
  58 _ 85 
  /home/zhlab/BRAM/s_run/boundtop/res/BRAM/58_91mem 
  58 _ 91 
  /home/zhlab/BRAM/s_run/boundtop/res/BRAM/66_1mem 
  66 _ 1 
  /home/zhlab/BRAM/s_run/boundtop/res/BRAM/66_7mem 
  66 _ 7 
  /home/zhlab/BRAM/s_run/boundtop/res/BRAM/66_13mem 
  66 _ 13 
  /home/zhlab/BRAM/s_run/boundtop/res/BRAM/66_19mem 
  66 _ 19 
  /home/zhlab/BRAM/s_run/boundtop/res/BRAM/66_25mem 
  66 _ 25 
  /home/zhlab/BRAM/s_run/boundtop/res/BRAM/66_31mem 
  66 _ 31 
  /home/zhlab/BRAM/s_run/boundtop/res/BRAM/66_37mem 
  66 _ 37 
  /home/zhlab/BRAM/s_run/boundtop/res/BRAM/66_43mem 
  66 _ 43 
  /home/zhlab/BRAM/s_run/boundtop/res/BRAM/66_49mem 
  66 _ 49 
  /home/zhlab/BRAM/s_run/boundtop/res/BRAM/66_55mem 
  66 _ 55 
  /home/zhlab/BRAM/s_run/boundtop/res/BRAM/66_61mem 
  66 _ 61 
  /home/zhlab/BRAM/s_run/boundtop/res/BRAM/66_67mem 
  66 _ 67 
  /home/zhlab/BRAM/s_run/boundtop/res/BRAM/66_73mem 
  66 _ 73 
  /home/zhlab/BRAM/s_run/boundtop/res/BRAM/66_79mem 
  66 _ 79 
  /home/zhlab/BRAM/s_run/boundtop/res/BRAM/66_85mem 
  66 _ 85 
  /home/zhlab/BRAM/s_run/boundtop/res/BRAM/66_91mem 
  66 _ 91 
  /home/zhlab/BRAM/s_run/boundtop/res/BRAM/74_1mem 
  74 _ 1 
  /home/zhlab/BRAM/s_run/boundtop/res/BRAM/74_7mem 
  74 _ 7 
  /home/zhlab/BRAM/s_run/boundtop/res/BRAM/74_13mem 
  74 _ 13 
  /home/zhlab/BRAM/s_run/boundtop/res/BRAM/74_19mem 
  74 _ 19 
  /home/zhlab/BRAM/s_run/boundtop/res/BRAM/74_25mem 
  74 _ 25 
  /home/zhlab/BRAM/s_run/boundtop/res/BRAM/74_31mem 
  74 _ 31 
  /home/zhlab/BRAM/s_run/boundtop/res/BRAM/74_37mem 
  74 _ 37 
  /home/zhlab/BRAM/s_run/boundtop/res/BRAM/74_43mem 
  74 _ 43 
  /home/zhlab/BRAM/s_run/boundtop/res/BRAM/74_49mem 
  74 _ 49 
  /home/zhlab/BRAM/s_run/boundtop/res/BRAM/74_55mem 
  74 _ 55 
  /home/zhlab/BRAM/s_run/boundtop/res/BRAM/74_61mem 
  74 _ 61 
  /home/zhlab/BRAM/s_run/boundtop/res/BRAM/74_67mem 
  74 _ 67 
  /home/zhlab/BRAM/s_run/boundtop/res/BRAM/74_73mem 
  74 _ 73 
  /home/zhlab/BRAM/s_run/boundtop/res/BRAM/74_79mem 
  74 _ 79 
  /home/zhlab/BRAM/s_run/boundtop/res/BRAM/74_85mem 
  74 _ 85 
  /home/zhlab/BRAM/s_run/boundtop/res/BRAM/74_91mem 
  74 _ 91 
  /home/zhlab/BRAM/s_run/boundtop/res/BRAM/82_1mem 
  82 _ 1 
  /home/zhlab/BRAM/s_run/boundtop/res/BRAM/82_7mem 
  82 _ 7 
  /home/zhlab/BRAM/s_run/boundtop/res/BRAM/82_13mem 
  82 _ 13 
  /home/zhlab/BRAM/s_run/boundtop/res/BRAM/82_19mem 
  82 _ 19 
  /home/zhlab/BRAM/s_run/boundtop/res/BRAM/82_25mem 
  82 _ 25 
  /home/zhlab/BRAM/s_run/boundtop/res/BRAM/82_31mem 
  82 _ 31 
  /home/zhlab/BRAM/s_run/boundtop/res/BRAM/82_37mem 
  82 _ 37 
  /home/zhlab/BRAM/s_run/boundtop/res/BRAM/82_43mem 
  82 _ 43 
  /home/zhlab/BRAM/s_run/boundtop/res/BRAM/82_49mem 
  82 _ 49 
  /home/zhlab/BRAM/s_run/boundtop/res/BRAM/82_55mem 
  82 _ 55 
  /home/zhlab/BRAM/s_run/boundtop/res/BRAM/82_61mem 
  82 _ 61 
  /home/zhlab/BRAM/s_run/boundtop/res/BRAM/82_67mem 
  82 _ 67 
  /home/zhlab/BRAM/s_run/boundtop/res/BRAM/82_73mem 
  82 _ 73 
  /home/zhlab/BRAM/s_run/boundtop/res/BRAM/82_79mem 
  82 _ 79 
  /home/zhlab/BRAM/s_run/boundtop/res/BRAM/82_85mem 
  82 _ 85 
  /home/zhlab/BRAM/s_run/boundtop/res/BRAM/82_91mem 
  82 _ 91 
  /home/zhlab/BRAM/s_run/boundtop/res/BRAM/90_1mem 
  90 _ 1 
  /home/zhlab/BRAM/s_run/boundtop/res/BRAM/90_7mem 
  90 _ 7 
  /home/zhlab/BRAM/s_run/boundtop/res/BRAM/90_13mem 
  90 _ 13 
  /home/zhlab/BRAM/s_run/boundtop/res/BRAM/90_19mem 
  90 _ 19 
  /home/zhlab/BRAM/s_run/boundtop/res/BRAM/90_25mem 
  90 _ 25 
  /home/zhlab/BRAM/s_run/boundtop/res/BRAM/90_31mem 
  90 _ 31 
  /home/zhlab/BRAM/s_run/boundtop/res/BRAM/90_37mem 
  90 _ 37 
  /home/zhlab/BRAM/s_run/boundtop/res/BRAM/90_43mem 
  90 _ 43 
  /home/zhlab/BRAM/s_run/boundtop/res/BRAM/90_49mem 
  90 _ 49 
  /home/zhlab/BRAM/s_run/boundtop/res/BRAM/90_55mem 
  90 _ 55 
  /home/zhlab/BRAM/s_run/boundtop/res/BRAM/90_61mem 
  90 _ 61 
  /home/zhlab/BRAM/s_run/boundtop/res/BRAM/90_67mem 
  90 _ 67 
  /home/zhlab/BRAM/s_run/boundtop/res/BRAM/90_73mem 
  90 _ 73 
  /home/zhlab/BRAM/s_run/boundtop/res/BRAM/90_79mem 
  90 _ 79 
  /home/zhlab/BRAM/s_run/boundtop/res/BRAM/90_85mem 
  90 _ 85 
  /home/zhlab/BRAM/s_run/boundtop/res/BRAM/90_91mem 
  90 _ 91 
  /home/zhlab/BRAM/s_run/boundtop/res/BRAM/98_1mem 
  98 _ 1 
  /home/zhlab/BRAM/s_run/boundtop/res/BRAM/98_7mem 
  98 _ 7 
  /home/zhlab/BRAM/s_run/boundtop/res/BRAM/98_13mem 
  98 _ 13 
  /home/zhlab/BRAM/s_run/boundtop/res/BRAM/98_19mem 
  98 _ 19 
  /home/zhlab/BRAM/s_run/boundtop/res/BRAM/98_25mem 
  98 _ 25 
  /home/zhlab/BRAM/s_run/boundtop/res/BRAM/98_31mem 
  98 _ 31 
  /home/zhlab/BRAM/s_run/boundtop/res/BRAM/98_37mem 
  98 _ 37 
  /home/zhlab/BRAM/s_run/boundtop/res/BRAM/98_43mem 
  98 _ 43 
  /home/zhlab/BRAM/s_run/boundtop/res/BRAM/98_49mem 
  98 _ 49 
  /home/zhlab/BRAM/s_run/boundtop/res/BRAM/98_55mem 
  98 _ 55 
  /home/zhlab/BRAM/s_run/boundtop/res/BRAM/98_61mem 
  98 _ 61 
  /home/zhlab/BRAM/s_run/boundtop/res/BRAM/98_67mem 
  98 _ 67 
  /home/zhlab/BRAM/s_run/boundtop/res/BRAM/98_73mem 
  98 _ 73 
  /home/zhlab/BRAM/s_run/boundtop/res/BRAM/98_79mem 
  98 _ 79 
  /home/zhlab/BRAM/s_run/boundtop/res/BRAM/98_85mem 
  98 _ 85 
  /home/zhlab/BRAM/s_run/boundtop/res/BRAM/98_91mem 
  98 _ 91 
mem_num = 208
init_ 66 - 31  top.vblockramcontroller+offsettable.spramblock+ramblock.single_port_ram+new_ram^out~7

There are 5518 point to point connections in this circuit.

Initial placement cost: 1.04086 bb_cost: 2237.98 td_cost: 6.54942e-06 delay_cost: 1.39196e-05

--------- --------- ----------- ----------- ----------- ----------- -------- -------- ------- ------- ------- --------- -------
        T      Cost  Av BB Cost  Av TD Cost  Av Tot Del  P to P Del    d_max  Ac Rate Std Dev R limit     Exp Tot Moves   Alpha
--------- --------- ----------- ----------- ----------- ----------- -------- -------- ------- ------- ------- --------- -------
66-31
98-85
98-85
66-31
66-31
34-61
34-61
66-67
66-67
18-79
18-79
74-13
74-13
10-1
10-1
98-31
98-31
98-1
  0.24971   0.96684     2226.93 4.82064e-06 1.38164e-05 2.52258e-09  30.0328   0.9992  0.0199 101.0000  1.0000      6225  0.5000
98-1
58-67
58-67
50-49
50-49
34-43
34-43
74-25
74-25
42-85
42-85
50-85
50-85
74-1
74-1
26-25
26-25
50-13
50-13
42-73
42-73
10-7
10-7
74-25
74-25
50-79
50-79
34-67
  0.12486   0.95904     2203.58 4.19348e-06  1.3636e-05 2.51128e-09  36.2462   0.9974  0.0292 101.0000  1.0000     12450  0.5000
34-67
98-43
98-43
98-79
98-79
10-49
10-49
90-91
90-91
42-61
42-61
58-61
58-61
74-49
74-49
50-25
50-25
50-37
  0.06243   0.96701     2223.93 4.61859e-06 1.38792e-05 2.54102e-09  31.5198   0.9957  0.0191 101.0000  1.0000     18675  0.5000
50-37
18-73
18-73
2-31
2-31
58-91
58-91
90-91
90-91
50-37
50-37
74-73
74-73
82-43
82-43
98-73
98-73
66-55
66-55
82-49
82-49
74-25
74-25
50-31
  0.03121   0.98873     2207.18 4.90343e-06 1.36969e-05 2.46702e-09  28.4064   0.9905  0.0185 101.0000  1.0000     24900  0.5000
50-31
2-13
2-13
66-55
66-55
26-67
26-67
74-19
74-19
50-61
50-61
50-43
50-43
2-1
  0.01561   0.95503     2184.28 4.68726e-06 1.34312e-05 2.48082e-09  29.2823   0.9791  0.0196 101.0000  1.0000     31125  0.5000
2-1
90-31
90-31
10-67
10-67
82-1
82-1
90-19
90-19
98-55
  0.00780   0.95924     2159.76 4.46924e-06 1.33164e-05 2.43575e-09  29.8491   0.9614  0.0231 101.0000  1.0000     37350  0.5000
98-55
26-55
26-55
74-37
74-37
66-49
66-49
26-91
26-91
34-19
34-19
42-61
42-61
26-55
26-55
10-61
  0.00390   0.91665     2012.35 3.95464e-06 1.22161e-05 2.34894e-09  30.7351   0.9181  0.0325 101.0000  1.0000     43575  0.9000
10-61
82-49
82-49
34-19
34-19
26-37
26-37
26-55
26-55
34-37
34-37
18-19
18-19
82-61
  0.00351   0.97265     2005.48 4.67662e-06 1.22262e-05 2.21996e-09  22.8485   0.9173  0.0282 101.0000  1.0000     49800  0.9000
82-61
90-31
90-31
58-7
58-7
66-43
66-43
50-91
50-91
82-91
  0.00316   0.96097     1924.66 3.60429e-06 1.16356e-05 2.13442e-09  29.3083   0.8983  0.0198 101.0000  1.0000     56025  0.9000
82-91
74-61
74-61
82-49
82-49
34-37
34-37
66-49
  0.00284   0.97415     1865.25 4.07571e-06 1.13218e-05 2.04783e-09  21.6961   0.8752  0.0217 101.0000  1.0000     62250  0.9000
66-49
18-37
18-37
10-49
10-49
66-55
66-55
58-55
58-55
66-55
66-55
34-79
34-79
34-49
  0.00256   0.96694     1818.83 3.49705e-06 1.08208e-05 1.97767e-09  23.9966   0.8623  0.0254 101.0000  1.0000     68475  0.9000
34-49
18-25
18-25
2-43
2-43
10-19
10-19
98-43
98-43
42-73
42-73
42-13
42-13
74-13
  0.00230    1.0041     1820.97 3.76242e-06 1.07835e-05 1.88834e-09  21.0150   0.8442  0.0141 101.0000  1.0000     74700  0.9000
74-13
90-61
90-61
74-49
74-49
2-13
2-13
66-19
66-19
18-43
18-43
42-61
  0.00207   0.94726     1755.74  3.1938e-06 1.03263e-05 1.94051e-09  23.3190   0.8352  0.0214 101.0000  1.0000     80925  0.9000
42-61
50-55
50-55
18-79
18-79
42-79
42-79
42-67
  0.00187   0.92985     1724.47 3.21218e-06 1.03549e-05 1.96994e-09  25.3310   0.8257  0.0218 101.0000  1.0000     87150  0.9000
42-67
74-49
74-49
58-37
58-37
58-19
58-19
66-43
66-43
50-37
50-37
26-31
  0.00168   0.94502     1676.17 3.56703e-06 1.00948e-05 1.88734e-09  21.4280   0.8080  0.0321 101.0000  1.0000     93375  0.9000
26-31
42-19
42-19
18-55
18-55
58-67
58-67
34-79
34-79
10-43
10-43
26-25
26-25
34-31
  0.00151   0.93003     1551.63 3.22063e-06 9.33116e-06 1.75543e-09  20.5445   0.7708  0.0295 101.0000  1.0000     99600  0.9500
34-31
26-43
26-43
26-37
  0.00144    0.9634     1458.63 3.42113e-06 8.71719e-06 1.61968e-09  16.2088   0.7367  0.0256 101.0000  1.0000    105825  0.9500
26-37
34-37
  0.00136   0.92091     1366.49 2.77592e-06 8.11255e-06 1.55126e-09  18.0581   0.7213  0.0307 101.0000  1.0000    112050  0.9500
34-37
66-43
  0.00130   0.96104     1313.59 2.87477e-06 7.74808e-06 1.43506e-09  15.1677   0.7097  0.0135 101.0000  1.0000    118275  0.9500
66-43
74-49
74-49
42-55
  0.00123   0.94976        1237 2.71478e-06 7.31352e-06 1.37686e-09  14.6711   0.6924  0.0169 101.0000  1.0000    124500  0.9500
42-55
50-13
50-13
34-7
34-7
50-67
  0.00117   0.97425     1198.24 2.79283e-06 7.16063e-06 1.30406e-09  13.2443   0.6784  0.0128 101.0000  1.0000    130725  0.9500
50-67
42-49
  0.00111   0.96898     1182.77 2.56762e-06 6.99406e-06 1.28246e-09  13.9415   0.6792  0.0153 101.0000  1.0000    136950  0.9500
42-49
66-49
66-49
58-7
58-7
50-13
50-13
82-19
  0.00106   0.95841     1120.39 2.55713e-06 6.74665e-06 1.24849e-09  13.3798   0.6540  0.0176 101.0000  1.0000    143175  0.9500
  0.00100    0.9824     1097.52 2.54191e-06 6.60278e-06  1.2018e-09  12.5926   0.6479  0.0106 101.0000  1.0000    149400  0.9500
  0.00095   0.96867     1075.37 2.38981e-06  6.3628e-06 1.17826e-09  12.9093   0.6402  0.0126 101.0000  1.0000    155625  0.9500
82-19
42-49
42-49
42-31
  0.00091   0.95038     1012.39 2.05176e-06 6.06816e-06 1.13434e-09  13.8320   0.6209  0.0245 101.0000  1.0000    161850  0.9500
  0.00086   0.98899     971.353  2.1092e-06 5.85238e-06 1.06078e-09  12.6097   0.6159  0.0058 101.0000  1.0000    168075  0.9500
42-31
50-19
50-19
58-25
  0.00082    0.9749     971.766 2.11427e-06 5.84958e-06 1.06996e-09  12.0961   0.5978  0.0152 101.0000  1.0000    174300  0.9500
  0.00078   0.95795     919.755 2.29336e-06 5.59381e-06 1.04619e-09  10.8567   0.5835  0.0168 101.0000  1.0000    180525  0.9500
  0.00074   0.97733     898.151 2.15886e-06 5.50963e-06 1.00477e-09  11.1930   0.5757  0.0091 101.0000  1.0000    186750  0.9500
  0.00070   0.97653     877.873 2.21581e-06  5.4099e-06 9.92302e-10  10.3811   0.5659  0.0118 101.0000  1.0000    192975  0.9500
  0.00067   0.97517     864.806 2.22866e-06 5.29905e-06 9.73978e-10   9.8117   0.5533  0.0142 101.0000  1.0000    199200  0.9500
  0.00063   0.96651     833.258  2.1894e-06 5.12649e-06  9.4406e-10   9.4234   0.5412  0.0150 101.0000  1.0000    205425  0.9500
58-25
58-43
  0.00060   0.97387     807.488 2.02067e-06 5.02445e-06 9.22757e-10   9.9656   0.5491  0.0140 101.0000  1.0000    211650  0.9500
  0.00057   0.98048     782.014 1.94748e-06 4.93187e-06 9.01488e-10   9.9170   0.5365  0.0109 101.0000  1.0000    217875  0.9500
  0.00054   0.98813     763.611 1.86337e-06 4.84299e-06 8.80575e-10  10.0685   0.4994  0.0078 101.0000  1.0000    224100  0.9500
  0.00051    0.9768     745.849 1.93122e-06 4.73183e-06 8.71195e-10   9.4862   0.4967  0.0104 101.0000  1.0000    230325  0.9500
58-43
42-31
  0.00049   0.97913     733.815 1.92148e-06 4.68274e-06 8.53893e-10   9.2044   0.4949  0.0057 101.0000  1.0000    236550  0.9500
42-31
50-31
  0.00046    0.9874      730.69 1.81789e-06 4.66287e-06  8.4733e-10   9.6945   0.4814  0.0065 101.0000  1.0000    242775  0.9500
  0.00044   0.97845     714.226 1.89816e-06 4.58192e-06 8.39923e-10   9.0169   0.4533  0.0094 101.0000  1.0000    249000  0.9500
  0.00042   0.99426     703.015 1.95341e-06 4.51591e-06 8.18265e-10   8.5007   0.4517  0.0067 101.0000  1.0000    255225  0.9500
  0.00040   0.98299     694.672 1.74245e-06 4.46134e-06 8.15701e-10   9.5679   0.4402  0.0043 101.0000  1.0000    261450  0.9500
  0.00038   0.98342     684.226 1.73007e-06 4.42887e-06 8.06432e-10   9.5029   0.4194  0.0076 101.0000  1.0000    267675  0.9500
  0.00036   0.98935     672.469 1.59222e-06  4.3858e-06 7.95551e-10   9.0518   0.4198  0.0112 98.9232  1.1454    273900  0.9500
  0.00034    0.9849     658.134 1.31234e-06 4.31191e-06  7.8524e-10   9.5455   0.4217  0.0082 96.9209  1.2855    280125  0.9500
  0.00032   0.97657     646.219 1.31224e-06 4.25734e-06 7.80665e-10   8.8903   0.4190  0.0100 95.1460  1.4098    286350  0.9500
  0.00031   0.97669     631.324 1.13597e-06 4.16944e-06  7.6429e-10   8.9163   0.4071  0.0084 93.1437  1.5499    292575  0.9500
  0.00029   0.97178     618.614 9.62743e-07 4.11291e-06 7.55191e-10   8.9163   0.3994  0.0121 90.0763  1.7647    298800  0.9500
  0.00028   0.98178      603.14 8.35803e-07 4.03829e-06  7.3468e-10   8.6192   0.3825  0.0074 86.4154  2.0209    305025  0.9500
  0.00026   0.98704     599.972  7.5903e-07 4.03683e-06 7.32696e-10   8.2386   0.3920  0.0072 81.4456  2.3688    311250  0.9500
  0.00025   0.98878     590.363 6.34673e-07 3.98824e-06 7.25424e-10   8.3482   0.3801  0.0063 77.5336  2.6426    317475  0.9500
  0.00024   0.98491     587.863 5.46666e-07 3.97692e-06 7.22121e-10   8.3482   0.3761  0.0082 72.8878  2.9679    323700  0.9500
  0.00023    0.9832     578.501 5.07019e-07 3.93524e-06 7.14787e-10   8.0771   0.3804  0.0082 68.2277  3.2941    329925  0.9500
  0.00022   0.98238     571.114 4.01697e-07 3.90545e-06 7.10564e-10   8.3482   0.3871  0.0075 64.1614  3.5787    336150  0.9500
  0.00020   0.97882     562.469  4.1855e-07 3.87023e-06 7.05479e-10   7.9416   0.3745  0.0078 60.7704  3.8161    342375  0.9500
  0.00019   0.99163     560.181 3.96954e-07 3.86412e-06 6.96861e-10   7.8060   0.3794  0.0061 56.7874  4.0949    348600  0.9500
  0.00018   0.98688     555.512 3.65906e-07 3.83727e-06 6.99348e-10   7.8060   0.3818  0.0075 53.3482  4.3356    354825  0.9500
  0.00018   0.98236     544.841  3.3676e-07 3.80977e-06 6.94177e-10   7.8060   0.3614  0.0089 50.2459  4.5528    361050  0.9500
  0.00017   0.99572     547.439 3.05339e-07 3.80075e-06 6.87049e-10   7.8060   0.3762  0.0068 46.2989  4.8291    367275  0.9500
50-31
50-37
  0.00016   0.98237     538.692 2.84507e-07 3.76606e-06 6.85543e-10   7.8060   0.3773  0.0083 43.3461  5.0358    373500  0.9500
  0.00015   0.98713     529.766 2.83309e-07 3.72479e-06 6.79015e-10   7.5610   0.3798  0.0052 40.6305  5.2259    379725  0.9500
  0.00014   0.98679     524.408 2.57094e-07 3.71431e-06 6.77889e-10   7.6965   0.3823  0.0051 38.1829  5.3972    385950  0.9500
  0.00014   0.98726     514.172 2.70219e-07  3.6613e-06 6.69911e-10   7.4165   0.3778  0.0065 35.9808  5.5513    392175  0.9500
  0.00013   0.98747      502.91 2.60924e-07 3.63038e-06 6.60549e-10   7.3330   0.3772  0.0059 33.7440  5.7079    398400  0.9500
  0.00012   0.99042     490.831 2.49598e-07 3.58533e-06 6.52608e-10   7.2899   0.3595  0.0060 31.6245  5.8563    404625  0.9500
  0.00012   0.98869     483.881  2.3823e-07 3.57407e-06 6.48075e-10   7.2170   0.3531  0.0051 29.0793  6.0345    410850  0.9500
  0.00011   0.98481     476.817 2.68543e-07 3.54161e-06 6.45374e-10   7.1284   0.3778  0.0092 26.5520  6.2114    417075  0.9500
  0.00010    0.9894     466.911 2.33289e-07 3.50931e-06 6.40101e-10   7.0295   0.3688  0.0067 24.9013  6.3269    423300  0.9500
  0.00010   0.99094     459.322 2.64228e-07 3.45819e-06 6.30586e-10   6.8573   0.3624  0.0037 23.1292  6.4510    429525  0.9500
  0.00009   0.98997     455.391 2.49833e-07 3.43896e-06 6.26077e-10   6.8573   0.3891  0.0053 21.3346  6.5766    435750  0.9500
  0.00009   0.99361     451.492  1.9362e-07 3.43728e-06  6.2312e-10   6.9929   0.3651  0.0036 20.2482  6.6526    441975  0.9500
  0.00009   0.99278     448.299 1.86858e-07  3.3836e-06  6.1415e-10   6.9929   0.3836  0.0054 18.7324  6.7587    448200  0.9500
  0.00008   0.99116     440.414  1.7433e-07 3.35636e-06 6.09002e-10   6.9929   0.3876  0.0047 17.6762  6.8327    454425  0.9500
  0.00008   0.98867     434.466  1.9153e-07 3.32843e-06 6.05175e-10   6.7389   0.3955  0.0057 16.7505  6.8975    460650  0.9500
  0.00007   0.98987     426.385 1.68156e-07 3.29819e-06 5.99345e-10   6.8573   0.3704  0.0054 16.0051  6.9496    466875  0.9500
  0.00007    0.9909     418.535 2.25271e-07 3.24738e-06 5.90985e-10   6.4938   0.3880  0.0047 14.8918  7.0276    473100  0.9500
  0.00007   0.99448     413.206 2.34529e-07 3.23225e-06 5.84162e-10   6.4508   0.3648  0.0020 14.1168  7.0818    479325  0.9500
  0.00006   0.99183     409.389 2.21647e-07 3.22129e-06 5.82497e-10   6.4508   0.3791  0.0046 13.0554  7.1561    485550  0.9500
  0.00006   0.98464     402.728 2.17009e-07  3.1842e-06 5.85585e-10   6.4508   0.3719  0.0055 12.2606  7.2118    491775  0.9500
  0.00006   0.99095     397.362 2.08161e-07 3.16358e-06  5.7378e-10   6.4508   0.3801  0.0038 11.4255  7.2702    498000  0.9500
  0.00005    0.9898     393.518 1.98201e-07 3.14145e-06 5.72958e-10   6.4508   0.3835  0.0056 10.7409  7.3181    504225  0.9500
50-37
50-43
  0.00005   0.99571     390.966 2.11236e-07 3.11112e-06 5.64646e-10   6.3152   0.3621  0.0019 10.1335  7.3607    510450  0.9500
  0.00005   0.99319     388.491 1.98148e-07 3.12138e-06 5.62924e-10   6.3152   0.3754  0.0029  9.3440  7.4159    516675  0.9500
  0.00005   0.99502     384.478 2.11845e-07 3.09378e-06 5.61704e-10   6.1968   0.3913  0.0024  8.7406  7.4582    522900  0.9500
  0.00004   0.99513     380.673 2.06671e-07 3.07846e-06 5.61111e-10   6.1968   0.3671  0.0025  8.3151  7.4879    529125  0.9500
  0.00004   0.99539     378.827 2.19806e-07 3.06405e-06 5.55641e-10   6.1132   0.3921  0.0031  7.7087  7.5304    535350  0.9500
  0.00004   0.99329     373.728 2.18587e-07  3.0391e-06 5.54077e-10   6.1132   0.3863  0.0039  7.3397  7.5562    541575  0.9500
  0.00004   0.99469     371.144 2.14197e-07 3.02725e-06 5.50436e-10   6.1132   0.3896  0.0035  6.9459  7.5838    547800  0.9500
  0.00004   0.99649     368.714 2.08602e-07 3.01432e-06 5.47545e-10   6.1132   0.3786  0.0018  6.5955  7.6083    554025  0.9500
50-43
50-37
  0.00003   0.99516      367.21 2.02223e-07 3.02104e-06 5.47213e-10   6.1132   0.3664  0.0025  6.1908  7.6366    560250  0.9500
  0.00003   0.99505     365.111 1.94155e-07       3e-06 5.49863e-10   6.1968   0.4014  0.0034  5.7353  7.6685    566475  0.9500
  0.00003   0.99673     363.496 2.08386e-07 2.99682e-06 5.43737e-10   6.1132   0.3833  0.0012  5.5142  7.6840    572700  0.9500
  0.00003   0.99411     361.361 2.05084e-07 2.97912e-06 5.41513e-10   6.0872   0.3799  0.0025  5.2015  7.7059    578925  0.9500
  0.00003   0.99445     359.249 1.98608e-07 2.97288e-06  5.3899e-10   6.0872   0.4117  0.0026  4.8890  7.7278    585150  0.9500
  0.00003   0.99724     357.212  2.0744e-07 2.97005e-06 5.38774e-10   6.0872   0.3764  0.0014  4.7507  7.7374    591375  0.9500
  0.00002   0.99728     356.937 1.99872e-07 2.96236e-06 5.37921e-10   6.0612   0.3761  0.0016  4.4485  7.7586    597600  0.9500
  0.00002   0.99718     356.109 2.22952e-07 2.95697e-06 5.36386e-10   5.9517   0.3685  0.0016  4.1641  7.7785    603825  0.9500
  0.00002   0.99588     354.581 1.78927e-07 2.95389e-06 5.34775e-10   6.2228   0.4029  0.0018  3.8664  7.7993    610050  0.9500
  0.00002   0.99545     353.798 1.70824e-07 2.95051e-06 5.34672e-10   6.2228   0.3913  0.0020  3.7230  7.8094    616275  0.9500
  0.00002   0.99677     353.361 2.02135e-07 2.94395e-06 5.33598e-10   6.0612   0.3695  0.0014  3.5417  7.8221    622500  0.9500
  0.00002   0.99648     353.592 1.93732e-07 2.93642e-06 5.33746e-10   6.0872   0.3576  0.0013  3.2920  7.8396    628725  0.9500
  0.00002   0.99711     352.733 1.95879e-07 2.93281e-06 5.32474e-10   6.0612   0.3504  0.0010  3.0207  7.8586    634950  0.9500
  0.00002   0.99674     351.018 1.86456e-07 2.92542e-06 5.31201e-10   6.0872   0.4039  0.0019  2.7499  7.8775    641175  0.9500
  0.00002   0.99835     350.297 1.79629e-07  2.9232e-06 5.29151e-10   6.0872   0.3989  0.0008  2.6505  7.8845    647400  0.9500
  0.00002   0.99728      350.07 1.91278e-07 2.92742e-06 5.30677e-10   6.0872   0.3835  0.0014  2.5415  7.8921    653625  0.9500
  0.00001    0.9986     350.177 1.86125e-07  2.9255e-06 5.29682e-10   6.0872   0.3868  0.0007  2.3978  7.9022    659850  0.9500
  0.00001   0.99728     349.457 1.85277e-07 2.92485e-06 5.30067e-10   6.0872   0.3806  0.0010  2.2703  7.9111    666075  0.9500
  0.00001   0.99866     348.853 1.83324e-07 2.91497e-06  5.2895e-10   6.0872   0.3669  0.0008  2.1354  7.9205    672300  0.9500
  0.00001   0.99799     348.942 1.81247e-07 2.92012e-06  5.2921e-10   6.0872   0.4246  0.0009  1.9793  7.9314    678525  0.9500
  0.00001   0.99931     348.207 1.89741e-07 2.92038e-06  5.2945e-10   6.0872   0.4157  0.0004  1.9488  7.9336    684750  0.9500
  0.00001   0.99881     348.111 1.77557e-07 2.91687e-06 5.29035e-10   6.0872   0.3992  0.0007  1.9015  7.9369    690975  0.9500
  0.00001   0.99945     347.711 1.90085e-07 2.91931e-06 5.29467e-10   6.0872   0.3941  0.0003  1.8239  7.9423    697200  0.9500
  0.00001   0.99924     347.787 1.90005e-07 2.92147e-06 5.30157e-10   6.0872   0.4006  0.0004  1.7401  7.9482    703425  0.9500
  0.00001   0.99925     347.412 1.91056e-07 2.91595e-06  5.2827e-10   6.0872   0.3865  0.0003  1.6716  7.9530    709650  0.9500
  0.00001   0.99846      347.12 1.93109e-07 2.91674e-06 5.28935e-10   6.0872   0.3863  0.0007  1.5822  7.9592    715875  0.9500
  0.00001   0.99872     347.098 1.93509e-07 2.91689e-06 5.27897e-10   6.0872   0.3698  0.0008  1.4973  7.9652    722100  0.9500
  0.00001   0.99888     346.813 1.89763e-07 2.91856e-06 5.28971e-10   6.0872   0.3568  0.0003  1.3922  7.9725    728325  0.9500
  0.00001   0.99902     346.682 1.93123e-07 2.91709e-06 5.27521e-10   6.0872   0.3524  0.0004  1.2763  7.9807    734550  0.9500
  0.00001   0.99893     346.898 1.91067e-07 2.92341e-06 5.28781e-10   6.0872   0.3473  0.0005  1.1646  7.9885    740775  0.9500
  0.00001   0.99895     346.683 1.88668e-07 2.92225e-06 5.30761e-10   6.0872   0.3446  0.0005  1.0567  7.9960    747000  0.9500
  0.00001   0.99914     346.636 1.92483e-07 2.92136e-06 5.29552e-10   6.0872   0.3393  0.0004  1.0000  8.0000    753225  0.9500
  0.00001   0.99962     346.444 1.90572e-07 2.92172e-06 5.29365e-10   6.0872   0.3234  0.0004  1.0000  8.0000    759450  0.9500
  0.00001     0.999     346.333 1.83831e-07 2.92032e-06 5.29863e-10   6.0872   0.3239  0.0006  1.0000  8.0000    765675  0.9500
  0.00001   0.99918     346.258 1.91395e-07 2.92012e-06 5.28615e-10   6.0872   0.2946  0.0002  1.0000  8.0000    771900  0.9500
  0.00001   0.99871     346.335 1.92951e-07 2.92028e-06 5.29304e-10   6.0872   0.3023  0.0006  1.0000  8.0000    778125  0.9500
  0.00001   0.99921     346.077 1.90584e-07 2.91546e-06 5.29186e-10   6.0872   0.3027  0.0003  1.0000  8.0000    784350  0.9500
  0.00001   0.99925     346.101 1.92423e-07 2.91673e-06 5.28408e-10   6.0872   0.3071  0.0002  1.0000  8.0000    790575  0.9500
  0.00000   0.99945     346.187 1.91169e-07 2.91571e-06 5.28412e-10   6.0872   0.3068  0.0003  1.0000  8.0000    796800  0.9500
  0.00000   0.99913     346.088 1.91855e-07 2.91343e-06 5.28423e-10   6.0872   0.2965  0.0003  1.0000  8.0000    803025  0.9500
  0.00000   0.99915     346.111 1.90642e-07 2.91393e-06 5.27973e-10   6.0872   0.2673  0.0003  1.0000  8.0000    809250  0.9500
  0.00000   0.99921     346.006  1.9005e-07 2.91361e-06 5.27691e-10   6.0872   0.2834  0.0004  1.0000  8.0000    815475  0.9500
  0.00000   0.99923     345.887 1.91508e-07 2.91237e-06 5.27664e-10   6.0872   0.2721  0.0002  1.0000  8.0000    821700  0.9500
  0.00000   0.99943     345.913 1.92367e-07 2.91578e-06 5.27834e-10   6.0872   0.2814  0.0003  1.0000  8.0000    827925  0.9500
  0.00000   0.99874     345.823 1.90766e-07 2.91369e-06 5.28832e-10   6.0872   0.2700  0.0004  1.0000  8.0000    834150  0.9500
  0.00000   0.99964     345.972 1.91349e-07 2.91506e-06 5.27861e-10   6.0872   0.2540  0.0001  1.0000  8.0000    840375  0.9500
  0.00000   0.99921     345.896 1.91676e-07 2.91465e-06 5.28515e-10   6.0872   0.2598  0.0003  1.0000  8.0000    846600  0.9500
  0.00000   0.99927     345.822 1.91123e-07 2.91398e-06 5.28135e-10   6.0872   0.2641  0.0002  1.0000  8.0000    852825  0.9500
  0.00000   0.99939     345.788 1.92495e-07 2.91347e-06 5.28215e-10   6.0872   0.2541  0.0004  1.0000  8.0000    859050  0.9500
  0.00000   0.99938     345.802 1.91192e-07  2.9139e-06 5.27461e-10   6.0872   0.2414  0.0002  1.0000  8.0000    865275  0.9500
  0.00000   0.99918     345.775 1.92436e-07 2.91322e-06 5.28272e-10   6.0872   0.2519  0.0003  1.0000  8.0000    871500  0.9500
  0.00000   0.99937     345.907 1.91049e-07 2.91298e-06 5.27436e-10   6.0872   0.2537  0.0002  1.0000  8.0000    877725  0.9500
  0.00000    0.9992     345.812 1.91628e-07 2.91306e-06 5.28031e-10   6.0872   0.2472  0.0003  1.0000  8.0000    883950  0.9500
  0.00000   0.99822     345.851 1.91039e-07  2.9094e-06 5.27769e-10            0.0628  0.0002  1.0000  8.0000    890175

BB estimate of min-dist (placement) wirelength: 34429
bb_cost recomputed from scratch: 345.978
timing_cost recomputed from scratch: 1.90903e-07
delay_cost recomputed from scratch: 2.90726e-06

Completed placement consistency check successfully.

Swaps called: 890876

Placement estimated critical path delay: 6.08722 ns
Placement cost: 0.998045, bb_cost: 345.979, td_cost: 1.90903e-07, delay_cost: 2.90726e-06
Placement total # of swap attempts: 890876
	Swap reject rate: 0
	Swap accept rate: 0
	Swap abort rate: 0
Placement took 27.2915 seconds.
The entire flow of VPR took 27.6015 seconds.
