________________________________________________________________________
                       VPR - The Next Generation                        
                     Version 0.A15.0 (Linux X86/64)                     
            This is free open source code under MIT license.            
________________________________________________________________________

VPR FPGA Placement and Routing.
Version: Version 7.0
Compiled: Jul 20 2019.
University of Toronto
vpr@eecg.utoronto.ca
This is free open source code under MIT license.

Architecture file: /home/zhlab/BRAM/s_run/LU8PEEng/src/pre_info_src/k6_frac_N10_mem32K_40nm_1.xml
Circuit name: /home/zhlab/BRAM/s_run/LU8PEEng/src/pre_info_src/LU8PEEng.blif

Building complex block graph.
WARNING(1): io[0].clock[0] unconnected pin in architecture.
Loop for doall = 0, init_parse took 9e-06 seconds.
Loop for doall = 0 took 0.088444 seconds.
Loop for doall = 1, init_parse took 0.01636 seconds.
Loop for doall = 1 took 0.110724 seconds.
Swept away 1601 nets with no fanout.
Net is a constant generator: top^mem_local_be~0.
WARNING(2): logical_block #8263 with output top^mem_local_be~0 has only 0 pin.
WARNING(3): Block contains output -- may be a constant generator.
Net is a constant generator: top^burst_begin.
WARNING(4): logical_block #29592 with output top^burst_begin has only 0 pin.
WARNING(5): Block contains output -- may be a constant generator.
Net is a constant generator: top^mem_local_be~1.
WARNING(6): logical_block #29593 with output top^mem_local_be~1 has only 0 pin.
WARNING(7): Block contains output -- may be a constant generator.
Net is a constant generator: top^mem_local_be~2.
WARNING(8): logical_block #29594 with output top^mem_local_be~2 has only 0 pin.
WARNING(9): Block contains output -- may be a constant generator.
Net is a constant generator: top^mem_local_be~3.
WARNING(10): logical_block #29595 with output top^mem_local_be~3 has only 0 pin.
WARNING(11): Block contains output -- may be a constant generator.
Net is a constant generator: top^mem_local_be~4.
WARNING(12): logical_block #29596 with output top^mem_local_be~4 has only 0 pin.
WARNING(13): Block contains output -- may be a constant generator.
Net is a constant generator: top^mem_local_be~5.
WARNING(14): logical_block #29597 with output top^mem_local_be~5 has only 0 pin.
WARNING(15): Block contains output -- may be a constant generator.
Net is a constant generator: top^mem_local_be~6.
WARNING(16): logical_block #29598 with output top^mem_local_be~6 has only 0 pin.
WARNING(17): Block contains output -- may be a constant generator.
Net is a constant generator: top^mem_local_be~7.
WARNING(18): logical_block #29599 with output top^mem_local_be~7 has only 0 pin.
WARNING(19): Block contains output -- may be a constant generator.
Net is a constant generator: gnd.
WARNING(20): logical_block #29692 with output gnd has only 0 pin.
WARNING(21): Block contains output -- may be a constant generator.
Net is a constant generator: n25320.
WARNING(22): logical_block #33072 with output n25320 has only 0 pin.
WARNING(23): Block contains output -- may be a constant generator.
Net is a constant generator: n38547.
WARNING(24): logical_block #34197 with output n38547 has only 0 pin.
WARNING(25): Block contains output -- may be a constant generator.
Net is a constant generator: n38551.
WARNING(26): logical_block #34198 with output n38551 has only 0 pin.
WARNING(27): Block contains output -- may be a constant generator.
Net is a constant generator: n38555.
WARNING(28): logical_block #34199 with output n38555 has only 0 pin.
WARNING(29): Block contains output -- may be a constant generator.
Net is a constant generator: n38559.
WARNING(30): logical_block #34200 with output n38559 has only 0 pin.
WARNING(31): Block contains output -- may be a constant generator.
Net is a constant generator: n38563.
WARNING(32): logical_block #34201 with output n38563 has only 0 pin.
WARNING(33): Block contains output -- may be a constant generator.
Net is a constant generator: n38567.
WARNING(34): logical_block #34202 with output n38567 has only 0 pin.
WARNING(35): Block contains output -- may be a constant generator.
Net is a constant generator: n38571.
WARNING(36): logical_block #34203 with output n38571 has only 0 pin.
WARNING(37): Block contains output -- may be a constant generator.
Net is a constant generator: n38575.
WARNING(38): logical_block #34204 with output n38575 has only 0 pin.
WARNING(39): Block contains output -- may be a constant generator.
Net is a constant generator: n38579.
WARNING(40): logical_block #34205 with output n38579 has only 0 pin.
WARNING(41): Block contains output -- may be a constant generator.
Net is a constant generator: n38583.
WARNING(42): logical_block #34206 with output n38583 has only 0 pin.
WARNING(43): Block contains output -- may be a constant generator.
Net is a constant generator: n38587.
WARNING(44): logical_block #34207 with output n38587 has only 0 pin.
WARNING(45): Block contains output -- may be a constant generator.
Net is a constant generator: n38591.
WARNING(46): logical_block #34208 with output n38591 has only 0 pin.
WARNING(47): Block contains output -- may be a constant generator.
Net is a constant generator: n38595.
WARNING(48): logical_block #34209 with output n38595 has only 0 pin.
WARNING(49): Block contains output -- may be a constant generator.
Net is a constant generator: n38599.
WARNING(50): logical_block #34210 with output n38599 has only 0 pin.
WARNING(51): Block contains output -- may be a constant generator.
Net is a constant generator: n38603.
WARNING(52): logical_block #34211 with output n38603 has only 0 pin.
WARNING(53): Block contains output -- may be a constant generator.
Net is a constant generator: n38607.
WARNING(54): logical_block #34212 with output n38607 has only 0 pin.
WARNING(55): Block contains output -- may be a constant generator.
Net is a constant generator: n38611.
WARNING(56): logical_block #34213 with output n38611 has only 0 pin.
WARNING(57): Block contains output -- may be a constant generator.
Net is a constant generator: n38615.
WARNING(58): logical_block #34214 with output n38615 has only 0 pin.
WARNING(59): Block contains output -- may be a constant generator.
Net is a constant generator: n38619.
WARNING(60): logical_block #34215 with output n38619 has only 0 pin.
WARNING(61): Block contains output -- may be a constant generator.
Net is a constant generator: n38623.
WARNING(62): logical_block #34216 with output n38623 has only 0 pin.
WARNING(63): Block contains output -- may be a constant generator.
Net is a constant generator: n38627.
WARNING(64): logical_block #34217 with output n38627 has only 0 pin.
WARNING(65): Block contains output -- may be a constant generator.
Net is a constant generator: n38631.
WARNING(66): logical_block #34218 with output n38631 has only 0 pin.
WARNING(67): Block contains output -- may be a constant generator.
Net is a constant generator: n38635.
WARNING(68): logical_block #34219 with output n38635 has only 0 pin.
WARNING(69): Block contains output -- may be a constant generator.
Net is a constant generator: n38639.
WARNING(70): logical_block #34220 with output n38639 has only 0 pin.
WARNING(71): Block contains output -- may be a constant generator.
Net is a constant generator: n38643.
WARNING(72): logical_block #34221 with output n38643 has only 0 pin.
WARNING(73): Block contains output -- may be a constant generator.
Net is a constant generator: n38647.
WARNING(74): logical_block #34222 with output n38647 has only 0 pin.
WARNING(75): Block contains output -- may be a constant generator.
Net is a constant generator: n38651.
WARNING(76): logical_block #34223 with output n38651 has only 0 pin.
WARNING(77): Block contains output -- may be a constant generator.
Net is a constant generator: n38655.
WARNING(78): logical_block #34224 with output n38655 has only 0 pin.
WARNING(79): Block contains output -- may be a constant generator.
Net is a constant generator: n38659.
WARNING(80): logical_block #34225 with output n38659 has only 0 pin.
WARNING(81): Block contains output -- may be a constant generator.
Net is a constant generator: n40078.
WARNING(82): logical_block #34494 with output n40078 has only 0 pin.
WARNING(83): Block contains output -- may be a constant generator.
Net is a constant generator: n40082.
WARNING(84): logical_block #34495 with output n40082 has only 0 pin.
WARNING(85): Block contains output -- may be a constant generator.
Net is a constant generator: n40086.
WARNING(86): logical_block #34496 with output n40086 has only 0 pin.
WARNING(87): Block contains output -- may be a constant generator.
Net is a constant generator: n40090.
WARNING(88): logical_block #34497 with output n40090 has only 0 pin.
WARNING(89): Block contains output -- may be a constant generator.
Net is a constant generator: n40094.
WARNING(90): logical_block #34498 with output n40094 has only 0 pin.
WARNING(91): Block contains output -- may be a constant generator.
Net is a constant generator: n40098.
WARNING(92): logical_block #34499 with output n40098 has only 0 pin.
WARNING(93): Block contains output -- may be a constant generator.
Net is a constant generator: n40102.
WARNING(94): logical_block #34500 with output n40102 has only 0 pin.
WARNING(95): Block contains output -- may be a constant generator.
Net is a constant generator: n40106.
WARNING(96): logical_block #34501 with output n40106 has only 0 pin.
WARNING(97): Block contains output -- may be a constant generator.
Net is a constant generator: n40110.
WARNING(98): logical_block #34502 with output n40110 has only 0 pin.
WARNING(99): Block contains output -- may be a constant generator.
Net is a constant generator: n40114.
WARNING(100): logical_block #34503 with output n40114 has only 0 pin.
WARNING(101): Block contains output -- may be a constant generator.
Net is a constant generator: n40118.
WARNING(102): logical_block #34504 with output n40118 has only 0 pin.
WARNING(103): Block contains output -- may be a constant generator.
Net is a constant generator: n40122.
WARNING(104): logical_block #34505 with output n40122 has only 0 pin.
WARNING(105): Block contains output -- may be a constant generator.
Net is a constant generator: n40126.
WARNING(106): logical_block #34506 with output n40126 has only 0 pin.
WARNING(107): Block contains output -- may be a constant generator.
Net is a constant generator: n40130.
WARNING(108): logical_block #34507 with output n40130 has only 0 pin.
WARNING(109): Block contains output -- may be a constant generator.
Net is a constant generator: n40134.
WARNING(110): logical_block #34508 with output n40134 has only 0 pin.
WARNING(111): Block contains output -- may be a constant generator.
Net is a constant generator: n40138.
WARNING(112): logical_block #34509 with output n40138 has only 0 pin.
WARNING(113): Block contains output -- may be a constant generator.
Net is a constant generator: n40142.
WARNING(114): logical_block #34510 with output n40142 has only 0 pin.
WARNING(115): Block contains output -- may be a constant generator.
Net is a constant generator: n40146.
WARNING(116): logical_block #34511 with output n40146 has only 0 pin.
WARNING(117): Block contains output -- may be a constant generator.
Net is a constant generator: n40150.
WARNING(118): logical_block #34512 with output n40150 has only 0 pin.
WARNING(119): Block contains output -- may be a constant generator.
Net is a constant generator: n40154.
WARNING(120): logical_block #34513 with output n40154 has only 0 pin.
WARNING(121): Block contains output -- may be a constant generator.
Net is a constant generator: n40158.
WARNING(122): logical_block #34514 with output n40158 has only 0 pin.
WARNING(123): Block contains output -- may be a constant generator.
Net is a constant generator: n40166.
WARNING(124): logical_block #34516 with output n40166 has only 0 pin.
WARNING(125): Block contains output -- may be a constant generator.
Net is a constant generator: n40174.
WARNING(126): logical_block #34518 with output n40174 has only 0 pin.
WARNING(127): Block contains output -- may be a constant generator.
Net is a constant generator: n40198.
WARNING(128): logical_block #34520 with output n40198 has only 0 pin.
WARNING(129): Block contains output -- may be a constant generator.
Net is a constant generator: n40202.
WARNING(130): logical_block #34521 with output n40202 has only 0 pin.
WARNING(131): Block contains output -- may be a constant generator.
Net is a constant generator: n40206.
WARNING(132): logical_block #34522 with output n40206 has only 0 pin.
WARNING(133): Block contains output -- may be a constant generator.
Net is a constant generator: n40210.
WARNING(134): logical_block #34523 with output n40210 has only 0 pin.
WARNING(135): Block contains output -- may be a constant generator.
Net is a constant generator: n40214.
WARNING(136): logical_block #34524 with output n40214 has only 0 pin.
WARNING(137): Block contains output -- may be a constant generator.
Net is a constant generator: n40218.
WARNING(138): logical_block #34525 with output n40218 has only 0 pin.
WARNING(139): Block contains output -- may be a constant generator.
Net is a constant generator: n40222.
WARNING(140): logical_block #34526 with output n40222 has only 0 pin.
WARNING(141): Block contains output -- may be a constant generator.
Net is a constant generator: n40226.
WARNING(142): logical_block #34527 with output n40226 has only 0 pin.
WARNING(143): Block contains output -- may be a constant generator.
Net is a constant generator: n40230.
WARNING(144): logical_block #34528 with output n40230 has only 0 pin.
WARNING(145): Block contains output -- may be a constant generator.
Net is a constant generator: n40234.
WARNING(146): logical_block #34529 with output n40234 has only 0 pin.
WARNING(147): Block contains output -- may be a constant generator.
0 unconnected blocks in input netlist.
Removed 3612 LUT buffers.
Sweeped away 3612 nodes.
BLIF circuit stats:
	73 LUTs of size 0
	1 LUTs of size 1
	1246 LUTs of size 2
	3157 LUTs of size 3
	2719 LUTs of size 4
	4345 LUTs of size 5
	11134 LUTs of size 6
	114 of type input
	102 of type output
	6630 of type latch
	22675 of type names
	1409 of type dual_port_ram
	0 of type single_port_ram
	8 of type multiply
Timing analysis: ON
Circuit netlist file: /home/zhlab/BRAM/s_run/LU8PEEng/src/pre_info_src/LU8PEEng.net
Circuit placement file: /home/zhlab/BRAM/s_run/LU8PEEng/src/pre_info_src/LU8PEEng.place
Circuit routing file: /home/zhlab/BRAM/s_run/LU8PEEng/src/pre_info_src/LU8PEEng.route
Circuit SDC file: /home/zhlab/BRAM/s_run/LU8PEEng/src/pre_info_src/LU8PEEng.sdc
Operation: RUN_FLOW

Packer: DISABLED
Placer: ENABLED
Router: DISABLED
PlacerOpts.place_freq: PLACE_ONCE
PlacerOpts.place_algorithm: PATH_TIMING_DRIVEN_PLACE
PlacerOpts.pad_loc_type: FREE
PlacerOpts.place_cost_exp: 1.000000
PlacerOpts.inner_loop_recompute_divider: 0
PlacerOpts.recompute_crit_iter: 1
PlacerOpts.timing_tradeoff: 0.500000
PlacerOpts.td_place_exp_first: 1.000000
PlacerOpts.td_place_exp_last: 8.000000
PlaceOpts.seed: 1
AnnealSched.type: AUTO_SCHED
AnnealSched.inner_num: 1.000000

RoutingArch.directionality: UNI_DIRECTIONAL
RoutingArch.switch_block_type: WILTON
RoutingArch.Fs: 3

Begin parsing packed FPGA netlist file.
Finished parsing packed FPGA netlist file.
Netlist generated from file '/home/zhlab/BRAM/s_run/LU8PEEng/src/pre_info_src/LU8PEEng.net'.
n38615 is a constant generator.
n38611 is a constant generator.
n38619 is a constant generator.
n38623 is a constant generator.
n38627 is a constant generator.
n38631 is a constant generator.
n38583 is a constant generator.
n38595 is a constant generator.
n38603 is a constant generator.
n38607 is a constant generator.
n38599 is a constant generator.
n38571 is a constant generator.
n38579 is a constant generator.
n38575 is a constant generator.
n38587 is a constant generator.
n38591 is a constant generator.
n38563 is a constant generator.
n38567 is a constant generator.
n40206 is a constant generator.
n38651 is a constant generator.
n38647 is a constant generator.
n38643 is a constant generator.
n38635 is a constant generator.
n38639 is a constant generator.
n40202 is a constant generator.
n38559 is a constant generator.
n40226 is a constant generator.
n40222 is a constant generator.
n40210 is a constant generator.
n40214 is a constant generator.
n40218 is a constant generator.
n40230 is a constant generator.
n40130 is a constant generator.
n38547 is a constant generator.
n38555 is a constant generator.
n25320 is a constant generator.
n38655 is a constant generator.
n40234 is a constant generator.
n40094 is a constant generator.
n40078 is a constant generator.
n40118 is a constant generator.
n40110 is a constant generator.
n40102 is a constant generator.
n40134 is a constant generator.
n40086 is a constant generator.
n40126 is a constant generator.
n40138 is a constant generator.
n40090 is a constant generator.
n40122 is a constant generator.
n40106 is a constant generator.
n40114 is a constant generator.
n40098 is a constant generator.
n40082 is a constant generator.
n38659 is a constant generator.
n40174 is a constant generator.
n40158 is a constant generator.
n40166 is a constant generator.
n40142 is a constant generator.
n40146 is a constant generator.
n40150 is a constant generator.
n40154 is a constant generator.
n38551 is a constant generator.
n40198 is a constant generator.
top^mem_local_be~1 is a constant generator.
top^mem_local_be~2 is a constant generator.
top^mem_local_be~0 is a constant generator.
top^burst_begin is a constant generator.
top^mem_local_be~6 is a constant generator.
top^mem_local_be~7 is a constant generator.
top^mem_local_be~4 is a constant generator.
top^mem_local_be~5 is a constant generator.
gnd is a constant generator.
top^mem_local_be~3 is a constant generator.

Netlist num_nets: 16278
Netlist num_blocks: 2373
Netlist <EMPTY> blocks: 0.
Netlist clb blocks: 2104.
Netlist mult_36 blocks: 8.
Netlist memory blocks: 45.
Netlist inputs pins: 114
Netlist output pins: 102

The circuit will be mapped into a 60 x 60 array of clbs.

Resource usage...
	Netlist      0	blocks of type: <EMPTY>
	Architecture 4	blocks of type: <EMPTY>
	Netlist      216	blocks of type: io
	Architecture 1920	blocks of type: io
	Netlist      2104	blocks of type: clb
	Architecture 2700	blocks of type: clb
	Netlist      8	blocks of type: mult_36
	Architecture 105	blocks of type: mult_36
	Netlist      45	blocks of type: memory
	Architecture 80	blocks of type: memory

EooooooooooooooooooooooooooooooooooooooooooooooooooooooooooooE
olelllulllelllulllelllulllelllulllelllulllelllulllelllulllello
olelllulllelllulllelllulllelllulllelllulllelllulllelllulllello
olelllulllelllulllelllulllelllulllelllulllelllulllelllulllello
olelllulllelllulllelllulllelllulllelllulllelllulllelllulllello
olelllulllelllulllelllulllelllulllelllulllelllulllelllulllello
olelllulllelllulllelllulllelllulllelllulllelllulllelllulllello
olelllulllelllulllelllulllelllulllelllulllelllulllelllulllello
olelllulllelllulllelllulllelllulllelllulllelllulllelllulllello
olelllulllelllulllelllulllelllulllelllulllelllulllelllulllello
olelllulllelllulllelllulllelllulllelllulllelllulllelllulllello
olelllulllelllulllelllulllelllulllelllulllelllulllelllulllello
olelllulllelllulllelllulllelllulllelllulllelllulllelllulllello
olelllulllelllulllelllulllelllulllelllulllelllulllelllulllello
olelllulllelllulllelllulllelllulllelllulllelllulllelllulllello
olelllulllelllulllelllulllelllulllelllulllelllulllelllulllello
olelllulllelllulllelllulllelllulllelllulllelllulllelllulllello
olelllulllelllulllelllulllelllulllelllulllelllulllelllulllello
olelllulllelllulllelllulllelllulllelllulllelllulllelllulllello
olelllulllelllulllelllulllelllulllelllulllelllulllelllulllello
olelllulllelllulllelllulllelllulllelllulllelllulllelllulllello
olelllulllelllulllelllulllelllulllelllulllelllulllelllulllello
olelllulllelllulllelllulllelllulllelllulllelllulllelllulllello
olelllulllelllulllelllulllelllulllelllulllelllulllelllulllello
olelllulllelllulllelllulllelllulllelllulllelllulllelllulllello
olelllulllelllulllelllulllelllulllelllulllelllulllelllulllello
olelllulllelllulllelllulllelllulllelllulllelllulllelllulllello
olelllulllelllulllelllulllelllulllelllulllelllulllelllulllello
olelllulllelllulllelllulllelllulllelllulllelllulllelllulllello
olelllulllelllulllelllulllelllulllelllulllelllulllelllulllello
olelllulllelllulllelllulllelllulllelllulllelllulllelllulllello
olelllulllelllulllelllulllelllulllelllulllelllulllelllulllello
olelllulllelllulllelllulllelllulllelllulllelllulllelllulllello
olelllulllelllulllelllulllelllulllelllulllelllulllelllulllello
olelllulllelllulllelllulllelllulllelllulllelllulllelllulllello
olelllulllelllulllelllulllelllulllelllulllelllulllelllulllello
olelllulllelllulllelllulllelllulllelllulllelllulllelllulllello
olelllulllelllulllelllulllelllulllelllulllelllulllelllulllello
olelllulllelllulllelllulllelllulllelllulllelllulllelllulllello
olelllulllelllulllelllulllelllulllelllulllelllulllelllulllello
olelllulllelllulllelllulllelllulllelllulllelllulllelllulllello
olelllulllelllulllelllulllelllulllelllulllelllulllelllulllello
olelllulllelllulllelllulllelllulllelllulllelllulllelllulllello
olelllulllelllulllelllulllelllulllelllulllelllulllelllulllello
olelllulllelllulllelllulllelllulllelllulllelllulllelllulllello
olelllulllelllulllelllulllelllulllelllulllelllulllelllulllello
olelllulllelllulllelllulllelllulllelllulllelllulllelllulllello
olelllulllelllulllelllulllelllulllelllulllelllulllelllulllello
olelllulllelllulllelllulllelllulllelllulllelllulllelllulllello
olelllulllelllulllelllulllelllulllelllulllelllulllelllulllello
olelllulllelllulllelllulllelllulllelllulllelllulllelllulllello
olelllulllelllulllelllulllelllulllelllulllelllulllelllulllello
olelllulllelllulllelllulllelllulllelllulllelllulllelllulllello
olelllulllelllulllelllulllelllulllelllulllelllulllelllulllello
olelllulllelllulllelllulllelllulllelllulllelllulllelllulllello
olelllulllelllulllelllulllelllulllelllulllelllulllelllulllello
olelllulllelllulllelllulllelllulllelllulllelllulllelllulllello
olelllulllelllulllelllulllelllulllelllulllelllulllelllulllello
olelllulllelllulllelllulllelllulllelllulllelllulllelllulllello
olelllulllelllulllelllulllelllulllelllulllelllulllelllulllello
olelllulllelllulllelllulllelllulllelllulllelllulllelllulllello
EooooooooooooooooooooooooooooooooooooooooooooooooooooooooooooE
zh_lab get_pin_dict
 find_ BRAMS 45 
 range 1024 
con_width 32 
range 1024 
con_width 32 
range 1024 
con_width 32 
range 1024 
con_width 32 
range 1024 
con_width 32 
range 1024 
con_width 32 
range 1024 
con_width 32 
range 1024 
con_width 32 
range 1024 
con_width 32 
range 1024 
con_width 32 
range 1024 
con_width 32 
range 1024 
con_width 32 
range 1024 
con_width 32 
range 1024 
con_width 32 
range 1024 
con_width 32 
range 1024 
con_width 32 
range 1024 
con_width 32 
range 1024 
con_width 32 
range 1024 
con_width 32 
range 1024 
con_width 32 
range 1024 
con_width 32 
range 1024 
con_width 32 
range 1024 
con_width 32 
range 1024 
con_width 32 
range 1024 
con_width 32 
range 1024 
con_width 32 
range 1024 
con_width 32 
range 1024 
con_width 32 
range 1024 
con_width 32 
range 1024 
con_width 32 
range 1024 
con_width 32 
range 1024 
con_width 32 
range 1024 
con_width 32 
range 1024 
con_width 32 
range 1024 
con_width 32 
range 1024 
con_width 32 
range 1024 
con_width 32 
range 1024 
con_width 32 
range 1024 
con_width 32 
range 1024 
con_width 32 
range 1024 
con_width 32 
range 1024 
con_width 32 
range 1024 
con_width 32 
range 1024 
con_width 32 
range 1024 
con_width 32 

SDC file '/home/zhlab/BRAM/s_run/LU8PEEng/src/pre_info_src/LU8PEEng.sdc' blank or not found.

Defaulting to: constrain all 0 inputs and 0 outputs on the netlist clock.
Optimize this clock to run as fast as possible.
Computing delta_io_to_io lookup matrix, may take a few seconds, please wait...
Computing delta_io_to_clb lookup matrix, may take a few seconds, please wait...
Computing delta_clb_to_io lookup matrix, may take a few seconds, please wait...
Computing delta_clb_to_clb lookup matrix, may take a few seconds, please wait...
  /home/zhlab/BRAM/s_run/LU8PEEng/res/BRAM/2_1mem 
  2 _ 1 
  /home/zhlab/BRAM/s_run/LU8PEEng/res/BRAM/2_7mem 
  2 _ 7 
  /home/zhlab/BRAM/s_run/LU8PEEng/res/BRAM/2_13mem 
  2 _ 13 
  /home/zhlab/BRAM/s_run/LU8PEEng/res/BRAM/2_19mem 
  2 _ 19 
  /home/zhlab/BRAM/s_run/LU8PEEng/res/BRAM/2_25mem 
  2 _ 25 
  /home/zhlab/BRAM/s_run/LU8PEEng/res/BRAM/2_31mem 
  2 _ 31 
  /home/zhlab/BRAM/s_run/LU8PEEng/res/BRAM/2_37mem 
  2 _ 37 
  /home/zhlab/BRAM/s_run/LU8PEEng/res/BRAM/2_43mem 
  2 _ 43 
  /home/zhlab/BRAM/s_run/LU8PEEng/res/BRAM/2_49mem 
  2 _ 49 
  /home/zhlab/BRAM/s_run/LU8PEEng/res/BRAM/2_55mem 
  2 _ 55 
  /home/zhlab/BRAM/s_run/LU8PEEng/res/BRAM/10_1mem 
  10 _ 1 
  /home/zhlab/BRAM/s_run/LU8PEEng/res/BRAM/10_7mem 
  10 _ 7 
  /home/zhlab/BRAM/s_run/LU8PEEng/res/BRAM/10_13mem 
  10 _ 13 
  /home/zhlab/BRAM/s_run/LU8PEEng/res/BRAM/10_19mem 
  10 _ 19 
  /home/zhlab/BRAM/s_run/LU8PEEng/res/BRAM/10_25mem 
  10 _ 25 
  /home/zhlab/BRAM/s_run/LU8PEEng/res/BRAM/10_31mem 
  10 _ 31 
  /home/zhlab/BRAM/s_run/LU8PEEng/res/BRAM/10_37mem 
  10 _ 37 
  /home/zhlab/BRAM/s_run/LU8PEEng/res/BRAM/10_43mem 
  10 _ 43 
  /home/zhlab/BRAM/s_run/LU8PEEng/res/BRAM/10_49mem 
  10 _ 49 
  /home/zhlab/BRAM/s_run/LU8PEEng/res/BRAM/10_55mem 
  10 _ 55 
  /home/zhlab/BRAM/s_run/LU8PEEng/res/BRAM/18_1mem 
  18 _ 1 
  /home/zhlab/BRAM/s_run/LU8PEEng/res/BRAM/18_7mem 
  18 _ 7 
  /home/zhlab/BRAM/s_run/LU8PEEng/res/BRAM/18_13mem 
  18 _ 13 
  /home/zhlab/BRAM/s_run/LU8PEEng/res/BRAM/18_19mem 
  18 _ 19 
  /home/zhlab/BRAM/s_run/LU8PEEng/res/BRAM/18_25mem 
  18 _ 25 
  /home/zhlab/BRAM/s_run/LU8PEEng/res/BRAM/18_31mem 
  18 _ 31 
  /home/zhlab/BRAM/s_run/LU8PEEng/res/BRAM/18_37mem 
  18 _ 37 
  /home/zhlab/BRAM/s_run/LU8PEEng/res/BRAM/18_43mem 
  18 _ 43 
  /home/zhlab/BRAM/s_run/LU8PEEng/res/BRAM/18_49mem 
  18 _ 49 
  /home/zhlab/BRAM/s_run/LU8PEEng/res/BRAM/18_55mem 
  18 _ 55 
  /home/zhlab/BRAM/s_run/LU8PEEng/res/BRAM/26_1mem 
  26 _ 1 
  /home/zhlab/BRAM/s_run/LU8PEEng/res/BRAM/26_7mem 
  26 _ 7 
  /home/zhlab/BRAM/s_run/LU8PEEng/res/BRAM/26_13mem 
  26 _ 13 
  /home/zhlab/BRAM/s_run/LU8PEEng/res/BRAM/26_19mem 
  26 _ 19 
  /home/zhlab/BRAM/s_run/LU8PEEng/res/BRAM/26_25mem 
  26 _ 25 
  /home/zhlab/BRAM/s_run/LU8PEEng/res/BRAM/26_31mem 
  26 _ 31 
  /home/zhlab/BRAM/s_run/LU8PEEng/res/BRAM/26_37mem 
  26 _ 37 
  /home/zhlab/BRAM/s_run/LU8PEEng/res/BRAM/26_43mem 
  26 _ 43 
  /home/zhlab/BRAM/s_run/LU8PEEng/res/BRAM/26_49mem 
  26 _ 49 
  /home/zhlab/BRAM/s_run/LU8PEEng/res/BRAM/26_55mem 
  26 _ 55 
  /home/zhlab/BRAM/s_run/LU8PEEng/res/BRAM/34_1mem 
  34 _ 1 
  /home/zhlab/BRAM/s_run/LU8PEEng/res/BRAM/34_7mem 
  34 _ 7 
  /home/zhlab/BRAM/s_run/LU8PEEng/res/BRAM/34_13mem 
  34 _ 13 
  /home/zhlab/BRAM/s_run/LU8PEEng/res/BRAM/34_19mem 
  34 _ 19 
  /home/zhlab/BRAM/s_run/LU8PEEng/res/BRAM/34_25mem 
  34 _ 25 
  /home/zhlab/BRAM/s_run/LU8PEEng/res/BRAM/34_31mem 
  34 _ 31 
  /home/zhlab/BRAM/s_run/LU8PEEng/res/BRAM/34_37mem 
  34 _ 37 
  /home/zhlab/BRAM/s_run/LU8PEEng/res/BRAM/34_43mem 
  34 _ 43 
  /home/zhlab/BRAM/s_run/LU8PEEng/res/BRAM/34_49mem 
  34 _ 49 
  /home/zhlab/BRAM/s_run/LU8PEEng/res/BRAM/34_55mem 
  34 _ 55 
  /home/zhlab/BRAM/s_run/LU8PEEng/res/BRAM/42_1mem 
  42 _ 1 
  /home/zhlab/BRAM/s_run/LU8PEEng/res/BRAM/42_7mem 
  42 _ 7 
  /home/zhlab/BRAM/s_run/LU8PEEng/res/BRAM/42_13mem 
  42 _ 13 
  /home/zhlab/BRAM/s_run/LU8PEEng/res/BRAM/42_19mem 
  42 _ 19 
  /home/zhlab/BRAM/s_run/LU8PEEng/res/BRAM/42_25mem 
  42 _ 25 
  /home/zhlab/BRAM/s_run/LU8PEEng/res/BRAM/42_31mem 
  42 _ 31 
  /home/zhlab/BRAM/s_run/LU8PEEng/res/BRAM/42_37mem 
  42 _ 37 
  /home/zhlab/BRAM/s_run/LU8PEEng/res/BRAM/42_43mem 
  42 _ 43 
  /home/zhlab/BRAM/s_run/LU8PEEng/res/BRAM/42_49mem 
  42 _ 49 
  /home/zhlab/BRAM/s_run/LU8PEEng/res/BRAM/42_55mem 
  42 _ 55 
  /home/zhlab/BRAM/s_run/LU8PEEng/res/BRAM/50_1mem 
  50 _ 1 
  /home/zhlab/BRAM/s_run/LU8PEEng/res/BRAM/50_7mem 
  50 _ 7 
  /home/zhlab/BRAM/s_run/LU8PEEng/res/BRAM/50_13mem 
  50 _ 13 
  /home/zhlab/BRAM/s_run/LU8PEEng/res/BRAM/50_19mem 
  50 _ 19 
  /home/zhlab/BRAM/s_run/LU8PEEng/res/BRAM/50_25mem 
  50 _ 25 
  /home/zhlab/BRAM/s_run/LU8PEEng/res/BRAM/50_31mem 
  50 _ 31 
  /home/zhlab/BRAM/s_run/LU8PEEng/res/BRAM/50_37mem 
  50 _ 37 
  /home/zhlab/BRAM/s_run/LU8PEEng/res/BRAM/50_43mem 
  50 _ 43 
  /home/zhlab/BRAM/s_run/LU8PEEng/res/BRAM/50_49mem 
  50 _ 49 
  /home/zhlab/BRAM/s_run/LU8PEEng/res/BRAM/50_55mem 
  50 _ 55 
  /home/zhlab/BRAM/s_run/LU8PEEng/res/BRAM/58_1mem 
  58 _ 1 
  /home/zhlab/BRAM/s_run/LU8PEEng/res/BRAM/58_7mem 
  58 _ 7 
  /home/zhlab/BRAM/s_run/LU8PEEng/res/BRAM/58_13mem 
  58 _ 13 
  /home/zhlab/BRAM/s_run/LU8PEEng/res/BRAM/58_19mem 
  58 _ 19 
  /home/zhlab/BRAM/s_run/LU8PEEng/res/BRAM/58_25mem 
  58 _ 25 
  /home/zhlab/BRAM/s_run/LU8PEEng/res/BRAM/58_31mem 
  58 _ 31 
  /home/zhlab/BRAM/s_run/LU8PEEng/res/BRAM/58_37mem 
  58 _ 37 
  /home/zhlab/BRAM/s_run/LU8PEEng/res/BRAM/58_43mem 
  58 _ 43 
  /home/zhlab/BRAM/s_run/LU8PEEng/res/BRAM/58_49mem 
  58 _ 49 
  /home/zhlab/BRAM/s_run/LU8PEEng/res/BRAM/58_55mem 
  58 _ 55 
mem_num = 80
