________________________________________________________________________
                       VPR - The Next Generation                        
                     Version 0.A15.0 (Linux X86/64)                     
            This is free open source code under MIT license.            
________________________________________________________________________

VPR FPGA Placement and Routing.
Version: Version 7.0
Compiled: Aug 16 2019.
University of Toronto
vpr@eecg.utoronto.ca
This is free open source code under MIT license.

Architecture file: /home/zhlab/BRAM/s_run_e_2/mkPktMerge/src/pre_info_src/k6_frac_N10_mem32K_40nm_1.xml
Circuit name: /home/zhlab/BRAM/s_run_e_2/mkPktMerge/src/pre_info_src/mkPktMerge.blif

Building complex block graph.
WARNING(1): io[0].clock[0] unconnected pin in architecture.
Loop for doall = 0, init_parse took 6e-06 seconds.
Loop for doall = 0 took 0.009694 seconds.
Loop for doall = 1, init_parse took 0.01099 seconds.
Loop for doall = 1 took 0.011881 seconds.
Swept away 459 nets with no fanout.
Net is a constant generator: gnd.
WARNING(2): logical_block #1344 with output gnd has only 0 pin.
WARNING(3): Block contains output -- may be a constant generator.
0 unconnected blocks in input netlist.
Removed 156 LUT buffers.
Sweeped away 156 nodes.
BLIF circuit stats:
	1 LUTs of size 0
	0 LUTs of size 1
	9 LUTs of size 2
	163 LUTs of size 3
	9 LUTs of size 4
	17 LUTs of size 5
	33 LUTs of size 6
	311 of type input
	156 of type output
	36 of type latch
	232 of type names
	459 of type dual_port_ram
	0 of type single_port_ram
	0 of type multiply
Timing analysis: ON
Circuit netlist file: /home/zhlab/BRAM/s_run_e_2/mkPktMerge/src/pre_info_src/mkPktMerge.net
Circuit placement file: /home/zhlab/BRAM/s_run_e_2/mkPktMerge/src/pre_info_src/mkPktMerge.place
Circuit routing file: /home/zhlab/BRAM/s_run_e_2/mkPktMerge/src/pre_info_src/mkPktMerge.route
Circuit SDC file: /home/zhlab/BRAM/s_run_e_2/mkPktMerge/src/pre_info_src/mkPktMerge.sdc
Operation: RUN_FLOW

Packer: DISABLED
Placer: ENABLED
Router: DISABLED
PlacerOpts.place_freq: PLACE_ONCE
PlacerOpts.place_algorithm: PATH_TIMING_DRIVEN_PLACE
PlacerOpts.pad_loc_type: FREE
PlacerOpts.place_cost_exp: 1.000000
PlacerOpts.inner_loop_recompute_divider: 0
PlacerOpts.recompute_crit_iter: 1
PlacerOpts.timing_tradeoff: 0.500000
PlacerOpts.td_place_exp_first: 1.000000
PlacerOpts.td_place_exp_last: 8.000000
PlaceOpts.seed: 1
AnnealSched.type: AUTO_SCHED
AnnealSched.inner_num: 1.000000

RoutingArch.directionality: UNI_DIRECTIONAL
RoutingArch.switch_block_type: WILTON
RoutingArch.Fs: 3

Begin parsing packed FPGA netlist file.
Finished parsing packed FPGA netlist file.
Netlist generated from file '/home/zhlab/BRAM/s_run_e_2/mkPktMerge/src/pre_info_src/mkPktMerge.net'.
gnd is a constant generator.

Netlist num_nets: 972
Netlist num_blocks: 497
Netlist <EMPTY> blocks: 0.
Netlist clb blocks: 15.
Netlist mult_36 blocks: 0.
Netlist memory blocks: 15.
Netlist inputs pins: 311
Netlist output pins: 156

The circuit will be mapped into a 100 x 100 array of clbs.

Resource usage...
	Netlist      0	blocks of type: <EMPTY>
	Architecture 56	blocks of type: <EMPTY>
	Netlist      467	blocks of type: io
	Architecture 3200	blocks of type: io
	Netlist      15	blocks of type: clb
	Architecture 7500	blocks of type: clb
	Netlist      0	blocks of type: mult_36
	Architecture 300	blocks of type: mult_36
	Netlist      15	blocks of type: memory
	Architecture 208	blocks of type: memory


SDC file '/home/zhlab/BRAM/s_run_e_2/mkPktMerge/src/pre_info_src/mkPktMerge.sdc' blank or not found.

Defaulting to: constrain all 0 inputs and 0 outputs on the netlist clock.
Optimize this clock to run as fast as possible.
Computing delta_io_to_io lookup matrix, may take a few seconds, please wait...
Computing delta_io_to_clb lookup matrix, may take a few seconds, please wait...
Computing delta_clb_to_io lookup matrix, may take a few seconds, please wait...
Computing delta_clb_to_clb lookup matrix, may take a few seconds, please wait...

There are 1146 point to point connections in this circuit.

Initial placement cost: 3.13638e+08 bb_cost: 744.558 td_cost: 1198 delay_cost: 1198

--------- --------- ----------- ----------- ----------- ----------- -------- -------- ------- ------- ------- --------- -------
        T      Cost  Av BB Cost  Av TD Cost  Av Tot Del  P to P Del    d_max  Ac Rate Std Dev R limit     Exp Tot Moves   Alpha
--------- --------- ----------- ----------- ----------- ----------- -------- -------- ------- ------- ------- --------- -------
2007824640.00000 2.1341e+09     722.507     4817.49     4817.49     1.04538  10.6822   0.9995 1395768492.1909 101.0000  1.0000      3935  0.5000
1003912320.00000 2.0875e+09     691.878     3878.45     3878.45     8.39965  10.5467   0.9982 1327734155.8960 101.0000  1.0000      7870  0.5000
501956160.00000 2.4556e+09     683.495     4490.29     4490.29      7.1911   8.1072   0.9985 1348572510.4520 101.0000  1.0000     11805  0.5000
250978080.00000 1.792e+09     654.018     3552.43     3552.43     7.59773   8.2427   0.9947 1132149761.7638 101.0000  1.0000     15740  0.5000
125489040.00000 1.9373e+09     735.899        2863        2863     6.16056   9.7335   0.9914 1374022314.4061 101.0000  1.0000     19675  0.5000
62744520.00000 1.2215e+09     756.858     2517.09     2517.09     5.77138   9.1914   0.9848 738285709.9951 101.0000  1.0000     23610  0.5000
31372260.00000 1.3525e+09     698.361     2693.08     2693.08     4.37347   7.9716   0.9751 813768530.8843 101.0000  1.0000     27545  0.5000
15686130.00000 4.6202e+08     666.942     798.756     798.756     4.68586   9.7335   0.9571 252592450.1421 101.0000  1.0000     31480  0.9000
14117517.00000 4.7053e+08     721.612     704.753     704.753     1.39878   7.5650   0.9471 292102300.0624 101.0000  1.0000     35415  0.9000
12705765.00000 3.8393e+08       737.7     810.065     810.065     1.34904   9.7335   0.9550 289944402.4289 101.0000  1.0000     39350  0.9000
11435188.00000 3.649e+08     696.458     796.805     796.805     1.68325   9.0559   0.9576 252052955.2756 101.0000  1.0000     43285  0.9000
10291669.00000 4.428e+08     720.948     852.682     852.682     1.71728   8.9203   0.9479 286637085.5021 101.0000  1.0000     47220  0.9000
9262502.00000 3.2059e+08     844.653     427.414     427.414     1.54799  10.0046   0.9380 191779667.4800 101.0000  1.0000     51155  0.9000
8336252.00000 2.3558e+08     683.024     819.951     819.951    0.689354  10.1401   0.9611 156110106.0049 101.0000  1.0000     55090  0.5000
4168126.00000 2.0055e+08     588.001      294.04      294.04     1.50611   8.9203   0.9250 107549792.4870 101.0000  1.0000     59025  0.9000
3751313.50000 1.8208e+08     592.128     207.752     207.752    0.464223   8.1072   0.9083 118948805.1941 101.0000  1.0000     62960  0.9000
3376182.25000 1.9793e+08     562.557     256.339     256.339    0.386562   7.1201   0.9151 118736073.1586 101.0000  1.0000     66895  0.9000
3038564.00000 1.7584e+08     545.599     192.872     192.872    0.443281   7.9716   0.9006 120621538.6596 101.0000  1.0000     70830  0.9000
2734707.50000 2.0046e+08     622.302     231.281     231.281    0.376091   7.9716   0.9001 123498049.5329 101.0000  1.0000     74765  0.9000
2461236.75000 1.5046e+08     534.406     238.592     238.592    0.415358   6.3070   0.9055 91337896.6866 101.0000  1.0000     78700  0.9000
2215113.00000 1.6137e+08      597.02     198.018     198.018    0.426702   6.3070   0.8895 106922953.5864 101.0000  1.0000     82635  0.9000
1993601.75000 1.4753e+08     649.265     209.249     209.249    0.383944   6.3070   0.9029 94315900.0824 101.0000  1.0000     86570  0.9000
1794241.62500 1.2308e+08     743.859     186.249     186.249    0.376091   7.7006   0.8963 80403068.6207 101.0000  1.0000     90505  0.9000
1614817.50000 1.0155e+08     732.478     183.103     183.103    0.347295   7.2231   0.9065 66028659.4683 101.0000  1.0000     94440  0.9000
1453335.75000 1.1058e+08     776.914     193.161     193.161    0.338569   7.2231   0.8821 73950750.5003 101.0000  1.0000     98375  0.9000
1308002.12500 9.0857e+07     802.536     173.069     173.069    0.370855   7.2231   0.8874 62078165.2954 101.0000  1.0000    102310  0.9000
1177201.87500 6.2849e+07     808.544     215.819     215.819    0.340314  10.6822   0.9126 42896926.5926 101.0000  1.0000    106245  0.9000
1059481.75000 1.0361e+08      838.25     202.511     202.511    0.414485   7.2231   0.8773 68540072.2462 101.0000  1.0000    110180  0.9000
953533.56250 1.0324e+08     839.907     190.121     190.121    0.386562   8.7848   0.8526 71532685.7155 101.0000  1.0000    114115  0.9000
858180.18750 8.5717e+07     839.907     167.117     167.117    0.371728   7.2231   0.8463 60303002.4713 101.0000  1.0000    118050  0.9000
772362.18750 8.8217e+07     838.871     176.073     176.073     0.32548   7.2231   0.8529 61083836.0694 101.0000  1.0000    121985  0.9000
695126.00000 8.8757e+07     822.415     166.497     166.497    0.332461   7.2231   0.8366 59070438.8670 101.0000  1.0000    125920  0.9000
625613.37500 8.1319e+07     816.431     143.553     143.553    0.315009   8.7848   0.8125 58844114.9078 101.0000  1.0000    129855  0.9000
563052.06250 7.2393e+07     844.261     141.885     141.885    0.297557   7.7006   0.8008 53428491.7465 101.0000  1.0000    133790  0.9000
506746.84375 7.4322e+07      842.76     150.128     150.128    0.302792   7.7006   0.7959 50394013.0142 101.0000  1.0000    137725  0.9500
481409.50000 6.5817e+07     793.989      140.72      140.72    0.294066   9.3269   0.7817 49255616.0370 101.0000  1.0000    141660  0.9500
457339.03125 6.8197e+07     719.075     123.467     123.467    0.294066   7.8361   0.7588 51351130.5957 101.0000  1.0000    145595  0.9500
434472.09375 5.7883e+07     722.772     119.495     119.495    0.260035  11.0888   0.7337 44638710.7634 101.0000  1.0000    149530  0.9500
412748.50000 6.657e+07     692.773     97.5234     97.5234    0.254799   7.1201   0.6666 52244712.1342 101.0000  1.0000    153465  0.9500
392111.06250 4.9833e+07     709.381     124.015     124.015    0.207679  10.2756   0.7794 40463995.2944 101.0000  1.0000    157400  0.9500
372505.50000 5.2952e+07     660.581     85.8643     85.8643    0.277487   7.1585   0.6501 43664115.5089 101.0000  1.0000    161335  0.9500
353880.21875 3.7731e+07     658.761     48.7398     48.7398    0.199825   6.6032   0.5781 32584849.3746 101.0000  1.0000    165270  0.9500
336186.21875 3.4296e+07     658.761     43.0441     43.0441    0.117801   6.6032   0.5527 29933820.4618 101.0000  1.0000    169205  0.9500
319376.90625 1.9291e+07     668.955     20.0354     20.0354     0.10733   6.4877   0.4732 16992360.6911 101.0000  1.0000    173140  0.9500
303408.06250 1.9383e+07     670.128     20.6355     20.6355   0.0575916   6.6032   0.4950 15152417.5197 101.0000  1.0000    177075  0.9500
288237.65625 7.5084e+06     670.128     7.04286     7.04287    0.052356   6.6032   0.4861 8668020.2946 101.0000  1.0000    181010  0.9500
273825.78125 6.8652e+06     670.128     6.05833     6.05833   0.0253054   6.4877   0.4531 8006054.1922 101.0000  1.0000    184945  0.9500
260134.50000 2.4412e+06     670.128     2.01966     2.01967   0.0191972   6.4877   0.4524 3895528.9603 101.0000  1.0000    188880  0.9500
247127.78125 3.0158e+06     686.715     2.68489     2.68489   0.0104712   6.4877   0.4742 3049784.5535 101.0000  1.0000    192815  0.9500
234771.39062 3.7972e+06     686.768     4.03866     4.03867  0.00959861   6.6032   0.4338 4238494.1203 101.0000  1.0000    196750  0.9500
223032.82812 2.7992e+06     735.731     2.52417     2.52417    0.013089   6.4877   0.4363 2588904.7443 100.3737  1.0438    200685  0.9500
211881.18750 1.6908e+06     741.145     1.43224     1.43224   0.0061082   8.1072   0.4557 2030194.2315 100.0064  1.0696    204620  0.9500
201287.12500 2.6488e+07     700.641     75.0206     75.0206   0.0052356  10.2756   0.6422 21292195.6422 101.0000  1.0000    208555  0.9500
191222.76562 3.5029e+06     700.473     4.23164     4.23164    0.172775   8.1072   0.4048 4765869.3634 101.0000  1.0000    212490  0.9500
181661.62500 9.0244e+05     685.932    0.672989    0.672991    0.017452   6.6032   0.4422 629247.7730 97.4477  1.2487    216425  0.9500
172578.54688 7.5212e+05     685.789    0.569488     0.56949 0.000872603   8.1072   0.4114 654142.6647 97.6607  1.2338    220360  0.9500
163949.62500    1.0161     732.088 3.32023e-07 2.74064e-06 0.000872603   8.1072   0.4572  0.0039 94.8711  1.4290    224295  0.9500
155752.14062 4.6899e+05     695.131    0.378505    0.378507 2.39672e-09   8.1072   0.4351 601138.1648 96.5009  1.3149    228230  0.9500
147964.53125    1.0006     716.577 3.25001e-07 2.69805e-06 0.000872603   8.1072   0.4341  0.0040 96.0251  1.3482    232165  0.9500
140566.31250   0.97065     700.765 3.66228e-07 2.64107e-06 2.35639e-09   8.1072   0.4305  0.0025 95.4541  1.3882    236100  0.9500
133538.00000    1.0485      749.56 3.50191e-07 2.80996e-06 2.30423e-09   8.1072   0.4343  0.0109 94.5468  1.4517    240035  0.9500
126861.10156   0.93616     699.294 3.09649e-07 2.62732e-06 2.46028e-09   8.9203   0.4480  0.0046 94.0086  1.4894    243970  0.9500
120518.04688    1.0373      738.14 4.06476e-07 2.77355e-06 2.29283e-09   5.8678   0.4323  0.0052 94.7636  1.4366    247905  0.9500
114492.14062   0.96719     712.438 3.46827e-07 2.67073e-06 2.42264e-09   8.1072   0.4282  0.0008 94.0315  1.4878    251840  0.9500
108767.53125    1.0405     759.629  3.3271e-07 2.84528e-06 2.33043e-09   8.1072   0.4234  0.0126 92.9227  1.5654    255775  0.9500
103329.15625 1.1583e+06     763.333     2.62155     2.62155 2.49559e-09   9.5980   0.4506 1199297.4397 91.3783  1.6735    259710  0.9500
98162.69531   0.90964     696.419 3.35509e-07 2.61702e-06  0.00959861   8.1072   0.4490  0.0067 92.3443  1.6059    263645  0.9500
93254.56250         1     696.868 3.15071e-07 2.61847e-06 2.28488e-09   8.1072   0.4381  0.0000 93.1798  1.5474    267580  0.9500
88591.83594         1     696.868 3.08908e-07 2.61847e-06 2.28488e-09   8.1072   0.4132  0.0000 93.0045  1.5597    271515  0.9500
84162.24219   0.99609     685.196 2.90193e-07 2.59527e-06 2.28488e-09   8.1072   0.4468  0.0140 90.5134  1.7341    275450  0.9500
79954.13281         1     683.192  3.4963e-07 2.58799e-06 2.25828e-09   5.8678   0.4180  0.0000 91.1253  1.6912    279385  0.9500
75956.42969    0.9093     634.038 2.91563e-07 2.39153e-06 2.25828e-09   5.8678   0.4257  0.0119 89.1244  1.8313    283320  0.9500
72158.60938    1.0154     652.255 2.17196e-07  2.4495e-06 2.08325e-09   9.3269   0.4450  0.0006 87.8470  1.9207    287255  0.9500
68550.67969    1.0098     661.584 2.16532e-07 2.48215e-06 2.13753e-09   9.3269   0.4290  0.0005 88.2846  1.8901    291190  0.9500
65123.14453         1     661.606 2.04631e-07 2.48223e-06 2.16599e-09   9.3269   0.4470  0.0000 87.3109  1.9582    295125  0.9500
61866.98828         1     661.606  3.1892e-07 2.48223e-06 2.16599e-09   5.8678   0.4595  0.0000 87.9233  1.9154    299060  0.9500
58773.64062         1     661.606 2.45311e-07 2.48223e-06 2.16599e-09   9.3269   0.3972  0.0000 89.6348  1.7956    302995  0.9500
55834.95703   0.97825     644.424   1.988e-07 2.41459e-06 2.16599e-09   9.3269   0.4300  0.0051 85.7989  2.0641    306930  0.9500
53043.21094    1.0286     668.121 7.67916e-07 2.50951e-06 2.10374e-09   9.3269   0.4429  0.0002 84.9398  2.1242    310865  0.9500
50391.05078    1.0211     693.675 2.12702e-07 2.59764e-06  2.1898e-09   9.3269   0.4219  0.0048 85.1902  2.1067    314800  0.9500
47871.50000         1     692.595 2.13985e-07   2.593e-06 2.26265e-09   9.3269   0.4534  0.0000 83.6444  2.2149    318735  0.9500
45477.92578   0.96238     676.312 3.26348e-07 2.56061e-06 2.26265e-09   5.6293   0.4335  0.0049 84.7625  2.1366    322670  0.9500
43204.03125   0.99652       675.9 2.50538e-07 2.54341e-06 2.23513e-09   8.3782   0.4399  0.0002 84.2154  2.1749    326605  0.9500
41043.82812    1.0278     712.479 2.36849e-07 2.65733e-06 2.21931e-09   8.3782   0.4490  0.0070 84.2068  2.1755    330540  0.9500
38991.63672    1.0192     730.602 2.75363e-07  2.7224e-06 2.32406e-09   8.3782   0.4290  0.0046 84.9686  2.1222    334475  0.9500
37042.05469    1.0102     742.542 2.66992e-07 2.77084e-06  2.3785e-09   8.3782   0.4328  0.0022 84.0315  2.1878    338410  0.9500
35189.95312         1     743.049 2.63184e-07 2.77292e-06 2.41965e-09   8.3782   0.4112  0.0000 83.4250  2.2302    342345  0.9500
33430.45703    0.9392     742.543 2.11496e-07 2.77653e-06 2.41965e-09   8.3782   0.4379  0.0049 81.0209  2.3985    346280  0.9500
31758.93359    1.0175     763.693 2.47154e-07 2.86736e-06 2.42447e-09   7.5650   0.4381  0.0009 80.8479  2.4106    350215  0.9500
30170.98633   0.94962     728.326 3.43285e-07 2.74288e-06 2.50228e-09   5.8101   0.4511  0.0155 80.6959  2.4213    354150  0.9500
28662.43750   0.95347     707.493 7.31814e-07 2.65294e-06 2.38317e-09   8.9203   0.4564  0.0050 81.5900  2.3587    358085  0.9500
27229.31641         1     708.083 7.75019e-07 2.65511e-06 2.31685e-09   9.8690   0.4208  0.0000 82.9294  2.2649    362020  0.9500
25867.85156         1     708.083 3.11286e-07 2.65511e-06 2.31685e-09   6.7519   0.4211  0.0000 81.3404  2.3762    365955  0.9500
24574.45898    0.9527     691.515 2.61121e-07 2.59616e-06 2.31685e-09   6.7519   0.4557  0.0148 79.8025  2.4838    369890  0.9500
23345.73633         1     689.982 2.93258e-07 2.59018e-06 2.26019e-09   6.6032   0.4252  0.0000 81.0517  2.3964    373825  0.9500
22178.44922         1     689.982 3.49637e-07 2.59018e-06 2.26019e-09   6.4877   0.4226  0.0000 79.8488  2.4806    377760  0.9500
21069.52734    1.0425     744.129 2.36159e-07 2.78387e-06 2.26019e-09   6.6032   0.4379  0.0122 78.4608  2.5777    381695  0.9500
20016.05078         1     748.622 3.10891e-07 2.79994e-06 2.44322e-09   6.6032   0.4333  0.0000 78.2934  2.5895    385630  0.9500
19015.24805    1.0174     767.587 3.18474e-07 2.87098e-06 2.44323e-09   6.6032   0.4582  0.0039 77.7681  2.6262    389565  0.9500
18064.48633    1.0226     774.953 3.26385e-07 2.88283e-06 2.50694e-09   7.0229   0.4239  0.0027 79.1831  2.5272    393500  0.9500
17161.26172         1     775.062  2.7338e-07  2.8832e-06 2.51588e-09   7.5650   0.4145  0.0000 77.9073  2.6165    397435  0.9500
16303.19824         1     775.062 2.28646e-07  2.8832e-06 2.51588e-09   6.6032   0.4180  0.0000 75.9196  2.7556    401370  0.9500
15488.03809   0.93077     730.323 1.86897e-07 2.71418e-06 2.51588e-09   6.4877   0.4757  0.0023 74.2526  2.8723    405305  0.9500
14713.63574         1     730.282 2.53946e-07 2.71404e-06 2.36827e-09   7.7006   0.4196  0.0000 76.9057  2.6866    409240  0.9500
13977.95410   0.80987     624.534 4.40948e-07 2.37127e-06 2.36827e-09  10.4112   0.4366  0.0173 75.3344  2.7966    413175  0.9500
13279.05664         1     623.494 1.91058e-07 2.36825e-06 2.06653e-09   7.7006   0.4180  0.0000 75.0778  2.8146    417110  0.9500
12615.10352         1     623.494  1.7906e-07 2.36825e-06 2.06653e-09   7.7006   0.4013  0.0000 73.4294  2.9299    421045  0.9500
11984.34863    1.0195     644.212 1.72853e-07 2.44252e-06 2.06653e-09   7.7006   0.4424  0.0033 70.5855  3.1290    424980  0.9500
11385.13086    1.0009     656.673 1.75407e-07 2.48832e-06 2.13142e-09   7.7006   0.4277  0.0020 70.7577  3.1170    428915  0.9500
10815.87402    1.1502     743.594 1.35425e-07  2.7864e-06 2.17169e-09   9.0559   0.4424  0.0285 69.8874  3.1779    432850  0.9500
10275.08008    1.0026     750.902 2.61264e-07 2.80316e-06 2.44127e-09   6.1714   0.4262  0.0003 70.0579  3.1659    436785  0.9500
9761.32617    1.0039     762.719 1.85984e-07 2.83914e-06 2.44609e-09  10.0046   0.4338  0.0050 69.0893  3.2337    440720  0.9500
9273.25977   0.96687     731.042 5.92511e-07 2.71459e-06 2.47403e-09  10.0046   0.4264  0.0061 68.6609  3.2637    444655  0.9500
8809.59668    1.0001     737.229 2.10982e-07 2.74135e-06 2.36397e-09   6.2743   0.4414  0.0000 67.7292  3.3290    448590  0.9500
8369.11719         1     737.362 1.85003e-07 2.74192e-06  2.3926e-09  10.0046   0.4381  0.0000 67.8256  3.3222    452525  0.9500
7950.66113         1     737.362 1.86162e-07 2.74192e-06  2.3926e-09  10.0046   0.4079  0.0000 67.6980  3.3311    456460  0.9500
7553.12793    1.0209      766.46 1.96236e-07  2.8604e-06  2.3926e-09   6.2743   0.4518  0.0007 65.5234  3.4834    460395  0.9500
7175.47168    1.0156     781.679 6.53855e-07 2.91335e-06  2.4961e-09  10.0046   0.4224  0.0042 66.2994  3.4290    464330  0.9500
6816.69824     1.024     819.929 1.83386e-07 3.06117e-06 2.54546e-09  10.0046   0.4351  0.0033 65.1301  3.5109    468265  0.9500
6475.86328         1     820.597 7.74737e-07 3.06374e-06 2.67343e-09  10.0046   0.4478  0.0000 64.8090  3.5334    472200  0.9500
6152.07031   0.92325     792.136 1.62758e-07 2.95375e-06 2.67342e-09  10.0046   0.4180  0.0216 65.3130  3.4981    476135  0.9500
5844.46680         1     789.877 2.66557e-07 2.94502e-06 2.56983e-09   5.9456   0.4310  0.0000 63.8789  3.5985    480070  0.9500
5552.24365   0.99641     785.152 1.71919e-07 2.93844e-06 2.56983e-09   8.6493   0.4584  0.0001 63.3042  3.6387    484005  0.9500
5274.63135         1     785.146 1.79239e-07 2.93843e-06 2.56408e-09   8.6493   0.4366  0.0000 64.4722  3.5569    487940  0.9500
5010.89990   0.96996     758.325 1.72078e-07 2.84155e-06 2.56408e-09   8.6493   0.4186  0.0143 64.2526  3.5723    491875  0.9500
4760.35498    1.0002     763.397 1.58775e-07 2.85148e-06 2.46048e-09   8.6493   0.4389  0.0012 62.8745  3.6688    495810  0.9500
4522.33740   0.98934     753.011 2.08277e-07 2.81878e-06 2.48887e-09   5.9456   0.4234  0.0029 62.8042  3.6737    499745  0.9500
4296.22070         1     752.234 1.62318e-07 2.81632e-06 2.45752e-09   8.3782   0.4546  0.0000 61.7604  3.7468    503680  0.9500
4081.40967   0.98997     743.605 2.06981e-07 2.78641e-06 2.45752e-09   6.0033   0.4811  0.0067 62.6644  3.6835    507615  0.9500
3877.33911   0.92653     707.584 4.61397e-07 2.64266e-06   2.422e-09  10.2756   0.4198  0.0072 65.2379  3.5033    511550  0.9500
3683.47217    1.0444     750.789 5.01043e-07 2.80713e-06 2.30477e-09   9.8690   0.4524  0.0072 63.9215  3.5955    515485  0.9500
3499.29858   0.94442     767.682 1.40933e-07 2.88893e-06 2.45497e-09   7.9716   0.4274  0.0036 64.7110  3.5402    519420  0.9500
3324.33374         1     768.216 5.26877e-07 2.89126e-06 2.52292e-09  10.0046   0.4165  0.0000 63.8986  3.5971    523355  0.9500
3158.11694         1     768.216  1.3394e-07 2.89126e-06 2.52292e-09   7.8361   0.4496  0.0000 62.3982  3.7021    527290  0.9500
3000.21118   0.99851     768.493 2.12793e-07 2.87531e-06 2.52292e-09   6.0033   0.4198  0.0020 62.9944  3.6604    531225  0.9500
2850.20068   0.97579     718.384 1.40044e-07 2.70965e-06 2.50957e-09   7.7006   0.4208  0.0182 61.7233  3.7494    535160  0.9500
2707.69067         1     721.643 4.19632e-07 2.72316e-06 2.37623e-09  10.2756   0.4361  0.0000 60.5406  3.8322    539095  0.9500
2572.30615   0.99154     719.506  1.8341e-07   2.691e-06 2.37623e-09   6.0033   0.4371  0.0042 60.3037  3.8487    543030  0.9500
2443.69092         1     718.773 1.64124e-07  2.6877e-06 2.34528e-09   7.7006   0.4137  0.0000 60.1290  3.8610    546965  0.9500
2321.50635    0.9474     684.758 2.01244e-07 2.54161e-06 2.34528e-09   6.0033   0.4567  0.0022 58.5490  3.9716    550900  0.9500
2205.43115   0.98879     677.058 1.40345e-07  2.5113e-06 2.21759e-09   7.7006   0.4280  0.0011 59.5250  3.9032    554835  0.9500
2095.15967   0.88997     623.612 1.51525e-07 2.30369e-06 2.19111e-09   5.9439   0.4511  0.0111 58.8080  3.9534    558770  0.9500
1990.40173   0.96365     606.854 1.03929e-07 2.24711e-06   2.008e-09   7.2940   0.4470  0.0122 59.4596  3.9078    562705  0.9500
1890.88159   0.93155      559.83 2.37555e-07 2.07574e-06 1.95701e-09   9.4624   0.4663  0.0095 59.8767  3.8786    566640  0.9500
1796.33752    1.0123     571.335 9.98564e-08 2.11753e-06 1.80754e-09   5.9439   0.4186  0.0017 61.4531  3.7683    570575  0.9500
1706.52063     0.971      547.68 6.28143e-08  2.0451e-06 1.84853e-09   7.2940   0.4158  0.0060 60.1350  3.8605    574510  0.9500
1621.19458    1.0352     581.288 6.58885e-08 2.17107e-06 1.78178e-09   7.2940   0.4297  0.0017 58.6771  3.9626    578445  0.9500
1540.13489         1     581.356 1.34184e-07 2.17134e-06 1.89471e-09   5.9439   0.4241  0.0000 58.0747  4.0048    582380  0.9500
1463.12817   0.96236     575.357 6.17576e-08 2.13704e-06 1.89471e-09   7.2940   0.4404  0.0114 57.1537  4.0692    586315  0.9500
1389.97180         1     574.599 1.42437e-07 2.13417e-06 1.86227e-09   5.9439   0.4274  0.0000 57.1770  4.0676    590250  0.9500
1320.47327         1     574.599 6.24572e-08 2.13417e-06 1.86227e-09   7.2940   0.4307  0.0000 56.4592  4.1179    594185  0.9500
1254.44958   0.99076      565.51 1.17383e-07 2.10587e-06 1.86227e-09   5.9439   0.4186  0.0020 55.9369  4.1544    598120  0.9500
1191.72705    1.0924     631.264 6.79866e-08 2.34187e-06 1.83647e-09   7.2940   0.4244  0.0052 54.7372  4.2384    602055  0.9500
1132.14075    1.0009     633.141 1.06235e-07 2.36275e-06 2.04548e-09   7.2940   0.4363  0.0018 53.8831  4.2982    605990  0.9500
1075.53369    1.0768     710.314 1.51259e-07 2.64549e-06 2.06091e-09   5.9439   0.4226  0.0133 53.6859  4.3120    609925  0.9500
1021.75702    1.0303     749.981 1.33957e-07  2.7963e-06 2.32167e-09   7.7006   0.4206  0.0029 52.7527  4.3773    613860  0.9500
970.66919   0.95922     732.822 4.43182e-07  2.7284e-06 2.44114e-09   9.7335   0.4036  0.0126 51.7285  4.4490    617795  0.9500
922.13574   0.96703     708.227 1.10505e-07 2.63672e-06 2.37489e-09   7.7006   0.4417  0.0030 49.8434  4.5810    621730  0.9500
876.02893    1.0009     735.952 1.18387e-07 2.71884e-06  2.3002e-09   7.7006   0.4584  0.0010 49.9270  4.5751    625665  0.9500
832.22748   0.97217     711.298 1.79731e-07 2.59964e-06 2.37306e-09   7.2940   0.4341  0.0014 50.8481  4.5106    629600  0.9500
790.61609   0.94946     696.611 1.67662e-07 2.55836e-06  2.2682e-09   7.2940   0.4407  0.0061 50.5457  4.5318    633535  0.9500
751.08527   0.98093     699.505 1.36038e-07 2.56563e-06 2.23256e-09   7.2940   0.4338  0.0035 50.5791  4.5295    637470  0.9500
713.53101   0.96731     673.027 1.28683e-07 2.47242e-06 2.24026e-09   7.2940   0.3990  0.0076 50.2655  4.5514    641405  0.9500
677.85443   0.99747     669.908 1.10481e-07 2.45371e-06 2.15126e-09   6.6784   0.4623  0.0002 48.2038  4.6957    645340  0.9500
643.96173    1.0386     714.269 1.16795e-07 2.60572e-06 2.14097e-09   7.2940   0.4579  0.0036 49.2769  4.6206    649275  0.9500
611.76367    1.0015     716.304 1.32438e-07 2.62642e-06 2.27561e-09   6.6784   0.4094  0.0008 50.1610  4.5587    653210  0.9500
581.17548   0.99764     713.065 7.10548e-08 2.62646e-06 2.29224e-09   8.3782   0.4717  0.0004 48.6262  4.6662    657145  0.9500
552.11670   0.96942     675.026 8.53792e-08 2.49894e-06 2.29184e-09   8.3782   0.4315  0.0018 50.1659  4.5584    661080  0.9500
524.51086    1.0177     698.182  8.3578e-08 2.57897e-06 2.18018e-09   8.3782   0.4135  0.0051 49.7401  4.5882    665015  0.9500
498.28531   0.99341     696.817 3.98822e-07 2.57557e-06 2.25616e-09   9.3269   0.4549  0.0003 48.4205  4.6806    668950  0.9500
473.37103   0.99981     696.927  7.3797e-08 2.57439e-06 2.24743e-09   8.3782   0.4412  0.0002 49.1415  4.6301    672885  0.9500
449.70248     1.013      717.14 1.23036e-07 2.64592e-06  2.2464e-09   6.6784   0.4005  0.0013 49.1990  4.6261    676820  0.9500
427.21735         1     717.331 7.00765e-08  2.6466e-06 2.30943e-09   8.3782   0.4432  0.0000 47.2560  4.7621    680755  0.9500
405.85648   0.99778     714.775 9.72329e-08 2.63945e-06 2.30943e-09   6.6784   0.4361  0.0001 47.4074  4.7515    684690  0.9500
385.56366    1.0076     726.057  8.0279e-08  2.6697e-06 2.30318e-09   8.3782   0.4297  0.0007 47.2218  4.7645    688625  0.9500
366.28546   0.98142      708.25 1.16007e-07 2.60174e-06 2.32979e-09   6.6784   0.4864  0.0034 46.7370  4.7984    692560  0.9500
347.97119   0.99197      702.73 5.61712e-08 2.58006e-06 2.26825e-09   8.3782   0.4605  0.0022 48.9058  4.6466    696495  0.9500
330.57263   0.99237     696.222 4.25491e-08 2.56346e-06 2.25196e-09   8.7848   0.4371  0.0009 49.9075  4.5765    700430  0.9500
314.04401    1.0066     705.548 1.29071e-07 2.60688e-06 2.23668e-09   6.6784   0.4249  0.0083 49.7629  4.5866    704365  0.9500
298.34180    1.0156     712.446 4.12132e-08 2.64554e-06 2.26326e-09   8.7848   0.4480  0.0015 49.0117  4.6392    708300  0.9500
283.42471         1      712.55 4.87864e-08 2.64605e-06 2.30894e-09   8.7848   0.4452  0.0000 49.4053  4.6116    712235  0.9500
269.25348   0.97016     691.092  1.2685e-07 2.56295e-06 2.30894e-09   6.6784   0.4145  0.0081 49.6640  4.5935    716170  0.9500
255.79080    1.0012     706.832 4.02228e-07  2.6186e-06 2.23108e-09   9.7335   0.4358  0.0052 48.3968  4.6822    720105  0.9500
243.00127   0.94623     687.547 3.28446e-07 2.54403e-06 2.28551e-09  10.4112   0.4282  0.0124 48.1951  4.6963    724040  0.9500
230.85120   0.96296     665.822 3.42878e-08 2.46847e-06 2.21644e-09   8.7848   0.4211  0.0066 47.6268  4.7361    727975  0.9500
219.30864         1     665.164 2.83642e-08  2.4662e-06   2.152e-09   8.7848   0.4424  0.0000 46.7263  4.7992    731910  0.9500
208.34320   0.99352     665.046 2.80486e-08 2.46321e-06   2.152e-09   8.7848   0.4277  0.0008 46.8403  4.7912    735845  0.9500
197.92604    1.0025     670.242 3.17347e-08 2.46415e-06 2.14935e-09   8.7848   0.4391  0.0007 46.2642  4.8315    739780  0.9500
188.02974         1     670.641 2.79023e-08 2.46437e-06 2.15041e-09   8.7848   0.4330  0.0000 46.2242  4.8343    743715  0.9500
178.62825    1.0308      696.92 2.96295e-08 2.55965e-06 2.15041e-09   8.7848   0.4590  0.0048 45.9023  4.8568    747650  0.9500
169.69684         1     697.561 3.47294e-08 2.56197e-06 2.23558e-09   8.7848   0.4668  0.0000 46.7726  4.7959    751585  0.9500
161.21199   0.95142     669.211 1.96184e-07 2.48128e-06 2.23558e-09   5.5942   0.4470  0.0075 48.0278  4.7081    755520  0.9500
153.15140    1.0009     669.363 3.56123e-08    2.49e-06  2.1636e-09   8.7848   0.4297  0.0016 48.3646  4.6845    759455  0.9500
145.49384         1     669.285 3.78275e-07 2.49021e-06 2.17295e-09   9.3269   0.4788  0.0000 47.8681  4.7192    763390  0.9500
138.21915   0.98109     646.785 2.00191e-07 2.42019e-06 2.17295e-09   5.5942   0.4445  0.0041 49.7244  4.5893    767325  0.9500
131.30820         1     645.748 3.89584e-07 2.41697e-06 2.10905e-09   9.3269   0.4226  0.0000 49.9468  4.5737    771260  0.9500
124.74279         1     645.748 3.88646e-08 2.41697e-06 2.10905e-09   8.7848   0.4244  0.0000 49.0786  4.6345    775195  0.9500
118.50565         1     645.748 2.04077e-07 2.41697e-06 2.10905e-09   5.5942   0.4468  0.0000 48.3128  4.6881    779130  0.9500
112.58037    1.0217     675.447  1.8811e-07 2.52424e-06 2.10905e-09   5.5942   0.4501  0.0041 48.6394  4.6652    783065  0.9500
106.95135    1.0403     718.584 4.19642e-08 2.68259e-06 2.20644e-09   8.7848   0.4508  0.0027 49.1289  4.6310    787000  0.9500
101.60378     0.971     710.088 2.00539e-07 2.64413e-06 2.34139e-09   5.5942   0.4440  0.0029 49.6607  4.5937    790935  0.9500
 96.52359   0.95496      687.17 5.44259e-08 2.54343e-06 2.30699e-09   8.1072   0.4445  0.0074 49.8576  4.5800    794870  0.9500
 91.69741    1.0093     693.733   5.526e-08 2.57061e-06  2.2172e-09   8.1072   0.4269  0.0008 50.0806  4.5644    798805  0.9500
 87.11254         1     693.777 4.81379e-08 2.57079e-06 2.24327e-09   8.1072   0.4463  0.0000 49.4264  4.6101    802740  0.9500
 82.75691    1.0062     702.046 6.00563e-08 2.60843e-06 2.24327e-09   8.1072   0.4259  0.0009 49.7354  4.5885    806675  0.9500
 78.61906   0.99763     703.668  1.6502e-07 2.61948e-06 2.27608e-09   5.6143   0.4274  0.0010 49.0352  4.6375    810610  0.9500
 74.68811    0.9787     677.947 3.77865e-08 2.53973e-06 2.28608e-09   8.6493   0.4241  0.0026 48.4196  4.6806    814545  0.9500
 70.95370   0.95581     648.206 3.88935e-08  2.4265e-06  2.2151e-09   8.6493   0.4097  0.0025 47.6518  4.7344    818480  0.9500
 67.40602         1     648.115 4.10239e-07 2.42615e-06 2.11706e-09   8.6493   0.4135  0.0000 46.2059  4.8356    822415  0.9500
 64.03572         1     648.115 3.33747e-08 2.42615e-06 2.11706e-09   8.6493   0.4658  0.0000 44.9800  4.9214    826350  0.9500
 60.83393   0.95048       640.7 3.44977e-08 2.41418e-06 2.11706e-09   8.6493   0.4427  0.0036 46.1414  4.8401    830285  0.9500
 57.79224   0.99908      641.58 1.50177e-07 2.43439e-06 2.10661e-09   5.4788   0.4389  0.0032 46.2657  4.8314    834220  0.9500
 54.90263   0.97123      624.75 2.56675e-08 2.37484e-06 2.12399e-09   8.6493   0.4269  0.0054 46.2139  4.8350    838155  0.9500
 52.15749    1.0039     634.912 1.68983e-07 2.41311e-06 2.07044e-09   5.1633   0.4427  0.0048 45.6103  4.8773    842090  0.9500
 49.54962         1     636.803 3.51329e-07  2.4218e-06 2.11327e-09   8.6493   0.4773  0.0000 45.7331  4.8687    846025  0.9500
 47.07214         1     636.803 2.19283e-07  2.4218e-06 2.11327e-09   5.1675   0.4579  0.0000 47.4370  4.7494    849960  0.9500
 44.71853         1     636.803 3.18182e-08  2.4218e-06 2.11327e-09   8.6493   0.4407  0.0000 48.2880  4.6898    853895  0.9500
 42.48260    1.0056     648.839  3.3747e-08 2.45488e-06 2.11327e-09   8.6493   0.4539  0.0011 48.3200  4.6876    857830  0.9500
 40.35847   0.99341     645.635 3.32826e-08 2.43731e-06  2.1432e-09   8.6493   0.4091  0.0010 48.9904  4.6407    861765  0.9500
 38.34055         1     645.546  1.7593e-07 2.43686e-06  2.1264e-09   5.1675   0.4470  0.0000 47.4790  4.7465    865700  0.9500
 36.42352         1     645.546  2.9939e-08 2.43686e-06 2.12641e-09   8.6493   0.4534  0.0000 47.8120  4.7232    869635  0.9500
 34.60234         1     645.546 4.04617e-07 2.43686e-06 2.12641e-09   8.6493   0.4358  0.0000 48.4511  4.6784    873570  0.9500
 32.87223         1     645.546 3.20162e-08 2.43686e-06 2.12641e-09   8.6493   0.4671  0.0000 48.2492  4.6926    877505  0.9500
 31.22861    1.0187     679.159 3.26331e-08 2.53254e-06 2.12641e-09   8.6493   0.4353  0.0036 49.5563  4.6011    881440  0.9500
 29.66718         1      679.28 3.66724e-08 2.53244e-06 2.20981e-09   8.6493   0.4468  0.0000 49.3245  4.6173    885375  0.9500
 28.18383    1.0074     688.154 1.70852e-07 2.56792e-06 2.20981e-09   5.6896   0.4257  0.0011 49.6580  4.5939    889310  0.9500
 26.77464         1      688.36 3.58168e-08 2.56875e-06 2.24149e-09   8.6493   0.4152  0.0000 48.9462  4.6438    893245  0.9500
 25.43590         1      688.36  3.5727e-08 2.56875e-06 2.24149e-09   8.6493   0.4165  0.0000 47.7347  4.7286    897180  0.9500
 24.16411    1.0316     712.022 3.56807e-08 2.65738e-06 2.24149e-09   8.6493   0.4323  0.0073 46.6138  4.8070    901115  0.9500
 22.95590    1.0119     718.366 4.24349e-08  2.6954e-06 2.32376e-09   8.6493   0.4844  0.0031 46.2537  4.8322    905050  0.9500
 21.80811   0.85421     660.385 4.66239e-08  2.4784e-06 2.35391e-09   8.6493   0.4442  0.0341 48.3060  4.6886    908985  0.9500
 20.71770    1.0049     663.654 1.63331e-07 2.47957e-06 2.15202e-09   5.5390   0.4069  0.0002 48.5098  4.6743    912920  0.9500
 19.68182    0.9698      642.47 3.11459e-08 2.40714e-06 2.16371e-09   8.6493   0.4132  0.0066 46.9023  4.7868    916855  0.9500
 18.69773   0.96737     635.397 3.10722e-08 2.38007e-06 2.09744e-09   8.6493   0.4267  0.0060 45.6460  4.8748    920790  0.9500
 17.76284   0.96939     637.132 3.10705e-07  2.3794e-06 2.07579e-09   8.6493   0.4368  0.0106 45.0381  4.9173    924725  0.9500
 16.87470   0.96164     616.954  1.7594e-07 2.30851e-06 2.07373e-09   5.1675   0.4569  0.0052 44.8962  4.9273    928660  0.9500
 16.03096    1.0094     627.759 2.96237e-08 2.34786e-06  2.0133e-09   8.6493   0.4208  0.0009 45.6561  4.8741    932595  0.9500
 15.22942    1.0395     645.546 3.00248e-08 2.40517e-06 2.04905e-09   8.6493   0.4193  0.0068 44.7812  4.9353    936530  0.9500
 14.46795     1.008     656.222 2.43254e-08 2.44609e-06 2.10024e-09   9.5980   0.4729  0.0007 43.8549  5.0002    940465  0.9500
 13.74455    1.0165     674.714 2.53497e-08 2.50794e-06 2.13477e-09   9.5980   0.4341  0.0061 45.2993  4.8991    944400  0.9500
 13.05732    0.9136     647.737 2.53908e-08 2.41933e-06 2.19454e-09   9.4624   0.4188  0.0083 45.0299  4.9179    948335  0.9500
 12.40445   0.97332     624.656  1.6946e-07 2.33063e-06 2.11035e-09   5.1257   0.4086  0.0024 44.0755  4.9847    952270  0.9500
 11.78423     1.037     635.185 4.35904e-08 2.37717e-06 2.03309e-09   7.7006   0.4384  0.0091 42.6933  5.0815    956205  0.9500
 11.19502   0.97847     618.278 5.79531e-08 2.30297e-06 2.07683e-09   7.7006   0.4338  0.0037 42.6239  5.0863    960140  0.9500
 10.63527    1.0377     646.444 2.10785e-07 2.40988e-06 2.00782e-09   8.9203   0.4592  0.0054 42.3596  5.1048    964075  0.9500
 10.10351         1     647.127 1.31858e-07 2.41252e-06 2.10517e-09   5.8184   0.4536  0.0000 43.1734  5.0479    968010  0.9500
  9.59833         1     647.127 8.87135e-08 2.41252e-06 2.10517e-09   7.0229   0.4132  0.0000 43.7615  5.0067    971945  0.9500
  9.11841    1.0504     673.694 2.77198e-07 2.50157e-06 2.10517e-09   8.9203   0.4310  0.0174 42.5893  5.0887    975880  0.9500
  8.66249   0.93075     648.145 1.65951e-07  2.4073e-06  2.1915e-09  10.2756   0.4274  0.0088 42.2062  5.1156    979815  0.9500
  8.22937   0.99448     641.042 1.02204e-07 2.38399e-06 2.09911e-09   7.0229   0.4379  0.0008 41.6763  5.1527    983750  0.9500
  7.81790    1.0063     648.081  1.2181e-07  2.4082e-06 2.07991e-09   5.8184   0.4252  0.0005 41.5873  5.1589    987685  0.9500
  7.42700         1     648.137 9.75147e-08  2.4084e-06 2.10157e-09   7.0229   0.4272  0.0000 40.9701  5.2021    991620  0.9500
  7.05565         1     648.137 1.02385e-07  2.4084e-06 2.10157e-09   7.0229   0.4402  0.0000 40.4454  5.2388    995555  0.9500
  6.70287    1.0019     650.804 1.29311e-07 2.40791e-06 2.10157e-09   5.8184   0.4285  0.0011 40.4516  5.2384    999490  0.9500
  6.36773         1     650.977 1.05203e-07 2.40827e-06 2.10146e-09   7.0229   0.4178  0.0000 39.9849  5.2711   1003425  0.9500
  6.04934    1.0059     650.034 9.50163e-08 2.40838e-06 2.10146e-09   7.0229   0.4221  0.0007 39.0968  5.3332   1007360  0.9500
  5.74687         1     650.022 2.60752e-07 2.40838e-06 2.10155e-09   8.9203   0.4257  0.0000 38.3973  5.3822   1011295  0.9500
  5.45953    1.0187     667.033 9.57017e-08 2.46228e-06 2.10155e-09   7.0229   0.4379  0.0020 37.8469  5.4207   1015230  0.9500
  5.18655    1.0261     694.976 1.46827e-07 2.57912e-06 2.14911e-09   5.8184   0.4490  0.0020 37.7661  5.4264   1019165  0.9500
  4.92723   0.98544     693.594 2.34314e-07 2.55571e-06 2.25313e-09   9.8690   0.4168  0.0007 38.1078  5.4025   1023100  0.9500
  4.68087   0.97185     677.535 2.14992e-07  2.4954e-06 2.23006e-09   9.8690   0.4125  0.0058 37.2227  5.4644   1027035  0.9500
  4.44682    1.0086     687.382 1.68248e-07 2.52877e-06 2.17529e-09   5.8184   0.4435  0.0021 36.1973  5.5362   1030970  0.9500
  4.22448         1     687.988 1.06816e-07 2.53084e-06 2.20841e-09   7.0229   0.4145  0.0000 36.3224  5.5274   1034905  0.9500
  4.01326    1.0054     694.702 1.66154e-07 2.55697e-06 2.20841e-09   5.8184   0.4168  0.0016 35.3956  5.5923   1038840  0.9500
  3.81259   0.99947     694.428 1.39296e-07 2.56124e-06 2.23316e-09   5.8184   0.4229  0.0001 34.5735  5.6499   1042775  0.9500
  3.62196   0.98775     687.339 1.08508e-07 2.53043e-06 2.23495e-09   7.0229   0.4363  0.0019 33.9813  5.6913   1046710  0.9500
  3.44087    1.0135     704.919 1.11766e-07 2.59405e-06 2.20747e-09   7.0229   0.4663  0.0015 33.8569  5.7000   1050645  0.9500
  3.26882    1.0079     711.209 1.21209e-07 2.61462e-06 2.26428e-09   7.0229   0.4252  0.0004 34.7483  5.6376   1054580  0.9500
  3.10538         1     711.219 1.20159e-07 2.61465e-06 2.28155e-09   7.0229   0.4252  0.0000 34.2326  5.6737   1058515  0.9500
  2.95011    0.9664     695.054 1.24244e-07 2.56022e-06 2.28155e-09   7.0229   0.4656  0.0039 33.7246  5.7093   1062450  0.9500
  2.80261   0.95986     686.234 1.10807e-07 2.52945e-06 2.23342e-09   6.8874   0.4168  0.0067 34.5867  5.6489   1066385  0.9500
  2.66248         1     685.816 9.82107e-08   2.528e-06 2.20594e-09   6.8874   0.4216  0.0000 33.7834  5.7052   1070320  0.9500
  2.52935         1     685.816 9.59197e-08   2.528e-06 2.20594e-09   6.8874   0.4325  0.0000 33.1618  5.7487   1074255  0.9500
  2.40289   0.99609     681.997 3.31294e-07 2.51429e-06 2.20594e-09   8.5137   0.4201  0.0003 32.9140  5.7660   1078190  0.9500
  2.28274   0.97818     671.022 9.30691e-08 2.47789e-06 2.19391e-09   6.8874   0.4468  0.0012 32.2583  5.8119   1082125  0.9500
  2.16860         1     670.991 9.25476e-08 2.47779e-06 2.16212e-09   6.8874   0.4414  0.0000 32.4763  5.7967   1086060  0.9500
  2.06017    1.0076     681.974 9.06089e-08 2.52111e-06 2.16212e-09   6.8874   0.4414  0.0075 32.5225  5.7934   1089995  0.9500
  1.95717         1     680.587 3.30579e-07 2.51724e-06 2.19655e-09   8.5137   0.4445  0.0000 32.5688  5.7902   1093930  0.9500
  1.85931   0.97454     653.068 9.74419e-08 2.41823e-06 2.19655e-09   6.8874   0.4175  0.0100 32.7145  5.7800   1097865  0.9500
  1.76634         1     659.192 2.98649e-07  2.4397e-06 2.12888e-09   8.5137   0.4386  0.0000 31.9796  5.8314   1101800  0.9500
  1.67802   0.88604     613.223  7.9327e-08 2.27411e-06 2.12888e-09   6.8874   0.4440  0.0095 31.9357  5.8345   1105735  0.9500
  1.59412    1.0062     612.368 1.09508e-07 2.27071e-06 1.98049e-09   6.0742   0.4216  0.0024 32.0623  5.8256   1109670  0.9500
  1.51442    1.0216      630.49 1.01253e-07 2.33939e-06 1.98156e-09   6.0742   0.4470  0.0010 31.4724  5.8669   1113605  0.9500
  1.43870   0.95287     625.251 1.57211e-07 2.33054e-06 2.04149e-09   5.1475   0.4607  0.0083 31.6931  5.8515   1117540  0.9500
  1.36676    1.0156     636.921  3.5074e-07 2.37275e-06   2.028e-09   7.9716   0.4358  0.0018 32.3503  5.8055   1121475  0.9500
  1.29842   0.95008     613.749 1.39645e-07 2.29316e-06 2.07116e-09   5.1257   0.4343  0.0072 32.2155  5.8149   1125410  0.9500
  1.23350    1.0163     628.206 3.44847e-07 2.34293e-06 1.99451e-09   7.9716   0.4221  0.0032 32.0321  5.8278   1129345  0.9500
  1.17183         1     628.828 3.38509e-08 2.34507e-06 2.04631e-09   7.4295   0.4175  0.0000 31.4590  5.8679   1133280  0.9500
  1.11324         1     628.828 3.24025e-08 2.34507e-06 2.04631e-09   7.4295   0.4706  0.0000 30.7523  5.9173   1137215  0.9500
  1.05757    1.0238     652.304 3.14537e-08 2.42421e-06 2.04631e-09   7.4295   0.4518  0.0022 31.6948  5.8514   1141150  0.9500
  1.00470     1.054      700.07 3.68176e-08 2.59922e-06 2.11605e-09   7.4295   0.4661  0.0062 32.0702  5.8251   1145085  0.9500
  0.95446         1     701.252 6.15025e-08 2.60346e-06 2.27178e-09   7.4295   0.4221  0.0000 32.9063  5.7666   1149020  0.9500
  0.90674   0.98581     683.981  6.2436e-08 2.53718e-06 2.27178e-09   7.4295   0.4168  0.0025 32.3176  5.8078   1152955  0.9500
  0.86140    1.0112     709.179 5.84974e-08 2.60825e-06 2.21216e-09   7.4295   0.4231  0.0021 31.5670  5.8603   1156890  0.9500
  0.81833         1     709.646  5.8278e-08 2.60964e-06 2.27717e-09   7.4295   0.4389  0.0000 31.0343  5.8976   1160825  0.9500
  0.77741   0.96934     684.933 7.73318e-08 2.51991e-06 2.27717e-09   6.1363   0.4531  0.0038 30.9996  5.9000   1164760  0.9500
  0.73854         1     684.538 7.44848e-08 2.51849e-06 2.19763e-09   7.4295   0.4452  0.0000 31.4061  5.8716   1168695  0.9500
  0.70162    1.0004     685.171 7.13195e-08 2.51798e-06 2.19764e-09   7.4295   0.4221  0.0002 31.5705  5.8601   1172630  0.9500
  0.66654   0.99441     678.417 7.23545e-08 2.49534e-06 2.19719e-09   7.4295   0.4015  0.0006 31.0057  5.8996   1176565  0.9500
  0.63321    1.0125     678.704 3.28253e-07 2.49916e-06 2.17722e-09   8.6493   0.4163  0.0000 29.8127  5.9831   1180500  0.9500
  0.60155    1.0051     685.361 7.49494e-08 2.52681e-06 2.18076e-09   7.4295   0.4435  0.0018 29.1051  6.0326   1184435  0.9500
  0.57147   0.96056     668.317 7.00036e-08 2.47511e-06 2.20795e-09   7.4295   0.4036  0.0061 29.2057  6.0256   1188370  0.9500
  0.54290    1.0184     688.146 3.11646e-07 2.54632e-06 2.15553e-09   8.2427   0.4323  0.0036 28.1414  6.1001   1192305  0.9500
  0.51575         1     688.944 6.22351e-08  2.5492e-06 2.22443e-09   7.2940   0.4597  0.0000 27.9240  6.1153   1196240  0.9500
  0.48996   0.98052     672.264 6.53414e-08 2.47925e-06 2.22443e-09   7.2940   0.4618  0.0022 28.4747  6.0768   1200175  0.9500
  0.46547   0.99695     668.115 6.63259e-08 2.46789e-06 2.16266e-09   7.2940   0.4135  0.0007 29.0941  6.0334   1204110  0.9500
  0.44219    1.0165     678.164 4.01237e-07 2.50438e-06 2.15295e-09   7.5650   0.4203  0.0053 28.3222  6.0874   1208045  0.9500
  0.42008         1     679.234 1.07847e-07 2.50824e-06 2.18869e-09   5.3432   0.4107  0.0000 27.7651  6.1264   1211980  0.9500
  0.39908    1.0328     705.793 1.35286e-07 2.60871e-06 2.18869e-09   5.2077   0.4427  0.0040 26.9508  6.1834   1215915  0.9500
  0.37913         1     706.397 3.94363e-07 2.61102e-06 2.27838e-09   8.3782   0.4290  0.0000 27.0234  6.1784   1219850  0.9500
  0.36017    1.0439     739.701 1.96451e-07 2.72904e-06 2.27838e-09   5.3432   0.4272  0.0034 26.7254  6.1992   1223785  0.9500
  0.34216    1.0039     764.728 5.27102e-08 2.82759e-06 2.38198e-09   7.8361   0.4196  0.0015 26.3831  6.2232   1227720  0.9500
  0.32505         1     765.858 3.05922e-07 2.83165e-06  2.4709e-09  10.0046   0.4546  0.0000 25.8440  6.2609   1231655  0.9500
  0.30880   0.98585     748.107 9.82946e-08 2.76155e-06 2.47089e-09   6.2250   0.4315  0.0014 26.2223  6.2344   1235590  0.9500
  0.29336    1.0073     758.749 1.10984e-07 2.79934e-06 2.40915e-09   6.8874   0.4241  0.0004 25.9998  6.2500   1239525  0.9500
  0.27869         1     758.788 1.14562e-07 2.79948e-06 2.44283e-09   6.8874   0.4368  0.0000 25.5875  6.2789   1243460  0.9500
  0.26476   0.96585     740.339 1.06811e-07 2.73739e-06 2.44283e-09   6.8874   0.4389  0.0013 25.5068  6.2845   1247395  0.9500
  0.25152    1.0314     754.235 9.42026e-08 2.78581e-06  2.3882e-09   6.8874   0.4211  0.0033 25.4783  6.2865   1251330  0.9500
  0.23894    1.0036     755.376 5.84873e-08 2.79304e-06 2.43137e-09   7.5650   0.4366  0.0007 24.9966  6.3202   1255265  0.9500
  0.22700         1     755.411 7.22365e-08 2.79328e-06 2.43742e-09   7.5650   0.4247  0.0000 24.9115  6.3262   1259200  0.9500
  0.21565         1     755.411 6.26378e-08 2.79328e-06 2.43742e-09   7.5650   0.4577  0.0000 24.5291  6.3530   1263135  0.9500
  0.20486    0.9849         742 6.85639e-08   2.745e-06 2.43742e-09   7.5650   0.4490  0.0037 24.9629  6.3226   1267070  0.9500
  0.19462    1.0103     755.146 5.90632e-08 2.81419e-06  2.3927e-09   7.5650   0.4216  0.0011 25.1888  6.3068   1271005  0.9500
  0.18489         1     755.315 5.80964e-08 2.81511e-06 2.45647e-09   7.5650   0.4328  0.0000 24.7253  6.3392   1274940  0.9500
  0.17565         1     755.315 6.75596e-08 2.81511e-06 2.45647e-09   7.5650   0.4722  0.0000 24.5469  6.3517   1278875  0.9500
  0.16686    0.9983     753.526 3.16463e-07 2.80133e-06 2.45647e-09   9.4624   0.4127  0.0003 25.3366  6.2964   1282810  0.9500
  0.15852    1.0033     758.487 1.02899e-07 2.81757e-06 2.44435e-09   6.2250   0.4417  0.0004 24.6451  6.3448   1286745  0.9500
  0.15059   0.99963     758.003 7.19399e-08 2.81922e-06  2.4588e-09   7.5650   0.4310  0.0000 24.6864  6.3419   1290680  0.9500
  0.14306   0.88826      724.22 5.28309e-08 2.69324e-06 2.46007e-09   7.5650   0.4452  0.0333 24.4644  6.3575   1294615  0.9500
  0.13591         1     720.763 1.67198e-07 2.68045e-06 2.33896e-09   6.2250   0.4567  0.0000 24.5924  6.3485   1298550  0.9500
  0.12912    1.0088     732.814  1.5318e-07 2.73217e-06 2.33896e-09   6.2250   0.4226  0.0009 25.0024  6.3198   1302485  0.9500
  0.12266    1.0027     736.751 1.50967e-07 2.74722e-06 2.38461e-09   6.2250   0.4188  0.0003 24.5678  6.3503   1306420  0.9500
  0.11653    1.0124     753.885 1.34141e-07 2.79167e-06 2.39737e-09   6.2250   0.4300  0.0038 24.0471  6.3867   1310355  0.9500
  0.11070         1     755.463 3.13355e-07 2.79576e-06 2.43958e-09   9.4624   0.4684  0.0000 23.8063  6.4036   1314290  0.9500
  0.10517         1     755.463 1.37205e-07 2.79576e-06 2.43958e-09   6.2250   0.4028  0.0000 24.4815  6.3563   1318225  0.9500
  0.09991    1.0092     759.966 9.92905e-08 2.81631e-06 2.43958e-09   6.2250   0.4089  0.0014 23.5707  6.4201   1322160  0.9500
  0.09491    1.0058     766.515 1.36662e-07    2.84e-06 2.45673e-09   6.4808   0.3947  0.0020 22.8375  6.4714   1326095  0.9500
  0.09017    1.0195     776.307 3.66322e-07 2.87394e-06 2.48081e-09   9.4624   0.4262  0.0026 21.8021  6.5439   1330030  0.9500
  0.08566         1     776.459 3.71362e-07 2.87446e-06 2.50826e-09   9.7335   0.4183  0.0000 21.5007  6.5650   1333965  0.9500
  0.08138         1     776.459 1.22887e-07 2.87446e-06 2.50826e-09   6.2250   0.4163  0.0000 21.0341  6.5976   1337900  0.9500
  0.07731         1     776.459  9.7488e-08 2.87446e-06 2.50826e-09   6.2250   0.4046  0.0000 20.5348  6.6326   1341835  0.9500
  0.07344    1.0024     773.123 1.45948e-07 2.87038e-06 2.50826e-09   6.4808   0.4376  0.0008 19.8074  6.6835   1345770  0.9500
  0.06977   0.96521     773.959 1.31045e-07 2.87056e-06 2.50482e-09   6.6163   0.4188  0.0051 19.7601  6.6868   1349705  0.9500
  0.06628   0.98871     762.058 1.72372e-07 2.83484e-06 2.50485e-09   6.2250   0.4203  0.0008 19.3412  6.7161   1353640  0.9500
  0.06297     1.008     771.468 1.26653e-07 2.86503e-06 2.47419e-09   6.2250   0.4640  0.0021 18.9608  6.7427   1357575  0.9500
  0.05982   0.99147     762.045  1.7384e-07 2.82869e-06 2.50182e-09   6.2250   0.4539  0.0011 19.4166  6.7108   1361510  0.9500
  0.05683    1.0088     781.046 1.08213e-07 2.87661e-06 2.46775e-09   6.2250   0.4531  0.0028 19.6861  6.6920   1365445  0.9500
  0.05399    1.0036     786.183 1.39268e-07 2.89495e-06 2.51033e-09   6.0895   0.4402  0.0007 19.9442  6.6739   1369380  0.9500
  0.05129   0.99267     776.999  1.8561e-07 2.85864e-06  2.5267e-09   6.2098   0.4618  0.0013 19.9472  6.6737   1373315  0.9500
  0.04872   0.98426     763.119 1.24752e-07 2.82702e-06 2.49551e-09   6.0895   0.4135  0.0020 20.3812  6.6433   1377250  0.9500
  0.04629         1     762.896 1.08023e-07 2.82647e-06 2.46637e-09   6.0895   0.4445  0.0000 19.8404  6.6812   1381185  0.9500
  0.04397   0.98108     754.044  3.2689e-07 2.79464e-06 2.46638e-09   9.7335   0.4437  0.0033 19.9292  6.6750   1385120  0.9500
  0.04177   0.98166      742.82 1.33382e-07 2.75495e-06 2.43779e-09   6.0895   0.4168  0.0027 20.0031  6.6698   1389055  0.9500
  0.03968    1.0031     746.084 1.24741e-07  2.7694e-06 2.40325e-09   6.0895   0.4112  0.0002 19.5385  6.7023   1392990  0.9500
  0.03770    1.0086     756.236 1.50787e-07 2.80976e-06 2.41649e-09   6.0895   0.4076  0.0012 18.9754  6.7417   1396925  0.9500
  0.03582   0.96001      724.73 1.06961e-07 2.68993e-06 2.45254e-09   6.4808   0.4213  0.0057 18.3611  6.7847   1400860  0.9500
  0.03402    1.0094     723.897 8.81064e-08 2.69048e-06 2.34375e-09   6.4808   0.4679  0.0008 18.0186  6.8087   1404795  0.9500
  0.03232   0.98823     710.667 1.13713e-07  2.6407e-06 2.34773e-09   6.4808   0.4224  0.0005 18.5204  6.7736   1408730  0.9500
  0.03071         1     710.643 1.07546e-07 2.64061e-06  2.3042e-09   6.0895   0.4280  0.0000 18.1938  6.7964   1412665  0.9500
  0.02917   0.99826     708.539   9.618e-08 2.63033e-06  2.3042e-09   6.4808   0.4051  0.0001 17.9747  6.8118   1416600  0.9500
  0.02771    1.0068      717.31 8.58667e-08  2.6594e-06 2.29523e-09   6.0895   0.4114  0.0006 17.3470  6.8557   1420535  0.9500
  0.02633    0.9995     715.716 8.78183e-08 2.64798e-06 2.32077e-09   6.0895   0.4485  0.0003 16.8515  6.8904   1424470  0.9500
  0.02501         1     715.688 5.75463e-08 2.64776e-06 2.31044e-09   7.1585   0.4219  0.0000 16.9954  6.8803   1428405  0.9500
  0.02376         1     715.688 5.33035e-08 2.64776e-06 2.31044e-09   7.1585   0.4173  0.0000 16.6870  6.9019   1432340  0.9500
  0.02257   0.96467     689.087 2.79857e-07 2.55076e-06 2.31044e-09   9.1914   0.4407  0.0042 16.3079  6.9284   1436275  0.9500
  0.02144   0.99846     687.243 9.42497e-08 2.54209e-06 2.22386e-09   6.0895   0.4501  0.0002 16.3187  6.9277   1440210  0.9500
  0.02037         1     687.201 9.31991e-08 2.54188e-06 2.21804e-09   6.0895   0.4325  0.0000 16.4829  6.9162   1444145  0.9500
  0.01935    1.0036     691.927 6.25281e-08 2.56691e-06 2.21804e-09   7.1585   0.4356  0.0003 16.3598  6.9248   1448080  0.9500
  0.01839   0.99309     683.098 5.40596e-08 2.53793e-06 2.24012e-09   7.1585   0.4091  0.0006 16.2874  6.9299   1452015  0.9500
  0.01747    0.9968     679.243 5.19186e-08 2.52476e-06 2.21442e-09   7.1585   0.4480  0.0003 15.7849  6.9651   1455950  0.9500
  0.01659   0.99585     674.548 6.08092e-08 2.49998e-06 2.20297e-09   7.1585   0.4574  0.0007 15.9117  6.9562   1459885  0.9500
  0.01576         1     674.421 5.69469e-08 2.49931e-06  2.1809e-09   7.1585   0.4412  0.0000 16.1891  6.9368   1463820  0.9500
  0.01498   0.97295      659.04 5.66864e-08 2.44915e-06  2.1809e-09   7.1585   0.4081  0.0023 16.2080  6.9354   1467755  0.9500
  0.01423     1.003     662.671 4.42313e-08 2.45816e-06  2.1366e-09   7.1585   0.4277  0.0002 15.6915  6.9716   1471690  0.9500
  0.01352    1.0059     670.413 4.99705e-08 2.48743e-06 2.14503e-09   7.1585   0.4549  0.0009 15.4985  6.9851   1475625  0.9500
  0.01284    0.9971     666.618 1.15917e-07 2.48068e-06 2.17112e-09   5.6829   0.4414  0.0003 15.7293  6.9689   1479560  0.9500
  0.01220   0.99682     663.865 4.40076e-08 2.46497e-06 2.16472e-09   7.1585   0.4511  0.0004 15.7517  6.9674   1483495  0.9500
  0.01159   0.98883     654.223 2.81477e-07  2.4285e-06 2.15079e-09   9.0559   0.4239  0.0010 15.9262  6.9552   1487430  0.9500
  0.01101   0.98623     649.289 4.35525e-08 2.41597e-06 2.11888e-09   7.1585   0.4379  0.0016 15.6696  6.9731   1491365  0.9500
  0.01046         1     649.206 8.77813e-08 2.41577e-06   2.108e-09   5.6829   0.4191  0.0000 15.6362  6.9755   1495300  0.9500
  0.00993    1.0074     658.302 4.92527e-08  2.4454e-06   2.108e-09   7.0229   0.4335  0.0004 15.3087  6.9984   1499235  0.9500
  0.00944    1.0126     666.603 4.39326e-08 2.48325e-06  2.1339e-09   7.0229   0.4229  0.0014 15.2099  7.0053   1503170  0.9500
  0.00897   0.99065     665.152  3.1199e-08  2.4786e-06 2.16731e-09   7.4295   0.4198  0.0016 14.9494  7.0235   1507105  0.9500
  0.00852   0.99496     661.442 4.51197e-08 2.46811e-06 2.16279e-09   7.0229   0.4478  0.0004 14.6478  7.0447   1511040  0.9500
  0.00809         1     661.414 7.57575e-08 2.46803e-06 2.15361e-09   5.6829   0.4300  0.0000 14.7617  7.0367   1514975  0.9500
  0.00769   0.98493      648.94 4.03563e-08 2.42612e-06 2.15361e-09   7.0229   0.4323  0.0025 14.6139  7.0470   1518910  0.9500
  0.00730   0.99943     647.889 8.89598e-08 2.42187e-06 2.11598e-09   5.6829   0.4404  0.0002 14.5010  7.0549   1522845  0.9500
  0.00694    1.0038      651.67 4.17717e-08 2.43518e-06 2.11328e-09   7.0229   0.4409  0.0004 14.5069  7.0545   1526780  0.9500
  0.00659   0.99626     644.873 4.33953e-08 2.40533e-06 2.12509e-09   7.0229   0.4574  0.0023 14.5201  7.0536   1530715  0.9500
  0.00626         1     644.363 4.56921e-08 2.40342e-06 2.09723e-09   7.0229   0.4506  0.0000 14.7733  7.0359   1534650  0.9500
  0.00595     0.997     640.544 2.46151e-07 2.38996e-06 2.09722e-09   9.4624   0.4127  0.0002 14.9294  7.0249   1538585  0.9500
  0.00565   0.99688      637.62 2.40884e-07 2.37943e-06 2.08542e-09   9.4624   0.4107  0.0005 14.5220  7.0535   1542520  0.9500
  0.00537         1     637.533 9.59446e-08 2.37914e-06 2.07604e-09   5.6829   0.4417  0.0000 14.0961  7.0833   1546455  0.9500
  0.00510         1     637.533  1.0068e-07 2.37914e-06 2.07604e-09   5.6829   0.4366  0.0000 14.1197  7.0816   1550390  0.9500
  0.00484         1     637.533 4.53303e-08 2.37914e-06 2.07604e-09   7.0229   0.4241  0.0000 14.0716  7.0850   1554325  0.9500
  0.00460   0.99065     633.711 4.71392e-08 2.36559e-06 2.07604e-09   7.0229   0.4386  0.0006 13.8485  7.1006   1558260  0.9500
  0.00437    1.0071     643.072 1.26199e-07 2.39764e-06 2.06416e-09   5.3967   0.4755  0.0018 13.8295  7.1019   1562195  0.9500
  0.00415    1.0026     646.548 4.46724e-08 2.40841e-06 2.09423e-09   7.0229   0.4361  0.0005 14.3201  7.0676   1566130  0.9500
  0.00395         1     646.618 4.39622e-08 2.40862e-06 2.10176e-09   7.0229   0.4396  0.0000 14.2641  7.0715   1570065  0.9500
  0.00375         1     646.618 4.10748e-08 2.40862e-06 2.10176e-09   7.0229   0.4318  0.0000 14.2590  7.0719   1574000  0.9500
  0.00356         1     646.618 1.34166e-07 2.40862e-06 2.10176e-09   5.4185   0.4290  0.0000 14.1416  7.0801   1577935  0.9500
  0.00338         1     646.618   1.352e-07 2.40862e-06 2.10176e-09   5.4185   0.4290  0.0000 13.9856  7.0910   1581870  0.9500
  0.00321   0.99083     636.315 1.28334e-07 2.37298e-06 2.10176e-09   5.3967   0.4231  0.0014 13.8314  7.1018   1585805  0.9500
  0.00305         1     636.062 2.43822e-07 2.37211e-06  2.0699e-09   9.3269   0.4546  0.0000 13.5980  7.1181   1589740  0.9500
  0.00290         1     636.062 1.24825e-07 2.37211e-06  2.0699e-09   5.4185   0.4315  0.0000 13.7970  7.1042   1593675  0.9500
  0.00276   0.99718     632.694 9.35195e-08 2.36317e-06  2.0699e-09   5.4185   0.4605  0.0004 13.6799  7.1124   1597610  0.9500
  0.00262         1     632.642 4.44382e-08 2.36303e-06 2.06198e-09   7.0229   0.4780  0.0000 13.9601  7.0928   1601545  0.9500
  0.00249   0.99728     629.462 4.40556e-08 2.35275e-06 2.06198e-09   7.0229   0.4442  0.0000 14.4909  7.0556   1605480  0.9500
  0.00236   0.98788     617.089 1.40055e-07 2.30273e-06 2.05301e-09   5.4185   0.4597  0.0022 14.5520  7.0514   1609415  0.9500
  0.00224         1     616.662 1.47995e-07   2.301e-06 2.00786e-09   5.4185   0.4343  0.0000 14.8390  7.0313   1613350  0.9500
  0.00213         1     616.662 1.10121e-07   2.301e-06 2.00785e-09   5.3967   0.4305  0.0000 14.7545  7.0372   1617285  0.9500
  0.00203         1     616.662 8.22704e-08   2.301e-06 2.00785e-09   6.3453   0.4445  0.0000 14.6143  7.0470   1621220  0.9500
  0.00192   0.97362     593.087 7.47408e-08 2.20699e-06 2.00785e-09   6.3453   0.4501  0.0034 14.6796  7.0424   1625155  0.9500
  0.00183   0.99738     590.043 9.80967e-08 2.19726e-06 1.92344e-09   6.0742   0.4602  0.0000 14.8273  7.0321   1629090  0.9500
  0.00174   0.97707     582.422 1.33458e-07 2.16984e-06 1.91731e-09   5.4185   0.4450  0.0018 15.1273  7.0111   1633025  0.9500
  0.00165    1.0023     584.997  9.2028e-08 2.18052e-06 1.89326e-09   5.3432   0.4310  0.0002 15.2026  7.0058   1636960  0.9500
  0.00157         1     585.014 2.05377e-07 2.18059e-06 1.90279e-09   9.0559   0.4435  0.0000 15.0659  7.0154   1640895  0.9500
  0.00149   0.99201      576.19 1.01601e-07  2.1471e-06 1.90279e-09   6.0742   0.4409  0.0006 15.1179  7.0117   1644830  0.9500
  0.00141         1     576.134 9.98508e-08 2.14688e-06 1.87337e-09   6.0742   0.4188  0.0000 15.1318  7.0108   1648765  0.9500
  0.00134         1     576.134 9.97918e-08 2.14688e-06 1.87337e-09   6.0742   0.4231  0.0000 14.8111  7.0332   1652700  0.9500
  0.00128   0.95218     562.806 8.30924e-08 2.09874e-06 1.87337e-09   6.0742   0.4178  0.0027 14.5611  7.0507   1656635  0.9500
  0.00121   0.96632     552.567 9.40713e-08 2.07436e-06 1.83073e-09   5.3432   0.4114  0.0058 14.2377  7.0734   1660570  0.9500
  0.00115   0.99915     551.589 1.75844e-07 2.07629e-06  1.8097e-09   8.5137   0.4330  0.0002 13.8310  7.1018   1664505  0.9500
  0.00109    1.0001     551.912 9.07505e-08 2.07084e-06  1.8118e-09   5.8032   0.4033  0.0000 13.7347  7.1086   1668440  0.9500
  0.00104         1     551.921 8.66594e-08 2.07068e-06 1.80688e-09   5.8032   0.4473  0.0000 13.2307  7.1439   1672375  0.9500
  0.00099   0.98647     545.145 1.30316e-07 2.04311e-06 1.80688e-09   4.9969   0.4511  0.0008 13.3269  7.1371   1676310  0.9500
  0.00094   0.97688     529.695 8.55881e-08 1.98737e-06 1.78273e-09   5.8032   0.4480  0.0030 13.4745  7.1268   1680245  0.9500
  0.00089    0.9971     526.635 7.90485e-08 1.97423e-06 1.73323e-09   5.8032   0.4137  0.0005 13.5827  7.1192   1684180  0.9500
  0.00085   0.98193     519.863 7.39743e-08 1.95383e-06 1.72235e-09   5.8032   0.4158  0.0036 13.2258  7.1442   1688115  0.9500
  0.00080         1     519.629 1.56895e-07 1.95308e-06 1.70426e-09   7.7006   0.4069  0.0000 12.9052  7.1666   1692050  0.9500
  0.00076         1     519.629 7.78304e-08 1.95308e-06 1.70426e-09   5.6676   0.4318  0.0000 12.4775  7.1966   1695985  0.9500
  0.00073         1     519.629  8.0946e-08 1.95308e-06 1.70426e-09   5.6676   0.4404  0.0000 12.3748  7.2038   1699920  0.9500
  0.00069         1     519.629 1.07606e-07 1.95308e-06 1.70426e-09   4.8614   0.4343  0.0000 12.3798  7.2034   1703855  0.9500
  0.00066         1     519.629  8.3349e-08 1.95308e-06 1.70426e-09   5.6676   0.4620  0.0000 12.3093  7.2083   1707790  0.9500
  0.00062         1     519.629 8.28173e-08 1.95308e-06 1.70426e-09   5.6676   0.4056  0.0000 12.5802  7.1894   1711725  0.9500
  0.00059   0.99602     515.546 7.58197e-08 1.93633e-06 1.70426e-09   5.6676   0.4229  0.0007 12.1474  7.2197   1715660  0.9500
  0.00056   0.97675     505.149 1.45802e-07 1.90585e-06 1.68911e-09   7.7006   0.4216  0.0033 11.9393  7.2342   1719595  0.9500
  0.00053   0.99042     498.935 7.69789e-08 1.89042e-06 1.66252e-09   5.6676   0.4203  0.0001 11.7196  7.2496   1723530  0.9500
  0.00051         1     498.935 7.82723e-08 1.89042e-06 1.64958e-09   4.8614   0.4320  0.0000 11.4891  7.2658   1727465  0.9500
  0.00048         1     498.935   7.878e-08 1.89042e-06 1.64958e-09   5.6676   0.4717  0.0000 11.3974  7.2722   1731400  0.9500
  0.00046         1     498.935  9.5916e-08 1.89042e-06 1.64958e-09   4.8614   0.4450  0.0000 11.7583  7.2469   1735335  0.9500
  0.00043   0.96257      488.16 7.55261e-08 1.85227e-06 1.64958e-09   5.6676   0.4600  0.0077 11.8169  7.2428   1739270  0.9500
  0.00041         1      487.74 1.58294e-07 1.85085e-06 1.61505e-09   7.4295   0.4269  0.0000 12.0529  7.2263   1743205  0.9500
  0.00039         1      487.74 6.76394e-08 1.85085e-06 1.61505e-09   5.5321   0.4338  0.0000 11.8955  7.2373   1747140  0.9500
  0.00037    0.9698     481.719 6.33077e-08 1.83123e-06 1.61505e-09   5.5321   0.4325  0.0028 11.8217  7.2425   1751075  0.9500
  0.00035         1     481.665  4.9619e-08 1.83106e-06 1.59778e-09   5.5321   0.4099  0.0000 11.7334  7.2487   1755010  0.9500
  0.00034   0.99354      475.86 4.57107e-08 1.82023e-06 1.59778e-09   5.5321   0.4114  0.0006 11.3804  7.2734   1758945  0.9500
  0.00032   0.99393     470.177 4.72732e-08 1.79226e-06 1.58825e-09   5.5321   0.4653  0.0011 11.0553  7.2961   1762880  0.9500
  0.00030    1.0011     470.983 5.25804e-08 1.79891e-06 1.56304e-09   5.5321   0.4274  0.0002 11.3351  7.2765   1766815  0.9500
  0.00029   0.98252     461.277 5.36909e-08 1.75479e-06 1.57006e-09   5.5321   0.4480  0.0022 11.1928  7.2865   1770750  0.9500
  0.00027   0.93882     444.154 4.55361e-08 1.69541e-06 1.52843e-09   5.5321   0.4201  0.0086 11.2827  7.2802   1774685  0.9500
  0.00026         1      443.84 3.74665e-08 1.69437e-06 1.47851e-09   5.5321   0.4536  0.0000 11.0579  7.2959   1778620  0.9500
  0.00025    0.9814     437.765 2.92174e-08  1.6747e-06 1.47851e-09   5.5321   0.4450  0.0002 11.2085  7.2854   1782555  0.9500
  0.00023         1     437.765 2.94908e-08  1.6747e-06 1.46135e-09   5.5321   0.4376  0.0000 11.2644  7.2815   1786490  0.9500
  0.00022   0.98798      432.19 2.88172e-08 1.65387e-06 1.46135e-09   5.5321   0.4457  0.0029 11.2374  7.2834   1790425  0.9500
  0.00021   0.98084     427.085 1.39865e-07 1.63434e-06 1.44209e-09   7.0229   0.4366  0.0051 11.3020  7.2789   1794360  0.9500
  0.00020         1      426.74 1.17784e-07 1.63285e-06 1.42482e-09   7.0229   0.4163  0.0000 11.2635  7.2816   1798295  0.9500
  0.00019         1      426.74 3.15213e-08 1.63285e-06 1.42482e-09   5.3966   0.4475  0.0000 10.9962  7.3003   1802230  0.9500
  0.00018   0.99741     426.206 3.42553e-08 1.62477e-06 1.42482e-09   5.3966   0.4346  0.0000 11.0789  7.2945   1806165  0.9500
  0.00017         1     426.204 3.29277e-08 1.62474e-06 1.41775e-09   5.3966   0.4300  0.0000 11.0186  7.2987   1810100  0.9500
  0.00016         1     426.204 7.63648e-08 1.62474e-06 1.41775e-09   4.5903   0.4353  0.0000 10.9083  7.3064   1814035  0.9500
  0.00016         1     426.204 3.22266e-08 1.62474e-06 1.41775e-09   5.3966   0.4501  0.0000 10.8573  7.3100   1817970  0.9500
  0.00015   0.99036     423.933 5.57048e-08 1.60345e-06 1.41775e-09   4.5903   0.4137  0.0015 10.9665  7.3023   1821905  0.9500
  0.00014         1     423.867 1.14668e-07  1.6028e-06  1.3986e-09   7.0229   0.3954  0.0000 10.6784  7.3225   1825840  0.9500
  0.00013         1     423.867 3.06312e-08  1.6028e-06  1.3986e-09   5.3966   0.4790  0.0000 10.2024  7.3558   1829775  0.9500
  0.00013   0.99404     420.176 3.92907e-08 1.59136e-06  1.3986e-09   5.3966   0.4409  0.0010 10.6006  7.3280   1833710  0.9500
  0.00012         1     420.075  3.0713e-08 1.59105e-06 1.38835e-09   5.3966   0.4374  0.0000 10.6103  7.3273   1837645  0.9500
  0.00011   0.97328     414.008 2.76797e-08 1.57128e-06 1.38835e-09   5.3966   0.4186  0.0009 10.5823  7.3292   1841580  0.9500
  0.00011         1         414 1.07705e-07 1.57126e-06 1.37108e-09   7.0229   0.4302  0.0000 10.3553  7.3451   1845515  0.9500
  0.00010         1         414 6.30383e-08 1.57126e-06 1.37108e-09   4.5301   0.4402  0.0000 10.2543  7.3522   1849450  0.9500
  0.00010   0.95074     393.268 2.74121e-08 1.49937e-06 1.37108e-09   5.3966   0.4488  0.0023 10.2558  7.3521   1853385  0.9500
  0.00009   0.97732     389.161 2.73619e-08 1.48298e-06 1.30799e-09   5.3966   0.4529  0.0008 10.3460  7.3458   1857320  0.9500
  0.00009         1     389.156 2.80373e-08 1.48296e-06 1.29403e-09   5.1255   0.4452  0.0000 10.4790  7.3365   1861255  0.9500
  0.00008   0.97827     375.117 5.84561e-08 1.43905e-06 1.29403e-09   4.5903   0.4302  0.0026 10.5339  7.3326   1865190  0.9500
  0.00008   0.99735     374.321 2.61597e-08  1.4345e-06 1.25506e-09   5.1255   0.4534  0.0001 10.4311  7.3398   1869125  0.9500
  0.00008         1     374.317 2.68536e-08 1.43447e-06 1.25172e-09   5.1255   0.4518  0.0000 10.5705  7.3301   1873060  0.9500
  0.00007         1     374.317 2.09037e-08 1.43447e-06 1.25172e-09   5.1255   0.4361  0.0000 10.6957  7.3213   1876995  0.9500
  0.00007    0.9941     370.438 4.88325e-08 1.41886e-06 1.25172e-09   4.5903   0.4640  0.0008 10.6539  7.3242   1880930  0.9500
  0.00007   0.98987     362.983 2.57721e-08 1.39589e-06 1.23787e-09   5.1255   0.4318  0.0005 10.9100  7.3063   1884865  0.9500
  0.00006         1     362.965  4.2827e-08 1.39584e-06 1.21801e-09   4.5903   0.4198  0.0000 10.8202  7.3126   1888800  0.9500
  0.00006         1     362.965 7.48047e-08 1.39584e-06 1.21801e-09   7.0229   0.4244  0.0000 10.6018  7.3279   1892735  0.9500
  0.00006         1     362.966 7.76829e-08 1.39584e-06 1.21801e-09   7.0229   0.4615  0.0000 10.4364  7.3395   1896670  0.9500
  0.00005         1     362.966 2.94911e-08 1.39584e-06 1.21801e-09   5.1255   0.3898  0.0000 10.6608  7.3237   1900605  0.9500
  0.00005   0.99464     359.149 2.90522e-08 1.37959e-06 1.21801e-09   5.1255   0.4470  0.0010 10.1260  7.3612   1904540  0.9500
  0.00005         1     359.021 4.54765e-08 1.37905e-06 1.20335e-09   4.5903   0.4249  0.0000 10.1970  7.3562   1908475  0.9500
  0.00005   0.99671     356.661 2.49002e-08 1.36972e-06 1.20336e-09   5.1255   0.4348  0.0008 10.0431  7.3670   1912410  0.9500
  0.00004         1     356.528 2.75023e-08  1.3692e-06 1.19476e-09   5.1255   0.4099  0.0000  9.9910  7.3706   1916345  0.9500
  0.00004         1     356.528  2.2939e-08  1.3692e-06 1.19476e-09   5.1255   0.4323  0.0000  9.6904  7.3917   1920280  0.9500
  0.00004         1     356.528 3.86127e-08  1.3692e-06 1.19476e-09   4.5301   0.4513  0.0000  9.6155  7.3969   1924215  0.9500
  0.00004         1     356.528 5.85275e-08  1.3692e-06 1.19476e-09   4.5301   0.4521  0.0000  9.7245  7.3893   1928150  0.9500
  0.00004   0.99309     352.041 2.67435e-08 1.35744e-06 1.19476e-09   5.1255   0.4473  0.0000  9.8421  7.3810   1932085  0.9500
  0.00003         1     352.041 2.70602e-08 1.35744e-06  1.1845e-09   5.1255   0.4569  0.0000  9.9137  7.3760   1936020  0.9500
  0.00003         1     352.041 2.81215e-08 1.35744e-06 1.18451e-09   5.1255   0.4226  0.0000 10.0815  7.3643   1939955  0.9500
  0.00003     0.988     347.368 6.42241e-08 1.33949e-06 1.18451e-09   7.0229   0.4473  0.0029  9.9062  7.3766   1943890  0.9500
  0.00003         1     347.096 6.38572e-08 1.33843e-06 1.16791e-09   7.0229   0.4490  0.0000  9.9782  7.3715   1947825  0.9500
  0.00003         1     347.096 3.61074e-08 1.33843e-06 1.16791e-09   4.8545   0.4132  0.0000 10.0685  7.3652   1951760  0.9500
  0.00003         1     347.096 2.56681e-08 1.33843e-06 1.16791e-09   4.8545   0.4109  0.0000  9.7988  7.3841   1955695  0.9500
  0.00002         1     347.096 3.47652e-08 1.33843e-06 1.16791e-09   4.8545   0.4252  0.0000  9.5139  7.4040   1959630  0.9500
  0.00002   0.98124     342.739 2.72565e-08   1.323e-06 1.16791e-09   4.8545   0.4249  0.0040  9.3727  7.4139   1963565  0.9500
  0.00002   0.99997     343.549 2.75233e-08 1.32914e-06 1.15383e-09   4.8545   0.4361  0.0000  9.2313  7.4238   1967500  0.9500
  0.00002   0.96086      337.97 5.66187e-08 1.30282e-06  1.1599e-09   7.0229   0.4358  0.0024  9.1951  7.4263   1971435  0.9500
  0.00002   0.98876     331.201 3.28366e-08 1.27646e-06 1.13674e-09   4.8545   0.4318  0.0005  9.1568  7.4290   1975370  0.9500
  0.00002         1     331.164 2.49606e-08 1.27633e-06 1.11372e-09   4.8545   0.4379  0.0000  9.0814  7.4343   1979305  0.9500
  0.00002         1     331.164 2.56469e-08 1.27633e-06 1.11372e-09   5.6676   0.4112  0.0000  9.0620  7.4357   1983240  0.9500
  0.00002         1     331.164 2.67662e-08 1.27633e-06 1.11372e-09   4.8545   0.4424  0.0000  8.8009  7.4539   1987175  0.9500
  0.00002         1     331.164 3.75805e-08 1.27633e-06 1.11372e-09   4.5903   0.4455  0.0000  8.8223  7.4524   1991110  0.9500
  0.00002         1     331.164 2.41629e-08 1.27633e-06 1.11372e-09   4.8545   0.4414  0.0000  8.8708  7.4490   1995045  0.9500
  0.00001         1     331.164 5.93143e-08 1.27633e-06 1.11372e-09   6.7519   0.4335  0.0000  8.8834  7.4482   1998980  0.9500
  0.00001   0.98634     324.535 2.83177e-08 1.25229e-06 1.11372e-09   4.8545   0.4623  0.0012  8.8261  7.4522   2002915  0.9500
  0.00001   0.99246     322.001 3.68754e-08 1.24635e-06 1.09249e-09   4.8545   0.4158  0.0026  9.0225  7.4384   2006850  0.9500
  0.00001         1     321.708 5.36698e-08 1.24567e-06 1.08698e-09   6.7519   0.4320  0.0000  8.8038  7.4537   2010785  0.9500
  0.00001         1     321.708   3.251e-08 1.24567e-06 1.08698e-09   4.7189   0.4102  0.0000  8.7335  7.4587   2014720  0.9500
  0.00001         1     321.708 3.55032e-08 1.24567e-06 1.08698e-09   4.7189   0.4402  0.0000  8.4730  7.4769   2018655  0.9500
  0.00001   0.99196     316.626 4.61949e-08 1.22913e-06 1.08698e-09   4.5903   0.4440  0.0007  8.4743  7.4768   2022590  0.9500
  0.00001         1     316.588  3.1173e-08   1.229e-06 1.07243e-09   4.7189   0.4368  0.0000  8.5079  7.4744   2026525  0.9500
  0.00001         1     316.588 3.49734e-08   1.229e-06 1.07243e-09   4.7189   0.4102  0.0000  8.4811  7.4763   2030460  0.9500
  0.00001    0.9937     312.944 2.81122e-08 1.21644e-06 1.07243e-09   4.7189   0.4686  0.0004  8.2280  7.4940   2034395  0.9500
  0.00001         1     312.928 3.19239e-08 1.21638e-06 1.06142e-09   4.7189   0.4440  0.0000  8.4635  7.4776   2038330  0.9500
  0.00001         1     312.928 2.43739e-08 1.21638e-06 1.06142e-09   4.7189   0.4432  0.0000  8.4970  7.4752   2042265  0.9500
  0.00001   0.97243     309.836 3.00679e-08 1.20563e-06 1.06142e-09   4.5903   0.4333  0.0055  8.5242  7.4733   2046200  0.9500
  0.00001         1     309.644 4.47269e-08 1.20491e-06 1.05141e-09   7.0229   0.4155  0.0000  8.4670  7.4773   2050135  0.9500
  0.00001   0.98897     303.782 3.23044e-08 1.18572e-06 1.05141e-09   4.4548   0.4412  0.0019  8.2596  7.4918   2054070  0.9500
  0.00001   0.99533     300.839 3.86665e-08 1.17577e-06 1.03414e-09   4.4548   0.4572  0.0004  8.2693  7.4912   2058005  0.9500
  0.00001         1     300.816 4.81832e-08  1.1757e-06 1.02591e-09   4.5626   0.4427  0.0000  8.4113  7.4812   2061940  0.9500
  0.00001         1     300.816 3.03412e-08  1.1757e-06 1.02591e-09   4.4548   0.4529  0.0000  8.4340  7.4796   2065875  0.9500
  0.00001         1     300.816  4.7561e-08  1.1757e-06 1.02591e-09   4.5626   0.4175  0.0000  8.5424  7.4720   2069810  0.9500
  0.00001         1     300.816 4.19623e-08  1.1757e-06 1.02591e-09   4.4548   0.4330  0.0000  8.3505  7.4855   2073745  0.9500
  0.00001   0.99534     298.311 4.02054e-08 1.16213e-06 1.02591e-09   4.4548   0.4673  0.0011  8.2924  7.4895   2077680  0.9500
  0.00000   0.98858     296.938 3.43769e-08 1.15052e-06 1.01333e-09            0.4445  0.0012  8.5191  7.4737   2081615

BB estimate of min-dist (placement) wirelength: 29690
bb_cost recomputed from scratch: 296.896
timing_cost recomputed from scratch: 3.43664e-08
delay_cost recomputed from scratch: 1.15015e-06

Completed placement consistency check successfully.

Swaps called: 2082112

Placement estimated critical path delay: 7.02292 ns
Placement cost: 0.988355, bb_cost: 296.896, td_cost: 3.43664e-08, delay_cost: 1.15015e-06
Placement total # of swap attempts: 2082112
	Swap reject rate: 0
	Swap accept rate: 0
	Swap abort rate: 0
Placement took 76.5613 seconds.
The entire flow of VPR took 76.7253 seconds.
