________________________________________________________________________
                       VPR - The Next Generation                        
                     Version 0.A15.0 (Linux X86/64)                     
            This is free open source code under MIT license.            
________________________________________________________________________

VPR FPGA Placement and Routing.
Version: Version 7.0
Compiled: Aug 15 2019.
University of Toronto
vpr@eecg.utoronto.ca
This is free open source code under MIT license.

Architecture file: /home/zhlab/BRAM/e_0/B1/src/pre/A1.xml
Circuit name: /home/zhlab/BRAM/e_0/B1/src/pre/B1.blif

Building complex block graph.
WARNING(1): io[0].clock[0] unconnected pin in architecture.
Loop for doall = 0, init_parse took 8e-06 seconds.
Loop for doall = 0 took 0.090515 seconds.
Loop for doall = 1, init_parse took 0.016486 seconds.
Loop for doall = 1 took 0.115531 seconds.
Swept away 1601 nets with no fanout.
Net is a constant generator: top^mem_local_be~0.
WARNING(2): logical_block #8263 with output top^mem_local_be~0 has only 0 pin.
WARNING(3): Block contains output -- may be a constant generator.
Net is a constant generator: top^burst_begin.
WARNING(4): logical_block #29592 with output top^burst_begin has only 0 pin.
WARNING(5): Block contains output -- may be a constant generator.
Net is a constant generator: top^mem_local_be~1.
WARNING(6): logical_block #29593 with output top^mem_local_be~1 has only 0 pin.
WARNING(7): Block contains output -- may be a constant generator.
Net is a constant generator: top^mem_local_be~2.
WARNING(8): logical_block #29594 with output top^mem_local_be~2 has only 0 pin.
WARNING(9): Block contains output -- may be a constant generator.
Net is a constant generator: top^mem_local_be~3.
WARNING(10): logical_block #29595 with output top^mem_local_be~3 has only 0 pin.
WARNING(11): Block contains output -- may be a constant generator.
Net is a constant generator: top^mem_local_be~4.
WARNING(12): logical_block #29596 with output top^mem_local_be~4 has only 0 pin.
WARNING(13): Block contains output -- may be a constant generator.
Net is a constant generator: top^mem_local_be~5.
WARNING(14): logical_block #29597 with output top^mem_local_be~5 has only 0 pin.
WARNING(15): Block contains output -- may be a constant generator.
Net is a constant generator: top^mem_local_be~6.
WARNING(16): logical_block #29598 with output top^mem_local_be~6 has only 0 pin.
WARNING(17): Block contains output -- may be a constant generator.
Net is a constant generator: top^mem_local_be~7.
WARNING(18): logical_block #29599 with output top^mem_local_be~7 has only 0 pin.
WARNING(19): Block contains output -- may be a constant generator.
Net is a constant generator: gnd.
WARNING(20): logical_block #29692 with output gnd has only 0 pin.
WARNING(21): Block contains output -- may be a constant generator.
Net is a constant generator: n25320.
WARNING(22): logical_block #33072 with output n25320 has only 0 pin.
WARNING(23): Block contains output -- may be a constant generator.
Net is a constant generator: n38547.
WARNING(24): logical_block #34197 with output n38547 has only 0 pin.
WARNING(25): Block contains output -- may be a constant generator.
Net is a constant generator: n38551.
WARNING(26): logical_block #34198 with output n38551 has only 0 pin.
WARNING(27): Block contains output -- may be a constant generator.
Net is a constant generator: n38555.
WARNING(28): logical_block #34199 with output n38555 has only 0 pin.
WARNING(29): Block contains output -- may be a constant generator.
Net is a constant generator: n38559.
WARNING(30): logical_block #34200 with output n38559 has only 0 pin.
WARNING(31): Block contains output -- may be a constant generator.
Net is a constant generator: n38563.
WARNING(32): logical_block #34201 with output n38563 has only 0 pin.
WARNING(33): Block contains output -- may be a constant generator.
Net is a constant generator: n38567.
WARNING(34): logical_block #34202 with output n38567 has only 0 pin.
WARNING(35): Block contains output -- may be a constant generator.
Net is a constant generator: n38571.
WARNING(36): logical_block #34203 with output n38571 has only 0 pin.
WARNING(37): Block contains output -- may be a constant generator.
Net is a constant generator: n38575.
WARNING(38): logical_block #34204 with output n38575 has only 0 pin.
WARNING(39): Block contains output -- may be a constant generator.
Net is a constant generator: n38579.
WARNING(40): logical_block #34205 with output n38579 has only 0 pin.
WARNING(41): Block contains output -- may be a constant generator.
Net is a constant generator: n38583.
WARNING(42): logical_block #34206 with output n38583 has only 0 pin.
WARNING(43): Block contains output -- may be a constant generator.
Net is a constant generator: n38587.
WARNING(44): logical_block #34207 with output n38587 has only 0 pin.
WARNING(45): Block contains output -- may be a constant generator.
Net is a constant generator: n38591.
WARNING(46): logical_block #34208 with output n38591 has only 0 pin.
WARNING(47): Block contains output -- may be a constant generator.
Net is a constant generator: n38595.
WARNING(48): logical_block #34209 with output n38595 has only 0 pin.
WARNING(49): Block contains output -- may be a constant generator.
Net is a constant generator: n38599.
WARNING(50): logical_block #34210 with output n38599 has only 0 pin.
WARNING(51): Block contains output -- may be a constant generator.
Net is a constant generator: n38603.
WARNING(52): logical_block #34211 with output n38603 has only 0 pin.
WARNING(53): Block contains output -- may be a constant generator.
Net is a constant generator: n38607.
WARNING(54): logical_block #34212 with output n38607 has only 0 pin.
WARNING(55): Block contains output -- may be a constant generator.
Net is a constant generator: n38611.
WARNING(56): logical_block #34213 with output n38611 has only 0 pin.
WARNING(57): Block contains output -- may be a constant generator.
Net is a constant generator: n38615.
WARNING(58): logical_block #34214 with output n38615 has only 0 pin.
WARNING(59): Block contains output -- may be a constant generator.
Net is a constant generator: n38619.
WARNING(60): logical_block #34215 with output n38619 has only 0 pin.
WARNING(61): Block contains output -- may be a constant generator.
Net is a constant generator: n38623.
WARNING(62): logical_block #34216 with output n38623 has only 0 pin.
WARNING(63): Block contains output -- may be a constant generator.
Net is a constant generator: n38627.
WARNING(64): logical_block #34217 with output n38627 has only 0 pin.
WARNING(65): Block contains output -- may be a constant generator.
Net is a constant generator: n38631.
WARNING(66): logical_block #34218 with output n38631 has only 0 pin.
WARNING(67): Block contains output -- may be a constant generator.
Net is a constant generator: n38635.
WARNING(68): logical_block #34219 with output n38635 has only 0 pin.
WARNING(69): Block contains output -- may be a constant generator.
Net is a constant generator: n38639.
WARNING(70): logical_block #34220 with output n38639 has only 0 pin.
WARNING(71): Block contains output -- may be a constant generator.
Net is a constant generator: n38643.
WARNING(72): logical_block #34221 with output n38643 has only 0 pin.
WARNING(73): Block contains output -- may be a constant generator.
Net is a constant generator: n38647.
WARNING(74): logical_block #34222 with output n38647 has only 0 pin.
WARNING(75): Block contains output -- may be a constant generator.
Net is a constant generator: n38651.
WARNING(76): logical_block #34223 with output n38651 has only 0 pin.
WARNING(77): Block contains output -- may be a constant generator.
Net is a constant generator: n38655.
WARNING(78): logical_block #34224 with output n38655 has only 0 pin.
WARNING(79): Block contains output -- may be a constant generator.
Net is a constant generator: n38659.
WARNING(80): logical_block #34225 with output n38659 has only 0 pin.
WARNING(81): Block contains output -- may be a constant generator.
Net is a constant generator: n40078.
WARNING(82): logical_block #34494 with output n40078 has only 0 pin.
WARNING(83): Block contains output -- may be a constant generator.
Net is a constant generator: n40082.
WARNING(84): logical_block #34495 with output n40082 has only 0 pin.
WARNING(85): Block contains output -- may be a constant generator.
Net is a constant generator: n40086.
WARNING(86): logical_block #34496 with output n40086 has only 0 pin.
WARNING(87): Block contains output -- may be a constant generator.
Net is a constant generator: n40090.
WARNING(88): logical_block #34497 with output n40090 has only 0 pin.
WARNING(89): Block contains output -- may be a constant generator.
Net is a constant generator: n40094.
WARNING(90): logical_block #34498 with output n40094 has only 0 pin.
WARNING(91): Block contains output -- may be a constant generator.
Net is a constant generator: n40098.
WARNING(92): logical_block #34499 with output n40098 has only 0 pin.
WARNING(93): Block contains output -- may be a constant generator.
Net is a constant generator: n40102.
WARNING(94): logical_block #34500 with output n40102 has only 0 pin.
WARNING(95): Block contains output -- may be a constant generator.
Net is a constant generator: n40106.
WARNING(96): logical_block #34501 with output n40106 has only 0 pin.
WARNING(97): Block contains output -- may be a constant generator.
Net is a constant generator: n40110.
WARNING(98): logical_block #34502 with output n40110 has only 0 pin.
WARNING(99): Block contains output -- may be a constant generator.
Net is a constant generator: n40114.
WARNING(100): logical_block #34503 with output n40114 has only 0 pin.
WARNING(101): Block contains output -- may be a constant generator.
Net is a constant generator: n40118.
WARNING(102): logical_block #34504 with output n40118 has only 0 pin.
WARNING(103): Block contains output -- may be a constant generator.
Net is a constant generator: n40122.
WARNING(104): logical_block #34505 with output n40122 has only 0 pin.
WARNING(105): Block contains output -- may be a constant generator.
Net is a constant generator: n40126.
WARNING(106): logical_block #34506 with output n40126 has only 0 pin.
WARNING(107): Block contains output -- may be a constant generator.
Net is a constant generator: n40130.
WARNING(108): logical_block #34507 with output n40130 has only 0 pin.
WARNING(109): Block contains output -- may be a constant generator.
Net is a constant generator: n40134.
WARNING(110): logical_block #34508 with output n40134 has only 0 pin.
WARNING(111): Block contains output -- may be a constant generator.
Net is a constant generator: n40138.
WARNING(112): logical_block #34509 with output n40138 has only 0 pin.
WARNING(113): Block contains output -- may be a constant generator.
Net is a constant generator: n40142.
WARNING(114): logical_block #34510 with output n40142 has only 0 pin.
WARNING(115): Block contains output -- may be a constant generator.
Net is a constant generator: n40146.
WARNING(116): logical_block #34511 with output n40146 has only 0 pin.
WARNING(117): Block contains output -- may be a constant generator.
Net is a constant generator: n40150.
WARNING(118): logical_block #34512 with output n40150 has only 0 pin.
WARNING(119): Block contains output -- may be a constant generator.
Net is a constant generator: n40154.
WARNING(120): logical_block #34513 with output n40154 has only 0 pin.
WARNING(121): Block contains output -- may be a constant generator.
Net is a constant generator: n40158.
WARNING(122): logical_block #34514 with output n40158 has only 0 pin.
WARNING(123): Block contains output -- may be a constant generator.
Net is a constant generator: n40166.
WARNING(124): logical_block #34516 with output n40166 has only 0 pin.
WARNING(125): Block contains output -- may be a constant generator.
Net is a constant generator: n40174.
WARNING(126): logical_block #34518 with output n40174 has only 0 pin.
WARNING(127): Block contains output -- may be a constant generator.
Net is a constant generator: n40198.
WARNING(128): logical_block #34520 with output n40198 has only 0 pin.
WARNING(129): Block contains output -- may be a constant generator.
Net is a constant generator: n40202.
WARNING(130): logical_block #34521 with output n40202 has only 0 pin.
WARNING(131): Block contains output -- may be a constant generator.
Net is a constant generator: n40206.
WARNING(132): logical_block #34522 with output n40206 has only 0 pin.
WARNING(133): Block contains output -- may be a constant generator.
Net is a constant generator: n40210.
WARNING(134): logical_block #34523 with output n40210 has only 0 pin.
WARNING(135): Block contains output -- may be a constant generator.
Net is a constant generator: n40214.
WARNING(136): logical_block #34524 with output n40214 has only 0 pin.
WARNING(137): Block contains output -- may be a constant generator.
Net is a constant generator: n40218.
WARNING(138): logical_block #34525 with output n40218 has only 0 pin.
WARNING(139): Block contains output -- may be a constant generator.
Net is a constant generator: n40222.
WARNING(140): logical_block #34526 with output n40222 has only 0 pin.
WARNING(141): Block contains output -- may be a constant generator.
Net is a constant generator: n40226.
WARNING(142): logical_block #34527 with output n40226 has only 0 pin.
WARNING(143): Block contains output -- may be a constant generator.
Net is a constant generator: n40230.
WARNING(144): logical_block #34528 with output n40230 has only 0 pin.
WARNING(145): Block contains output -- may be a constant generator.
Net is a constant generator: n40234.
WARNING(146): logical_block #34529 with output n40234 has only 0 pin.
WARNING(147): Block contains output -- may be a constant generator.
0 unconnected blocks in input netlist.
Removed 3612 LUT buffers.
Sweeped away 3612 nodes.
BLIF circuit stats:
	73 LUTs of size 0
	1 LUTs of size 1
	1246 LUTs of size 2
	3157 LUTs of size 3
	2719 LUTs of size 4
	4345 LUTs of size 5
	11134 LUTs of size 6
	114 of type input
	102 of type output
	6630 of type latch
	22675 of type names
	1409 of type dual_port_ram
	0 of type single_port_ram
	8 of type multiply
Timing analysis: ON
Circuit netlist file: /home/zhlab/BRAM/e_0/B1/src/pre/B1.net
Circuit placement file: /home/zhlab/BRAM/e_0/B1/src/pre/B1.place
Circuit routing file: /home/zhlab/BRAM/e_0/B1/src/pre/B1.route
Circuit SDC file: /home/zhlab/BRAM/e_0/B1/src/pre/B1.sdc
Operation: RUN_FLOW

Packer: DISABLED
Placer: ENABLED
Router: ENABLED
PlacerOpts.place_freq: PLACE_ONCE
PlacerOpts.place_algorithm: PATH_TIMING_DRIVEN_PLACE
PlacerOpts.pad_loc_type: FREE
PlacerOpts.place_cost_exp: 1.000000
PlacerOpts.inner_loop_recompute_divider: 0
PlacerOpts.recompute_crit_iter: 1
PlacerOpts.timing_tradeoff: 0.500000
PlacerOpts.td_place_exp_first: 1.000000
PlacerOpts.td_place_exp_last: 8.000000
PlaceOpts.seed: 1
AnnealSched.type: AUTO_SCHED
AnnealSched.inner_num: 1.000000

RouterOpts.route_type: DETAILED
RouterOpts.router_algorithm: TIMING_DRIVEN
RouterOpts.base_cost_type: DELAY_NORMALIZED
RouterOpts.fixed_channel_width: 250
RouterOpts.acc_fac: 1.000000
RouterOpts.bb_factor: 3
RouterOpts.bend_cost: 0.000000
RouterOpts.first_iter_pres_fac: 0.500000
RouterOpts.initial_pres_fac: 0.500000
RouterOpts.pres_fac_mult: 1.300000
RouterOpts.max_router_iterations: 50
RouterOpts.astar_fac: 1.200000
RouterOpts.criticality_exp: 1.000000
RouterOpts.max_criticality: 0.990000

RoutingArch.directionality: UNI_DIRECTIONAL
RoutingArch.switch_block_type: WILTON
RoutingArch.Fs: 3

Begin parsing packed FPGA netlist file.
Finished parsing packed FPGA netlist file.
Netlist generated from file '/home/zhlab/BRAM/e_0/B1/src/pre/B1.net'.
n38615 is a constant generator.
n38611 is a constant generator.
n38619 is a constant generator.
n38623 is a constant generator.
n38627 is a constant generator.
n38631 is a constant generator.
n38583 is a constant generator.
n38595 is a constant generator.
n38603 is a constant generator.
n38607 is a constant generator.
n38599 is a constant generator.
n38571 is a constant generator.
n38579 is a constant generator.
n38575 is a constant generator.
n38587 is a constant generator.
n38591 is a constant generator.
n38563 is a constant generator.
n38567 is a constant generator.
n40206 is a constant generator.
n38651 is a constant generator.
n38647 is a constant generator.
n38643 is a constant generator.
n38635 is a constant generator.
n38639 is a constant generator.
n40202 is a constant generator.
n38559 is a constant generator.
n40226 is a constant generator.
n40222 is a constant generator.
n40210 is a constant generator.
n40214 is a constant generator.
n40218 is a constant generator.
n40230 is a constant generator.
n40130 is a constant generator.
n38547 is a constant generator.
n38555 is a constant generator.
n25320 is a constant generator.
n38655 is a constant generator.
n40234 is a constant generator.
n40094 is a constant generator.
n40078 is a constant generator.
n40118 is a constant generator.
n40110 is a constant generator.
n40102 is a constant generator.
n40134 is a constant generator.
n40086 is a constant generator.
n40126 is a constant generator.
n40138 is a constant generator.
n40090 is a constant generator.
n40122 is a constant generator.
n40106 is a constant generator.
n40114 is a constant generator.
n40098 is a constant generator.
n40082 is a constant generator.
n38659 is a constant generator.
n40174 is a constant generator.
n40158 is a constant generator.
n40166 is a constant generator.
n40142 is a constant generator.
n40146 is a constant generator.
n40150 is a constant generator.
n40154 is a constant generator.
n38551 is a constant generator.
n40198 is a constant generator.
top^mem_local_be~1 is a constant generator.
top^mem_local_be~2 is a constant generator.
top^mem_local_be~0 is a constant generator.
top^burst_begin is a constant generator.
top^mem_local_be~6 is a constant generator.
top^mem_local_be~7 is a constant generator.
top^mem_local_be~4 is a constant generator.
top^mem_local_be~5 is a constant generator.
gnd is a constant generator.
top^mem_local_be~3 is a constant generator.

Netlist num_nets: 16278
Netlist num_blocks: 2373
Netlist <EMPTY> blocks: 0.
Netlist clb blocks: 2104.
Netlist mult_36 blocks: 8.
Netlist memory blocks: 45.
Netlist inputs pins: 114
Netlist output pins: 102

The circuit will be mapped into a 100 x 100 array of clbs.

Resource usage...
	Netlist      0	blocks of type: <EMPTY>
	Architecture 56	blocks of type: <EMPTY>
	Netlist      216	blocks of type: io
	Architecture 3200	blocks of type: io
	Netlist      2104	blocks of type: clb
	Architecture 7500	blocks of type: clb
	Netlist      8	blocks of type: mult_36
	Architecture 300	blocks of type: mult_36
	Netlist      45	blocks of type: memory
	Architecture 208	blocks of type: memory

zh_lab get_pin_dict
 find_ BRAMS 45 
 range 1024 
con_width 32 
range 1024 
con_width 32 
range 1024 
con_width 32 
range 1024 
con_width 32 
range 1024 
con_width 32 
range 1024 
con_width 32 
range 1024 
con_width 32 
range 1024 
con_width 32 
range 1024 
con_width 32 
range 1024 
con_width 32 
range 1024 
con_width 32 
range 1024 
con_width 32 
range 1024 
con_width 32 
range 1024 
con_width 32 
range 1024 
con_width 32 
range 1024 
con_width 32 
range 1024 
con_width 32 
range 1024 
con_width 32 
range 1024 
con_width 32 
range 1024 
con_width 32 
range 1024 
con_width 32 
range 1024 
con_width 32 
range 1024 
con_width 32 
range 1024 
con_width 32 
range 1024 
con_width 32 
range 1024 
con_width 32 
range 1024 
con_width 32 
range 1024 
con_width 32 
range 1024 
con_width 32 
range 1024 
con_width 32 
range 1024 
con_width 32 
range 1024 
con_width 32 
range 1024 
con_width 32 
range 1024 
con_width 32 
range 1024 
con_width 32 
range 1024 
con_width 32 
range 1024 
con_width 32 
range 1024 
con_width 32 
range 1024 
con_width 32 
range 1024 
con_width 32 
range 1024 
con_width 32 
range 1024 
con_width 32 
range 1024 
con_width 32 
range 1024 
con_width 32 
range 1024 
con_width 32 

SDC file '/home/zhlab/BRAM/e_0/B1/src/pre/B1.sdc' blank or not found.

Defaulting to: constrain all 0 inputs and 0 outputs on the netlist clock.
Optimize this clock to run as fast as possible.
Computing delta_io_to_io lookup matrix, may take a few seconds, please wait...
Computing delta_io_to_clb lookup matrix, may take a few seconds, please wait...
Computing delta_clb_to_io lookup matrix, may take a few seconds, please wait...
Computing delta_clb_to_clb lookup matrix, may take a few seconds, please wait...
mem_num = 208
init_ 18 - 31  top.DataTransferUnit+DTU.memcmd_fifo+cmd_store.dual_port_ram+ram_addr^out2~27
init_ 50 - 25  top.DataTransferUnit+DTU.addr_fifo+raddress_store.dual_port_ram+ram_addr^out2~3
init_ 34 - 67  top.DataTransferUnit+DTU.wfifo+wdata_store.dual_port_ram+ram_addr^out2~215
init_ 2 - 25  top.DataTransferUnit+DTU.wfifo+wdata_store.dual_port_ram+ram_addr^out2~223
init_ 90 - 73  top.DataTransferUnit+DTU.wfifo+wdata_store.dual_port_ram+ram_addr^out2~192
init_ 42 - 49  top.DataTransferUnit+DTU.wfifo+wdata_store.dual_port_ram+ram_addr^out2~193
init_ 50 - 49  top.DataTransferUnit+DTU.wfifo+wdata_store.dual_port_ram+ram_addr^out2~194
init_ 66 - 55  top.DataTransferUnit+DTU.wfifo+wdata_store.dual_port_ram+ram_addr^out2~195
init_ 34 - 73  top.DataTransferUnit+DTU.wfifo+wdata_store.dual_port_ram+ram_addr^out2~196
init_ 18 - 43  top.DataTransferUnit+DTU.wfifo+wdata_store.dual_port_ram+ram_addr^out2~197
init_ 90 - 55  top.DataTransferUnit+DTU.rfifo+rdata_store.dual_port_ram+ram_addr^out2~62
init_ 90 - 37  top.DataTransferUnit+DTU.rfifo+rdata_store.dual_port_ram+ram_addr^out2~61
init_ 74 - 43  top.LU+compBlock.ram2+leftBlock0.dual_port_ram+inst1^out2~255
init_ 10 - 91  top.LU+compBlock.ram+currentBlock0.dual_port_ram+inst1^out2~23
init_ 66 - 25  top.LU+compBlock.ram1+currentBlock1.dual_port_ram+inst1^out2~23
init_ 42 - 61  top.LU+compBlock.ram2+leftBlock0.dual_port_ram+inst1^out2~23
init_ 2 - 19  top.LU+compBlock.ram+currentBlock0.dual_port_ram+inst1^out2~31
init_ 66 - 61  top.LU+compBlock.ram1+currentBlock1.dual_port_ram+inst1^out2~31
init_ 26 - 67  top.LU+compBlock.ram2+leftBlock0.dual_port_ram+inst1^out2~31
init_ 90 - 91  top.LU+compBlock.ram+currentBlock0.dual_port_ram+inst1^out2~0
init_ 50 - 61  top.LU+compBlock.ram1+currentBlock1.dual_port_ram+inst1^out2~0
init_ 50 - 13  top.LU+compBlock.ram2+leftBlock0.dual_port_ram+inst1^out2~0
init_ 82 - 43  top.LU+compBlock.ram+currentBlock0.dual_port_ram+inst1^out2~1
init_ 26 - 91  top.LU+compBlock.ram1+currentBlock1.dual_port_ram+inst1^out2~1
init_ 10 - 13  top.LU+compBlock.ram2+leftBlock0.dual_port_ram+inst1^out2~1
init_ 74 - 13  top.LU+compBlock.ram+currentBlock0.dual_port_ram+inst1^out2~2
init_ 18 - 7  top.LU+compBlock.ram1+currentBlock1.dual_port_ram+inst1^out2~2
init_ 58 - 49  top.LU+compBlock.ram2+leftBlock0.dual_port_ram+inst1^out2~2
init_ 66 - 91  top.LU+compBlock.ram+currentBlock0.dual_port_ram+inst1^out2~3
init_ 58 - 1  top.LU+compBlock.ram1+currentBlock1.dual_port_ram+inst1^out2~3
init_ 2 - 67  top.LU+compBlock.ram2+leftBlock0.dual_port_ram+inst1^out2~3
init_ 34 - 91  top.LU+compBlock.ram+currentBlock0.dual_port_ram+inst1^out2~4
init_ 74 - 19  top.LU+compBlock.ram1+currentBlock1.dual_port_ram+inst1^out2~4
init_ 34 - 31  top.LU+compBlock.ram2+leftBlock0.dual_port_ram+inst1^out2~4
init_ 58 - 13  top.LU+compBlock.ram+currentBlock0.dual_port_ram+inst1^out2~5
init_ 82 - 91  top.LU+compBlock.ram1+currentBlock1.dual_port_ram+inst1^out2~5
init_ 10 - 67  top.LU+compBlock.ram3+leftBlock1.dual_port_ram+inst1^out2~247
init_ 82 - 19  top.LU+compBlock.ram3+leftBlock1.dual_port_ram+inst1^out2~254
init_ 2 - 73  top.LU+compBlock.ram3+leftBlock1.dual_port_ram+inst1^out2~253
init_ 82 - 73  top.LU+compBlock.ram3+leftBlock1.dual_port_ram+inst1^out2~252
init_ 18 - 1  top.LU+compBlock.ram3+leftBlock1.dual_port_ram+inst1^out2~251
init_ 74 - 49  top.LU+compBlock.ram3+leftBlock1.dual_port_ram+inst1^out2~250
init_ 26 - 19  top.LU+compBlock.ram3+leftBlock1.dual_port_ram+inst1^out2~249
init_ 18 - 91  top.LU+compBlock.ram3+leftBlock1.dual_port_ram+inst1^out2~248
init_ 66 - 49  top.LU+compBlock.top_ram+topBlock.dual_port_ram+inst2^out2~31

There are 62254 point to point connections in this circuit.

WARNING(148): Starting t: 2367 of 2373 configurations accepted.
Initial placement cost: 1.01183 bb_cost: 19349.4 td_cost: 3.8743e-05 delay_cost: 0.000152148

--------- --------- ----------- ----------- ----------- ----------- -------- -------- ------- ------- ------- --------- -------
        T      Cost  Av BB Cost  Av TD Cost  Av Tot Del  P to P Del    d_max  Ac Rate Std Dev R limit     Exp Tot Moves   Alpha
--------- --------- ----------- ----------- ----------- ----------- -------- -------- ------- ------- ------- --------- -------
  0.13249   0.99831     19375.8 2.88532e-05 0.000151008 2.44399e-09 462.6357   0.9957  0.0053 101.0000  1.0000     31643  0.5000
  0.06625   0.99511     19340.6 2.81001e-05 0.000150811 2.43588e-09 476.9412   0.9945  0.0076 101.0000  1.0000     63286  0.5000
  0.03312   0.99732     19269.8 2.74423e-05 0.000150102 2.39806e-09 477.3505   0.9940  0.0065 101.0000  1.0000     94929  0.5000
  0.01656    1.0023     19348.6  2.8232e-05 0.000150487 2.40486e-09 475.7241   0.9917  0.0060 101.0000  1.0000    126572  0.5000
  0.00828    1.0032       19316 2.83987e-05 0.000151021 2.38347e-09 455.6351   0.9859  0.0073 101.0000  1.0000    158215  0.5000
  0.00414   0.99329     19230.2 2.78271e-05 0.000149621 2.40454e-09 462.2299   0.9774  0.0065 101.0000  1.0000    189858  0.5000
  0.00207   0.98632     19076.9 2.84831e-05 0.000148192 2.42364e-09 450.7814   0.9607  0.0073 101.0000  1.0000    221501  0.5000
  0.00104   0.96143       18782 2.68808e-05 0.000145622  2.3899e-09 454.7204   0.9215  0.0104 101.0000  1.0000    253144  0.9000
  0.00093   0.98869     18574.1 2.70327e-05 0.000143191 2.31777e-09 424.9700   0.9084  0.0047 101.0000  1.0000    284787  0.9000
  0.00084   0.98798     18447.2 2.62973e-05 0.000142745 2.28616e-09 421.4149   0.8989  0.0069 101.0000  1.0000    316430  0.9000
  0.00075   0.98941     18395.7 2.78234e-05 0.000141841 2.30194e-09 389.9394   0.8865  0.0075 101.0000  1.0000    348073  0.9000
  0.00068   0.98889     18346.1   2.646e-05 0.000141156 2.28485e-09 412.3653   0.8768  0.0074 101.0000  1.0000    379716  0.9000
  0.00061   0.98661     18204.9 2.71789e-05 0.000139804 2.25514e-09 375.3810   0.8598  0.0066 101.0000  1.0000    411359  0.9000
  0.00055    0.9831     17945.8 2.58802e-05  0.00013707 2.22799e-09 378.1983   0.8403  0.0122 101.0000  1.0000    443002  0.9000
  0.00050    0.9958     17834.1 2.70563e-05 0.000136159 2.19119e-09 352.9778   0.8228  0.0056 101.0000  1.0000    474645  0.9000
  0.00045   0.99488     17597.3 2.63329e-05 0.000133791 2.17523e-09 340.1051   0.8022  0.0081 101.0000  1.0000    506288  0.9000
  0.00040   0.97808     17443.2 2.58303e-05 0.000132437 2.15096e-09 345.5799   0.7768  0.0067 101.0000  1.0000    537931  0.9500
  0.00038   0.98177     17231.3 2.58649e-05 0.000131088 2.12344e-09 330.9415   0.7622  0.0076 101.0000  1.0000    569574  0.9500
  0.00036   0.99407     17107.3   2.488e-05 0.000129679 2.07425e-09 327.5497   0.7459  0.0070 101.0000  1.0000    601217  0.9500
  0.00034   0.98733     16898.9 2.53924e-05 0.000127531 2.06979e-09 312.8053   0.7368  0.0084 101.0000  1.0000    632860  0.9500
  0.00033     0.988     16830.1 2.49238e-05 0.000126567 2.04239e-09 311.3065   0.7150  0.0057 101.0000  1.0000    664503  0.9500
  0.00031   0.97494       16643 2.45766e-05 0.000125661 2.03601e-09 308.3621   0.6994  0.0085 101.0000  1.0000    696146  0.9500
  0.00029   0.97453     16383.2 2.38348e-05 0.000122336 1.99816e-09 298.2634   0.6746  0.0080 101.0000  1.0000    727789  0.9500
  0.00028   0.99009     16103.9 2.39624e-05 0.000120341 1.93153e-09 278.2462   0.6447  0.0117 101.0000  1.0000    759432  0.9500
  0.00027   0.97446     16047.6 2.34668e-05  0.00011994 1.94552e-09 281.8264   0.6417  0.0094 101.0000  1.0000    791075  0.9500
  0.00025    0.9647     15493.3 2.22608e-05 0.000114982 1.89021e-09 275.7382   0.5964  0.0128 101.0000  1.0000    822718  0.9500
  0.00024   0.98045     15175.4 2.26704e-05 0.000112136 1.82938e-09 246.9273   0.5657  0.0090 101.0000  1.0000    854361  0.9500
  0.00023   0.98296     15003.2 2.24481e-05 0.000110348 1.78556e-09 243.8250   0.5455  0.0095 101.0000  1.0000    886004  0.9500
  0.00022   0.95578     14432.7 2.27764e-05 0.000105531 1.78404e-09 223.6399   0.5091  0.0218 101.0000  1.0000    917647  0.9500
  0.00021   0.96374     13730.6 1.92198e-05 9.97863e-05 1.64407e-09 243.4146   0.4561  0.0143 101.0000  1.0000    949290  0.9500
  0.00020   0.95541     13041.2 1.89087e-05 9.45541e-05 1.57558e-09 220.6502   0.4103  0.0224 101.0000  1.0000    980933  0.9500
  0.00019   0.96062     12505.6 1.43854e-05 9.04427e-05 1.49691e-09 203.7555   0.3888  0.0186 97.9999  1.2100   1012576  0.9500
  0.00018   0.96801     11976.7 9.45883e-06 8.69393e-05 1.41897e-09 191.0481   0.3643  0.0154 92.9798  1.5614   1044219  0.9500
  0.00017   0.97866     11675.8 6.50912e-06 8.59429e-05 1.37978e-09 176.5061   0.3618  0.0107 85.9397  2.0542   1075862  0.9500
  0.00016   0.97644     11516.8 4.89519e-06 8.55414e-05 1.37495e-09 169.4623   0.3591  0.0088 79.2153  2.5249   1107505  0.9500
  0.00015   0.98715       11529  4.1372e-06 8.64058e-05 1.38544e-09 157.2366   0.3697  0.0093 72.8093  2.9734   1139148  0.9500
  0.00014   0.97709     11220.3 3.60957e-06 8.46454e-05 1.37814e-09 151.9816   0.3608  0.0130 67.6921  3.3316   1170791  0.9500
  0.00014   0.98755     10967.9 3.13152e-06  8.3545e-05 1.34774e-09 146.4842   0.3655  0.0067 62.3335  3.7067   1202434  0.9500
  0.00013   0.99053     10959.1   2.886e-06 8.37167e-05 1.34339e-09 142.5567   0.3686  0.0057 57.6906  4.0317   1234077  0.9500
  0.00012   0.98245     10715.8 2.61582e-06 8.25066e-05 1.32715e-09 142.3232   0.3682  0.0084 53.5722  4.3199   1265720  0.9500
  0.00012   0.97107     10353.3 2.48803e-06 8.03181e-05 1.32797e-09 139.2090   0.3598  0.0156 49.7258  4.5892   1297363  0.9500
  0.00011   0.98179     9918.72 2.22884e-06 7.76022e-05 1.26972e-09 136.6970   0.3598  0.0094 45.7375  4.8684   1329006  0.9500
  0.00011   0.98031     9666.45 2.16307e-06  7.5957e-05 1.24864e-09 133.7644   0.3480  0.0084 42.0677  5.1253   1360649  0.9500
  0.00010   0.97384     9284.88 2.01857e-06 7.34056e-05 1.21145e-09 133.6809   0.3561  0.0133 38.1991  5.3961   1392292  0.9500
  0.00010   0.98132     8903.62 1.93603e-06 7.02373e-05   1.162e-09 130.2249   0.3532  0.0086 34.9953  5.6203   1423935  0.9500
  0.00009   0.98064     8581.22 1.85173e-06 6.80621e-05 1.10837e-09 128.5504   0.3522  0.0080 31.9563  5.8331   1455578  0.9500
  0.00009   0.97756     8103.68 1.79365e-06 6.51716e-05 1.07982e-09 127.1230   0.3391  0.0110 29.1519  6.0294   1487221  0.9500
  0.00008   0.97959     7689.02 1.73812e-06 6.19294e-05 1.02321e-09 124.3323   0.3316  0.0101 26.2094  6.2353   1518864  0.9500
  0.00008   0.97331     7183.78 1.68439e-06 5.86585e-05 9.74906e-10 124.4478   0.3349  0.0123 23.3676  6.4343   1550507  0.9500
  0.00007   0.98547      6894.8 1.63029e-06 5.62545e-05 9.26254e-10 121.7462   0.3451  0.0078 20.9123  6.6061   1582150  0.9500
  0.00007   0.97778     6544.83  1.6076e-06 5.36473e-05 8.82499e-10 120.6615   0.3443  0.0118 18.9270  6.7451   1613793  0.9500
  0.00007   0.97899     6149.92 1.55995e-06 5.09729e-05 8.34039e-10 118.6025   0.3326  0.0099 17.1159  6.8719   1645436  0.9500
  0.00006   0.98316     5845.92 1.53059e-06 4.88284e-05 8.06988e-10 118.3434   0.3418  0.0080 15.2785  7.0005   1677079  0.9500
  0.00006   0.98455     5630.38  1.4986e-06 4.69411e-05 7.72024e-10 116.9843   0.3500  0.0098 13.7788  7.1055   1708722  0.9500
  0.00006   0.98316     5416.18 1.45841e-06 4.55106e-05 7.37614e-10 116.2636   0.3594  0.0088 12.5391  7.1923   1740365  0.9500
  0.00005   0.98742     5191.84 1.43636e-06 4.40549e-05 7.20082e-10 115.7271   0.3587  0.0061 11.5291  7.2630   1772008  0.9500
  0.00005   0.98804     5068.04 1.41096e-06 4.28931e-05 7.03089e-10 114.0040   0.3704  0.0058 10.5916  7.3286   1803651  0.9500
  0.00005   0.98605     4908.96 1.38652e-06 4.18354e-05 6.81277e-10 113.1567   0.3720  0.0075  9.8549  7.3802   1835294  0.9500
  0.00005   0.98782     4733.24 1.37307e-06 4.06107e-05  6.6633e-10 111.9966   0.3469  0.0064  9.1851  7.4270   1866937  0.9500
  0.00004   0.99069     4613.09 1.35541e-06 3.97157e-05 6.42316e-10 111.1169   0.3626  0.0054  8.3299  7.4869   1898580  0.9500
  0.00004   0.99013     4512.55 1.33793e-06 3.91061e-05 6.33338e-10 109.7084   0.3905  0.0060  7.6850  7.5320   1930223  0.9500
  0.00004   0.99296     4406.94 1.32973e-06 3.82718e-05 6.18924e-10 110.0511   0.3665  0.0031  7.3047  7.5587   1961866  0.9500
  0.00004   0.99209     4333.79 1.31799e-06 3.76246e-05 6.12243e-10 110.3051   0.3954  0.0059  6.7678  7.5963   1993509  0.9500
  0.00004   0.99311     4232.49 1.30718e-06 3.70544e-05 5.99656e-10 110.3366   0.3746  0.0029  6.4662  7.6174   2025152  0.9500
  0.00003   0.99366        4166  1.2955e-06 3.65085e-05 5.94686e-10 110.2442   0.3572  0.0045  6.0434  7.6470   2056795  0.9500
  0.00003    0.9949     4092.71 1.28751e-06 3.59327e-05 5.78924e-10 110.1398   0.3853  0.0027  5.5429  7.6820   2088438  0.9500
  0.00003   0.99463     4034.71 1.28096e-06 3.55952e-05 5.75195e-10 110.2663   0.3712  0.0022  5.2398  7.7032   2120081  0.9500
  0.00003   0.99401     3973.61 1.27643e-06 3.53895e-05 5.72495e-10 109.9496   0.4125  0.0033  4.8795  7.7284   2151724  0.9500
  0.00003   0.99605     3915.71 1.27719e-06 3.49392e-05 5.65541e-10 109.1923   0.3940  0.0019  4.7452  7.7378   2183367  0.9500
  0.00003   0.99795     3884.91 1.27361e-06 3.45719e-05 5.57482e-10 109.3449   0.3813  0.0012  4.5269  7.7531   2215010  0.9500
  0.00003   0.99532     3842.28 1.26794e-06 3.42591e-05 5.52236e-10 109.5379   0.3735  0.0028  4.2610  7.7717   2246653  0.9500
  0.00002   0.99602      3793.6 1.26479e-06 3.40756e-05 5.51395e-10 109.4429   0.4384  0.0019  3.9778  7.7916   2278296  0.9500
  0.00002   0.99872      3769.1 1.26231e-06 3.40037e-05 5.49116e-10 109.5929   0.4255  0.0013  3.9715  7.7920   2309939  0.9500
  0.00002    0.9975     3739.66 1.26383e-06 3.36831e-05   5.432e-10 109.1458   0.4163  0.0013  3.9139  7.7960   2341582  0.9500
  0.00002   0.99708     3712.08 1.25949e-06 3.34724e-05 5.38175e-10 109.4365   0.3999  0.0013  3.8211  7.8025   2373225  0.9500
  0.00002   0.99797     3690.22 1.25872e-06 3.33689e-05 5.39531e-10 109.3010   0.3945  0.0013  3.6680  7.8132   2404868  0.9500
  0.00002   0.99908     3671.45  1.2579e-06 3.32558e-05 5.33046e-10 109.3010   0.3814  0.0004  3.5010  7.8249   2436511  0.9500
  0.00002    0.9984     3655.67 1.25726e-06 3.31618e-05 5.32861e-10 109.2085   0.3709  0.0014  3.2960  7.8393   2468154  0.9500
  0.00002   0.99862     3627.26 1.25567e-06 3.29564e-05 5.32315e-10 109.2149   0.3559  0.0008  3.0682  7.8552   2499797  0.9500
  0.00002   0.99835     3608.56  1.2555e-06 3.28105e-05  5.2821e-10 109.1655   0.4483  0.0005  2.8101  7.8733   2531440  0.9500
  0.00002   0.99724     3592.64 1.25274e-06 3.27697e-05 5.27121e-10 109.4859   0.4370  0.0012  2.8333  7.8717   2563083  0.9500
  0.00001   0.99897     3567.64 1.25315e-06  3.2623e-05 5.24217e-10 109.0794   0.4282  0.0005  2.8249  7.8723   2594726  0.9500
  0.00001   0.99868     3548.95 1.25307e-06 3.24776e-05 5.21248e-10 109.3504   0.4089  0.0006  2.7914  7.8746   2626369  0.9500
  0.00001   0.99947     3536.86 1.25318e-06 3.23874e-05 5.20402e-10 109.3504   0.4004  0.0003  2.7046  7.8807   2658012  0.9500
  0.00001   0.99804     3521.84 1.25313e-06 3.23179e-05 5.21235e-10 109.4859   0.3849  0.0011  2.5974  7.8882   2689655  0.9500
  0.00001   0.99902      3505.9 1.25327e-06 3.21679e-05 5.16953e-10 109.3853   0.3684  0.0004  2.4543  7.8982   2721298  0.9500
  0.00001   0.99874     3495.35 1.25217e-06  3.2137e-05 5.17167e-10 109.4859   0.3588  0.0005  2.2786  7.9105   2752941  0.9500
  0.00001   0.99882     3486.11 1.25094e-06 3.21456e-05 5.15683e-10 109.3853   0.3472  0.0006  2.0937  7.9234   2784584  0.9500
  0.00001   0.99881     3473.15 1.24984e-06 3.20475e-05 5.15135e-10 109.3853   0.4667  0.0006  1.8995  7.9370   2816227  0.9500
  0.00001   0.99925     3466.75 1.24872e-06 3.19633e-05 5.14327e-10 109.4859   0.4563  0.0003  1.9503  7.9335   2847870  0.9500
  0.00001   0.99929     3461.76 1.24869e-06  3.1943e-05 5.12143e-10 109.4455   0.4432  0.0004  1.9821  7.9313   2879513  0.9500
  0.00001   0.99971     3455.89 1.24903e-06 3.19329e-05 5.12009e-10 109.4455   0.4301  0.0003  1.9884  7.9308   2911156  0.9500
  0.00001   0.99954     3451.66 1.24919e-06 3.19011e-05 5.12074e-10 109.3099   0.4236  0.0003  1.9686  7.9322   2942799  0.9500
  0.00001   0.99973     3446.72 1.24949e-06  3.1914e-05 5.12949e-10 109.3099   0.4032  0.0002  1.9363  7.9345   2974442  0.9500
  0.00001   0.99937     3441.89 1.24891e-06 3.18149e-05 5.11744e-10 109.3099   0.4009  0.0003  1.8649  7.9395   3006085  0.9500
  0.00001   0.99915     3435.86 1.24877e-06 3.17867e-05 5.10747e-10 109.3099   0.3900  0.0004  1.7920  7.9446   3037728  0.9500
  0.00001    0.9996     3428.62 1.24905e-06  3.1747e-05  5.1079e-10 109.3099   0.3691  0.0002  1.7025  7.9508   3069371  0.9500
  0.00001   0.99972      3424.3 1.24808e-06 3.17306e-05 5.09939e-10 109.3099   0.3607  0.0002  1.5818  7.9593   3101014  0.9500
  0.00001   0.99954     3419.43 1.24796e-06 3.16646e-05 5.09166e-10 109.3099   0.3417  0.0002  1.4563  7.9681   3132657  0.9500
  0.00001   0.99942     3413.79 1.24757e-06 3.15887e-05 5.08422e-10 109.3099   0.3305  0.0003  1.3132  7.9781   3164300  0.9500
  0.00001   0.99982     3408.35 1.24732e-06 3.15997e-05 5.07476e-10 109.3099   0.3194  0.0001  1.1694  7.9881   3195943  0.9500
  0.00001   0.99979     3406.36 1.24731e-06 3.16442e-05 5.08105e-10 109.3099   0.3121  0.0001  1.0283  7.9980   3227586  0.9500
  0.00000   0.99979      3404.1 1.24689e-06  3.1647e-05 5.09013e-10 109.3099   0.3006  0.0003  1.0000  8.0000   3259229  0.9500
  0.00000   0.99964     3399.84 1.24717e-06 3.16159e-05 5.08348e-10 109.3099   0.2898  0.0002  1.0000  8.0000   3290872  0.9500
  0.00000   0.99966      3395.3 1.24673e-06 3.15833e-05 5.07196e-10 109.3099   0.2748  0.0002  1.0000  8.0000   3322515  0.9500
  0.00000   0.99988     3394.06 1.24739e-06 3.15621e-05  5.0749e-10 109.3099   0.2712  0.0001  1.0000  8.0000   3354158  0.9500
  0.00000   0.99967     3391.81 1.24666e-06 3.15551e-05 5.07146e-10 109.3099   0.2615  0.0002  1.0000  8.0000   3385801  0.9500
  0.00000   0.99965     3388.28 1.24666e-06 3.15273e-05   5.062e-10 109.3099   0.2509  0.0002  1.0000  8.0000   3417444  0.9500
  0.00000   0.99956     3383.81 1.24671e-06 3.15372e-05 5.06619e-10 109.3099   0.2405  0.0002  1.0000  8.0000   3449087  0.9500
  0.00000   0.99987     3381.12 1.24667e-06 3.15008e-05 5.06392e-10 109.3099   0.2299  0.0001  1.0000  8.0000   3480730  0.9500
  0.00000   0.99959      3379.3 1.24667e-06  3.1497e-05 5.05832e-10 109.3099   0.2141  0.0001  1.0000  8.0000   3512373  0.9500
  0.00000   0.99984     3377.49 1.24669e-06 3.15253e-05 5.06637e-10 109.3099   0.2105  0.0001  1.0000  8.0000   3544016  0.9500
  0.00000   0.99984     3375.13 1.24675e-06 3.14772e-05 5.06207e-10 109.3099   0.2011  0.0001  1.0000  8.0000   3575659  0.9500
  0.00000   0.99988      3373.7 1.24714e-06 3.14662e-05  5.0549e-10 109.3099   0.1943  0.0000  1.0000  8.0000   3607302  0.9500
  0.00000   0.99995     3372.61 1.24672e-06 3.14862e-05 5.05294e-10 109.3099   0.1816  0.0000  1.0000  8.0000   3638945  0.9500
  0.00000   0.99974     3370.49 1.24712e-06 3.14718e-05 5.05658e-10 109.3099   0.1835  0.0001  1.0000  8.0000   3670588  0.9500
  0.00000   0.99983     3368.74 1.24666e-06 3.14887e-05 5.05444e-10 109.3099   0.1702  0.0000  1.0000  8.0000   3702231  0.9500
  0.00000   0.99988     3367.35 1.24666e-06 3.14942e-05  5.0596e-10 109.3099   0.1591  0.0000  1.0000  8.0000   3733874  0.9500
  0.00000   0.99983     3366.02 1.24667e-06  3.1463e-05 5.05897e-10 109.3099   0.1551  0.0001  1.0000  8.0000   3765517  0.9500
  0.00000   0.99998     3364.97 1.24667e-06  3.1478e-05 5.05652e-10 109.3099   0.1511  0.0000  1.0000  8.0000   3797160  0.9500
  0.00000   0.99981      3363.5 1.24668e-06  3.1455e-05  5.0545e-10 109.3099   0.1416  0.0001  1.0000  8.0000   3828803  0.8000
  0.00000   0.99979     3361.25 1.24666e-06 3.14306e-05 5.04983e-10 109.3099   0.1186  0.0001  1.0000  8.0000   3860446  0.8000
  0.00000   0.99988     3359.64 1.24666e-06 3.14221e-05 5.04622e-10 109.3099   0.1038  0.0000  1.0000  8.0000   3892089  0.8000
  0.00000   0.99981     3357.89 1.24666e-06 3.14324e-05 5.04725e-10 109.3099   0.0796  0.0001  1.0000  8.0000   3923732  0.8000
  0.00000   0.99993     3356.49 1.24666e-06   3.142e-05 5.04746e-10 109.3099   0.0669  0.0000  1.0000  8.0000   3955375  0.8000
  0.00000   0.99994     3355.79 1.24666e-06 3.14024e-05 5.04392e-10 109.3099   0.0535  0.0000  1.0000  8.0000   3987018  0.8000
  0.00000   0.99995     3355.09 1.24666e-06 3.14175e-05 5.04509e-10 109.3099   0.0409  0.0000  1.0000  8.0000   4018661  0.8000
  0.00000   0.99998     3354.82 1.24666e-06 3.14272e-05 5.04692e-10 109.3099   0.0347  0.0000  1.0000  8.0000   4050304  0.8000
  0.00000   0.99998     3354.62 1.24666e-06 3.14245e-05 5.04749e-10 109.3099   0.0310  0.0000  1.0000  8.0000   4081947  0.8000
  0.00000   0.99995     3354.46 1.24666e-06 3.14205e-05 5.04846e-10            0.0066  0.0000  1.0000  8.0000   4113590

BB estimate of min-dist (placement) wirelength: 334320
bb_cost recomputed from scratch: 3354.41
timing_cost recomputed from scratch: 1.24666e-06
delay_cost recomputed from scratch: 3.14159e-05

Completed placement consistency check successfully.

Swaps called: 4115963

Placement estimated critical path delay: 109.31 ns
Placement cost: 0.999946, bb_cost: 3354.41, td_cost: 1.24666e-06, delay_cost: 3.14158e-05
Placement total # of swap attempts: 4115963
	Swap reject rate: 0
	Swap accept rate: 0
	Swap abort rate: 0
Placement took 183.512 seconds.
Build rr_graph took 75.3101 seconds.
Confirming Router Algorithm: TIMING_DRIVEN.

Routing iteration: 1
Wire length after first iteration 416754, total available wire length 5050000, ratio 0.0825255
Critical path: 115.523 ns
Routing iteration took 27.4888 seconds.

Routing iteration: 2
Critical path: 115.659 ns
Routing iteration took 14.7427 seconds.

Routing iteration: 3
Critical path: 115.656 ns
Routing iteration took 12.7763 seconds.

Routing iteration: 4
Critical path: 115.663 ns
Routing iteration took 12.5144 seconds.

Routing iteration: 5
Critical path: 115.664 ns
Routing iteration took 11.2987 seconds.

Routing iteration: 6
Critical path: 115.669 ns
Routing iteration took 11.079 seconds.

Routing iteration: 7
Critical path: 115.665 ns
Routing iteration took 10.573 seconds.

Routing iteration: 8
Critical path: 115.665 ns
Routing iteration took 10.0828 seconds.

Routing iteration: 9
Critical path: 115.667 ns
Routing iteration took 9.70318 seconds.

Routing iteration: 10
Critical path: 115.663 ns
Routing iteration took 9.96776 seconds.

Routing iteration: 11
Critical path: 115.668 ns
Routing iteration took 9.958 seconds.

Routing iteration: 12
Critical path: 115.669 ns
Routing iteration took 10.0005 seconds.

Routing iteration: 13
Critical path: 115.669 ns
Routing iteration took 9.81971 seconds.

Routing iteration: 14
Critical path: 115.669 ns
Routing iteration took 9.88211 seconds.

Routing iteration: 15
Critical path: 115.67 ns
Routing iteration took 9.89709 seconds.

Routing iteration: 16
Critical path: 115.67 ns
Routing iteration took 10.2841 seconds.

Routing iteration: 17
Critical path: 115.667 ns
Routing iteration took 9.99925 seconds.

Routing iteration: 18
Critical path: 115.67 ns
Routing iteration took 9.95691 seconds.

Routing iteration: 19
Critical path: 115.667 ns
Routing iteration took 10.0245 seconds.

Routing iteration: 20
Critical path: 115.667 ns
Routing iteration took 9.87893 seconds.

Routing iteration: 21
Successfully routed after 21 routing iterations.
Completed net delay value cross check successfully.

Checking to ensure routing is legal...
Completed routing consistency check successfully.

Serial number (magic cookie) for the routing is: 894236171
Circuit successfully routed with a channel width factor of 250.


Average number of bends per net: 3.04504  Maximum # of bends: 225

Number of routed nets (nonglobal): 16276
Wirelength results (in units of 1 clb segments)...
	Total wirelength: 449954, average net length: 27.6452
	Maximum net length: 1224

Wirelength results in terms of physical segments...
	Total wiring segments used: 112562, average wire segments per net: 6.91583
	Maximum segments used by a net: 306
	Total local nets with reserved CLB opins: 0

X - Directed channels: j	max occ	av_occ		capacity
0	15	2.28000  	250
1	1	0.0800000	250
2	0	0.00000  	250
3	1	0.120000 	250
4	1	0.0400000	250
5	0	0.00000  	250
6	0	0.00000  	250
7	0	0.00000  	250
8	0	0.00000  	250
9	1	0.0400000	250
10	0	0.00000  	250
11	2	0.120000 	250
12	18	7.71000  	250
13	6	4.80000  	250
14	4	1.36000  	250
15	5	0.560000 	250
16	10	2.66000  	250
17	3	0.540000 	250
18	17	3.92000  	250
19	5	1.44000  	250
20	10	1.91000  	250
21	21	5.64000  	250
22	23	6.20000  	250
23	38	5.04000  	250
24	73	16.7100  	250
25	70	19.7600  	250
26	82	27.0000  	250
27	89	29.9600  	250
28	102	33.7700  	250
29	95	32.3000  	250
30	83	32.5600  	250
31	99	42.9200  	250
32	90	35.1200  	250
33	84	32.7200  	250
34	108	38.8000  	250
35	105	40.4000  	250
36	111	38.5600  	250
37	103	45.6000  	250
38	105	47.2400  	250
39	125	54.9200  	250
40	116	51.0000  	250
41	109	48.9200  	250
42	107	49.5600  	250
43	105	53.0400  	250
44	94	46.3600  	250
45	101	46.7200  	250
46	121	49.4400  	250
47	109	49.9000  	250
48	89	41.3200  	250
49	109	46.2000  	250
50	101	46.7900  	250
51	105	49.0600  	250
52	105	44.1100  	250
53	135	58.9600  	250
54	121	59.6900  	250
55	132	58.6400  	250
56	120	55.0700  	250
57	134	65.0900  	250
58	125	63.1200  	250
59	119	60.9000  	250
60	110	55.2300  	250
61	102	50.1600  	250
62	96	46.5700  	250
63	105	49.5600  	250
64	93	44.6000  	250
65	101	49.6800  	250
66	96	45.7600  	250
67	91	42.3900  	250
68	99	38.0800  	250
69	108	39.7600  	250
70	103	34.8400  	250
71	104	26.9200  	250
72	111	23.1200  	250
73	85	17.2800  	250
74	80	15.4400  	250
75	88	14.6000  	250
76	87	11.6000  	250
77	72	11.1600  	250
78	61	9.48000  	250
79	46	5.28000  	250
80	44	3.16000  	250
81	19	1.48000  	250
82	3	0.160000 	250
83	0	0.00000  	250
84	5	0.230000 	250
85	0	0.00000  	250
86	0	0.00000  	250
87	0	0.00000  	250
88	0	0.00000  	250
89	0	0.00000  	250
90	0	0.00000  	250
91	0	0.00000  	250
92	0	0.00000  	250
93	0	0.00000  	250
94	0	0.00000  	250
95	1	0.0400000	250
96	1	0.0800000	250
97	1	0.0800000	250
98	4	0.200000 	250
99	2	0.160000 	250
100	12	1.72000  	250

Y - Directed channels: i	max occ	av_occ		capacity
0	21	2.76000  	250
1	2	0.0800000	250
2	2	0.120000 	250
3	2	0.200000 	250
4	1	0.0400000	250
5	0	0.00000  	250
6	1	0.0400000	250
7	0	0.00000  	250
8	1	0.170000 	250
9	44	6.20000  	250
10	49	8.03000  	250
11	16	2.19000  	250
12	15	2.76000  	250
13	19	2.40000  	250
14	11	1.13000  	250
15	11	1.40000  	250
16	24	3.02000  	250
17	70	15.2500  	250
18	83	22.7700  	250
19	76	22.0700  	250
20	87	22.6400  	250
21	93	22.1100  	250
22	70	17.7600  	250
23	93	30.0000  	250
24	97	34.7200  	250
25	113	38.8800  	250
26	107	38.2800  	250
27	101	33.4800  	250
28	111	34.4400  	250
29	93	28.1200  	250
30	76	21.8400  	250
31	109	31.8400  	250
32	115	37.2400  	250
33	100	38.3600  	250
34	107	42.4800  	250
35	130	39.5600  	250
36	117	40.7600  	250
37	79	32.0200  	250
38	76	26.9600  	250
39	107	38.1200  	250
40	105	40.4600  	250
41	110	44.3200  	250
42	99	45.9300  	250
43	125	44.6800  	250
44	132	49.1500  	250
45	92	36.1200  	250
46	89	35.2800  	250
47	117	47.3600  	250
48	120	50.0400  	250
49	99	47.0000  	250
50	105	54.5300  	250
51	108	44.4400  	250
52	96	41.7400  	250
53	69	29.4700  	250
54	85	34.2000  	250
55	110	42.2400  	250
56	108	45.9800  	250
57	86	38.0300  	250
58	103	34.0500  	250
59	109	40.5400  	250
60	104	40.0800  	250
61	89	26.8000  	250
62	95	26.4700  	250
63	99	33.3200  	250
64	98	27.6000  	250
65	77	20.9600  	250
66	81	31.3600  	250
67	98	34.5600  	250
68	81	31.1200  	250
69	97	28.3200  	250
70	104	30.2000  	250
71	107	37.6000  	250
72	96	33.7600  	250
73	85	27.3600  	250
74	103	32.6400  	250
75	93	27.4000  	250
76	101	23.6400  	250
77	104	14.8000  	250
78	92	14.3600  	250
79	88	14.8000  	250
80	102	13.8400  	250
81	80	15.4800  	250
82	89	17.0400  	250
83	70	5.96000  	250
84	55	4.36000  	250
85	30	1.84000  	250
86	1	0.0400000	250
87	0	0.00000  	250
88	0	0.00000  	250
89	0	0.00000  	250
90	0	0.00000  	250
91	0	0.00000  	250
92	0	0.00000  	250
93	0	0.00000  	250
94	0	0.00000  	250
95	0	0.00000  	250
96	1	0.120000 	250
97	3	0.320000 	250
98	2	0.120000 	250
99	0	0.00000  	250
100	13	1.96000  	250

Total tracks in x-direction: 25250, in y-direction: 25250

Logic area (in minimum width transistor areas, excludes I/Os and empty grid tiles)...
	Total logic block area (Warning, need to add pitch of routing to blocks with height > 3): 6.36957e+08
	Total used logic block area: 1.41224e+08

Routing area (in minimum width transistor areas)...
	Total routing area: 2.36474e+08, per logic tile: 23647.4

Segment usage by type (index):
Segment type       Fractional utilization
------------       ----------------------
       0                  0.0866

Segment usage by length:
Segment length       Fractional utilization
--------------       ----------------------
        4                   0.0866

Nets on critical path: 134 normal, 0 global.
Total logic delay: 6.08715e-08 (s), total net delay: 5.4796e-08 (s)
Final critical path: 115.667 ns
f_max: 8.64547 MHz

Least slack in design: -115.667 ns

Routing took 316.147 seconds.
The entire flow of VPR took 501.75 seconds.
