________________________________________________________________________
                       VPR - The Next Generation                        
                     Version 0.A15.0 (Linux X86/64)                     
            This is free open source code under MIT license.            
________________________________________________________________________

VPR FPGA Placement and Routing.
Version: Version 7.0
Compiled: Aug  1 2019.
University of Toronto
vpr@eecg.utoronto.ca
This is free open source code under MIT license.

Architecture file: /home/zhlab/BRAM/s_run/mkPktMerge/src/pre_info_src/k6_frac_N10_mem32K_40nm_1.xml
Circuit name: /home/zhlab/BRAM/s_run/mkPktMerge/src/pre_info_src/mkPktMerge.blif

Building complex block graph.
WARNING(1): io[0].clock[0] unconnected pin in architecture.
Loop for doall = 0, init_parse took 4e-06 seconds.
Loop for doall = 0 took 0.009231 seconds.
Loop for doall = 1, init_parse took 0.006721 seconds.
Loop for doall = 1 took 0.010625 seconds.
Swept away 459 nets with no fanout.
Net is a constant generator: gnd.
WARNING(2): logical_block #1344 with output gnd has only 0 pin.
WARNING(3): Block contains output -- may be a constant generator.
0 unconnected blocks in input netlist.
Removed 156 LUT buffers.
Sweeped away 156 nodes.
BLIF circuit stats:
	1 LUTs of size 0
	0 LUTs of size 1
	9 LUTs of size 2
	163 LUTs of size 3
	9 LUTs of size 4
	17 LUTs of size 5
	33 LUTs of size 6
	311 of type input
	156 of type output
	36 of type latch
	232 of type names
	459 of type dual_port_ram
	0 of type single_port_ram
	0 of type multiply
Timing analysis: ON
Circuit netlist file: /home/zhlab/BRAM/s_run/mkPktMerge/src/pre_info_src/mkPktMerge.net
Circuit placement file: /home/zhlab/BRAM/s_run/mkPktMerge/src/pre_info_src/mkPktMerge.place
Circuit routing file: /home/zhlab/BRAM/s_run/mkPktMerge/src/pre_info_src/mkPktMerge.route
Circuit SDC file: /home/zhlab/BRAM/s_run/mkPktMerge/src/pre_info_src/mkPktMerge.sdc
Operation: RUN_FLOW

Packer: DISABLED
Placer: ENABLED
Router: DISABLED
PlacerOpts.place_freq: PLACE_ONCE
PlacerOpts.place_algorithm: PATH_TIMING_DRIVEN_PLACE
PlacerOpts.pad_loc_type: FREE
PlacerOpts.place_cost_exp: 1.000000
PlacerOpts.inner_loop_recompute_divider: 0
PlacerOpts.recompute_crit_iter: 1
PlacerOpts.timing_tradeoff: 0.500000
PlacerOpts.td_place_exp_first: 1.000000
PlacerOpts.td_place_exp_last: 8.000000
PlaceOpts.seed: 1
AnnealSched.type: AUTO_SCHED
AnnealSched.inner_num: 1.000000

RoutingArch.directionality: UNI_DIRECTIONAL
RoutingArch.switch_block_type: WILTON
RoutingArch.Fs: 3

Begin parsing packed FPGA netlist file.
Finished parsing packed FPGA netlist file.
Netlist generated from file '/home/zhlab/BRAM/s_run/mkPktMerge/src/pre_info_src/mkPktMerge.net'.
gnd is a constant generator.

Netlist num_nets: 972
Netlist num_blocks: 497
Netlist <EMPTY> blocks: 0.
Netlist clb blocks: 15.
Netlist mult_36 blocks: 0.
Netlist memory blocks: 15.
Netlist inputs pins: 311
Netlist output pins: 156

The circuit will be mapped into a 100 x 100 array of clbs.

Resource usage...
	Netlist      0	blocks of type: <EMPTY>
	Architecture 56	blocks of type: <EMPTY>
	Netlist      467	blocks of type: io
	Architecture 3200	blocks of type: io
	Netlist      15	blocks of type: clb
	Architecture 7500	blocks of type: clb
	Netlist      0	blocks of type: mult_36
	Architecture 300	blocks of type: mult_36
	Netlist      15	blocks of type: memory
	Architecture 208	blocks of type: memory

EooooooooooooooooooooooooooooooooooooooooooooooooooooooooooooooooooooooooooooooooooooooooooooooooooooE
olelllulllelllulllelllulllelllulllelllulllelllulllelllulllelllulllelllulllelllulllelllulllelllulllello
olelllulllelllulllelllulllelllulllelllulllelllulllelllulllelllulllelllulllelllulllelllulllelllulllello
olelllulllelllulllelllulllelllulllelllulllelllulllelllulllelllulllelllulllelllulllelllulllelllulllello
olelllulllelllulllelllulllelllulllelllulllelllulllelllulllelllulllelllulllelllulllelllulllelllulllello
olelllulllelllulllelllulllelllulllelllulllelllulllelllulllelllulllelllulllelllulllelllulllelllulllello
olelllulllelllulllelllulllelllulllelllulllelllulllelllulllelllulllelllulllelllulllelllulllelllulllello
olelllulllelllulllelllulllelllulllelllulllelllulllelllulllelllulllelllulllelllulllelllulllelllulllello
olelllulllelllulllelllulllelllulllelllulllelllulllelllulllelllulllelllulllelllulllelllulllelllulllello
olelllulllelllulllelllulllelllulllelllulllelllulllelllulllelllulllelllulllelllulllelllulllelllulllello
olelllulllelllulllelllulllelllulllelllulllelllulllelllulllelllulllelllulllelllulllelllulllelllulllello
olelllulllelllulllelllulllelllulllelllulllelllulllelllulllelllulllelllulllelllulllelllulllelllulllello
olelllulllelllulllelllulllelllulllelllulllelllulllelllulllelllulllelllulllelllulllelllulllelllulllello
olelllulllelllulllelllulllelllulllelllulllelllulllelllulllelllulllelllulllelllulllelllulllelllulllello
olelllulllelllulllelllulllelllulllelllulllelllulllelllulllelllulllelllulllelllulllelllulllelllulllello
olelllulllelllulllelllulllelllulllelllulllelllulllelllulllelllulllelllulllelllulllelllulllelllulllello
olelllulllelllulllelllulllelllulllelllulllelllulllelllulllelllulllelllulllelllulllelllulllelllulllello
olelllulllelllulllelllulllelllulllelllulllelllulllelllulllelllulllelllulllelllulllelllulllelllulllello
olelllulllelllulllelllulllelllulllelllulllelllulllelllulllelllulllelllulllelllulllelllulllelllulllello
olelllulllelllulllelllulllelllulllelllulllelllulllelllulllelllulllelllulllelllulllelllulllelllulllello
olelllulllelllulllelllulllelllulllelllulllelllulllelllulllelllulllelllulllelllulllelllulllelllulllello
olelllulllelllulllelllulllelllulllelllulllelllulllelllulllelllulllelllulllelllulllelllulllelllulllello
olelllulllelllulllelllulllelllulllelllulllelllulllelllulllelllulllelllulllelllulllelllulllelllulllello
olelllulllelllulllelllulllelllulllelllulllelllulllelllulllelllulllelllulllelllulllelllulllelllulllello
olelllulllelllulllelllulllelllulllelllulllelllulllelllulllelllulllelllulllelllulllelllulllelllulllello
olelllulllelllulllelllulllelllulllelllulllelllulllelllulllelllulllelllulllelllulllelllulllelllulllello
olelllulllelllulllelllulllelllulllelllulllelllulllelllulllelllulllelllulllelllulllelllulllelllulllello
olelllulllelllulllelllulllelllulllelllulllelllulllelllulllelllulllelllulllelllulllelllulllelllulllello
olelllulllelllulllelllulllelllulllelllulllelllulllelllulllelllulllelllulllelllulllelllulllelllulllello
olelllulllelllulllelllulllelllulllelllulllelllulllelllulllelllulllelllulllelllulllelllulllelllulllello
olelllulllelllulllelllulllelllulllelllulllelllulllelllulllelllulllelllulllelllulllelllulllelllulllello
olelllulllelllulllelllulllelllulllelllulllelllulllelllulllelllulllelllulllelllulllelllulllelllulllello
olelllulllelllulllelllulllelllulllelllulllelllulllelllulllelllulllelllulllelllulllelllulllelllulllello
olelllulllelllulllelllulllelllulllelllulllelllulllelllulllelllulllelllulllelllulllelllulllelllulllello
olelllulllelllulllelllulllelllulllelllulllelllulllelllulllelllulllelllulllelllulllelllulllelllulllello
olelllulllelllulllelllulllelllulllelllulllelllulllelllulllelllulllelllulllelllulllelllulllelllulllello
olelllulllelllulllelllulllelllulllelllulllelllulllelllulllelllulllelllulllelllulllelllulllelllulllello
olelllulllelllulllelllulllelllulllelllulllelllulllelllulllelllulllelllulllelllulllelllulllelllulllello
olelllulllelllulllelllulllelllulllelllulllelllulllelllulllelllulllelllulllelllulllelllulllelllulllello
olelllulllelllulllelllulllelllulllelllulllelllulllelllulllelllulllelllulllelllulllelllulllelllulllello
olelllulllelllulllelllulllelllulllelllulllelllulllelllulllelllulllelllulllelllulllelllulllelllulllello
olelllulllelllulllelllulllelllulllelllulllelllulllelllulllelllulllelllulllelllulllelllulllelllulllello
olelllulllelllulllelllulllelllulllelllulllelllulllelllulllelllulllelllulllelllulllelllulllelllulllello
olelllulllelllulllelllulllelllulllelllulllelllulllelllulllelllulllelllulllelllulllelllulllelllulllello
olelllulllelllulllelllulllelllulllelllulllelllulllelllulllelllulllelllulllelllulllelllulllelllulllello
olelllulllelllulllelllulllelllulllelllulllelllulllelllulllelllulllelllulllelllulllelllulllelllulllello
olelllulllelllulllelllulllelllulllelllulllelllulllelllulllelllulllelllulllelllulllelllulllelllulllello
olelllulllelllulllelllulllelllulllelllulllelllulllelllulllelllulllelllulllelllulllelllulllelllulllello
olelllulllelllulllelllulllelllulllelllulllelllulllelllulllelllulllelllulllelllulllelllulllelllulllello
olelllulllelllulllelllulllelllulllelllulllelllulllelllulllelllulllelllulllelllulllelllulllelllulllello
olelllulllelllulllelllulllelllulllelllulllelllulllelllulllelllulllelllulllelllulllelllulllelllulllello
olelllulllelllulllelllulllelllulllelllulllelllulllelllulllelllulllelllulllelllulllelllulllelllulllello
olelllulllelllulllelllulllelllulllelllulllelllulllelllulllelllulllelllulllelllulllelllulllelllulllello
olelllulllelllulllelllulllelllulllelllulllelllulllelllulllelllulllelllulllelllulllelllulllelllulllello
olelllulllelllulllelllulllelllulllelllulllelllulllelllulllelllulllelllulllelllulllelllulllelllulllello
olelllulllelllulllelllulllelllulllelllulllelllulllelllulllelllulllelllulllelllulllelllulllelllulllello
olelllulllelllulllelllulllelllulllelllulllelllulllelllulllelllulllelllulllelllulllelllulllelllulllello
olelllulllelllulllelllulllelllulllelllulllelllulllelllulllelllulllelllulllelllulllelllulllelllulllello
olelllulllelllulllelllulllelllulllelllulllelllulllelllulllelllulllelllulllelllulllelllulllelllulllello
olelllulllelllulllelllulllelllulllelllulllelllulllelllulllelllulllelllulllelllulllelllulllelllulllello
olelllulllelllulllelllulllelllulllelllulllelllulllelllulllelllulllelllulllelllulllelllulllelllulllello
olelllulllelllulllelllulllelllulllelllulllelllulllelllulllelllulllelllulllelllulllelllulllelllulllello
olelllulllelllulllelllulllelllulllelllulllelllulllelllulllelllulllelllulllelllulllelllulllelllulllello
olelllulllelllulllelllulllelllulllelllulllelllulllelllulllelllulllelllulllelllulllelllulllelllulllello
olelllulllelllulllelllulllelllulllelllulllelllulllelllulllelllulllelllulllelllulllelllulllelllulllello
olelllulllelllulllelllulllelllulllelllulllelllulllelllulllelllulllelllulllelllulllelllulllelllulllello
olelllulllelllulllelllulllelllulllelllulllelllulllelllulllelllulllelllulllelllulllelllulllelllulllello
olelllulllelllulllelllulllelllulllelllulllelllulllelllulllelllulllelllulllelllulllelllulllelllulllello
olelllulllelllulllelllulllelllulllelllulllelllulllelllulllelllulllelllulllelllulllelllulllelllulllello
olelllulllelllulllelllulllelllulllelllulllelllulllelllulllelllulllelllulllelllulllelllulllelllulllello
olelllulllelllulllelllulllelllulllelllulllelllulllelllulllelllulllelllulllelllulllelllulllelllulllello
olelllulllelllulllelllulllelllulllelllulllelllulllelllulllelllulllelllulllelllulllelllulllelllulllello
olelllulllelllulllelllulllelllulllelllulllelllulllelllulllelllulllelllulllelllulllelllulllelllulllello
olelllulllelllulllelllulllelllulllelllulllelllulllelllulllelllulllelllulllelllulllelllulllelllulllello
olelllulllelllulllelllulllelllulllelllulllelllulllelllulllelllulllelllulllelllulllelllulllelllulllello
olelllulllelllulllelllulllelllulllelllulllelllulllelllulllelllulllelllulllelllulllelllulllelllulllello
olelllulllelllulllelllulllelllulllelllulllelllulllelllulllelllulllelllulllelllulllelllulllelllulllello
olelllulllelllulllelllulllelllulllelllulllelllulllelllulllelllulllelllulllelllulllelllulllelllulllello
olelllulllelllulllelllulllelllulllelllulllelllulllelllulllelllulllelllulllelllulllelllulllelllulllello
olelllulllelllulllelllulllelllulllelllulllelllulllelllulllelllulllelllulllelllulllelllulllelllulllello
olelllulllelllulllelllulllelllulllelllulllelllulllelllulllelllulllelllulllelllulllelllulllelllulllello
olelllulllelllulllelllulllelllulllelllulllelllulllelllulllelllulllelllulllelllulllelllulllelllulllello
olelllulllelllulllelllulllelllulllelllulllelllulllelllulllelllulllelllulllelllulllelllulllelllulllello
olelllulllelllulllelllulllelllulllelllulllelllulllelllulllelllulllelllulllelllulllelllulllelllulllello
olelllulllelllulllelllulllelllulllelllulllelllulllelllulllelllulllelllulllelllulllelllulllelllulllello
olelllulllelllulllelllulllelllulllelllulllelllulllelllulllelllulllelllulllelllulllelllulllelllulllello
olelllulllelllulllelllulllelllulllelllulllelllulllelllulllelllulllelllulllelllulllelllulllelllulllello
olelllulllelllulllelllulllelllulllelllulllelllulllelllulllelllulllelllulllelllulllelllulllelllulllello
olelllulllelllulllelllulllelllulllelllulllelllulllelllulllelllulllelllulllelllulllelllulllelllulllello
olelllulllelllulllelllulllelllulllelllulllelllulllelllulllelllulllelllulllelllulllelllulllelllulllello
olelllulllelllulllelllulllelllulllelllulllelllulllelllulllelllulllelllulllelllulllelllulllelllulllello
olelllulllelllulllelllulllelllulllelllulllelllulllelllulllelllulllelllulllelllulllelllulllelllulllello
olelllulllelllulllelllulllelllulllelllulllelllulllelllulllelllulllelllulllelllulllelllulllelllulllello
olelllulllelllulllelllulllelllulllelllulllelllulllelllulllelllulllelllulllelllulllelllulllelllulllello
olelllulllelllulllelllulllelllulllelllulllelllulllelllulllelllulllelllulllelllulllelllulllelllulllello
olelllulllelllulllelllulllelllulllelllulllelllulllelllulllelllulllelllulllelllulllelllulllelllulllello
olelllulllelllulllelllulllelllulllelllulllelllulllelllulllelllulllelllulllelllulllelllulllelllulllello
olElllulllElllulllElllulllElllulllElllulllElllulllElllulllElllulllElllulllElllulllElllulllElllulllEllo
olElllulllElllulllElllulllElllulllElllulllElllulllElllulllElllulllElllulllElllulllElllulllElllulllEllo
olElllulllElllulllElllulllElllulllElllulllElllulllElllulllElllulllElllulllElllulllElllulllElllulllEllo
olElllulllElllulllElllulllElllulllElllulllElllulllElllulllElllulllElllulllElllulllElllulllElllulllEllo
EooooooooooooooooooooooooooooooooooooooooooooooooooooooooooooooooooooooooooooooooooooooooooooooooooooE
zh_lab get_pin_dict
 find_ BRAMS 15 
 range 1024 
con_width 32 
range 1024 
con_width 32 
range 1024 
con_width 32 
range 1024 
con_width 32 
range 1024 
con_width 32 
range 1024 
con_width 32 
range 1024 
con_width 32 
range 1024 
con_width 32 
range 1024 
con_width 32 
range 1024 
con_width 32 
range 1024 
con_width 32 
range 1024 
con_width 32 
range 1024 
con_width 32 
range 1024 
con_width 32 
range 1024 
con_width 32 

SDC file '/home/zhlab/BRAM/s_run/mkPktMerge/src/pre_info_src/mkPktMerge.sdc' blank or not found.

Defaulting to: constrain all 0 inputs and 0 outputs on the netlist clock.
Optimize this clock to run as fast as possible.
Computing delta_io_to_io lookup matrix, may take a few seconds, please wait...
Computing delta_io_to_clb lookup matrix, may take a few seconds, please wait...
Computing delta_clb_to_io lookup matrix, may take a few seconds, please wait...
Computing delta_clb_to_clb lookup matrix, may take a few seconds, please wait...
  /home/zhlab/BRAM/s_run/mkPktMerge/res/BRAM/2_1mem 
  2 _ 1 
  /home/zhlab/BRAM/s_run/mkPktMerge/res/BRAM/2_7mem 
  2 _ 7 
  /home/zhlab/BRAM/s_run/mkPktMerge/res/BRAM/2_13mem 
  2 _ 13 
  /home/zhlab/BRAM/s_run/mkPktMerge/res/BRAM/2_19mem 
  2 _ 19 
  /home/zhlab/BRAM/s_run/mkPktMerge/res/BRAM/2_25mem 
  2 _ 25 
  /home/zhlab/BRAM/s_run/mkPktMerge/res/BRAM/2_31mem 
  2 _ 31 
  /home/zhlab/BRAM/s_run/mkPktMerge/res/BRAM/2_37mem 
  2 _ 37 
  /home/zhlab/BRAM/s_run/mkPktMerge/res/BRAM/2_43mem 
  2 _ 43 
  /home/zhlab/BRAM/s_run/mkPktMerge/res/BRAM/2_49mem 
  2 _ 49 
  /home/zhlab/BRAM/s_run/mkPktMerge/res/BRAM/2_55mem 
  2 _ 55 
  /home/zhlab/BRAM/s_run/mkPktMerge/res/BRAM/2_61mem 
  2 _ 61 
  /home/zhlab/BRAM/s_run/mkPktMerge/res/BRAM/2_67mem 
  2 _ 67 
  /home/zhlab/BRAM/s_run/mkPktMerge/res/BRAM/2_73mem 
  2 _ 73 
  /home/zhlab/BRAM/s_run/mkPktMerge/res/BRAM/2_79mem 
  2 _ 79 
  /home/zhlab/BRAM/s_run/mkPktMerge/res/BRAM/2_85mem 
  2 _ 85 
  /home/zhlab/BRAM/s_run/mkPktMerge/res/BRAM/2_91mem 
  2 _ 91 
  /home/zhlab/BRAM/s_run/mkPktMerge/res/BRAM/10_1mem 
  10 _ 1 
  /home/zhlab/BRAM/s_run/mkPktMerge/res/BRAM/10_7mem 
  10 _ 7 
  /home/zhlab/BRAM/s_run/mkPktMerge/res/BRAM/10_13mem 
  10 _ 13 
  /home/zhlab/BRAM/s_run/mkPktMerge/res/BRAM/10_19mem 
  10 _ 19 
  /home/zhlab/BRAM/s_run/mkPktMerge/res/BRAM/10_25mem 
  10 _ 25 
  /home/zhlab/BRAM/s_run/mkPktMerge/res/BRAM/10_31mem 
  10 _ 31 
  /home/zhlab/BRAM/s_run/mkPktMerge/res/BRAM/10_37mem 
  10 _ 37 
  /home/zhlab/BRAM/s_run/mkPktMerge/res/BRAM/10_43mem 
  10 _ 43 
  /home/zhlab/BRAM/s_run/mkPktMerge/res/BRAM/10_49mem 
  10 _ 49 
  /home/zhlab/BRAM/s_run/mkPktMerge/res/BRAM/10_55mem 
  10 _ 55 
  /home/zhlab/BRAM/s_run/mkPktMerge/res/BRAM/10_61mem 
  10 _ 61 
  /home/zhlab/BRAM/s_run/mkPktMerge/res/BRAM/10_67mem 
  10 _ 67 
  /home/zhlab/BRAM/s_run/mkPktMerge/res/BRAM/10_73mem 
  10 _ 73 
  /home/zhlab/BRAM/s_run/mkPktMerge/res/BRAM/10_79mem 
  10 _ 79 
  /home/zhlab/BRAM/s_run/mkPktMerge/res/BRAM/10_85mem 
  10 _ 85 
  /home/zhlab/BRAM/s_run/mkPktMerge/res/BRAM/10_91mem 
  10 _ 91 
  /home/zhlab/BRAM/s_run/mkPktMerge/res/BRAM/18_1mem 
  18 _ 1 
  /home/zhlab/BRAM/s_run/mkPktMerge/res/BRAM/18_7mem 
  18 _ 7 
  /home/zhlab/BRAM/s_run/mkPktMerge/res/BRAM/18_13mem 
  18 _ 13 
  /home/zhlab/BRAM/s_run/mkPktMerge/res/BRAM/18_19mem 
  18 _ 19 
  /home/zhlab/BRAM/s_run/mkPktMerge/res/BRAM/18_25mem 
  18 _ 25 
  /home/zhlab/BRAM/s_run/mkPktMerge/res/BRAM/18_31mem 
  18 _ 31 
  /home/zhlab/BRAM/s_run/mkPktMerge/res/BRAM/18_37mem 
  18 _ 37 
  /home/zhlab/BRAM/s_run/mkPktMerge/res/BRAM/18_43mem 
  18 _ 43 
  /home/zhlab/BRAM/s_run/mkPktMerge/res/BRAM/18_49mem 
  18 _ 49 
  /home/zhlab/BRAM/s_run/mkPktMerge/res/BRAM/18_55mem 
  18 _ 55 
  /home/zhlab/BRAM/s_run/mkPktMerge/res/BRAM/18_61mem 
  18 _ 61 
  /home/zhlab/BRAM/s_run/mkPktMerge/res/BRAM/18_67mem 
  18 _ 67 
  /home/zhlab/BRAM/s_run/mkPktMerge/res/BRAM/18_73mem 
  18 _ 73 
  /home/zhlab/BRAM/s_run/mkPktMerge/res/BRAM/18_79mem 
  18 _ 79 
  /home/zhlab/BRAM/s_run/mkPktMerge/res/BRAM/18_85mem 
  18 _ 85 
  /home/zhlab/BRAM/s_run/mkPktMerge/res/BRAM/18_91mem 
  18 _ 91 
  /home/zhlab/BRAM/s_run/mkPktMerge/res/BRAM/26_1mem 
  26 _ 1 
  /home/zhlab/BRAM/s_run/mkPktMerge/res/BRAM/26_7mem 
  26 _ 7 
  /home/zhlab/BRAM/s_run/mkPktMerge/res/BRAM/26_13mem 
  26 _ 13 
  /home/zhlab/BRAM/s_run/mkPktMerge/res/BRAM/26_19mem 
  26 _ 19 
  /home/zhlab/BRAM/s_run/mkPktMerge/res/BRAM/26_25mem 
  26 _ 25 
  /home/zhlab/BRAM/s_run/mkPktMerge/res/BRAM/26_31mem 
  26 _ 31 
  /home/zhlab/BRAM/s_run/mkPktMerge/res/BRAM/26_37mem 
  26 _ 37 
  /home/zhlab/BRAM/s_run/mkPktMerge/res/BRAM/26_43mem 
  26 _ 43 
  /home/zhlab/BRAM/s_run/mkPktMerge/res/BRAM/26_49mem 
  26 _ 49 
  /home/zhlab/BRAM/s_run/mkPktMerge/res/BRAM/26_55mem 
  26 _ 55 
  /home/zhlab/BRAM/s_run/mkPktMerge/res/BRAM/26_61mem 
  26 _ 61 
  /home/zhlab/BRAM/s_run/mkPktMerge/res/BRAM/26_67mem 
  26 _ 67 
  /home/zhlab/BRAM/s_run/mkPktMerge/res/BRAM/26_73mem 
  26 _ 73 
  /home/zhlab/BRAM/s_run/mkPktMerge/res/BRAM/26_79mem 
  26 _ 79 
  /home/zhlab/BRAM/s_run/mkPktMerge/res/BRAM/26_85mem 
  26 _ 85 
  /home/zhlab/BRAM/s_run/mkPktMerge/res/BRAM/26_91mem 
  26 _ 91 
  /home/zhlab/BRAM/s_run/mkPktMerge/res/BRAM/34_1mem 
  34 _ 1 
  /home/zhlab/BRAM/s_run/mkPktMerge/res/BRAM/34_7mem 
  34 _ 7 
  /home/zhlab/BRAM/s_run/mkPktMerge/res/BRAM/34_13mem 
  34 _ 13 
  /home/zhlab/BRAM/s_run/mkPktMerge/res/BRAM/34_19mem 
  34 _ 19 
  /home/zhlab/BRAM/s_run/mkPktMerge/res/BRAM/34_25mem 
  34 _ 25 
  /home/zhlab/BRAM/s_run/mkPktMerge/res/BRAM/34_31mem 
  34 _ 31 
  /home/zhlab/BRAM/s_run/mkPktMerge/res/BRAM/34_37mem 
  34 _ 37 
  /home/zhlab/BRAM/s_run/mkPktMerge/res/BRAM/34_43mem 
  34 _ 43 
  /home/zhlab/BRAM/s_run/mkPktMerge/res/BRAM/34_49mem 
  34 _ 49 
  /home/zhlab/BRAM/s_run/mkPktMerge/res/BRAM/34_55mem 
  34 _ 55 
  /home/zhlab/BRAM/s_run/mkPktMerge/res/BRAM/34_61mem 
  34 _ 61 
  /home/zhlab/BRAM/s_run/mkPktMerge/res/BRAM/34_67mem 
  34 _ 67 
  /home/zhlab/BRAM/s_run/mkPktMerge/res/BRAM/34_73mem 
  34 _ 73 
  /home/zhlab/BRAM/s_run/mkPktMerge/res/BRAM/34_79mem 
  34 _ 79 
  /home/zhlab/BRAM/s_run/mkPktMerge/res/BRAM/34_85mem 
  34 _ 85 
  /home/zhlab/BRAM/s_run/mkPktMerge/res/BRAM/34_91mem 
  34 _ 91 
  /home/zhlab/BRAM/s_run/mkPktMerge/res/BRAM/42_1mem 
  42 _ 1 
  /home/zhlab/BRAM/s_run/mkPktMerge/res/BRAM/42_7mem 
  42 _ 7 
  /home/zhlab/BRAM/s_run/mkPktMerge/res/BRAM/42_13mem 
  42 _ 13 
  /home/zhlab/BRAM/s_run/mkPktMerge/res/BRAM/42_19mem 
  42 _ 19 
  /home/zhlab/BRAM/s_run/mkPktMerge/res/BRAM/42_25mem 
  42 _ 25 
  /home/zhlab/BRAM/s_run/mkPktMerge/res/BRAM/42_31mem 
  42 _ 31 
  /home/zhlab/BRAM/s_run/mkPktMerge/res/BRAM/42_37mem 
  42 _ 37 
  /home/zhlab/BRAM/s_run/mkPktMerge/res/BRAM/42_43mem 
  42 _ 43 
  /home/zhlab/BRAM/s_run/mkPktMerge/res/BRAM/42_49mem 
  42 _ 49 
  /home/zhlab/BRAM/s_run/mkPktMerge/res/BRAM/42_55mem 
  42 _ 55 
  /home/zhlab/BRAM/s_run/mkPktMerge/res/BRAM/42_61mem 
  42 _ 61 
  /home/zhlab/BRAM/s_run/mkPktMerge/res/BRAM/42_67mem 
  42 _ 67 
  /home/zhlab/BRAM/s_run/mkPktMerge/res/BRAM/42_73mem 
  42 _ 73 
  /home/zhlab/BRAM/s_run/mkPktMerge/res/BRAM/42_79mem 
  42 _ 79 
  /home/zhlab/BRAM/s_run/mkPktMerge/res/BRAM/42_85mem 
  42 _ 85 
  /home/zhlab/BRAM/s_run/mkPktMerge/res/BRAM/42_91mem 
  42 _ 91 
  /home/zhlab/BRAM/s_run/mkPktMerge/res/BRAM/50_1mem 
  50 _ 1 
  /home/zhlab/BRAM/s_run/mkPktMerge/res/BRAM/50_7mem 
  50 _ 7 
  /home/zhlab/BRAM/s_run/mkPktMerge/res/BRAM/50_13mem 
  50 _ 13 
  /home/zhlab/BRAM/s_run/mkPktMerge/res/BRAM/50_19mem 
  50 _ 19 
  /home/zhlab/BRAM/s_run/mkPktMerge/res/BRAM/50_25mem 
  50 _ 25 
  /home/zhlab/BRAM/s_run/mkPktMerge/res/BRAM/50_31mem 
  50 _ 31 
  /home/zhlab/BRAM/s_run/mkPktMerge/res/BRAM/50_37mem 
  50 _ 37 
  /home/zhlab/BRAM/s_run/mkPktMerge/res/BRAM/50_43mem 
  50 _ 43 
  /home/zhlab/BRAM/s_run/mkPktMerge/res/BRAM/50_49mem 
  50 _ 49 
  /home/zhlab/BRAM/s_run/mkPktMerge/res/BRAM/50_55mem 
  50 _ 55 
  /home/zhlab/BRAM/s_run/mkPktMerge/res/BRAM/50_61mem 
  50 _ 61 
  /home/zhlab/BRAM/s_run/mkPktMerge/res/BRAM/50_67mem 
  50 _ 67 
  /home/zhlab/BRAM/s_run/mkPktMerge/res/BRAM/50_73mem 
  50 _ 73 
  /home/zhlab/BRAM/s_run/mkPktMerge/res/BRAM/50_79mem 
  50 _ 79 
  /home/zhlab/BRAM/s_run/mkPktMerge/res/BRAM/50_85mem 
  50 _ 85 
  /home/zhlab/BRAM/s_run/mkPktMerge/res/BRAM/50_91mem 
  50 _ 91 
  /home/zhlab/BRAM/s_run/mkPktMerge/res/BRAM/58_1mem 
  58 _ 1 
  /home/zhlab/BRAM/s_run/mkPktMerge/res/BRAM/58_7mem 
  58 _ 7 
  /home/zhlab/BRAM/s_run/mkPktMerge/res/BRAM/58_13mem 
  58 _ 13 
  /home/zhlab/BRAM/s_run/mkPktMerge/res/BRAM/58_19mem 
  58 _ 19 
  /home/zhlab/BRAM/s_run/mkPktMerge/res/BRAM/58_25mem 
  58 _ 25 
  /home/zhlab/BRAM/s_run/mkPktMerge/res/BRAM/58_31mem 
  58 _ 31 
  /home/zhlab/BRAM/s_run/mkPktMerge/res/BRAM/58_37mem 
  58 _ 37 
  /home/zhlab/BRAM/s_run/mkPktMerge/res/BRAM/58_43mem 
  58 _ 43 
  /home/zhlab/BRAM/s_run/mkPktMerge/res/BRAM/58_49mem 
  58 _ 49 
  /home/zhlab/BRAM/s_run/mkPktMerge/res/BRAM/58_55mem 
  58 _ 55 
  /home/zhlab/BRAM/s_run/mkPktMerge/res/BRAM/58_61mem 
  58 _ 61 
  /home/zhlab/BRAM/s_run/mkPktMerge/res/BRAM/58_67mem 
  58 _ 67 
  /home/zhlab/BRAM/s_run/mkPktMerge/res/BRAM/58_73mem 
  58 _ 73 
  /home/zhlab/BRAM/s_run/mkPktMerge/res/BRAM/58_79mem 
  58 _ 79 
  /home/zhlab/BRAM/s_run/mkPktMerge/res/BRAM/58_85mem 
  58 _ 85 
  /home/zhlab/BRAM/s_run/mkPktMerge/res/BRAM/58_91mem 
  58 _ 91 
  /home/zhlab/BRAM/s_run/mkPktMerge/res/BRAM/66_1mem 
  66 _ 1 
  /home/zhlab/BRAM/s_run/mkPktMerge/res/BRAM/66_7mem 
  66 _ 7 
  /home/zhlab/BRAM/s_run/mkPktMerge/res/BRAM/66_13mem 
  66 _ 13 
  /home/zhlab/BRAM/s_run/mkPktMerge/res/BRAM/66_19mem 
  66 _ 19 
  /home/zhlab/BRAM/s_run/mkPktMerge/res/BRAM/66_25mem 
  66 _ 25 
  /home/zhlab/BRAM/s_run/mkPktMerge/res/BRAM/66_31mem 
  66 _ 31 
  /home/zhlab/BRAM/s_run/mkPktMerge/res/BRAM/66_37mem 
  66 _ 37 
  /home/zhlab/BRAM/s_run/mkPktMerge/res/BRAM/66_43mem 
  66 _ 43 
  /home/zhlab/BRAM/s_run/mkPktMerge/res/BRAM/66_49mem 
  66 _ 49 
  /home/zhlab/BRAM/s_run/mkPktMerge/res/BRAM/66_55mem 
  66 _ 55 
  /home/zhlab/BRAM/s_run/mkPktMerge/res/BRAM/66_61mem 
  66 _ 61 
  /home/zhlab/BRAM/s_run/mkPktMerge/res/BRAM/66_67mem 
  66 _ 67 
  /home/zhlab/BRAM/s_run/mkPktMerge/res/BRAM/66_73mem 
  66 _ 73 
  /home/zhlab/BRAM/s_run/mkPktMerge/res/BRAM/66_79mem 
  66 _ 79 
  /home/zhlab/BRAM/s_run/mkPktMerge/res/BRAM/66_85mem 
  66 _ 85 
  /home/zhlab/BRAM/s_run/mkPktMerge/res/BRAM/66_91mem 
  66 _ 91 
  /home/zhlab/BRAM/s_run/mkPktMerge/res/BRAM/74_1mem 
  74 _ 1 
  /home/zhlab/BRAM/s_run/mkPktMerge/res/BRAM/74_7mem 
  74 _ 7 
  /home/zhlab/BRAM/s_run/mkPktMerge/res/BRAM/74_13mem 
  74 _ 13 
  /home/zhlab/BRAM/s_run/mkPktMerge/res/BRAM/74_19mem 
  74 _ 19 
  /home/zhlab/BRAM/s_run/mkPktMerge/res/BRAM/74_25mem 
  74 _ 25 
  /home/zhlab/BRAM/s_run/mkPktMerge/res/BRAM/74_31mem 
  74 _ 31 
  /home/zhlab/BRAM/s_run/mkPktMerge/res/BRAM/74_37mem 
  74 _ 37 
  /home/zhlab/BRAM/s_run/mkPktMerge/res/BRAM/74_43mem 
  74 _ 43 
  /home/zhlab/BRAM/s_run/mkPktMerge/res/BRAM/74_49mem 
  74 _ 49 
  /home/zhlab/BRAM/s_run/mkPktMerge/res/BRAM/74_55mem 
  74 _ 55 
  /home/zhlab/BRAM/s_run/mkPktMerge/res/BRAM/74_61mem 
  74 _ 61 
  /home/zhlab/BRAM/s_run/mkPktMerge/res/BRAM/74_67mem 
  74 _ 67 
  /home/zhlab/BRAM/s_run/mkPktMerge/res/BRAM/74_73mem 
  74 _ 73 
  /home/zhlab/BRAM/s_run/mkPktMerge/res/BRAM/74_79mem 
  74 _ 79 
  /home/zhlab/BRAM/s_run/mkPktMerge/res/BRAM/74_85mem 
  74 _ 85 
  /home/zhlab/BRAM/s_run/mkPktMerge/res/BRAM/74_91mem 
  74 _ 91 
  /home/zhlab/BRAM/s_run/mkPktMerge/res/BRAM/82_1mem 
  82 _ 1 
  /home/zhlab/BRAM/s_run/mkPktMerge/res/BRAM/82_7mem 
  82 _ 7 
  /home/zhlab/BRAM/s_run/mkPktMerge/res/BRAM/82_13mem 
  82 _ 13 
  /home/zhlab/BRAM/s_run/mkPktMerge/res/BRAM/82_19mem 
  82 _ 19 
  /home/zhlab/BRAM/s_run/mkPktMerge/res/BRAM/82_25mem 
  82 _ 25 
  /home/zhlab/BRAM/s_run/mkPktMerge/res/BRAM/82_31mem 
  82 _ 31 
  /home/zhlab/BRAM/s_run/mkPktMerge/res/BRAM/82_37mem 
  82 _ 37 
  /home/zhlab/BRAM/s_run/mkPktMerge/res/BRAM/82_43mem 
  82 _ 43 
  /home/zhlab/BRAM/s_run/mkPktMerge/res/BRAM/82_49mem 
  82 _ 49 
  /home/zhlab/BRAM/s_run/mkPktMerge/res/BRAM/82_55mem 
  82 _ 55 
  /home/zhlab/BRAM/s_run/mkPktMerge/res/BRAM/82_61mem 
  82 _ 61 
  /home/zhlab/BRAM/s_run/mkPktMerge/res/BRAM/82_67mem 
  82 _ 67 
  /home/zhlab/BRAM/s_run/mkPktMerge/res/BRAM/82_73mem 
  82 _ 73 
  /home/zhlab/BRAM/s_run/mkPktMerge/res/BRAM/82_79mem 
  82 _ 79 
  /home/zhlab/BRAM/s_run/mkPktMerge/res/BRAM/82_85mem 
  82 _ 85 
  /home/zhlab/BRAM/s_run/mkPktMerge/res/BRAM/82_91mem 
  82 _ 91 
  /home/zhlab/BRAM/s_run/mkPktMerge/res/BRAM/90_1mem 
  90 _ 1 
  /home/zhlab/BRAM/s_run/mkPktMerge/res/BRAM/90_7mem 
  90 _ 7 
  /home/zhlab/BRAM/s_run/mkPktMerge/res/BRAM/90_13mem 
  90 _ 13 
  /home/zhlab/BRAM/s_run/mkPktMerge/res/BRAM/90_19mem 
  90 _ 19 
  /home/zhlab/BRAM/s_run/mkPktMerge/res/BRAM/90_25mem 
  90 _ 25 
  /home/zhlab/BRAM/s_run/mkPktMerge/res/BRAM/90_31mem 
  90 _ 31 
  /home/zhlab/BRAM/s_run/mkPktMerge/res/BRAM/90_37mem 
  90 _ 37 
  /home/zhlab/BRAM/s_run/mkPktMerge/res/BRAM/90_43mem 
  90 _ 43 
  /home/zhlab/BRAM/s_run/mkPktMerge/res/BRAM/90_49mem 
  90 _ 49 
  /home/zhlab/BRAM/s_run/mkPktMerge/res/BRAM/90_55mem 
  90 _ 55 
  /home/zhlab/BRAM/s_run/mkPktMerge/res/BRAM/90_61mem 
  90 _ 61 
  /home/zhlab/BRAM/s_run/mkPktMerge/res/BRAM/90_67mem 
  90 _ 67 
  /home/zhlab/BRAM/s_run/mkPktMerge/res/BRAM/90_73mem 
  90 _ 73 
  /home/zhlab/BRAM/s_run/mkPktMerge/res/BRAM/90_79mem 
  90 _ 79 
  /home/zhlab/BRAM/s_run/mkPktMerge/res/BRAM/90_85mem 
  90 _ 85 
  /home/zhlab/BRAM/s_run/mkPktMerge/res/BRAM/90_91mem 
  90 _ 91 
  /home/zhlab/BRAM/s_run/mkPktMerge/res/BRAM/98_1mem 
  98 _ 1 
  /home/zhlab/BRAM/s_run/mkPktMerge/res/BRAM/98_7mem 
  98 _ 7 
  /home/zhlab/BRAM/s_run/mkPktMerge/res/BRAM/98_13mem 
  98 _ 13 
  /home/zhlab/BRAM/s_run/mkPktMerge/res/BRAM/98_19mem 
  98 _ 19 
  /home/zhlab/BRAM/s_run/mkPktMerge/res/BRAM/98_25mem 
  98 _ 25 
  /home/zhlab/BRAM/s_run/mkPktMerge/res/BRAM/98_31mem 
  98 _ 31 
  /home/zhlab/BRAM/s_run/mkPktMerge/res/BRAM/98_37mem 
  98 _ 37 
  /home/zhlab/BRAM/s_run/mkPktMerge/res/BRAM/98_43mem 
  98 _ 43 
  /home/zhlab/BRAM/s_run/mkPktMerge/res/BRAM/98_49mem 
  98 _ 49 
  /home/zhlab/BRAM/s_run/mkPktMerge/res/BRAM/98_55mem 
  98 _ 55 
  /home/zhlab/BRAM/s_run/mkPktMerge/res/BRAM/98_61mem 
  98 _ 61 
  /home/zhlab/BRAM/s_run/mkPktMerge/res/BRAM/98_67mem 
  98 _ 67 
  /home/zhlab/BRAM/s_run/mkPktMerge/res/BRAM/98_73mem 
  98 _ 73 
  /home/zhlab/BRAM/s_run/mkPktMerge/res/BRAM/98_79mem 
  98 _ 79 
  /home/zhlab/BRAM/s_run/mkPktMerge/res/BRAM/98_85mem 
  98 _ 85 
  /home/zhlab/BRAM/s_run/mkPktMerge/res/BRAM/98_91mem 
  98 _ 91 
mem_num = 208
init_ 18 - 91  top.arSRLFIFO_c+fo.generic_fifo_sc_c+fifo_1.dual_port_ram+ram1^out2~22
init_ 10 - 55  top.arSRLFIFO_c+fo.generic_fifo_sc_c+fifo_1.dual_port_ram+ram1^out2~14
init_ 10 - 7  top.arSRLFIFO_c+fo.generic_fifo_sc_c+fifo_1.dual_port_ram+ram1^out2~10
init_ 34 - 91  top.arSRLFIFO_c+fo.generic_fifo_sc_c+fifo_1.dual_port_ram+ram1^out2~1
init_ 26 - 49  top.arSRLFIFO_c+fo.generic_fifo_sc_c+fifo_1.dual_port_ram+ram1^out2~6
init_ 10 - 85  top.arSRLFIFO_b+fi1.generic_fifo_sc_b+fifo_1.dual_port_ram+ram1^out2~83
init_ 58 - 85  top.arSRLFIFO_b+fi1.generic_fifo_sc_b+fifo_1.dual_port_ram+ram1^out2~82
init_ 26 - 91  top.arSRLFIFO_b+fi1.generic_fifo_sc_b+fifo_1.dual_port_ram+ram1^out2~134
init_ 34 - 31  top.arSRLFIFO_b+fi1.generic_fifo_sc_b+fifo_1.dual_port_ram+ram1^out2~138
init_ 90 - 37  top.arSRLFIFO_a+fi0.generic_fifo_sc_a+fifo_1.dual_port_ram+ram1^out2~152
init_ 98 - 73  top.arSRLFIFO_a+fi0.generic_fifo_sc_a+fifo_1.dual_port_ram+ram1^out2~77
init_ 58 - 43  top.arSRLFIFO_b+fi1.generic_fifo_sc_b+fifo_1.dual_port_ram+ram1^out2~19
init_ 74 - 55  top.arSRLFIFO_a+fi0.generic_fifo_sc_a+fifo_1.dual_port_ram+ram1^out2~93
init_ 90 - 31  top.arSRLFIFO_a+fi0.generic_fifo_sc_a+fifo_1.dual_port_ram+ram1^out2~125
init_ 82 - 49  top.arSRLFIFO_a+fi0.generic_fifo_sc_a+fifo_1.dual_port_ram+ram1^out2~24

There are 1146 point to point connections in this circuit.

90-37
2-31
10-7
18-91
90-31
74-31
74-55
26-79
58-43
90-43
26-49
10-43
2-31
74-37
10-7
42-85
WARNING(4): Starting t: 495 of 497 configurations accepted.
Initial placement cost: 1.07205 bb_cost: 799.884 td_cost: 1.92698e-06 delay_cost: 3.1516e-06

--------- --------- ----------- ----------- ----------- ----------- -------- -------- ------- ------- ------- --------- -------
        T      Cost  Av BB Cost  Av TD Cost  Av Tot Del  P to P Del    d_max  Ac Rate Std Dev R limit     Exp Tot Moves   Alpha
--------- --------- ----------- ----------- ----------- ----------- -------- -------- ------- ------- ------- --------- -------
74-31
98-49
18-91
34-1
34-31
2-19
10-43
18-19
10-85
18-1
34-1
18-31
18-19
2-19
26-91
42-31
98-49
82-19
18-31
98-67
58-85
34-61
10-55
58-13
82-19
82-31
18-19
98-85
42-31
74-31
82-31
34-55
90-43
82-91
98-67
2-61
98-73
2-19
98-73
42-19
34-61
26-73
18-1
10-91
10-91
66-61
34-91
18-13
18-13
2-73
66-61
18-91
2-19
66-19
74-37
90-91
42-85
74-79
2-61
10-49
26-79
82-31
82-31
34-19
10-49
90-55
42-19
58-61
34-19
50-73
26-73
90-43
58-13
58-7
82-91
58-91
58-91
82-91
90-43
26-37
82-91
50-19
58-7
90-91
74-31
10-91
34-55
66-37
98-85
90-73
90-73
98-85
18-91
58-19
58-7
42-61
58-61
34-85
90-55
18-19
50-73
18-7
18-7
74-31
34-85
10-13
10-91
42-85
66-19
2-79
2-79
10-1
50-19
90-25
90-25
26-31
74-79
82-19
82-19
42-19
42-85
90-31
42-19
66-25
2-73
10-79
74-31
50-13
42-61
98-79
58-19
90-79
10-1
74-31
98-85
82-7
26-31
90-85
90-85
10-67
10-67
18-13
98-79
34-85
26-37
2-13
2-13
66-85
66-25
50-7
66-85
42-7
90-79
98-67
90-31
66-79
50-13
98-73
  0.79899    0.9477     791.122   1.468e-06 3.10241e-06 2.75009e-09  11.2243   0.9952  0.0252 101.0000  1.0000      3935  0.5000
42-7
42-1
98-73
82-73
82-7
74-49
10-79
66-67
82-73
58-61
74-31
82-91
90-91
10-31
18-19
98-37
10-13
26-13
74-49
18-13
66-67
66-91
10-31
18-49
42-1
58-73
66-37
42-1
18-13
66-43
98-67
26-31
26-13
26-19
26-31
18-49
42-1
26-55
26-31
10-19
18-49
58-73
26-55
42-31
58-73
58-67
10-19
50-25
58-61
74-61
66-91
82-13
82-91
10-85
82-13
90-1
74-61
74-91
90-1
74-37
42-31
90-7
18-49
66-7
50-7
26-67
26-67
90-67
50-25
50-73
90-67
66-67
26-19
42-79
98-37
98-61
10-85
34-1
66-79
82-43
82-43
2-19
74-37
90-37
42-79
34-85
34-1
98-55
2-19
50-91
50-91
42-7
90-7
90-67
66-43
90-85
66-67
58-7
74-49
18-49
58-7
74-7
90-85
18-85
90-37
90-85
34-85
90-67
42-79
34-61
18-85
34-43
34-85
58-85
58-85
66-25
18-49
90-13
74-7
82-31
42-7
90-73
66-7
90-61
82-31
34-79
90-61
82-67
34-79
58-67
34-61
66-67
98-61
74-19
90-73
82-7
66-67
74-85
34-79
74-91
74-85
74-61
34-43
2-49
74-61
74-85
74-85
58-73
90-13
42-91
58-67
66-7
82-67
34-79
50-73
66-31
82-7
2-91
82-49
90-43
90-85
26-73
98-55
66-55
66-55
26-61
34-79
18-61
90-67
34-73
26-61
18-43
66-7
10-1
66-25
26-25
  0.39949   0.91067     766.746 1.21896e-06 2.99661e-06 2.76696e-09  13.0644   0.9934  0.0357 101.0000  1.0000      7870  0.5000
42-91
10-31
82-67
2-67
2-67
2-37
66-31
10-7
2-37
98-91
10-1
82-73
98-91
74-13
74-19
34-67
18-61
34-43
2-91
2-55
2-49
66-13
74-13
10-1
34-43
34-1
34-1
26-25
26-73
66-85
10-31
26-73
82-73
26-13
34-1
82-7
26-73
66-61
10-1
10-79
10-79
26-85
18-43
82-85
26-25
50-25
50-25
82-85
34-73
26-73
10-7
98-61
2-55
2-37
50-25
66-19
66-61
50-25
26-13
26-7
82-85
98-1
26-73
34-61
2-37
10-1
98-1
26-7
26-85
26-1
98-1
82-13
66-13
66-91
98-61
98-31
10-1
58-31
66-91
18-67
58-73
34-55
34-61
2-13
58-31
74-67
98-31
66-19
82-13
90-13
26-1
82-43
50-25
18-79
26-7
98-85
66-85
10-19
34-67
18-67
98-31
34-43
34-55
42-7
42-7
50-91
18-79
42-79
34-67
98-67
74-67
74-37
34-43
42-85
98-67
98-61
50-91
58-43
90-13
50-85
42-79
2-1
98-85
50-1
98-61
74-13
18-67
2-37
42-85
42-91
2-1
98-49
2-37
74-19
50-1
74-55
82-43
34-13
74-91
82-79
82-79
10-55
74-19
34-19
2-13
2-79
98-49
50-85
74-13
50-1
10-19
34-67
74-55
58-79
58-43
2-85
82-7
98-79
50-85
50-67
42-91
50-79
50-1
82-19
66-19
74-85
50-79
74-91
34-67
2-1
58-79
98-13
10-55
2-1
  0.19975    1.0043     799.138 1.34997e-06 3.09628e-06 2.63354e-09  11.9593   0.9916  0.0335 101.0000  1.0000     11805  0.5000
74-91
82-19
74-37
26-55
98-49
90-85
82-19
50-49
98-13
50-7
50-49
2-19
26-55
42-55
2-79
2-67
34-13
2-43
42-55
10-7
10-7
50-85
74-91
74-37
2-19
66-1
50-7
34-31
2-67
42-79
2-1
82-1
34-31
98-85
2-85
18-49
2-43
82-79
42-79
26-67
50-85
42-1
98-79
34-91
10-55
2-19
34-19
90-61
90-85
98-91
82-1
18-31
18-49
34-13
26-67
90-85
90-85
26-55
98-85
82-91
82-91
2-79
74-85
2-73
18-31
98-61
66-1
74-91
82-79
18-61
34-13
26-49
98-61
18-73
34-91
98-43
98-91
90-85
2-79
90-1
26-49
42-55
98-43
26-1
2-73
82-31
82-31
58-19
18-73
50-85
74-37
26-25
90-85
90-13
74-91
26-49
50-85
42-85
50-67
74-37
26-25
18-31
18-31
66-79
42-1
18-7
58-19
58-43
90-61
82-79
26-55
58-79
18-61
50-19
58-43
26-55
42-85
82-19
90-13
74-19
90-1
2-25
18-7
34-85
42-55
42-61
74-37
50-85
82-79
2-73
2-19
10-19
26-1
98-67
50-19
82-85
50-85
74-61
58-79
58-55
42-61
26-13
82-19
90-67
26-13
66-79
26-49
50-79
2-73
58-67
58-67
90-37
98-67
50-73
90-37
50-19
26-13
74-31
58-55
42-91
34-85
50-91
10-19
98-49
50-91
58-73
98-49
34-1
50-79
34-85
90-67
34-19
50-19
50-1
66-79
10-1
50-1
98-49
58-73
42-31
26-55
42-79
34-85
58-61
34-1
50-73
34-1
98-91
  0.09987   0.94507     802.767 1.60985e-06 3.13747e-06  2.7803e-09  10.6822   0.9886  0.0537 101.0000  1.0000     15740  0.5000
74-61
98-79
42-91
18-61
98-49
82-19
74-19
82-7
10-1
50-91
50-91
98-43
98-79
58-67
58-67
66-19
34-19
98-37
42-31
82-19
82-19
82-79
98-91
58-19
18-61
98-13
82-79
18-25
98-13
98-7
58-61
18-79
58-19
58-13
82-85
66-37
90-43
98-43
66-19
58-73
90-43
10-1
58-13
50-91
2-25
18-79
18-25
2-31
50-91
74-61
98-7
58-61
2-25
26-37
66-37
42-61
18-79
18-91
58-73
50-25
74-61
26-73
50-73
98-31
26-37
18-55
42-31
34-25
98-37
10-85
98-31
10-73
74-31
18-31
26-73
18-25
10-73
42-61
58-61
82-31
18-25
66-31
34-25
74-73
82-31
98-1
42-61
90-91
82-7
34-67
18-55
50-85
74-73
58-43
10-85
50-31
34-67
26-25
10-73
58-73
58-73
10-37
2-31
82-73
42-79
2-67
90-91
26-79
50-25
98-55
58-43
2-7
18-91
18-55
2-67
26-43
26-25
10-13
10-13
58-43
26-79
10-67
82-73
2-25
2-7
58-43
98-55
18-73
66-31
42-1
50-85
74-73
26-43
74-19
10-67
90-19
18-31
2-37
74-73
42-25
10-1
10-7
90-19
98-13
2-25
42-13
58-43
18-91
42-13
2-61
42-25
26-55
42-1
26-67
10-37
74-13
18-73
10-55
50-31
42-13
2-37
42-85
98-1
2-85
74-13
2-73
18-55
58-43
42-13
2-25
2-7
26-25
26-67
50-73
  0.04994    1.0018     754.554 1.42053e-06 2.95872e-06 2.48976e-09  10.1401   0.9799  0.0294 101.0000  1.0000     19675  0.5000
2-25
34-55
10-55
66-73
34-55
90-25
74-19
2-19
98-13
18-85
26-25
58-91
2-73
10-73
10-73
42-25
18-91
98-37
42-25
58-7
2-85
50-25
18-85
90-55
26-55
98-37
98-37
2-19
42-85
74-55
10-7
66-79
58-7
74-7
26-55
10-61
98-37
74-19
10-61
58-43
74-7
34-91
90-25
98-67
34-91
90-7
74-19
50-13
50-25
10-43
10-61
18-85
66-73
98-13
2-61
90-13
66-79
10-25
90-13
66-85
90-7
18-79
10-43
10-55
50-73
66-73
98-13
42-1
74-55
50-79
10-55
50-73
50-73
58-91
98-67
74-79
58-91
66-79
58-43
82-19
82-19
98-67
50-79
58-25
74-79
2-7
50-13
26-85
98-67
10-73
26-85
66-1
2-19
50-91
50-73
90-37
2-7
2-55
66-79
18-1
66-1
2-31
90-37
58-43
42-1
90-19
18-79
82-19
18-85
10-43
66-85
2-67
66-73
2-19
18-1
58-55
2-55
50-25
10-43
50-19
82-19
58-1
50-91
2-55
50-19
50-13
58-25
82-73
10-25
34-85
90-19
58-73
58-73
66-79
50-13
50-19
2-19
58-79
66-79
18-67
2-31
66-85
50-25
98-79
2-67
98-37
58-55
10-43
58-43
90-37
10-43
74-79
34-85
26-31
74-79
50-13
50-13
50-73
98-79
58-13
58-79
82-79
58-1
10-61
  0.02497   0.97344     771.049 1.51633e-06 3.01841e-06  2.5452e-09   9.8690   0.9774  0.0329 101.0000  1.0000     23610  0.5000
82-73
74-67
2-55
74-61
82-79
42-85
50-19
2-61
18-67
58-79
58-13
10-55
2-61
10-31
42-85
82-85
90-55
74-55
74-61
58-25
10-73
82-67
74-55
98-31
66-85
58-91
82-67
90-31
82-85
10-37
26-31
66-61
98-31
10-61
58-25
66-25
10-37
10-73
66-25
58-19
66-61
74-85
10-55
26-55
10-73
74-91
58-19
74-91
26-55
58-25
74-85
90-67
98-31
58-55
10-31
66-91
10-61
50-79
98-37
66-31
58-79
74-55
74-91
98-79
66-91
66-25
90-67
74-19
66-25
90-67
90-37
66-67
74-19
74-31
66-31
74-13
50-73
18-79
98-79
90-31
58-19
50-73
58-55
98-43
90-31
98-67
66-67
98-49
98-67
18-13
18-13
50-67
98-49
26-19
26-19
82-43
82-43
90-19
98-43
26-31
74-13
66-43
66-43
90-1
90-67
58-31
26-31
82-73
50-73
26-55
90-1
26-13
  0.01248   0.81592     679.537 1.15443e-06 2.66795e-06 2.68501e-09  11.7664   0.9565  0.0503 101.0000  1.0000     27545  0.9000
74-31
82-73
98-79
74-13
74-67
74-37
58-31
34-79
74-13
74-85
26-55
66-7
82-73
74-31
26-13
42-61
74-31
58-25
34-79
50-91
50-67
26-73
50-91
50-79
74-85
42-19
18-79
50-1
74-37
74-61
50-1
26-25
90-19
82-73
90-19
26-55
42-19
50-25
26-55
74-31
58-25
98-7
66-7
90-85
42-61
34-37
98-7
42-25
50-91
2-73
26-73
42-25
82-73
90-73
90-85
98-25
26-73
58-91
74-31
10-25
50-25
26-25
50-25
42-61
58-55
90-43
2-73
82-91
98-25
82-61
42-25
90-1
82-61
42-1
50-79
26-13
74-61
26-37
26-73
26-85
26-13
90-73
90-73
98-55
90-1
82-13
42-1
10-25
82-13
18-85
34-37
26-13
  0.01124   0.91828     652.965 1.03277e-06 2.56424e-06 2.26712e-09  11.2243   0.9443  0.0477 101.0000  1.0000     31480  0.9000
26-13
82-43
98-55
18-73
58-91
50-7
42-1
26-49
50-7
90-25
26-55
42-25
18-73
74-49
18-85
26-85
42-61
90-31
82-91
10-79
10-25
58-43
10-79
18-7
58-43
18-55
34-37
66-31
42-25
26-55
90-25
18-61
18-7
74-67
18-61
58-79
90-31
82-73
82-73
10-37
58-79
26-49
10-37
82-91
58-79
66-55
26-37
50-31
26-25
2-31
26-55
66-67
2-31
18-79
50-31
66-67
82-43
74-31
74-31
2-43
66-31
74-67
2-43
74-67
18-85
82-43
26-85
26-79
26-79
42-25
26-49
82-55
82-91
58-13
18-79
2-37
42-25
50-91
2-37
82-61
58-13
50-73
74-67
50-25
74-55
82-55
50-91
98-7
2-43
82-79
50-25
90-73
98-7
50-79
82-55
74-85
90-73
66-73
66-73
18-55
50-73
90-37
50-31
74-67
  0.01011   0.89377     647.038 1.20095e-06 2.57147e-06 2.40132e-09   9.8690   0.9479  0.0485 101.0000  1.0000     35415  0.9000
90-37
26-31
66-73
74-31
74-31
58-19
74-55
98-49
82-43
50-79
98-49
90-85
26-31
98-67
82-43
58-79
74-49
42-31
50-79
58-67
18-55
34-55
42-31
66-61
74-85
34-91
66-61
58-19
98-67
90-73
66-67
66-25
34-55
66-67
66-55
82-49
82-49
34-37
90-73
50-31
90-43
90-25
74-67
74-55
58-19
34-91
34-91
18-73
66-67
74-79
90-85
66-73
66-61
74-73
50-31
66-43
82-61
58-19
74-55
66-61
  0.00910   0.94319     593.788 1.16036e-06 2.33633e-06 2.10967e-09   8.2427   0.9355  0.0353 101.0000  1.0000     39350  0.9000
34-37
50-79
18-73
98-67
74-73
74-49
50-79
74-79
82-79
74-55
66-73
74-79
50-79
98-79
66-73
66-79
98-67
50-85
82-61
74-85
98-79
26-91
66-25
26-31
74-85
98-13
26-31
10-55
66-61
82-49
58-67
34-79
58-79
90-55
26-91
66-25
90-55
26-43
66-25
74-31
10-55
26-73
26-43
42-91
74-79
18-61
  0.00819   0.97251     589.855  9.5683e-07 2.36137e-06 2.02752e-09   9.7908   0.9291  0.0426 101.0000  1.0000     43285  0.9000
26-73
50-7
74-55
10-61
50-7
98-7
66-31
66-55
98-7
42-79
58-19
82-85
66-43
66-55
98-13
50-25
10-61
58-43
82-85
26-79
82-49
34-37
42-79
82-19
74-31
26-49
82-19
66-31
66-43
66-31
66-31
58-25
50-25
34-49
34-49
34-13
66-79
58-25
58-43
18-43
34-79
26-55
66-79
58-19
34-37
10-37
18-61
26-19
34-13
98-37
66-55
26-43
  0.00737   0.90699     582.143 1.00367e-06 2.31662e-06 2.15472e-09   9.7335   0.9263  0.0388 101.0000  1.0000     47220  0.9000
98-37
90-85
58-25
10-49
26-79
34-25
90-85
82-67
74-49
66-43
10-37
26-61
26-19
42-19
74-49
66-43
10-49
34-49
82-67
34-37
74-49
66-31
50-85
26-55
50-85
90-73
18-43
26-43
90-25
42-55
26-55
90-85
34-37
58-25
26-49
26-73
42-91
82-85
58-19
66-55
66-31
58-61
34-49
42-31
26-43
26-73
34-25
34-37
58-25
34-61
82-85
74-7
90-73
90-85
34-37
42-31
26-61
34-31
66-55
50-19
42-19
74-49
34-37
50-25
58-61
66-61
74-49
50-31
26-73
18-73
  0.00663   0.97954     603.178 1.14038e-06 2.40197e-06 2.07019e-09   8.6493   0.9253  0.0283 101.0000  1.0000     51155  0.9000
66-61
74-49
74-7
82-7
34-61
34-43
50-25
26-73
18-43
58-91
34-43
26-73
34-31
50-31
50-19
66-37
26-43
26-49
90-85
10-37
58-91
82-85
82-7
74-85
74-49
58-73
34-43
66-43
82-85
26-73
  0.00597    0.9448     595.935 8.73783e-07 2.37824e-06 2.15815e-09  11.7091   0.9182  0.0188 101.0000  1.0000     55090  0.9000
26-73
26-37
26-37
26-85
66-43
42-19
82-85
58-55
42-19
34-55
50-31
42-61
26-85
26-43
58-73
58-43
18-73
34-37
74-85
66-73
42-61
26-37
26-49
10-43
10-37
98-49
26-43
42-31
58-43
66-37
10-43
66-43
66-73
66-31
90-73
74-61
34-31
42-19
42-31
58-91
26-37
26-49
58-91
66-7
66-7
26-31
26-31
34-61
34-55
74-31
26-49
18-19
66-31
82-61
74-31
42-85
  0.00537   0.92767     571.539 1.12607e-06 2.30208e-06 2.02279e-09   8.2427   0.9245  0.0315 101.0000  1.0000     59025  0.9000
66-43
74-61
26-43
42-85
66-37
66-19
74-61
34-37
82-61
66-67
34-43
34-31
74-61
98-31
42-85
42-31
58-55
66-31
66-31
58-55
34-61
58-61
58-55
50-67
26-43
34-43
98-31
58-7
50-67
58-55
58-7
10-7
42-31
34-31
58-43
58-31
58-61
50-25
10-7
58-7
58-7
26-13
34-31
42-31
98-49
66-37
34-43
34-31
58-31
58-13
34-31
34-49
66-37
66-19
  0.00484   0.95477     553.115 1.03615e-06 2.21245e-06 1.97292e-09   8.3782   0.9098  0.0228 101.0000  1.0000     62960  0.9000
18-19
26-19
34-43
58-73
58-73
26-61
34-37
10-49
50-25
58-25
58-13
58-25
10-49
34-37
42-31
18-43
66-67
58-61
42-19
26-7
26-13
50-13
26-19
42-19
26-61
58-43
42-55
58-55
58-25
26-25
58-13
26-43
26-43
58-31
  0.00435   0.98552      542.53 1.16827e-06 2.14376e-06 1.85689e-09   7.0298   0.8900  0.0225 101.0000  1.0000     66895  0.9000
66-37
26-13
42-19
34-19
26-13
42-25
58-43
58-13
66-19
66-55
34-19
42-25
58-13
42-61
34-37
34-67
50-13
50-7
26-7
50-25
42-61
34-13
34-19
26-31
42-55
34-43
