________________________________________________________________________
                       VPR - The Next Generation                        
                     Version 0.A15.0 (Linux X86/64)                     
            This is free open source code under MIT license.            
________________________________________________________________________

VPR FPGA Placement and Routing.
Version: Version 7.0
Compiled: Jul 23 2019.
University of Toronto
vpr@eecg.utoronto.ca
This is free open source code under MIT license.

Architecture file: /home/zhlab/BRAM/s_run_e_2/LU8PEEng/src/pre_info_src/k6_frac_N10_mem32K_40nm_1.xml
Circuit name: /home/zhlab/BRAM/s_run_e_2/LU8PEEng/src/pre_info_src/LU8PEEng.blif

Building complex block graph.
WARNING(1): io[0].clock[0] unconnected pin in architecture.
Loop for doall = 0, init_parse took 8e-06 seconds.
Loop for doall = 0 took 0.089465 seconds.
Loop for doall = 1, init_parse took 0.016373 seconds.
Loop for doall = 1 took 0.112852 seconds.
Swept away 1601 nets with no fanout.
Net is a constant generator: top^mem_local_be~0.
WARNING(2): logical_block #8263 with output top^mem_local_be~0 has only 0 pin.
WARNING(3): Block contains output -- may be a constant generator.
Net is a constant generator: top^burst_begin.
WARNING(4): logical_block #29592 with output top^burst_begin has only 0 pin.
WARNING(5): Block contains output -- may be a constant generator.
Net is a constant generator: top^mem_local_be~1.
WARNING(6): logical_block #29593 with output top^mem_local_be~1 has only 0 pin.
WARNING(7): Block contains output -- may be a constant generator.
Net is a constant generator: top^mem_local_be~2.
WARNING(8): logical_block #29594 with output top^mem_local_be~2 has only 0 pin.
WARNING(9): Block contains output -- may be a constant generator.
Net is a constant generator: top^mem_local_be~3.
WARNING(10): logical_block #29595 with output top^mem_local_be~3 has only 0 pin.
WARNING(11): Block contains output -- may be a constant generator.
Net is a constant generator: top^mem_local_be~4.
WARNING(12): logical_block #29596 with output top^mem_local_be~4 has only 0 pin.
WARNING(13): Block contains output -- may be a constant generator.
Net is a constant generator: top^mem_local_be~5.
WARNING(14): logical_block #29597 with output top^mem_local_be~5 has only 0 pin.
WARNING(15): Block contains output -- may be a constant generator.
Net is a constant generator: top^mem_local_be~6.
WARNING(16): logical_block #29598 with output top^mem_local_be~6 has only 0 pin.
WARNING(17): Block contains output -- may be a constant generator.
Net is a constant generator: top^mem_local_be~7.
WARNING(18): logical_block #29599 with output top^mem_local_be~7 has only 0 pin.
WARNING(19): Block contains output -- may be a constant generator.
Net is a constant generator: gnd.
WARNING(20): logical_block #29692 with output gnd has only 0 pin.
WARNING(21): Block contains output -- may be a constant generator.
Net is a constant generator: n25320.
WARNING(22): logical_block #33072 with output n25320 has only 0 pin.
WARNING(23): Block contains output -- may be a constant generator.
Net is a constant generator: n38547.
WARNING(24): logical_block #34197 with output n38547 has only 0 pin.
WARNING(25): Block contains output -- may be a constant generator.
Net is a constant generator: n38551.
WARNING(26): logical_block #34198 with output n38551 has only 0 pin.
WARNING(27): Block contains output -- may be a constant generator.
Net is a constant generator: n38555.
WARNING(28): logical_block #34199 with output n38555 has only 0 pin.
WARNING(29): Block contains output -- may be a constant generator.
Net is a constant generator: n38559.
WARNING(30): logical_block #34200 with output n38559 has only 0 pin.
WARNING(31): Block contains output -- may be a constant generator.
Net is a constant generator: n38563.
WARNING(32): logical_block #34201 with output n38563 has only 0 pin.
WARNING(33): Block contains output -- may be a constant generator.
Net is a constant generator: n38567.
WARNING(34): logical_block #34202 with output n38567 has only 0 pin.
WARNING(35): Block contains output -- may be a constant generator.
Net is a constant generator: n38571.
WARNING(36): logical_block #34203 with output n38571 has only 0 pin.
WARNING(37): Block contains output -- may be a constant generator.
Net is a constant generator: n38575.
WARNING(38): logical_block #34204 with output n38575 has only 0 pin.
WARNING(39): Block contains output -- may be a constant generator.
Net is a constant generator: n38579.
WARNING(40): logical_block #34205 with output n38579 has only 0 pin.
WARNING(41): Block contains output -- may be a constant generator.
Net is a constant generator: n38583.
WARNING(42): logical_block #34206 with output n38583 has only 0 pin.
WARNING(43): Block contains output -- may be a constant generator.
Net is a constant generator: n38587.
WARNING(44): logical_block #34207 with output n38587 has only 0 pin.
WARNING(45): Block contains output -- may be a constant generator.
Net is a constant generator: n38591.
WARNING(46): logical_block #34208 with output n38591 has only 0 pin.
WARNING(47): Block contains output -- may be a constant generator.
Net is a constant generator: n38595.
WARNING(48): logical_block #34209 with output n38595 has only 0 pin.
WARNING(49): Block contains output -- may be a constant generator.
Net is a constant generator: n38599.
WARNING(50): logical_block #34210 with output n38599 has only 0 pin.
WARNING(51): Block contains output -- may be a constant generator.
Net is a constant generator: n38603.
WARNING(52): logical_block #34211 with output n38603 has only 0 pin.
WARNING(53): Block contains output -- may be a constant generator.
Net is a constant generator: n38607.
WARNING(54): logical_block #34212 with output n38607 has only 0 pin.
WARNING(55): Block contains output -- may be a constant generator.
Net is a constant generator: n38611.
WARNING(56): logical_block #34213 with output n38611 has only 0 pin.
WARNING(57): Block contains output -- may be a constant generator.
Net is a constant generator: n38615.
WARNING(58): logical_block #34214 with output n38615 has only 0 pin.
WARNING(59): Block contains output -- may be a constant generator.
Net is a constant generator: n38619.
WARNING(60): logical_block #34215 with output n38619 has only 0 pin.
WARNING(61): Block contains output -- may be a constant generator.
Net is a constant generator: n38623.
WARNING(62): logical_block #34216 with output n38623 has only 0 pin.
WARNING(63): Block contains output -- may be a constant generator.
Net is a constant generator: n38627.
WARNING(64): logical_block #34217 with output n38627 has only 0 pin.
WARNING(65): Block contains output -- may be a constant generator.
Net is a constant generator: n38631.
WARNING(66): logical_block #34218 with output n38631 has only 0 pin.
WARNING(67): Block contains output -- may be a constant generator.
Net is a constant generator: n38635.
WARNING(68): logical_block #34219 with output n38635 has only 0 pin.
WARNING(69): Block contains output -- may be a constant generator.
Net is a constant generator: n38639.
WARNING(70): logical_block #34220 with output n38639 has only 0 pin.
WARNING(71): Block contains output -- may be a constant generator.
Net is a constant generator: n38643.
WARNING(72): logical_block #34221 with output n38643 has only 0 pin.
WARNING(73): Block contains output -- may be a constant generator.
Net is a constant generator: n38647.
WARNING(74): logical_block #34222 with output n38647 has only 0 pin.
WARNING(75): Block contains output -- may be a constant generator.
Net is a constant generator: n38651.
WARNING(76): logical_block #34223 with output n38651 has only 0 pin.
WARNING(77): Block contains output -- may be a constant generator.
Net is a constant generator: n38655.
WARNING(78): logical_block #34224 with output n38655 has only 0 pin.
WARNING(79): Block contains output -- may be a constant generator.
Net is a constant generator: n38659.
WARNING(80): logical_block #34225 with output n38659 has only 0 pin.
WARNING(81): Block contains output -- may be a constant generator.
Net is a constant generator: n40078.
WARNING(82): logical_block #34494 with output n40078 has only 0 pin.
WARNING(83): Block contains output -- may be a constant generator.
Net is a constant generator: n40082.
WARNING(84): logical_block #34495 with output n40082 has only 0 pin.
WARNING(85): Block contains output -- may be a constant generator.
Net is a constant generator: n40086.
WARNING(86): logical_block #34496 with output n40086 has only 0 pin.
WARNING(87): Block contains output -- may be a constant generator.
Net is a constant generator: n40090.
WARNING(88): logical_block #34497 with output n40090 has only 0 pin.
WARNING(89): Block contains output -- may be a constant generator.
Net is a constant generator: n40094.
WARNING(90): logical_block #34498 with output n40094 has only 0 pin.
WARNING(91): Block contains output -- may be a constant generator.
Net is a constant generator: n40098.
WARNING(92): logical_block #34499 with output n40098 has only 0 pin.
WARNING(93): Block contains output -- may be a constant generator.
Net is a constant generator: n40102.
WARNING(94): logical_block #34500 with output n40102 has only 0 pin.
WARNING(95): Block contains output -- may be a constant generator.
Net is a constant generator: n40106.
WARNING(96): logical_block #34501 with output n40106 has only 0 pin.
WARNING(97): Block contains output -- may be a constant generator.
Net is a constant generator: n40110.
WARNING(98): logical_block #34502 with output n40110 has only 0 pin.
WARNING(99): Block contains output -- may be a constant generator.
Net is a constant generator: n40114.
WARNING(100): logical_block #34503 with output n40114 has only 0 pin.
WARNING(101): Block contains output -- may be a constant generator.
Net is a constant generator: n40118.
WARNING(102): logical_block #34504 with output n40118 has only 0 pin.
WARNING(103): Block contains output -- may be a constant generator.
Net is a constant generator: n40122.
WARNING(104): logical_block #34505 with output n40122 has only 0 pin.
WARNING(105): Block contains output -- may be a constant generator.
Net is a constant generator: n40126.
WARNING(106): logical_block #34506 with output n40126 has only 0 pin.
WARNING(107): Block contains output -- may be a constant generator.
Net is a constant generator: n40130.
WARNING(108): logical_block #34507 with output n40130 has only 0 pin.
WARNING(109): Block contains output -- may be a constant generator.
Net is a constant generator: n40134.
WARNING(110): logical_block #34508 with output n40134 has only 0 pin.
WARNING(111): Block contains output -- may be a constant generator.
Net is a constant generator: n40138.
WARNING(112): logical_block #34509 with output n40138 has only 0 pin.
WARNING(113): Block contains output -- may be a constant generator.
Net is a constant generator: n40142.
WARNING(114): logical_block #34510 with output n40142 has only 0 pin.
WARNING(115): Block contains output -- may be a constant generator.
Net is a constant generator: n40146.
WARNING(116): logical_block #34511 with output n40146 has only 0 pin.
WARNING(117): Block contains output -- may be a constant generator.
Net is a constant generator: n40150.
WARNING(118): logical_block #34512 with output n40150 has only 0 pin.
WARNING(119): Block contains output -- may be a constant generator.
Net is a constant generator: n40154.
WARNING(120): logical_block #34513 with output n40154 has only 0 pin.
WARNING(121): Block contains output -- may be a constant generator.
Net is a constant generator: n40158.
WARNING(122): logical_block #34514 with output n40158 has only 0 pin.
WARNING(123): Block contains output -- may be a constant generator.
Net is a constant generator: n40166.
WARNING(124): logical_block #34516 with output n40166 has only 0 pin.
WARNING(125): Block contains output -- may be a constant generator.
Net is a constant generator: n40174.
WARNING(126): logical_block #34518 with output n40174 has only 0 pin.
WARNING(127): Block contains output -- may be a constant generator.
Net is a constant generator: n40198.
WARNING(128): logical_block #34520 with output n40198 has only 0 pin.
WARNING(129): Block contains output -- may be a constant generator.
Net is a constant generator: n40202.
WARNING(130): logical_block #34521 with output n40202 has only 0 pin.
WARNING(131): Block contains output -- may be a constant generator.
Net is a constant generator: n40206.
WARNING(132): logical_block #34522 with output n40206 has only 0 pin.
WARNING(133): Block contains output -- may be a constant generator.
Net is a constant generator: n40210.
WARNING(134): logical_block #34523 with output n40210 has only 0 pin.
WARNING(135): Block contains output -- may be a constant generator.
Net is a constant generator: n40214.
WARNING(136): logical_block #34524 with output n40214 has only 0 pin.
WARNING(137): Block contains output -- may be a constant generator.
Net is a constant generator: n40218.
WARNING(138): logical_block #34525 with output n40218 has only 0 pin.
WARNING(139): Block contains output -- may be a constant generator.
Net is a constant generator: n40222.
WARNING(140): logical_block #34526 with output n40222 has only 0 pin.
WARNING(141): Block contains output -- may be a constant generator.
Net is a constant generator: n40226.
WARNING(142): logical_block #34527 with output n40226 has only 0 pin.
WARNING(143): Block contains output -- may be a constant generator.
Net is a constant generator: n40230.
WARNING(144): logical_block #34528 with output n40230 has only 0 pin.
WARNING(145): Block contains output -- may be a constant generator.
Net is a constant generator: n40234.
WARNING(146): logical_block #34529 with output n40234 has only 0 pin.
WARNING(147): Block contains output -- may be a constant generator.
0 unconnected blocks in input netlist.
Removed 3612 LUT buffers.
Sweeped away 3612 nodes.
BLIF circuit stats:
	73 LUTs of size 0
	1 LUTs of size 1
	1246 LUTs of size 2
	3157 LUTs of size 3
	2719 LUTs of size 4
	4345 LUTs of size 5
	11134 LUTs of size 6
	114 of type input
	102 of type output
	6630 of type latch
	22675 of type names
	1409 of type dual_port_ram
	0 of type single_port_ram
	8 of type multiply
Timing analysis: ON
Circuit netlist file: /home/zhlab/BRAM/s_run_e_2/LU8PEEng/src/pre_info_src/LU8PEEng.net
Circuit placement file: /home/zhlab/BRAM/s_run_e_2/LU8PEEng/src/pre_info_src/LU8PEEng.place
Circuit routing file: /home/zhlab/BRAM/s_run_e_2/LU8PEEng/src/pre_info_src/LU8PEEng.route
Circuit SDC file: /home/zhlab/BRAM/s_run_e_2/LU8PEEng/src/pre_info_src/LU8PEEng.sdc
Operation: RUN_FLOW

Packer: DISABLED
Placer: ENABLED
Router: DISABLED
PlacerOpts.place_freq: PLACE_ONCE
PlacerOpts.place_algorithm: PATH_TIMING_DRIVEN_PLACE
PlacerOpts.pad_loc_type: FREE
PlacerOpts.place_cost_exp: 1.000000
PlacerOpts.inner_loop_recompute_divider: 0
PlacerOpts.recompute_crit_iter: 1
PlacerOpts.timing_tradeoff: 0.500000
PlacerOpts.td_place_exp_first: 1.000000
PlacerOpts.td_place_exp_last: 8.000000
PlaceOpts.seed: 1
AnnealSched.type: AUTO_SCHED
AnnealSched.inner_num: 1.000000

RoutingArch.directionality: UNI_DIRECTIONAL
RoutingArch.switch_block_type: WILTON
RoutingArch.Fs: 3

Begin parsing packed FPGA netlist file.
Finished parsing packed FPGA netlist file.
Netlist generated from file '/home/zhlab/BRAM/s_run/LU8PEEng/src/pre_info_src/LU8PEEng.net'.
n38615 is a constant generator.
n38611 is a constant generator.
n38619 is a constant generator.
n38623 is a constant generator.
n38627 is a constant generator.
n38631 is a constant generator.
n38583 is a constant generator.
n38595 is a constant generator.
n38603 is a constant generator.
n38607 is a constant generator.
n38599 is a constant generator.
n38571 is a constant generator.
n38579 is a constant generator.
n38575 is a constant generator.
n38587 is a constant generator.
n38591 is a constant generator.
n38563 is a constant generator.
n38567 is a constant generator.
n40206 is a constant generator.
n38651 is a constant generator.
n38647 is a constant generator.
n38643 is a constant generator.
n38635 is a constant generator.
n38639 is a constant generator.
n40202 is a constant generator.
n38559 is a constant generator.
n40226 is a constant generator.
n40222 is a constant generator.
n40210 is a constant generator.
n40214 is a constant generator.
n40218 is a constant generator.
n40230 is a constant generator.
n40130 is a constant generator.
n38547 is a constant generator.
n38555 is a constant generator.
n25320 is a constant generator.
n38655 is a constant generator.
n40234 is a constant generator.
n40094 is a constant generator.
n40078 is a constant generator.
n40118 is a constant generator.
n40110 is a constant generator.
n40102 is a constant generator.
n40134 is a constant generator.
n40086 is a constant generator.
n40126 is a constant generator.
n40138 is a constant generator.
n40090 is a constant generator.
n40122 is a constant generator.
n40106 is a constant generator.
n40114 is a constant generator.
n40098 is a constant generator.
n40082 is a constant generator.
n38659 is a constant generator.
n40174 is a constant generator.
n40158 is a constant generator.
n40166 is a constant generator.
n40142 is a constant generator.
n40146 is a constant generator.
n40150 is a constant generator.
n40154 is a constant generator.
n38551 is a constant generator.
n40198 is a constant generator.
top^mem_local_be~1 is a constant generator.
top^mem_local_be~2 is a constant generator.
top^mem_local_be~0 is a constant generator.
top^burst_begin is a constant generator.
top^mem_local_be~6 is a constant generator.
top^mem_local_be~7 is a constant generator.
top^mem_local_be~4 is a constant generator.
top^mem_local_be~5 is a constant generator.
gnd is a constant generator.
top^mem_local_be~3 is a constant generator.

Netlist num_nets: 16278
Netlist num_blocks: 2373
Netlist <EMPTY> blocks: 0.
Netlist clb blocks: 2104.
Netlist mult_36 blocks: 8.
Netlist memory blocks: 45.
Netlist inputs pins: 114
Netlist output pins: 102

The circuit will be mapped into a 60 x 60 array of clbs.

Resource usage...
	Netlist      0	blocks of type: <EMPTY>
	Architecture 4	blocks of type: <EMPTY>
	Netlist      216	blocks of type: io
	Architecture 1920	blocks of type: io
	Netlist      2104	blocks of type: clb
	Architecture 2700	blocks of type: clb
	Netlist      8	blocks of type: mult_36
	Architecture 105	blocks of type: mult_36
	Netlist      45	blocks of type: memory
	Architecture 80	blocks of type: memory


SDC file '/home/zhlab/BRAM/s_run_e_2/LU8PEEng/src/pre_info_src/LU8PEEng.sdc' blank or not found.

Defaulting to: constrain all 0 inputs and 0 outputs on the netlist clock.
Optimize this clock to run as fast as possible.
Computing delta_io_to_io lookup matrix, may take a few seconds, please wait...
Computing delta_io_to_clb lookup matrix, may take a few seconds, please wait...
Computing delta_clb_to_io lookup matrix, may take a few seconds, please wait...
Computing delta_clb_to_clb lookup matrix, may take a few seconds, please wait...

There are 62254 point to point connections in this circuit.

Initial placement cost: 0.996821 bb_cost: 11721.4 td_cost: 2.40342e-05 delay_cost: 9.45003e-05

--------- --------- ----------- ----------- ----------- ----------- -------- -------- ------- ------- ------- --------- -------
        T      Cost  Av BB Cost  Av TD Cost  Av Tot Del  P to P Del    d_max  Ac Rate Std Dev R limit     Exp Tot Moves   Alpha
--------- --------- ----------- ----------- ----------- ----------- -------- -------- ------- ------- ------- --------- -------
  0.06941    1.0033     11721.1  1.8671e-05 9.46202e-05 1.51798e-09 307.1389   0.9990  0.0065 61.0000  1.0000     31643  0.5000
  0.03471   0.99747     11716.7  1.8323e-05 9.44172e-05 1.52353e-09 308.7742   0.9981  0.0049 61.0000  1.0000     63286  0.5000
  0.01735   0.99611     11714.5 1.82761e-05 9.43572e-05 1.51773e-09 309.1488   0.9964  0.0059 61.0000  1.0000     94929  0.5000
  0.00868   0.99521       11720 1.79154e-05 9.41571e-05 1.51127e-09 318.0806   0.9915  0.0051 61.0000  1.0000    126572  0.5000
  0.00434   0.99738     11666.2 1.82129e-05 9.38715e-05 1.50071e-09 307.1569   0.9822  0.0062 61.0000  1.0000    158215  0.5000
  0.00217   0.98873     11641.9 1.80124e-05 9.36011e-05 1.51499e-09 303.2617   0.9648  0.0050 61.0000  1.0000    189858  0.5000
  0.00108   0.97964       11528 1.73624e-05 9.26661e-05 1.49944e-09 305.1438   0.9284  0.0063 61.0000  1.0000    221501  0.9000
  0.00098   0.99439     11475.2  1.7753e-05 9.22508e-05 1.48985e-09 293.5352   0.9208  0.0067 61.0000  1.0000    253144  0.9000
  0.00088    0.9793     11445.9 1.74764e-05 9.20842e-05 1.49694e-09 297.4642   0.9163  0.0057 61.0000  1.0000    284787  0.9000
  0.00079   0.98764     11443.8 1.74648e-05 9.15556e-05 1.48092e-09 290.0258   0.8991  0.0086 61.0000  1.0000    316430  0.9000
  0.00071   0.98596     11368.7 1.71901e-05 9.12443e-05    1.48e-09 290.4209   0.8883  0.0067 61.0000  1.0000    348073  0.9000
  0.00064   0.99325     11356.3 1.80959e-05 9.11285e-05 1.47452e-09 267.9664   0.8804  0.0063 61.0000  1.0000    379716  0.9000
  0.00058    0.9975     11288.8  1.7282e-05 9.05135e-05 1.44617e-09 273.3988   0.8656  0.0041 61.0000  1.0000    411359  0.9000
  0.00052   0.99353     11247.4  1.7619e-05 9.03755e-05 1.45749e-09 261.2326   0.8430  0.0046 61.0000  1.0000    443002  0.9000
  0.00047   0.97889     11179.4 1.70889e-05 8.95129e-05 1.45818e-09 267.9446   0.8263  0.0087 61.0000  1.0000    474645  0.9000
  0.00042   0.98795     11124.7  1.7073e-05 8.87399e-05 1.42724e-09 257.4079   0.8017  0.0070 61.0000  1.0000    506288  0.9000
  0.00038   0.99643     11040.9 1.76291e-05 8.84593e-05 1.42089e-09 242.1145   0.7809  0.0059 61.0000  1.0000    537931  0.9500
  0.00036    0.9989     10948.4  1.7805e-05 8.72988e-05 1.41044e-09 229.8372   0.7598  0.0074 61.0000  1.0000    569574  0.9500
  0.00034   0.99292       10866  1.7225e-05 8.65695e-05 1.38208e-09 237.4325   0.7464  0.0047 61.0000  1.0000    601217  0.9500
  0.00032   0.98681     10843.8 1.74895e-05 8.63221e-05 1.39661e-09 226.5934   0.7401  0.0080 61.0000  1.0000    632860  0.9500
  0.00031   0.98231     10708.7 1.64495e-05 8.49755e-05 1.38075e-09 230.9688   0.7086  0.0073 61.0000  1.0000    664503  0.9500
  0.00029   0.98218     10580.7 1.61459e-05 8.37102e-05 1.35556e-09 227.0559   0.6793  0.0087 61.0000  1.0000    696146  0.9500
  0.00028   0.99507     10476.1 1.62698e-05 8.28095e-05 1.32526e-09 218.8674   0.6586  0.0086 61.0000  1.0000    727789  0.9500
  0.00026   0.96696     10269.4 1.65977e-05 8.04613e-05 1.33152e-09 206.0292   0.6350  0.0140 61.0000  1.0000    759432  0.9500
  0.00025   0.97596     9969.26 1.65761e-05  7.7916e-05 1.27575e-09 189.9677   0.5798  0.0053 61.0000  1.0000    791075  0.9500
  0.00024   0.98107     9812.37 1.55202e-05 7.67294e-05 1.25235e-09 194.5413   0.5587  0.0086 61.0000  1.0000    822718  0.9500
  0.00023   0.96651     9568.43 1.58782e-05 7.45319e-05 1.23466e-09 181.3540   0.5114  0.0125 61.0000  1.0000    854361  0.9500
  0.00022   0.97831     9355.65  1.5446e-05 7.26375e-05 1.19126e-09 178.9037   0.4749  0.0151 61.0000  1.0000    886004  0.9500
  0.00020   0.96556     8888.75 1.37372e-05 6.84672e-05  1.1302e-09 178.1243   0.4218  0.0152 61.0000  1.0000    917647  0.9500
  0.00019    0.9592     8492.15 1.12102e-05 6.52254e-05  1.0883e-09 172.1669   0.3928  0.0205 59.8917  1.1293    949290  0.9500
  0.00018   0.97983     8215.34 7.79878e-06 6.36759e-05 1.02738e-09 161.4057   0.3693  0.0070 57.0622  1.4594    980933  0.9500
  0.00018   0.98186     8042.45 5.13548e-06 6.31928e-05 1.01158e-09 155.3349   0.3666  0.0071 53.0301  1.9298   1012576  0.9500
  0.00017   0.98282     8036.42  4.0943e-06 6.33544e-05 1.01619e-09 143.9794   0.3704  0.0072 49.1355  2.3842   1044219  0.9500
  0.00016    0.9872     8032.35 3.30956e-06 6.38394e-05 1.01905e-09 140.5395   0.3840  0.0053 45.7179  2.7829   1075862  0.9500
  0.00015   0.98164      7945.6 2.95196e-06  6.3703e-05 1.02669e-09 134.0511   0.3871  0.0070 43.1593  3.0814   1107505  0.9500
  0.00014   0.99683     7897.18 2.61746e-06 6.37801e-05 1.00834e-09 129.8198   0.3944  0.0026 40.8775  3.3476   1139148  0.9500
  0.00014    0.9718     7732.07 2.44888e-06 6.22982e-05 1.02021e-09 128.6918   0.3872  0.0126 39.0135  3.5651   1170791  0.9500
  0.00013   0.98544     7575.16  2.2747e-06 6.14975e-05 9.98399e-10 125.4587   0.3823  0.0080 36.9534  3.8054   1202434  0.9500
  0.00012   0.98568     7363.58 2.08121e-06 6.00373e-05 9.71139e-10 124.1631   0.3828  0.0087 34.8210  4.0542   1234077  0.9500
  0.00012   0.98947     7223.23  1.9598e-06 5.97167e-05 9.61727e-10 122.1535   0.3766  0.0047 32.8304  4.2864   1265720  0.9500
  0.00011   0.97471     6960.68 1.90337e-06 5.78521e-05 9.55609e-10 120.5025   0.3695  0.0112 30.7492  4.5293   1297363  0.9500
  0.00010   0.98441     6705.39 1.78118e-06 5.55938e-05 9.12651e-10 118.1307   0.3637  0.0052 28.5823  4.7821   1329006  0.9500
  0.00010   0.99476     6637.52 1.69382e-06  5.5737e-05 8.90414e-10 118.0787   0.3667  0.0053 26.4019  5.0364   1360649  0.9500
  0.00009   0.98398     6410.01 1.65294e-06 5.40265e-05  8.9344e-10 117.6083   0.3679  0.0092 24.4679  5.2621   1392292  0.9500
  0.00009   0.98678     6163.82 1.59035e-06 5.22991e-05 8.46258e-10 115.9226   0.3716  0.0057 22.7026  5.4680   1423935  0.9500
  0.00009   0.98631     5959.12 1.54723e-06 5.06869e-05 8.34259e-10 115.1714   0.3503  0.0090 21.1501  5.6492   1455578  0.9500
  0.00008   0.98161     5644.32 1.50895e-06 4.84341e-05  7.9892e-10 114.3999   0.3449  0.0090 19.2526  5.8705   1487221  0.9500
  0.00008   0.98052     5352.39 1.47394e-06 4.62218e-05  7.6824e-10 114.0985   0.3445  0.0092 17.4218  6.0841   1518864  0.9500
  0.00007   0.98484     5108.29  1.4469e-06  4.4359e-05 7.33045e-10 114.1327   0.3559  0.0080 15.7575  6.2783   1550507  0.9500
  0.00007   0.98636     4885.88  1.4292e-06 4.28124e-05 7.02359e-10 114.0376   0.3411  0.0071 14.4319  6.4329   1582150  0.9500
  0.00007   0.98986     4699.09     1.4e-06 4.13766e-05 6.72644e-10 114.2341   0.3287  0.0047 13.0040  6.5995   1613793  0.9500
  0.00006   0.98673     4560.06 1.37879e-06 4.02075e-05 6.56156e-10 113.8825   0.3558  0.0063 11.5566  6.7684   1645436  0.9500
  0.00006   0.98963     4439.45 1.36806e-06 3.92185e-05 6.37145e-10 111.3373   0.3616  0.0042 10.5829  6.8820   1677079  0.9500
  0.00006   0.98588      4301.6 1.34808e-06 3.84091e-05 6.29369e-10 112.4279   0.3700  0.0071  9.7529  6.9788   1708722  0.9500
  0.00005   0.99047      4152.2 1.33242e-06 3.72715e-05 6.05739e-10 111.3607   0.3427  0.0040  9.0699  7.0585   1740365  0.9500
  0.00005   0.99111     4060.53 1.31987e-06 3.65651e-05 5.94531e-10 111.0193   0.3534  0.0036  8.1877  7.1614   1772008  0.9500
  0.00005   0.98946     3975.42 1.30404e-06 3.58844e-05 5.82853e-10 110.7002   0.3826  0.0041  7.4790  7.2441   1803651  0.9500
  0.00005   0.99083      3887.2 1.29005e-06 3.49729e-05 5.70384e-10 110.7091   0.3633  0.0042  7.0498  7.2942   1835294  0.9500
  0.00004   0.99354     3824.67  1.2832e-06 3.46925e-05 5.59227e-10 110.0575   0.3915  0.0038  6.5088  7.3573   1866937  0.9500
  0.00004   0.99383     3761.53 1.28023e-06 3.44165e-05 5.57431e-10 109.4515   0.3756  0.0030  6.1933  7.3941   1898580  0.9500
  0.00004   0.99007     3682.66 1.26959e-06 3.37469e-05 5.49578e-10 109.5154   0.3959  0.0043  5.7945  7.4406   1930223  0.9500
  0.00004   0.99745     3630.61 1.26425e-06 3.32825e-05 5.38893e-10 109.4804   0.3844  0.0020  5.5388  7.4705   1961866  0.9500
  0.00004   0.99427     3567.36 1.25884e-06 3.27963e-05  5.3075e-10 109.3189   0.3596  0.0031  5.2308  7.5064   1993509  0.9500
  0.00003   0.99673     3515.91 1.25151e-06 3.26105e-05 5.23448e-10 109.6564   0.3981  0.0020  4.8104  7.5555   2025152  0.9500
  0.00003   0.99742     3476.73 1.25161e-06 3.22997e-05 5.23869e-10 109.0048   0.3867  0.0017  4.6090  7.5790   2056795  0.9500
  0.00003   0.99664      3432.7 1.24689e-06 3.20418e-05 5.15873e-10 109.0048   0.3750  0.0015  4.3634  7.6076   2088438  0.9500
  0.00003   0.99649     3404.72 1.24396e-06 3.17589e-05 5.10612e-10 108.9097   0.3656  0.0016  4.0797  7.6407   2120081  0.9500
  0.00003   0.99853     3392.51 1.24094e-06 3.15224e-05 5.08473e-10 108.6646   0.4372  0.0019  3.7760  7.6761   2151724  0.9500
  0.00003   0.99754     3349.67  1.2361e-06  3.1385e-05 5.03213e-10 109.3423   0.4218  0.0016  3.7653  7.6774   2183367  0.9500
  0.00002   0.99811     3326.89 1.23594e-06 3.12379e-05  5.0264e-10 108.9357   0.4107  0.0015  3.6967  7.6854   2215010  0.9500
  0.00002   0.99749     3304.07 1.23397e-06 3.10779e-05 5.00836e-10 108.7793   0.4004  0.0013  3.5883  7.6980   2246653  0.9500
  0.00002   0.99865     3280.88 1.23161e-06 3.09879e-05  4.9975e-10 109.0125   0.3919  0.0006  3.4461  7.7146   2278296  0.9500
  0.00002    0.9983     3264.65 1.23393e-06  3.0843e-05 4.98408e-10 108.3348   0.3794  0.0009  3.2803  7.7340   2309939  0.9500
  0.00002   0.99928     3250.78 1.23107e-06 3.07548e-05 4.94091e-10 108.6932   0.3695  0.0007  3.0815  7.7572   2341582  0.9500
  0.00002   0.99769     3229.83 1.22918e-06 3.06732e-05 4.92306e-10 108.8548   0.4557  0.0012  2.8642  7.7825   2373225  0.9500
  0.00002   0.99855     3210.08 1.22851e-06 3.06323e-05 4.94736e-10 109.1518   0.4459  0.0008  2.9093  7.7772   2404868  0.9500
  0.00002   0.99821     3185.56 1.23076e-06 3.04233e-05  4.9055e-10 108.7414   0.4238  0.0005  2.9264  7.7752   2436511  0.9500
  0.00002   0.99933     3175.72 1.23146e-06 3.03876e-05 4.87588e-10 108.7363   0.4154  0.0006  2.8791  7.7808   2468154  0.9500
  0.00002   0.99892     3161.05  1.2276e-06  3.0285e-05 4.87647e-10 109.3044   0.4030  0.0007  2.8082  7.7890   2499797  0.9500
  0.00001   0.99962      3152.9 1.22576e-06 3.01892e-05 4.86572e-10 109.5755   0.3980  0.0005  2.7043  7.8012   2531440  0.9500
  0.00001   0.99967     3146.84 1.22707e-06 3.02208e-05 4.85097e-10 109.3044   0.3885  0.0004  2.5908  7.8144   2563083  0.9500
  0.00001   0.99888     3137.77 1.22898e-06 3.01225e-05  4.8513e-10 108.7883   0.3792  0.0008  2.4574  7.8300   2594726  0.9500
  0.00001   0.99885     3123.26 1.22626e-06 3.00401e-05 4.82661e-10 109.0593   0.3675  0.0009  2.3079  7.8474   2626369  0.9500
  0.00001   0.99932     3110.87 1.22558e-06 2.99489e-05 4.81661e-10 108.6528   0.3499  0.0005  2.1406  7.8669   2658012  0.9500
  0.00001   0.99924     3105.46 1.22624e-06 2.99655e-05 4.81314e-10 108.3817   0.4752  0.0002  1.9478  7.8894   2689655  0.9500
  0.00001   0.99919     3100.34 1.22654e-06 2.99661e-05 4.81792e-10 108.4652   0.3347  0.0005  2.0163  7.8814   2721298  0.9500
  0.00001   0.99888     3087.33 1.22409e-06 2.98377e-05 4.80984e-10 108.6698   0.4580  0.0003  1.8040  7.9062   2752941  0.9500
  0.00001    0.9993     3080.49 1.22455e-06 2.98444e-05 4.79549e-10 108.6528   0.4415  0.0003  1.8364  7.9024   2784584  0.9500
  0.00001   0.99888     3074.19 1.22406e-06 2.98106e-05 4.79762e-10 108.6528   0.4273  0.0004  1.8392  7.9021   2816227  0.9500
  0.00001   0.99935     3070.89 1.22396e-06 2.97426e-05  4.7863e-10 108.6698   0.4204  0.0003  1.8158  7.9048   2847870  0.9500
  0.00001   0.99955     3064.48 1.22379e-06 2.97073e-05    4.78e-10 108.6698   0.4035  0.0004  1.7801  7.9090   2879513  0.9500
  0.00001   0.99985     3062.23 1.22357e-06 2.97006e-05 4.76545e-10 108.6528   0.3933  0.0002  1.7152  7.9166   2911156  0.9500
  0.00001   0.99982     3059.33 1.22329e-06 2.96241e-05 4.76101e-10 108.6528   0.3837  0.0003  1.6351  7.9259   2942799  0.9500
  0.00001   0.99925      3057.6  1.2226e-06 2.96373e-05 4.75905e-10 108.6528   0.3733  0.0003  1.5431  7.9366   2974442  0.9500
  0.00001   0.99942     3052.84 1.22217e-06 2.96495e-05  4.7648e-10 108.6528   0.3637  0.0004  1.4401  7.9487   3006085  0.9500
  0.00001   0.99954     3046.38 1.22157e-06 2.96035e-05 4.75645e-10 108.6528   0.3427  0.0003  1.3302  7.9615   3037728  0.9500
  0.00001    0.9999     3044.33  1.2211e-06 2.95973e-05 4.74854e-10 108.6698   0.3349  0.0002  1.2008  7.9766   3069371  0.9500
  0.00001    0.9995     3039.58 1.22044e-06 2.95843e-05 4.75455e-10 108.6528   0.3242  0.0002  1.0745  7.9913   3101014  0.9500
  0.00001    0.9996     3036.41 1.22007e-06 2.95707e-05 4.75266e-10 108.6528   0.3146  0.0003  1.0000  8.0000   3132657  0.9500
  0.00001   0.99982     3032.85 1.22016e-06 2.95426e-05 4.75035e-10 108.6528   0.3002  0.0001  1.0000  8.0000   3164300  0.9500
  0.00001   0.99953     3030.38 1.22007e-06 2.95139e-05 4.74267e-10 108.6698   0.2858  0.0002  1.0000  8.0000   3195943  0.9500
  0.00000   0.99988     3028.02  1.2201e-06   2.954e-05 4.74451e-10 108.6528   0.2763  0.0002  1.0000  8.0000   3227586  0.9500
  0.00000   0.99974     3026.22  1.2201e-06 2.95278e-05 4.75142e-10 108.6528   0.2702  0.0002  1.0000  8.0000   3259229  0.9500
  0.00000   0.99973     3023.23 1.22008e-06 2.95229e-05 4.74359e-10 108.6528   0.2630  0.0003  1.0000  8.0000   3290872  0.9500
  0.00000   0.99998     3019.91  1.2201e-06 2.94885e-05 4.73427e-10 108.6528   0.2510  0.0001  1.0000  8.0000   3322515  0.9500
  0.00000   0.99959     3018.43  1.2201e-06 2.95084e-05 4.73799e-10 108.6528   0.2388  0.0002  1.0000  8.0000   3354158  0.9500
  0.00000    0.9996     3015.46  1.2201e-06 2.94662e-05 4.74178e-10 108.6528   0.2341  0.0002  1.0000  8.0000   3385801  0.9500
  0.00000   0.99984     3013.07 1.22011e-06 2.94252e-05 4.72974e-10 108.6528   0.2219  0.0001  1.0000  8.0000   3417444  0.9500
  0.00000    0.9997     3010.45  1.2201e-06  2.9473e-05 4.72681e-10 108.6528   0.2115  0.0002  1.0000  8.0000   3449087  0.9500
  0.00000   0.99984     3008.87 1.22006e-06 2.94549e-05  4.7336e-10 108.6528   0.1984  0.0001  1.0000  8.0000   3480730  0.9500
  0.00000   0.99983      3006.7 1.22006e-06 2.94196e-05 4.73582e-10 108.6528   0.1916  0.0001  1.0000  8.0000   3512373  0.9500
  0.00000   0.99976     3004.31    1.22e-06 2.94315e-05  4.7261e-10 108.6528   0.1806  0.0001  1.0000  8.0000   3544016  0.9500
  0.00000   0.99998     3003.63 1.22003e-06 2.94032e-05 4.72232e-10 108.6528   0.1766  0.0000  1.0000  8.0000   3575659  0.9500
  0.00000   0.99984     3002.21    1.22e-06 2.93916e-05 4.72137e-10 108.6528   0.1666  0.0000  1.0000  8.0000   3607302  0.9500
  0.00000   0.99988     3001.18 1.22005e-06 2.94026e-05 4.72356e-10 108.6528   0.1637  0.0000  1.0000  8.0000   3638945  0.9500
  0.00000   0.99978      2999.9    1.22e-06 2.93906e-05 4.71891e-10 108.6528   0.1570  0.0001  1.0000  8.0000   3670588  0.9500
  0.00000   0.99988        2999    1.22e-06 2.93948e-05 4.72209e-10 108.6528   0.1504  0.0000  1.0000  8.0000   3702231  0.9500
  0.00000   0.99984      2997.6 1.22002e-06 2.93777e-05 4.72076e-10 108.6528   0.1410  0.0001  1.0000  8.0000   3733874  0.8000
  0.00000   0.99968     2995.52 1.22004e-06  2.9366e-05  4.7191e-10 108.6528   0.1167  0.0001  1.0000  8.0000   3765517  0.8000
  0.00000    0.9998     2993.28 1.22003e-06  2.9357e-05 4.71649e-10 108.6528   0.0970  0.0001  1.0000  8.0000   3797160  0.8000
  0.00000   0.99982      2992.2    1.22e-06 2.93691e-05 4.71749e-10 108.6528   0.0794  0.0000  1.0000  8.0000   3828803  0.8000
  0.00000   0.99994     2991.35 1.22003e-06 2.93585e-05 4.71638e-10 108.6528   0.0684  0.0000  1.0000  8.0000   3860446  0.8000
  0.00000   0.99994     2990.67    1.22e-06 2.93514e-05 4.71402e-10 108.6528   0.0514  0.0000  1.0000  8.0000   3892089  0.8000
  0.00000   0.99997     2990.35    1.22e-06 2.93629e-05 4.71562e-10 108.6528   0.0410  0.0000  1.0000  8.0000   3923732  0.8000
  0.00000   0.99998     2990.13    1.22e-06 2.93666e-05 4.71652e-10 108.6528   0.0347  0.0000  1.0000  8.0000   3955375  0.8000
  0.00000   0.99998     2989.92    1.22e-06 2.93599e-05 4.71769e-10 108.6528   0.0301  0.0000  1.0000  8.0000   3987018  0.8000
  0.00000   0.99996     2989.82    1.22e-06 2.93399e-05 4.71422e-10            0.0052  0.0000  1.0000  8.0000   4018661

BB estimate of min-dist (placement) wirelength: 298024
bb_cost recomputed from scratch: 2989.79
timing_cost recomputed from scratch: 1.22e-06
delay_cost recomputed from scratch: 2.93355e-05

Completed placement consistency check successfully.

Swaps called: 4021034

Placement estimated critical path delay: 108.653 ns
Placement cost: 0.999956, bb_cost: 2989.79, td_cost: 1.22e-06, delay_cost: 2.93355e-05
Placement total # of swap attempts: 4021034
	Swap reject rate: 0
	Swap accept rate: 0
	Swap abort rate: 0
Placement took 95.4738 seconds.
The entire flow of VPR took 97.5393 seconds.
