________________________________________________________________________
                       VPR - The Next Generation                        
                     Version 0.A15.0 (Linux X86/64)                     
            This is free open source code under MIT license.            
________________________________________________________________________

VPR FPGA Placement and Routing.
Version: Version 7.0
Compiled: Aug  4 2019.
University of Toronto
vpr@eecg.utoronto.ca
This is free open source code under MIT license.

Architecture file: /home/zhlab/BRAM/s_run_e_3/mkPktMerge/src/pre_info_src/k6_frac_N10_mem32K_40nm_1.xml
Circuit name: /home/zhlab/BRAM/s_run_e_3/mkPktMerge/src/pre_info_src/mkPktMerge.blif

Building complex block graph.
WARNING(1): io[0].clock[0] unconnected pin in architecture.
Loop for doall = 0, init_parse took 8e-06 seconds.
Loop for doall = 0 took 0.009506 seconds.
Loop for doall = 1, init_parse took 0.007015 seconds.
Loop for doall = 1 took 0.011219 seconds.
Swept away 459 nets with no fanout.
Net is a constant generator: gnd.
WARNING(2): logical_block #1344 with output gnd has only 0 pin.
WARNING(3): Block contains output -- may be a constant generator.
0 unconnected blocks in input netlist.
Removed 156 LUT buffers.
Sweeped away 156 nodes.
BLIF circuit stats:
	1 LUTs of size 0
	0 LUTs of size 1
	9 LUTs of size 2
	163 LUTs of size 3
	9 LUTs of size 4
	17 LUTs of size 5
	33 LUTs of size 6
	311 of type input
	156 of type output
	36 of type latch
	232 of type names
	459 of type dual_port_ram
	0 of type single_port_ram
	0 of type multiply
Timing analysis: ON
Circuit netlist file: /home/zhlab/BRAM/s_run_e_3/mkPktMerge/src/pre_info_src/mkPktMerge.net
Circuit placement file: /home/zhlab/BRAM/s_run_e_3/mkPktMerge/src/pre_info_src/mkPktMerge.place
Circuit routing file: /home/zhlab/BRAM/s_run_e_3/mkPktMerge/src/pre_info_src/mkPktMerge.route
Circuit SDC file: /home/zhlab/BRAM/s_run_e_3/mkPktMerge/src/pre_info_src/mkPktMerge.sdc
Operation: RUN_FLOW

Packer: DISABLED
Placer: ENABLED
Router: DISABLED
PlacerOpts.place_freq: PLACE_ONCE
PlacerOpts.place_algorithm: PATH_TIMING_DRIVEN_PLACE
PlacerOpts.pad_loc_type: FREE
PlacerOpts.place_cost_exp: 1.000000
PlacerOpts.inner_loop_recompute_divider: 0
PlacerOpts.recompute_crit_iter: 1
PlacerOpts.timing_tradeoff: 0.500000
PlacerOpts.td_place_exp_first: 1.000000
PlacerOpts.td_place_exp_last: 8.000000
PlaceOpts.seed: 1
AnnealSched.type: AUTO_SCHED
AnnealSched.inner_num: 1.000000

RoutingArch.directionality: UNI_DIRECTIONAL
RoutingArch.switch_block_type: WILTON
RoutingArch.Fs: 3

Begin parsing packed FPGA netlist file.
Finished parsing packed FPGA netlist file.
Netlist generated from file '/home/zhlab/BRAM/s_run_e_3/mkPktMerge/src/pre_info_src/mkPktMerge.net'.
gnd is a constant generator.

Netlist num_nets: 972
Netlist num_blocks: 497
Netlist <EMPTY> blocks: 0.
Netlist clb blocks: 15.
Netlist mult_36 blocks: 0.
Netlist memory blocks: 15.
Netlist inputs pins: 311
Netlist output pins: 156

The circuit will be mapped into a 100 x 100 array of clbs.

Resource usage...
	Netlist      0	blocks of type: <EMPTY>
	Architecture 56	blocks of type: <EMPTY>
	Netlist      467	blocks of type: io
	Architecture 3200	blocks of type: io
	Netlist      15	blocks of type: clb
	Architecture 7500	blocks of type: clb
	Netlist      0	blocks of type: mult_36
	Architecture 300	blocks of type: mult_36
	Netlist      15	blocks of type: memory
	Architecture 208	blocks of type: memory


SDC file '/home/zhlab/BRAM/s_run_e_3/mkPktMerge/src/pre_info_src/mkPktMerge.sdc' blank or not found.

Defaulting to: constrain all 0 inputs and 0 outputs on the netlist clock.
Optimize this clock to run as fast as possible.
Computing delta_io_to_io lookup matrix, may take a few seconds, please wait...
Computing delta_io_to_clb lookup matrix, may take a few seconds, please wait...
Computing delta_clb_to_io lookup matrix, may take a few seconds, please wait...
Computing delta_clb_to_clb lookup matrix, may take a few seconds, please wait...

There are 1146 point to point connections in this circuit.

Initial placement cost: 1.03959 bb_cost: 894.789 td_cost: 2.1657e-06 delay_cost: 3.50941e-06

--------- --------- ----------- ----------- ----------- ----------- -------- -------- ------- ------- ------- --------- -------
        T      Cost  Av BB Cost  Av TD Cost  Av Tot Del  P to P Del    d_max  Ac Rate Std Dev R limit     Exp Tot Moves   Alpha
--------- --------- ----------- ----------- ----------- ----------- -------- -------- ------- ------- ------- --------- -------
  0.47851    0.9109       866.6 1.57984e-06 3.37387e-06 3.06231e-09  12.4943   1.0000  0.0402 101.0000  1.0000      3935  0.5000
  0.23925   0.91258     865.184 1.75872e-06  3.3622e-06 3.02715e-09  11.2243   0.9964  0.0302 101.0000  1.0000      7870  0.5000
  0.11963    1.0144     875.462 1.64223e-06 3.41256e-06 2.81274e-09  11.2243   0.9962  0.0312 101.0000  1.0000     11805  0.5000
  0.05981   0.99492     861.427 1.76516e-06 3.37795e-06 2.85831e-09  10.4112   0.9936  0.0366 101.0000  1.0000     15740  0.5000
  0.02991    0.9615     844.079 1.64631e-06 3.30902e-06 2.86056e-09  11.2243   0.9779  0.0356 101.0000  1.0000     19675  0.5000
  0.01495   0.90499     803.562 1.24389e-06 3.16394e-06 2.86768e-09  13.6065   0.9670  0.0552 101.0000  1.0000     23610  0.5000
  0.00748   0.83656     755.891 1.16311e-06 2.99737e-06  2.9056e-09  13.8775   0.9367  0.0554 101.0000  1.0000     27545  0.9000
  0.00673   0.91925     674.954 8.62131e-07 2.71078e-06  2.4077e-09  14.8159   0.9072  0.0421 101.0000  1.0000     31480  0.9000
  0.00606   0.95125     653.202 8.68611e-07 2.56648e-06 2.23644e-09  13.1217   0.8976  0.0235 101.0000  1.0000     35415  0.9000
  0.00545   0.90054     659.496 9.37444e-07 2.62592e-06  2.3615e-09  12.7151   0.9055  0.0193 101.0000  1.0000     39350  0.9000
  0.00491   0.94261      669.16 1.10155e-06  2.6377e-06 2.31902e-09  11.0888   0.8971  0.0241 101.0000  1.0000     43285  0.9000
  0.00441   0.86153     652.904 9.86076e-07  2.5608e-06 2.43384e-09  12.1730   0.8892  0.0431 101.0000  1.0000     47220  0.9000
  0.00397   0.95132     638.851 1.06839e-06 2.54834e-06 2.20475e-09  10.2756   0.8689  0.0156 101.0000  1.0000     51155  0.9000
  0.00358   0.94563     633.087 1.13275e-06 2.49898e-06 2.17682e-09   9.5980   0.8699  0.0246 101.0000  1.0000     55090  0.9000
  0.00322   0.92906      612.22 1.02477e-06  2.4261e-06  2.1436e-09  10.2756   0.8498  0.0291 101.0000  1.0000     59025  0.9000
  0.00290    0.9349     598.267 1.06096e-06 2.38113e-06 2.08499e-09   9.4624   0.8381  0.0246 101.0000  1.0000     62960  0.9000
  0.00261   0.92203     579.536 8.80205e-07 2.27745e-06 2.04282e-09  10.9307   0.8259  0.0335 101.0000  1.0000     66895  0.9000
  0.00235   0.95721     573.861 8.76818e-07 2.24969e-06 1.94753e-09  10.2756   0.7997  0.0186 101.0000  1.0000     70830  0.9500
  0.00223   0.94764     564.788 8.35719e-07 2.23173e-06 1.95805e-09  10.9533   0.7868  0.0182 101.0000  1.0000     74765  0.9500
  0.00212   0.94242     562.367 8.99381e-07 2.21993e-06 1.92941e-09  10.0046   0.7779  0.0216 101.0000  1.0000     78700  0.9500
  0.00201    0.9471     556.251 9.49796e-07 2.19473e-06 1.91219e-09   9.3269   0.7784  0.0197 101.0000  1.0000     82635  0.9500
  0.00191   0.93849      544.71 8.88869e-07 2.15774e-06 1.90265e-09   9.8690   0.7659  0.0216 101.0000  1.0000     86570  0.9500
  0.00182   0.95102     539.577 8.65566e-07 2.12287e-06 1.85453e-09   9.8690   0.7388  0.0295 101.0000  1.0000     90505  0.9500
  0.00172   0.96791     528.704 8.35477e-07 2.09362e-06 1.78606e-09   9.8690   0.7098  0.0141 101.0000  1.0000     94440  0.9500
  0.00164    0.9626     535.436 8.95122e-07 2.13103e-06 1.83511e-09   9.4624   0.7116  0.0152 101.0000  1.0000     98375  0.9500
  0.00156   0.93517     526.967 8.14205e-07 2.12089e-06 1.86905e-09  10.5467   0.7199  0.0307 101.0000  1.0000    102310  0.9500
  0.00148   0.94093     517.633 8.04695e-07 2.08178e-06 1.83664e-09  10.4112   0.7011  0.0240 101.0000  1.0000    106245  0.9500
  0.00140   0.94862     513.736 7.66156e-07 2.04888e-06 1.79114e-09  10.5467   0.6778  0.0284 101.0000  1.0000    110180  0.9500
  0.00133   0.94392     507.105 7.63344e-07 2.00638e-06 1.76906e-09  10.4112   0.6681  0.0207 101.0000  1.0000    114115  0.9500
  0.00127   0.94398      500.47 7.27372e-07 1.97984e-06 1.73874e-09  10.8177   0.6465  0.0135 101.0000  1.0000    118050  0.9500
  0.00120   0.94874     501.058 8.62287e-07 1.97987e-06 1.71722e-09   9.0559   0.6333  0.0356 101.0000  1.0000    121985  0.9500
  0.00114   0.93656     485.546 8.35728e-07 1.93943e-06 1.70033e-09   9.0559   0.6158  0.0221 101.0000  1.0000    125920  0.9500
  0.00109   0.94442     482.902 8.27602e-07 1.93007e-06 1.68343e-09   9.0559   0.6249  0.0277 101.0000  1.0000    129855  0.9500
  0.00103   0.94907      475.46 7.68327e-07 1.91481e-06 1.67659e-09   9.5980   0.5959  0.0210 101.0000  1.0000    133790  0.9500
  0.00098   0.92649     452.531 7.22375e-07 1.80748e-06 1.63146e-09   9.5980   0.5410  0.0280 101.0000  1.0000    137725  0.9500
  0.00093   0.95391     457.937 6.95633e-07 1.84768e-06 1.60608e-09  10.1401   0.5337  0.0222 101.0000  1.0000    141660  0.9500
  0.00089    0.9302     446.344 6.76054e-07 1.79148e-06 1.60428e-09  10.1401   0.5360  0.0251 101.0000  1.0000    145595  0.9500
  0.00084   0.96096      444.75 5.98828e-07 1.78231e-06 1.54221e-09  11.0888   0.5161  0.0161 101.0000  1.0000    149530  0.9500
  0.00080   0.92907     435.408 6.10786e-07 1.75452e-06 1.56928e-09  10.8177   0.4983  0.0279 101.0000  1.0000    153465  0.9500
  0.00076   0.92391     415.447 5.98494e-07 1.68552e-06   1.518e-09  10.5467   0.4551  0.0256 101.0000  1.0000    157400  0.9500
  0.00072   0.94531     406.306 5.81247e-07  1.6582e-06 1.47074e-09  10.5467   0.4348  0.0217 101.0000  1.0000    161335  0.9500
  0.00069   0.94223     394.359  5.3959e-07 1.60914e-06 1.43039e-09  10.5467   0.4618  0.0190 100.4764  1.0367    165270  0.9500
  0.00065   0.94745     386.922 5.59336e-07 1.58712e-06 1.40426e-09  10.5467   0.3949  0.0197 101.0000  1.0000    169205  0.9500
  0.00062   0.94544     388.171 4.11086e-07 1.59484e-06  1.4037e-09  10.5467   0.4747  0.0241 96.4467  1.3187    173140  0.9500
  0.00059   0.94832     376.197  4.9394e-07 1.54226e-06  1.3731e-09  10.5467   0.4089  0.0250 99.7947  1.0844    177075  0.9500
  0.00056    0.9631      370.45 4.45341e-07 1.52685e-06 1.33089e-09   9.6475   0.3964  0.0165 96.6906  1.3017    181010  0.9500
  0.00053   0.95965      366.62 3.43949e-07 1.51389e-06 1.31587e-09   9.6475   0.4287  0.0123 92.4789  1.5965    184945  0.9500
  0.00050   0.94951     366.818  3.4125e-07 1.51012e-06 1.33742e-09   9.4624   0.4323  0.0320 91.4354  1.6695    188880  0.9500
  0.00048   0.95738      344.72 2.82499e-07 1.43106e-06 1.25968e-09   9.8690   0.3997  0.0143 90.7291  1.7190    192815  0.9500
  0.00045   0.97295     346.645 2.37193e-07 1.44097e-06 1.24898e-09   9.8690   0.3820  0.0098 87.0768  1.9746    196750  0.9500
  0.00043   0.96176     348.213 1.88703e-07 1.44345e-06 1.26699e-09   9.8690   0.4213  0.0146 82.0226  2.3284    200685  0.9500
  0.00041   0.95273     345.289 1.73563e-07 1.43978e-06 1.26354e-09   9.8690   0.4198  0.0204 80.4926  2.4355    204620  0.9500
  0.00039   0.95038     338.853 1.67237e-07 1.42449e-06 1.25266e-09   9.4624   0.4033  0.0227 78.8685  2.5492    208555  0.9500
  0.00037   0.93539     343.483  1.6924e-07 1.44412e-06 1.25164e-09   9.4624   0.4183  0.0569 75.9743  2.7518    212490  0.9500
  0.00035   0.97126     333.813 1.47537e-07  1.4138e-06 1.24054e-09   9.0559   0.4069  0.0151 74.3254  2.8672    216425  0.9500
  0.00033   0.96766     331.835 1.30797e-07 1.40316e-06 1.23085e-09   9.0559   0.4211  0.0112 71.8624  3.0396    220360  0.9500
  0.00032   0.95782     328.918 1.25765e-07 1.39286e-06 1.23394e-09   9.0559   0.4089  0.0187 70.5037  3.1347    224295  0.9500
  0.00030   0.95912      324.72 1.15305e-07 1.38387e-06  1.1953e-09   9.0559   0.4061  0.0235 68.3106  3.2883    228230  0.9500
  0.00029   0.98958     322.572 1.32254e-07 1.38353e-06 1.19966e-09   9.0559   0.4241  0.0074 65.9949  3.4504    232165  0.9500
  0.00027   0.93133     321.947 1.17072e-07 1.38969e-06 1.20462e-09   9.0559   0.4160  0.0421 64.9483  3.5236    236100  0.9500
  0.00026   0.90915     320.926  7.6215e-08 1.38814e-06 1.18636e-09   9.5980   0.3909  0.0224 63.3902  3.6327    240035  0.9500
  0.00025   0.99643     321.403 1.59354e-07 1.38775e-06 1.18557e-09   9.0559   0.4064  0.0027 60.2747  3.8508    243970  0.9500
  0.00023   0.91836     324.006 1.14015e-07 1.39691e-06 1.22243e-09   9.0559   0.4175  0.0519 58.2466  3.9927    247905  0.9500
  0.00022    0.9532     313.793 1.02941e-07 1.35614e-06 1.20847e-09   9.0559   0.4163  0.0272 56.9381  4.0843    251840  0.9500
  0.00021   0.98406     296.863 7.76023e-08 1.30287e-06 1.15681e-09   9.1914   0.3835  0.0083 55.5867  4.1789    255775  0.9500
  0.00020   0.98705       295.5 6.79358e-08 1.28281e-06 1.12492e-09   9.1914   0.3848  0.0103 52.4450  4.3989    259710  0.9500
  0.00019   0.98863     289.541 6.20555e-08 1.26753e-06 1.11647e-09   9.1914   0.3891  0.0049 49.5475  4.6017    263645  0.9500
  0.00018   0.98079      279.66 6.35651e-08 1.23725e-06 1.08748e-09   8.9203   0.3761  0.0118 47.0242  4.7783    267580  0.9500
  0.00017   0.98956     277.256 5.70491e-08 1.22677e-06 1.07217e-09   8.9203   0.3672  0.0064 44.0199  4.9886    271515  0.9500
  0.00016   0.98471     275.097  5.8291e-08 1.22046e-06 1.06265e-09   8.6493   0.3814  0.0075 40.8160  5.2129    275450  0.9500
  0.00015   0.98646     269.559 6.00115e-08 1.19866e-06 1.06923e-09   8.5137   0.3769  0.0083 38.4262  5.3802    279385  0.9500
  0.00015   0.95765     269.103 4.52973e-08 1.20537e-06 1.04947e-09   9.8690   0.3804  0.0385 36.0005  5.5500    283320  0.9500
  0.00014   0.96602     277.419 5.24581e-08 1.22768e-06 1.05057e-09   8.5137   0.3863  0.0125 33.8560  5.7001    287255  0.9500
  0.00013   0.90311     276.382  7.1348e-08 1.23001e-06 1.07447e-09   8.1072   0.3868  0.0400 32.0372  5.8274    291190  0.9500
  0.00013   0.86863     275.483 4.72231e-08 1.22674e-06 1.05637e-09   8.9203   0.3967  0.0309 30.3323  5.9467    295125  0.9500
  0.00012   0.91559     275.177  1.1604e-07 1.21785e-06 1.06788e-09   8.5137   0.3926  0.0919 29.0188  6.0387    299060  0.9500
  0.00011   0.86584     274.453 6.83944e-08 1.20715e-06 1.06356e-09   8.9203   0.4104  0.0610 27.6442  6.1349    302995  0.9500
  0.00011   0.88961     264.847 7.35665e-08  1.1709e-06  1.0441e-09   8.1072   0.3840  0.0636 26.8265  6.1921    306930  0.9500
  0.00010   0.94113     271.981 5.23377e-08 1.19926e-06 1.01124e-09   8.6493   0.4015  0.0629 25.3239  6.2973    310865  0.9500
  0.00010   0.86254     259.073 7.07107e-08 1.16237e-06 1.03071e-09   8.6493   0.3708  0.0871 24.3496  6.3655    314800  0.9500
  0.00009   0.98738     252.289 6.19648e-08 1.13824e-06 9.95978e-10   9.4624   0.3705  0.0170 22.6640  6.4835    318735  0.9500
  0.00009   0.95441     250.044 5.78753e-08 1.12734e-06 9.87342e-10   8.9203   0.3718  0.0183 21.0893  6.5937    322670  0.9500
  0.00008    0.9787     260.301 3.54591e-08 1.15682e-06 9.80588e-10   8.9203   0.3769  0.0125 19.6508  6.6944    326605  0.9500
  0.00008   0.91226     256.454  6.3711e-08 1.13486e-06 1.02217e-09   8.9203   0.4013  0.0275 18.4104  6.7813    330540  0.9500
  0.00008    0.9613     250.425 2.56138e-08 1.11882e-06 9.76108e-10   9.4624   0.3718  0.0143 17.6973  6.8312    334475  0.9500
  0.00007   0.98877     258.583 5.16389e-08 1.14424e-06   9.897e-10   8.2427   0.3792  0.0066 16.4902  6.9157    338410  0.9500
  0.00007   0.97482     257.498 2.68126e-08 1.14548e-06 9.86383e-10   8.9203   0.3825  0.0093 15.4870  6.9859    342345  0.9500
  0.00006   0.97687      257.01 4.34343e-08 1.14875e-06 1.00743e-09   8.6493   0.3964  0.0383 14.5959  7.0483    346280  0.9500
  0.00006   0.97318     252.138 3.00652e-08 1.13693e-06 9.75339e-10   8.7848   0.3992  0.0109 13.9602  7.0928    350215  0.9500
  0.00006   0.98456     249.148 3.40113e-08 1.13431e-06 1.00282e-09   8.6493   0.3687  0.0134 13.3911  7.1326    354150  0.9500
  0.00006    0.9899     251.124 4.20172e-08 1.13268e-06 9.93084e-10   8.2427   0.3868  0.0066 12.4369  7.1994    358085  0.9500
  0.00005   0.99158     251.779 4.22652e-08 1.12388e-06 9.80267e-10   8.2427   0.3997  0.0062 11.7751  7.2457    362020  0.9500
  0.00005   0.98642     254.829 4.41979e-08 1.14191e-06 9.82923e-10   8.1072   0.3670  0.0082 11.3011  7.2789    365955  0.9500
  0.00005   0.97562     247.078 6.37191e-08 1.11255e-06 1.00727e-09   7.7006   0.3916  0.0074 10.4757  7.3367    369890  0.9500
  0.00005   0.98053     241.564 2.93746e-08 1.09001e-06  9.5805e-10   8.9203   0.4186  0.0087  9.9688  7.3722    373825  0.9500
  0.00004   0.98543     241.667 2.72707e-08 1.09833e-06 9.41504e-10   8.9203   0.3639  0.0067  9.7550  7.3872    377760  0.9500
  0.00004   0.98669     244.245 3.48719e-08 1.10666e-06 9.70078e-10   8.3782   0.3703  0.0098  9.0128  7.4391    381695  0.9500
  0.00004     0.984     244.318 3.48463e-08  1.1104e-06  9.5528e-10   8.3782   0.3743  0.0052  8.3843  7.4831    385630  0.9500
  0.00004   0.98221     242.787 3.75393e-08 1.10741e-06 9.71286e-10   8.1072   0.3954  0.0083  7.8337  7.5216    389565  0.9500
  0.00003   0.98898     241.287  3.4108e-08 1.10861e-06 9.60345e-10   8.2427   0.3822  0.0069  7.4845  7.5461    393500  0.9500
  0.00003   0.98794     239.715 3.34703e-08 1.10234e-06 9.68192e-10   8.2427   0.3753  0.0062  7.0520  7.5764    397435  0.9500
  0.00003   0.99666     241.202 4.14387e-08 1.10232e-06 9.61442e-10   7.9716   0.4064  0.0017  6.5961  7.6083    401370  0.9500
  0.00003   0.99305     240.592  3.8776e-08 1.10601e-06 9.63351e-10   7.9716   0.3863  0.0029  6.3741  7.6238    405305  0.9500
  0.00003   0.99296      239.73   4.187e-08 1.10504e-06 9.64799e-10   7.9716   0.3675  0.0054  6.0317  7.6478    409240  0.9500
  0.00003   0.99395     239.216 3.77177e-08 1.10134e-06 9.67631e-10   7.9716   0.4046  0.0048  5.5942  7.6784    413175  0.9500
  0.00003   0.99559     238.856 4.07564e-08  1.0992e-06  9.5565e-10   7.9716   0.3769  0.0024  5.3961  7.6923    417110  0.9500
  0.00002   0.99697     238.307 3.86458e-08 1.09621e-06 9.61309e-10   7.9716   0.3487  0.0023  5.0554  7.7161    421045  0.9500
  0.00002   0.99769     237.545 3.85812e-08 1.09197e-06 9.51267e-10   7.9716   0.3784  0.0009  4.5937  7.7484    424980  0.9500
  0.00002   0.99913     237.073  3.7683e-08 1.09082e-06 9.53725e-10   7.9716   0.3593  0.0006  4.3107  7.7682    428915  0.9500
  0.00002   0.99984     236.706 3.69164e-08 1.08899e-06 9.51128e-10   7.9716   0.4081  0.0003  3.9630  7.7926    432850  0.9500
  0.00002   0.99836     236.588 3.67425e-08  1.0885e-06 9.49858e-10   7.9716   0.3985  0.0011  3.8367  7.8014    436785  0.9500
  0.00002   0.99819     236.529 3.57391e-08  1.0871e-06 9.53006e-10   7.9716   0.4180  0.0008  3.6774  7.8126    440720  0.9500
  0.00002    0.9994     236.229 3.64287e-08 1.08652e-06  9.4812e-10   7.9716   0.3964  0.0003  3.5967  7.8182    444655  0.9500
  0.00002   0.99817     235.913 3.65873e-08 1.08639e-06 9.48558e-10   7.9716   0.3698  0.0005  3.4400  7.8292    448590  0.9500
  0.00002   0.99889     235.792 3.59325e-08 1.08613e-06 9.47962e-10   7.9716   0.3606  0.0009  3.1984  7.8461    452525  0.9500
  0.00002   0.99848     235.709 3.58732e-08 1.08855e-06 9.48212e-10   7.9716   0.4447  0.0011  2.9444  7.8639    456460  0.9500
  0.00001   0.99972     235.591 3.59308e-08 1.08875e-06 9.50652e-10   7.9716   0.4173  0.0005  2.9584  7.8629    460395  0.9500
  0.00001   0.99529     235.694 3.63926e-08 1.08963e-06 9.49343e-10   7.9716   0.3947  0.0018  2.8912  7.8676    464330  0.9500
  0.00001   0.99896      235.28  3.5408e-08 1.08821e-06  9.4979e-10   7.9716   0.3916  0.0010  2.7601  7.8768    468265  0.9500
  0.00001   0.99888     235.167 3.57273e-08 1.08804e-06  9.5114e-10   7.9716   0.3687  0.0008  2.6265  7.8861    472200  0.9500
  0.00001   0.99944     235.029 3.54973e-08 1.08592e-06 9.48191e-10   7.9716   0.3753  0.0004  2.4394  7.8992    476135  0.9500
  0.00001   0.99764     234.982 3.60598e-08 1.08557e-06 9.46668e-10   7.9716   0.3718  0.0020  2.2817  7.9103    480070  0.9500
  0.00001   0.99957      234.92 3.51071e-08 1.08455e-06 9.46084e-10   7.9716   0.3418  0.0002  2.1260  7.9212    484005  0.9500
  0.00001    1.0001     234.919 3.46714e-08 1.08622e-06 9.48042e-10   7.9716   0.4292  0.0000  1.9173  7.9358    487940  0.9500
  0.00001   0.99993     234.968 3.46304e-08 1.08663e-06 9.47937e-10   7.9716   0.4343  0.0001  1.8966  7.9372    491875  0.9500
  0.00001    0.9999     234.777 3.45843e-08 1.08519e-06   9.478e-10   7.9716   0.4163  0.0001  1.8858  7.9380    495810  0.9500
  0.00001    1.0002     234.797 3.45577e-08 1.08533e-06 9.47095e-10   7.9716   0.4147  0.0000  1.8410  7.9411    499745  0.9500
  0.00001   0.99985     234.649 3.45431e-08 1.08462e-06 9.46897e-10   7.9716   0.3903  0.0001  1.7945  7.9444    503680  0.9500
  0.00001    1.0001     234.598 3.44936e-08 1.08473e-06 9.46354e-10   7.9716   0.3822  0.0002  1.7054  7.9506    507615  0.9500
  0.00001   0.99988     234.454  3.4439e-08 1.08469e-06 9.46506e-10   7.9716   0.3705  0.0000  1.6069  7.9575    511550  0.9500
  0.00001   0.99978     234.317 3.43752e-08 1.08479e-06 9.46788e-10   7.9716   0.3802  0.0001  1.4952  7.9653    515485  0.9500
  0.00001    1.0001     234.374 3.43173e-08 1.08426e-06 9.46448e-10   7.9716   0.3736  0.0000  1.4058  7.9716    519420  0.9500
  0.00001   0.99994     234.245 3.42643e-08 1.08425e-06 9.46044e-10   7.9716   0.3693  0.0000  1.3124  7.9781    523355  0.9500
  0.00001   0.99995     234.238  3.4214e-08 1.08414e-06 9.46223e-10   7.9716   0.3489  0.0001  1.2195  7.9846    527290  0.9500
  0.00001         1     234.243 3.41552e-08 1.08403e-06 9.46391e-10   7.9716   0.3614  0.0000  1.1085  7.9924    531225  0.9500
  0.00001   0.99982     234.145 3.41061e-08 1.08443e-06 9.46011e-10   7.9716   0.3484  0.0001  1.0213  7.9985    535160  0.9500
  0.00001         1     234.152 3.40956e-08 1.08416e-06  9.4619e-10   7.9716   0.3619  0.0000  1.0000  8.0000    539095  0.9500
  0.00000    0.9999     234.097  3.4105e-08 1.08321e-06 9.45756e-10            0.0889  0.0000  1.0000  8.0000    543030

BB estimate of min-dist (placement) wirelength: 23408
bb_cost recomputed from scratch: 234.079
timing_cost recomputed from scratch: 3.41048e-08
delay_cost recomputed from scratch: 1.0828e-06

Completed placement consistency check successfully.

Swaps called: 543527

Placement estimated critical path delay: 7.97163 ns
Placement cost: 0.999859, bb_cost: 234.079, td_cost: 3.41048e-08, delay_cost: 1.0828e-06
Placement total # of swap attempts: 543527
	Swap reject rate: 0
	Swap accept rate: 0
	Swap abort rate: 0
Placement took 22.6914 seconds.
The entire flow of VPR took 22.8091 seconds.
